INFO: Clustering for all epoch combinations.
INFO: Argument combination 1/28.
INFO: Epoch 1: Barock.
INFO: Epoch 2: Aufklärung.
/home/paulus/.conda/envs/bertpoems/lib/python3.8/site-packages/sklearn/utils/deprecation.py:143: FutureWarning: The sklearn.metrics.classification module is  deprecated in version 0.22 and will be removed in version 0.24. The corresponding classes / functions should instead be imported from sklearn.metrics. Anything that cannot be imported from sklearn.metrics is now part of the private API.
  warnings.warn(message, FutureWarning)
INFO: Read 'poems' corpus.
INFO: Read preload corpus with epoch division by 'amann'.
INFO: Used epochs are 'Barock' and 'Aufklärung'.
INFO: Count of different poets: 97
INFO: Count of poets of epoch 'Barock': 41
INFO: Count of poets of epoch 'Aufklärung': 59
/home/paulus/.conda/envs/bertpoems/lib/python3.8/site-packages/sklearn/cluster/_kmeans.py:973: FutureWarning: 'n_jobs' was deprecated in version 0.23 and will be removed in 0.25.
  warnings.warn("'n_jobs' was deprecated in version 0.23 and will be"
INFO: Adjusted Rand Score for K-Means: 0.5411047126675903.
INFO: V-measure for K-Means: 0.5305501687600749.
INFO: Update results file.
INFO: Run-time K-Means: 0.3011195659637451 seconds
INFO: Run-time: 0.26666666666666666 minute(s).
--------------- Metrics (K-Means) ---------------
--------------------------------------------------
INFO: Argument combination 2/28.
INFO: Epoch 1: Barock.
INFO: Epoch 2: Klassik.
/home/paulus/.conda/envs/bertpoems/lib/python3.8/site-packages/sklearn/utils/deprecation.py:143: FutureWarning: The sklearn.metrics.classification module is  deprecated in version 0.22 and will be removed in version 0.24. The corresponding classes / functions should instead be imported from sklearn.metrics. Anything that cannot be imported from sklearn.metrics is now part of the private API.
  warnings.warn(message, FutureWarning)
INFO: Read 'poems' corpus.
INFO: Read preload corpus with epoch division by 'amann'.
INFO: Used epochs are 'Barock' and 'Klassik'.
INFO: Count of different poets: 95
INFO: Count of poets of epoch 'Barock': 41
INFO: Count of poets of epoch 'Klassik': 54
/home/paulus/.conda/envs/bertpoems/lib/python3.8/site-packages/sklearn/cluster/_kmeans.py:973: FutureWarning: 'n_jobs' was deprecated in version 0.23 and will be removed in 0.25.
  warnings.warn("'n_jobs' was deprecated in version 0.23 and will be"
INFO: Adjusted Rand Score for K-Means: 0.688025914918787.
INFO: V-measure for K-Means: 0.6510287814939846.
INFO: Update results file.
INFO: Run-time K-Means: 0.6837358474731445 seconds
INFO: Run-time: 0.18333333333333332 minute(s).
--------------- Metrics (K-Means) ---------------
--------------------------------------------------
INFO: Argument combination 3/28.
INFO: Epoch 1: Barock.
INFO: Epoch 2: Romantik.
/home/paulus/.conda/envs/bertpoems/lib/python3.8/site-packages/sklearn/utils/deprecation.py:143: FutureWarning: The sklearn.metrics.classification module is  deprecated in version 0.22 and will be removed in version 0.24. The corresponding classes / functions should instead be imported from sklearn.metrics. Anything that cannot be imported from sklearn.metrics is now part of the private API.
  warnings.warn(message, FutureWarning)
INFO: Read 'poems' corpus.
INFO: Read preload corpus with epoch division by 'amann'.
INFO: Used epochs are 'Barock' and 'Romantik'.
INFO: Count of different poets: 50
INFO: Count of poets of epoch 'Barock': 41
INFO: Count of poets of epoch 'Romantik': 9
/home/paulus/.conda/envs/bertpoems/lib/python3.8/site-packages/sklearn/cluster/_kmeans.py:973: FutureWarning: 'n_jobs' was deprecated in version 0.23 and will be removed in 0.25.
  warnings.warn("'n_jobs' was deprecated in version 0.23 and will be"
INFO: Adjusted Rand Score for K-Means: -0.11548718741545241.
INFO: V-measure for K-Means: 0.09232888046251854.
INFO: Update results file.
INFO: Run-time K-Means: 0.31763529777526855 seconds
INFO: Run-time: 0.15 minute(s).
--------------- Metrics (K-Means) ---------------
--------------------------------------------------
INFO: Argument combination 4/28.
INFO: Epoch 1: Barock.
INFO: Epoch 2: Biedermeier.
/home/paulus/.conda/envs/bertpoems/lib/python3.8/site-packages/sklearn/utils/deprecation.py:143: FutureWarning: The sklearn.metrics.classification module is  deprecated in version 0.22 and will be removed in version 0.24. The corresponding classes / functions should instead be imported from sklearn.metrics. Anything that cannot be imported from sklearn.metrics is now part of the private API.
  warnings.warn(message, FutureWarning)
INFO: Read 'poems' corpus.
INFO: Read preload corpus with epoch division by 'amann'.
INFO: Used epochs are 'Barock' and 'Biedermeier'.
INFO: Count of different poets: 68
INFO: Count of poets of epoch 'Barock': 41
INFO: Count of poets of epoch 'Biedermeier': 27
/home/paulus/.conda/envs/bertpoems/lib/python3.8/site-packages/sklearn/cluster/_kmeans.py:973: FutureWarning: 'n_jobs' was deprecated in version 0.23 and will be removed in 0.25.
  warnings.warn("'n_jobs' was deprecated in version 0.23 and will be"
INFO: Adjusted Rand Score for K-Means: 0.3357355606006957.
INFO: V-measure for K-Means: 0.4238040428101823.
INFO: Update results file.
INFO: Run-time K-Means: 0.39272356033325195 seconds
INFO: Run-time: 0.16666666666666666 minute(s).
--------------- Metrics (K-Means) ---------------
--------------------------------------------------
INFO: Argument combination 5/28.
INFO: Epoch 1: Barock.
INFO: Epoch 2: Realismus.
/home/paulus/.conda/envs/bertpoems/lib/python3.8/site-packages/sklearn/utils/deprecation.py:143: FutureWarning: The sklearn.metrics.classification module is  deprecated in version 0.22 and will be removed in version 0.24. The corresponding classes / functions should instead be imported from sklearn.metrics. Anything that cannot be imported from sklearn.metrics is now part of the private API.
  warnings.warn(message, FutureWarning)
INFO: Read 'poems' corpus.
INFO: Read preload corpus with epoch division by 'amann'.
INFO: Used epochs are 'Barock' and 'Realismus'.
INFO: Count of different poets: 84
INFO: Count of poets of epoch 'Barock': 41
INFO: Count of poets of epoch 'Realismus': 43
/home/paulus/.conda/envs/bertpoems/lib/python3.8/site-packages/sklearn/cluster/_kmeans.py:973: FutureWarning: 'n_jobs' was deprecated in version 0.23 and will be removed in 0.25.
  warnings.warn("'n_jobs' was deprecated in version 0.23 and will be"
INFO: Adjusted Rand Score for K-Means: 0.7734016072544662.
INFO: V-measure for K-Means: 0.7296631095863677.
INFO: Update results file.
INFO: Run-time K-Means: 0.5226027965545654 seconds
INFO: Run-time: 0.16666666666666666 minute(s).
--------------- Metrics (K-Means) ---------------
--------------------------------------------------
INFO: Argument combination 6/28.
INFO: Epoch 1: Barock.
INFO: Epoch 2: Naturalismus.
/home/paulus/.conda/envs/bertpoems/lib/python3.8/site-packages/sklearn/utils/deprecation.py:143: FutureWarning: The sklearn.metrics.classification module is  deprecated in version 0.22 and will be removed in version 0.24. The corresponding classes / functions should instead be imported from sklearn.metrics. Anything that cannot be imported from sklearn.metrics is now part of the private API.
  warnings.warn(message, FutureWarning)
INFO: Read 'poems' corpus.
INFO: Read preload corpus with epoch division by 'amann'.
INFO: Used epochs are 'Barock' and 'Naturalismus'.
INFO: Count of different poets: 60
INFO: Count of poets of epoch 'Barock': 41
INFO: Count of poets of epoch 'Naturalismus': 19
/home/paulus/.conda/envs/bertpoems/lib/python3.8/site-packages/sklearn/cluster/_kmeans.py:973: FutureWarning: 'n_jobs' was deprecated in version 0.23 and will be removed in 0.25.
  warnings.warn("'n_jobs' was deprecated in version 0.23 and will be"
INFO: Adjusted Rand Score for K-Means: 0.8054897555495861.
INFO: V-measure for K-Means: 0.7464525086641967.
INFO: Update results file.
INFO: Run-time K-Means: 0.3757038116455078 seconds
INFO: Run-time: 0.15 minute(s).
--------------- Metrics (K-Means) ---------------
--------------------------------------------------
INFO: Argument combination 7/28.
INFO: Epoch 1: Barock.
INFO: Epoch 2: Expressionismus.
/home/paulus/.conda/envs/bertpoems/lib/python3.8/site-packages/sklearn/utils/deprecation.py:143: FutureWarning: The sklearn.metrics.classification module is  deprecated in version 0.22 and will be removed in version 0.24. The corresponding classes / functions should instead be imported from sklearn.metrics. Anything that cannot be imported from sklearn.metrics is now part of the private API.
  warnings.warn(message, FutureWarning)
INFO: Read 'poems' corpus.
INFO: Read preload corpus with epoch division by 'amann'.
INFO: Used epochs are 'Barock' and 'Expressionismus'.
INFO: Count of different poets: 51
INFO: Count of poets of epoch 'Barock': 41
INFO: Count of poets of epoch 'Expressionismus': 10
/home/paulus/.conda/envs/bertpoems/lib/python3.8/site-packages/sklearn/cluster/_kmeans.py:973: FutureWarning: 'n_jobs' was deprecated in version 0.23 and will be removed in 0.25.
  warnings.warn("'n_jobs' was deprecated in version 0.23 and will be"
INFO: Adjusted Rand Score for K-Means: -0.11581310994040916.
INFO: V-measure for K-Means: 0.08929695781343115.
INFO: Update results file.
INFO: Run-time K-Means: 0.25312113761901855 seconds
INFO: Run-time: 0.15 minute(s).
--------------- Metrics (K-Means) ---------------
--------------------------------------------------
INFO: Argument combination 8/28.
INFO: Epoch 1: Aufklärung.
INFO: Epoch 2: Klassik.
/home/paulus/.conda/envs/bertpoems/lib/python3.8/site-packages/sklearn/utils/deprecation.py:143: FutureWarning: The sklearn.metrics.classification module is  deprecated in version 0.22 and will be removed in version 0.24. The corresponding classes / functions should instead be imported from sklearn.metrics. Anything that cannot be imported from sklearn.metrics is now part of the private API.
  warnings.warn(message, FutureWarning)
INFO: Read 'poems' corpus.
INFO: Read preload corpus with epoch division by 'amann'.
INFO: Used epochs are 'Aufklärung' and 'Klassik'.
INFO: Count of different poets: 100
INFO: Count of poets of epoch 'Aufklärung': 59
INFO: Count of poets of epoch 'Klassik': 54
/home/paulus/.conda/envs/bertpoems/lib/python3.8/site-packages/sklearn/cluster/_kmeans.py:973: FutureWarning: 'n_jobs' was deprecated in version 0.23 and will be removed in 0.25.
  warnings.warn("'n_jobs' was deprecated in version 0.23 and will be"
INFO: Adjusted Rand Score for K-Means: 0.19742966360429046.
INFO: V-measure for K-Means: 0.22679608100916177.
INFO: Update results file.
INFO: Run-time K-Means: 0.745582103729248 seconds
INFO: Run-time: 0.2 minute(s).
--------------- Metrics (K-Means) ---------------
--------------------------------------------------
INFO: Argument combination 9/28.
INFO: Epoch 1: Aufklärung.
INFO: Epoch 2: Romantik.
/home/paulus/.conda/envs/bertpoems/lib/python3.8/site-packages/sklearn/utils/deprecation.py:143: FutureWarning: The sklearn.metrics.classification module is  deprecated in version 0.22 and will be removed in version 0.24. The corresponding classes / functions should instead be imported from sklearn.metrics. Anything that cannot be imported from sklearn.metrics is now part of the private API.
  warnings.warn(message, FutureWarning)
INFO: Read 'poems' corpus.
INFO: Read preload corpus with epoch division by 'amann'.
INFO: Used epochs are 'Aufklärung' and 'Romantik'.
INFO: Count of different poets: 68
INFO: Count of poets of epoch 'Aufklärung': 59
INFO: Count of poets of epoch 'Romantik': 9
/home/paulus/.conda/envs/bertpoems/lib/python3.8/site-packages/sklearn/cluster/_kmeans.py:973: FutureWarning: 'n_jobs' was deprecated in version 0.23 and will be removed in 0.25.
  warnings.warn("'n_jobs' was deprecated in version 0.23 and will be"
INFO: Adjusted Rand Score for K-Means: -0.026812691481494448.
INFO: V-measure for K-Means: 0.13836035421024204.
INFO: Update results file.
INFO: Run-time K-Means: 0.3298215866088867 seconds
INFO: Run-time: 0.16666666666666666 minute(s).
--------------- Metrics (K-Means) ---------------
--------------------------------------------------
INFO: Argument combination 10/28.
INFO: Epoch 1: Aufklärung.
INFO: Epoch 2: Biedermeier.
/home/paulus/.conda/envs/bertpoems/lib/python3.8/site-packages/sklearn/utils/deprecation.py:143: FutureWarning: The sklearn.metrics.classification module is  deprecated in version 0.22 and will be removed in version 0.24. The corresponding classes / functions should instead be imported from sklearn.metrics. Anything that cannot be imported from sklearn.metrics is now part of the private API.
  warnings.warn(message, FutureWarning)
INFO: Read 'poems' corpus.
INFO: Read preload corpus with epoch division by 'amann'.
INFO: Used epochs are 'Aufklärung' and 'Biedermeier'.
INFO: Count of different poets: 86
INFO: Count of poets of epoch 'Aufklärung': 59
INFO: Count of poets of epoch 'Biedermeier': 27
/home/paulus/.conda/envs/bertpoems/lib/python3.8/site-packages/sklearn/cluster/_kmeans.py:973: FutureWarning: 'n_jobs' was deprecated in version 0.23 and will be removed in 0.25.
  warnings.warn("'n_jobs' was deprecated in version 0.23 and will be"
INFO: Adjusted Rand Score for K-Means: 0.10364448525081327.
INFO: V-measure for K-Means: 0.2806483114963017.
INFO: Update results file.
INFO: Run-time K-Means: 0.34980106353759766 seconds
INFO: Run-time: 0.15 minute(s).
--------------- Metrics (K-Means) ---------------
--------------------------------------------------
INFO: Argument combination 11/28.
INFO: Epoch 1: Aufklärung.
INFO: Epoch 2: Realismus.
/home/paulus/.conda/envs/bertpoems/lib/python3.8/site-packages/sklearn/utils/deprecation.py:143: FutureWarning: The sklearn.metrics.classification module is  deprecated in version 0.22 and will be removed in version 0.24. The corresponding classes / functions should instead be imported from sklearn.metrics. Anything that cannot be imported from sklearn.metrics is now part of the private API.
  warnings.warn(message, FutureWarning)
INFO: Read 'poems' corpus.
INFO: Read preload corpus with epoch division by 'amann'.
INFO: Used epochs are 'Aufklärung' and 'Realismus'.
INFO: Count of different poets: 102
INFO: Count of poets of epoch 'Aufklärung': 59
INFO: Count of poets of epoch 'Realismus': 43
/home/paulus/.conda/envs/bertpoems/lib/python3.8/site-packages/sklearn/cluster/_kmeans.py:973: FutureWarning: 'n_jobs' was deprecated in version 0.23 and will be removed in 0.25.
  warnings.warn("'n_jobs' was deprecated in version 0.23 and will be"
INFO: Adjusted Rand Score for K-Means: 0.2936880647623179.
INFO: V-measure for K-Means: 0.3946754247566913.
INFO: Update results file.
INFO: Run-time K-Means: 0.23521113395690918 seconds
INFO: Run-time: 0.15 minute(s).
--------------- Metrics (K-Means) ---------------
--------------------------------------------------
INFO: Argument combination 12/28.
INFO: Epoch 1: Aufklärung.
INFO: Epoch 2: Naturalismus.
/home/paulus/.conda/envs/bertpoems/lib/python3.8/site-packages/sklearn/utils/deprecation.py:143: FutureWarning: The sklearn.metrics.classification module is  deprecated in version 0.22 and will be removed in version 0.24. The corresponding classes / functions should instead be imported from sklearn.metrics. Anything that cannot be imported from sklearn.metrics is now part of the private API.
  warnings.warn(message, FutureWarning)
INFO: Read 'poems' corpus.
INFO: Read preload corpus with epoch division by 'amann'.
INFO: Used epochs are 'Aufklärung' and 'Naturalismus'.
INFO: Count of different poets: 78
INFO: Count of poets of epoch 'Aufklärung': 59
INFO: Count of poets of epoch 'Naturalismus': 19
/home/paulus/.conda/envs/bertpoems/lib/python3.8/site-packages/sklearn/cluster/_kmeans.py:973: FutureWarning: 'n_jobs' was deprecated in version 0.23 and will be removed in 0.25.
  warnings.warn("'n_jobs' was deprecated in version 0.23 and will be"
INFO: Adjusted Rand Score for K-Means: 0.745326057786922.
INFO: V-measure for K-Means: 0.6210765469448515.
INFO: Update results file.
INFO: Run-time K-Means: 0.4108400344848633 seconds
INFO: Run-time: 0.15 minute(s).
--------------- Metrics (K-Means) ---------------
--------------------------------------------------
INFO: Argument combination 13/28.
INFO: Epoch 1: Aufklärung.
INFO: Epoch 2: Expressionismus.
/home/paulus/.conda/envs/bertpoems/lib/python3.8/site-packages/sklearn/utils/deprecation.py:143: FutureWarning: The sklearn.metrics.classification module is  deprecated in version 0.22 and will be removed in version 0.24. The corresponding classes / functions should instead be imported from sklearn.metrics. Anything that cannot be imported from sklearn.metrics is now part of the private API.
  warnings.warn(message, FutureWarning)
INFO: Read 'poems' corpus.
INFO: Read preload corpus with epoch division by 'amann'.
INFO: Used epochs are 'Aufklärung' and 'Expressionismus'.
INFO: Count of different poets: 69
INFO: Count of poets of epoch 'Aufklärung': 59
INFO: Count of poets of epoch 'Expressionismus': 10
/home/paulus/.conda/envs/bertpoems/lib/python3.8/site-packages/sklearn/cluster/_kmeans.py:973: FutureWarning: 'n_jobs' was deprecated in version 0.23 and will be removed in 0.25.
  warnings.warn("'n_jobs' was deprecated in version 0.23 and will be"
INFO: Adjusted Rand Score for K-Means: -0.11030868201020175.
INFO: V-measure for K-Means: 0.07813391310207546.
INFO: Update results file.
INFO: Run-time K-Means: 0.20158076286315918 seconds
INFO: Run-time: 0.15 minute(s).
--------------- Metrics (K-Means) ---------------
--------------------------------------------------
INFO: Argument combination 14/28.
INFO: Epoch 1: Klassik.
INFO: Epoch 2: Romantik.
/home/paulus/.conda/envs/bertpoems/lib/python3.8/site-packages/sklearn/utils/deprecation.py:143: FutureWarning: The sklearn.metrics.classification module is  deprecated in version 0.22 and will be removed in version 0.24. The corresponding classes / functions should instead be imported from sklearn.metrics. Anything that cannot be imported from sklearn.metrics is now part of the private API.
  warnings.warn(message, FutureWarning)
INFO: Read 'poems' corpus.
INFO: Read preload corpus with epoch division by 'amann'.
INFO: Used epochs are 'Klassik' and 'Romantik'.
INFO: Count of different poets: 57
INFO: Count of poets of epoch 'Klassik': 54
INFO: Count of poets of epoch 'Romantik': 9
/home/paulus/.conda/envs/bertpoems/lib/python3.8/site-packages/sklearn/cluster/_kmeans.py:973: FutureWarning: 'n_jobs' was deprecated in version 0.23 and will be removed in 0.25.
  warnings.warn("'n_jobs' was deprecated in version 0.23 and will be"
INFO: Adjusted Rand Score for K-Means: 0.021642952214910954.
INFO: V-measure for K-Means: 0.09147269275475478.
INFO: Update results file.
INFO: Run-time K-Means: 0.31523752212524414 seconds
INFO: Run-time: 0.13333333333333333 minute(s).
--------------- Metrics (K-Means) ---------------
--------------------------------------------------
INFO: Argument combination 15/28.
INFO: Epoch 1: Klassik.
INFO: Epoch 2: Biedermeier.
/home/paulus/.conda/envs/bertpoems/lib/python3.8/site-packages/sklearn/utils/deprecation.py:143: FutureWarning: The sklearn.metrics.classification module is  deprecated in version 0.22 and will be removed in version 0.24. The corresponding classes / functions should instead be imported from sklearn.metrics. Anything that cannot be imported from sklearn.metrics is now part of the private API.
  warnings.warn(message, FutureWarning)
INFO: Read 'poems' corpus.
INFO: Read preload corpus with epoch division by 'amann'.
INFO: Used epochs are 'Klassik' and 'Biedermeier'.
INFO: Count of different poets: 72
INFO: Count of poets of epoch 'Klassik': 54
INFO: Count of poets of epoch 'Biedermeier': 27
/home/paulus/.conda/envs/bertpoems/lib/python3.8/site-packages/sklearn/cluster/_kmeans.py:973: FutureWarning: 'n_jobs' was deprecated in version 0.23 and will be removed in 0.25.
  warnings.warn("'n_jobs' was deprecated in version 0.23 and will be"
INFO: Adjusted Rand Score for K-Means: -0.03417721518987342.
INFO: V-measure for K-Means: 0.07789438848927561.
INFO: Update results file.
INFO: Run-time K-Means: 0.537663459777832 seconds
INFO: Run-time: 0.18333333333333332 minute(s).
--------------- Metrics (K-Means) ---------------
--------------------------------------------------
INFO: Argument combination 16/28.
INFO: Epoch 1: Klassik.
INFO: Epoch 2: Realismus.
/home/paulus/.conda/envs/bertpoems/lib/python3.8/site-packages/sklearn/utils/deprecation.py:143: FutureWarning: The sklearn.metrics.classification module is  deprecated in version 0.22 and will be removed in version 0.24. The corresponding classes / functions should instead be imported from sklearn.metrics. Anything that cannot be imported from sklearn.metrics is now part of the private API.
  warnings.warn(message, FutureWarning)
INFO: Read 'poems' corpus.
INFO: Read preload corpus with epoch division by 'amann'.
INFO: Used epochs are 'Klassik' and 'Realismus'.
INFO: Count of different poets: 92
INFO: Count of poets of epoch 'Klassik': 54
INFO: Count of poets of epoch 'Realismus': 43
/home/paulus/.conda/envs/bertpoems/lib/python3.8/site-packages/sklearn/cluster/_kmeans.py:973: FutureWarning: 'n_jobs' was deprecated in version 0.23 and will be removed in 0.25.
  warnings.warn("'n_jobs' was deprecated in version 0.23 and will be"
INFO: Adjusted Rand Score for K-Means: 0.07989079532093822.
INFO: V-measure for K-Means: 0.061810399401675674.
INFO: Update results file.
INFO: Run-time K-Means: 0.3254704475402832 seconds
INFO: Run-time: 0.31666666666666665 minute(s).
--------------- Metrics (K-Means) ---------------
--------------------------------------------------
INFO: Argument combination 17/28.
INFO: Epoch 1: Klassik.
INFO: Epoch 2: Naturalismus.
/home/paulus/.conda/envs/bertpoems/lib/python3.8/site-packages/sklearn/utils/deprecation.py:143: FutureWarning: The sklearn.metrics.classification module is  deprecated in version 0.22 and will be removed in version 0.24. The corresponding classes / functions should instead be imported from sklearn.metrics. Anything that cannot be imported from sklearn.metrics is now part of the private API.
  warnings.warn(message, FutureWarning)
INFO: Read 'poems' corpus.
INFO: Read preload corpus with epoch division by 'amann'.
INFO: Used epochs are 'Klassik' and 'Naturalismus'.
INFO: Count of different poets: 73
INFO: Count of poets of epoch 'Klassik': 54
INFO: Count of poets of epoch 'Naturalismus': 19
/home/paulus/.conda/envs/bertpoems/lib/python3.8/site-packages/sklearn/cluster/_kmeans.py:973: FutureWarning: 'n_jobs' was deprecated in version 0.23 and will be removed in 0.25.
  warnings.warn("'n_jobs' was deprecated in version 0.23 and will be"
INFO: Adjusted Rand Score for K-Means: 0.0028117590280546476.
INFO: V-measure for K-Means: 0.07409389913510622.
INFO: Update results file.
INFO: Run-time K-Means: 0.46652960777282715 seconds
INFO: Run-time: 0.18333333333333332 minute(s).
--------------- Metrics (K-Means) ---------------
--------------------------------------------------
INFO: Argument combination 18/28.
INFO: Epoch 1: Klassik.
INFO: Epoch 2: Expressionismus.
/home/paulus/.conda/envs/bertpoems/lib/python3.8/site-packages/sklearn/utils/deprecation.py:143: FutureWarning: The sklearn.metrics.classification module is  deprecated in version 0.22 and will be removed in version 0.24. The corresponding classes / functions should instead be imported from sklearn.metrics. Anything that cannot be imported from sklearn.metrics is now part of the private API.
  warnings.warn(message, FutureWarning)
INFO: Read 'poems' corpus.
INFO: Read preload corpus with epoch division by 'amann'.
INFO: Used epochs are 'Klassik' and 'Expressionismus'.
INFO: Count of different poets: 64
INFO: Count of poets of epoch 'Klassik': 54
INFO: Count of poets of epoch 'Expressionismus': 10
/home/paulus/.conda/envs/bertpoems/lib/python3.8/site-packages/sklearn/cluster/_kmeans.py:973: FutureWarning: 'n_jobs' was deprecated in version 0.23 and will be removed in 0.25.
  warnings.warn("'n_jobs' was deprecated in version 0.23 and will be"
INFO: Adjusted Rand Score for K-Means: 0.10704573547589617.
INFO: V-measure for K-Means: 0.14577803228098288.
INFO: Update results file.
INFO: Run-time K-Means: 0.47152209281921387 seconds
INFO: Run-time: 0.21666666666666667 minute(s).
--------------- Metrics (K-Means) ---------------
--------------------------------------------------
INFO: Argument combination 19/28.
INFO: Epoch 1: Romantik.
INFO: Epoch 2: Biedermeier.
/home/paulus/.conda/envs/bertpoems/lib/python3.8/site-packages/sklearn/utils/deprecation.py:143: FutureWarning: The sklearn.metrics.classification module is  deprecated in version 0.22 and will be removed in version 0.24. The corresponding classes / functions should instead be imported from sklearn.metrics. Anything that cannot be imported from sklearn.metrics is now part of the private API.
  warnings.warn(message, FutureWarning)
INFO: Read 'poems' corpus.
INFO: Read preload corpus with epoch division by 'amann'.
INFO: Used epochs are 'Romantik' and 'Biedermeier'.
INFO: Count of different poets: 31
INFO: Count of poets of epoch 'Romantik': 9
INFO: Count of poets of epoch 'Biedermeier': 27
/home/paulus/.conda/envs/bertpoems/lib/python3.8/site-packages/sklearn/cluster/_kmeans.py:973: FutureWarning: 'n_jobs' was deprecated in version 0.23 and will be removed in 0.25.
  warnings.warn("'n_jobs' was deprecated in version 0.23 and will be"
INFO: Adjusted Rand Score for K-Means: -0.010074509392381116.
INFO: V-measure for K-Means: 3.655387206620012e-16.
INFO: Update results file.
INFO: Run-time K-Means: 0.36217737197875977 seconds
INFO: Run-time: 0.13333333333333333 minute(s).
--------------- Metrics (K-Means) ---------------
--------------------------------------------------
INFO: Argument combination 20/28.
INFO: Epoch 1: Romantik.
INFO: Epoch 2: Realismus.
/home/paulus/.conda/envs/bertpoems/lib/python3.8/site-packages/sklearn/utils/deprecation.py:143: FutureWarning: The sklearn.metrics.classification module is  deprecated in version 0.22 and will be removed in version 0.24. The corresponding classes / functions should instead be imported from sklearn.metrics. Anything that cannot be imported from sklearn.metrics is now part of the private API.
  warnings.warn(message, FutureWarning)
INFO: Read 'poems' corpus.
INFO: Read preload corpus with epoch division by 'amann'.
INFO: Used epochs are 'Romantik' and 'Realismus'.
INFO: Count of different poets: 50
INFO: Count of poets of epoch 'Romantik': 9
INFO: Count of poets of epoch 'Realismus': 43
/home/paulus/.conda/envs/bertpoems/lib/python3.8/site-packages/sklearn/cluster/_kmeans.py:973: FutureWarning: 'n_jobs' was deprecated in version 0.23 and will be removed in 0.25.
  warnings.warn("'n_jobs' was deprecated in version 0.23 and will be"
INFO: Adjusted Rand Score for K-Means: -0.011982902856523477.
INFO: V-measure for K-Means: 0.0009615347438981826.
INFO: Update results file.
INFO: Run-time K-Means: 0.3448824882507324 seconds
INFO: Run-time: 0.15 minute(s).
--------------- Metrics (K-Means) ---------------
--------------------------------------------------
INFO: Argument combination 21/28.
INFO: Epoch 1: Romantik.
INFO: Epoch 2: Naturalismus.
/home/paulus/.conda/envs/bertpoems/lib/python3.8/site-packages/sklearn/utils/deprecation.py:143: FutureWarning: The sklearn.metrics.classification module is  deprecated in version 0.22 and will be removed in version 0.24. The corresponding classes / functions should instead be imported from sklearn.metrics. Anything that cannot be imported from sklearn.metrics is now part of the private API.
  warnings.warn(message, FutureWarning)
INFO: Read 'poems' corpus.
INFO: Read preload corpus with epoch division by 'amann'.
INFO: Used epochs are 'Romantik' and 'Naturalismus'.
INFO: Count of different poets: 28
INFO: Count of poets of epoch 'Romantik': 9
INFO: Count of poets of epoch 'Naturalismus': 19
/home/paulus/.conda/envs/bertpoems/lib/python3.8/site-packages/sklearn/cluster/_kmeans.py:973: FutureWarning: 'n_jobs' was deprecated in version 0.23 and will be removed in 0.25.
  warnings.warn("'n_jobs' was deprecated in version 0.23 and will be"
INFO: Adjusted Rand Score for K-Means: -0.08247422680412357.
INFO: V-measure for K-Means: 0.11731018894465495.
INFO: Update results file.
INFO: Run-time K-Means: 0.3227040767669678 seconds
INFO: Run-time: 0.23333333333333334 minute(s).
--------------- Metrics (K-Means) ---------------
--------------------------------------------------
INFO: Argument combination 22/28.
INFO: Epoch 1: Romantik.
INFO: Epoch 2: Expressionismus.
/home/paulus/.conda/envs/bertpoems/lib/python3.8/site-packages/sklearn/utils/deprecation.py:143: FutureWarning: The sklearn.metrics.classification module is  deprecated in version 0.22 and will be removed in version 0.24. The corresponding classes / functions should instead be imported from sklearn.metrics. Anything that cannot be imported from sklearn.metrics is now part of the private API.
  warnings.warn(message, FutureWarning)
INFO: Read 'poems' corpus.
INFO: Read preload corpus with epoch division by 'amann'.
INFO: Used epochs are 'Romantik' and 'Expressionismus'.
INFO: Count of different poets: 19
INFO: Count of poets of epoch 'Romantik': 9
INFO: Count of poets of epoch 'Expressionismus': 10
/home/paulus/.conda/envs/bertpoems/lib/python3.8/site-packages/sklearn/cluster/_kmeans.py:973: FutureWarning: 'n_jobs' was deprecated in version 0.23 and will be removed in 0.25.
  warnings.warn("'n_jobs' was deprecated in version 0.23 and will be"
INFO: Adjusted Rand Score for K-Means: 0.03971119133574006.
INFO: V-measure for K-Means: 0.2033023782710048.
INFO: Update results file.
INFO: Run-time K-Means: 0.198561429977417 seconds
INFO: Run-time: 0.11666666666666667 minute(s).
--------------- Metrics (K-Means) ---------------
--------------------------------------------------
INFO: Argument combination 23/28.
INFO: Epoch 1: Biedermeier.
INFO: Epoch 2: Realismus.
/home/paulus/.conda/envs/bertpoems/lib/python3.8/site-packages/sklearn/utils/deprecation.py:143: FutureWarning: The sklearn.metrics.classification module is  deprecated in version 0.22 and will be removed in version 0.24. The corresponding classes / functions should instead be imported from sklearn.metrics. Anything that cannot be imported from sklearn.metrics is now part of the private API.
  warnings.warn(message, FutureWarning)
INFO: Read 'poems' corpus.
INFO: Read preload corpus with epoch division by 'amann'.
INFO: Used epochs are 'Biedermeier' and 'Realismus'.
INFO: Count of different poets: 60
INFO: Count of poets of epoch 'Biedermeier': 27
INFO: Count of poets of epoch 'Realismus': 43
/home/paulus/.conda/envs/bertpoems/lib/python3.8/site-packages/sklearn/cluster/_kmeans.py:973: FutureWarning: 'n_jobs' was deprecated in version 0.23 and will be removed in 0.25.
  warnings.warn("'n_jobs' was deprecated in version 0.23 and will be"
INFO: Adjusted Rand Score for K-Means: 0.021168407671475258.
INFO: V-measure for K-Means: 0.017119509097367407.
INFO: Update results file.
INFO: Run-time K-Means: 0.18648433685302734 seconds
INFO: Run-time: 0.13333333333333333 minute(s).
--------------- Metrics (K-Means) ---------------
--------------------------------------------------
INFO: Argument combination 24/28.
INFO: Epoch 1: Biedermeier.
INFO: Epoch 2: Naturalismus.
/home/paulus/.conda/envs/bertpoems/lib/python3.8/site-packages/sklearn/utils/deprecation.py:143: FutureWarning: The sklearn.metrics.classification module is  deprecated in version 0.22 and will be removed in version 0.24. The corresponding classes / functions should instead be imported from sklearn.metrics. Anything that cannot be imported from sklearn.metrics is now part of the private API.
  warnings.warn(message, FutureWarning)
INFO: Read 'poems' corpus.
INFO: Read preload corpus with epoch division by 'amann'.
INFO: Used epochs are 'Biedermeier' and 'Naturalismus'.
INFO: Count of different poets: 45
INFO: Count of poets of epoch 'Biedermeier': 27
INFO: Count of poets of epoch 'Naturalismus': 19
/home/paulus/.conda/envs/bertpoems/lib/python3.8/site-packages/sklearn/cluster/_kmeans.py:973: FutureWarning: 'n_jobs' was deprecated in version 0.23 and will be removed in 0.25.
  warnings.warn("'n_jobs' was deprecated in version 0.23 and will be"
INFO: Adjusted Rand Score for K-Means: -0.02186754227104252.
INFO: V-measure for K-Means: 0.055691083635088214.
INFO: Update results file.
INFO: Run-time K-Means: 0.3549163341522217 seconds
INFO: Run-time: 0.15 minute(s).
--------------- Metrics (K-Means) ---------------
--------------------------------------------------
INFO: Argument combination 25/28.
INFO: Epoch 1: Biedermeier.
INFO: Epoch 2: Expressionismus.
/home/paulus/.conda/envs/bertpoems/lib/python3.8/site-packages/sklearn/utils/deprecation.py:143: FutureWarning: The sklearn.metrics.classification module is  deprecated in version 0.22 and will be removed in version 0.24. The corresponding classes / functions should instead be imported from sklearn.metrics. Anything that cannot be imported from sklearn.metrics is now part of the private API.
  warnings.warn(message, FutureWarning)
INFO: Read 'poems' corpus.
INFO: Read preload corpus with epoch division by 'amann'.
INFO: Used epochs are 'Biedermeier' and 'Expressionismus'.
INFO: Count of different poets: 37
INFO: Count of poets of epoch 'Biedermeier': 27
INFO: Count of poets of epoch 'Expressionismus': 10
/home/paulus/.conda/envs/bertpoems/lib/python3.8/site-packages/sklearn/cluster/_kmeans.py:973: FutureWarning: 'n_jobs' was deprecated in version 0.23 and will be removed in 0.25.
  warnings.warn("'n_jobs' was deprecated in version 0.23 and will be"
INFO: Adjusted Rand Score for K-Means: -0.017042330951071837.
INFO: V-measure for K-Means: 0.0002766400244707692.
INFO: Update results file.
INFO: Run-time K-Means: 0.16420865058898926 seconds
INFO: Run-time: 0.18333333333333332 minute(s).
--------------- Metrics (K-Means) ---------------
--------------------------------------------------
INFO: Argument combination 26/28.
INFO: Epoch 1: Realismus.
INFO: Epoch 2: Naturalismus.
/home/paulus/.conda/envs/bertpoems/lib/python3.8/site-packages/sklearn/utils/deprecation.py:143: FutureWarning: The sklearn.metrics.classification module is  deprecated in version 0.22 and will be removed in version 0.24. The corresponding classes / functions should instead be imported from sklearn.metrics. Anything that cannot be imported from sklearn.metrics is now part of the private API.
  warnings.warn(message, FutureWarning)
INFO: Read 'poems' corpus.
INFO: Read preload corpus with epoch division by 'amann'.
INFO: Used epochs are 'Realismus' and 'Naturalismus'.
INFO: Count of different poets: 59
INFO: Count of poets of epoch 'Realismus': 43
INFO: Count of poets of epoch 'Naturalismus': 19
/home/paulus/.conda/envs/bertpoems/lib/python3.8/site-packages/sklearn/cluster/_kmeans.py:973: FutureWarning: 'n_jobs' was deprecated in version 0.23 and will be removed in 0.25.
  warnings.warn("'n_jobs' was deprecated in version 0.23 and will be"
INFO: Adjusted Rand Score for K-Means: 0.001718509346160266.
INFO: V-measure for K-Means: 0.0007281680259307949.
INFO: Update results file.
INFO: Run-time K-Means: 0.35536956787109375 seconds
INFO: Run-time: 0.13333333333333333 minute(s).
--------------- Metrics (K-Means) ---------------
--------------------------------------------------
INFO: Argument combination 27/28.
INFO: Epoch 1: Realismus.
INFO: Epoch 2: Expressionismus.
/home/paulus/.conda/envs/bertpoems/lib/python3.8/site-packages/sklearn/utils/deprecation.py:143: FutureWarning: The sklearn.metrics.classification module is  deprecated in version 0.22 and will be removed in version 0.24. The corresponding classes / functions should instead be imported from sklearn.metrics. Anything that cannot be imported from sklearn.metrics is now part of the private API.
  warnings.warn(message, FutureWarning)
INFO: Read 'poems' corpus.
INFO: Read preload corpus with epoch division by 'amann'.
INFO: Used epochs are 'Realismus' and 'Expressionismus'.
INFO: Count of different poets: 53
INFO: Count of poets of epoch 'Realismus': 43
INFO: Count of poets of epoch 'Expressionismus': 10
/home/paulus/.conda/envs/bertpoems/lib/python3.8/site-packages/sklearn/cluster/_kmeans.py:973: FutureWarning: 'n_jobs' was deprecated in version 0.23 and will be removed in 0.25.
  warnings.warn("'n_jobs' was deprecated in version 0.23 and will be"
INFO: Adjusted Rand Score for K-Means: 0.01606466067801583.
INFO: V-measure for K-Means: 0.06249155828919377.
INFO: Update results file.
INFO: Run-time K-Means: 0.3366658687591553 seconds
INFO: Run-time: 0.15 minute(s).
--------------- Metrics (K-Means) ---------------
--------------------------------------------------
INFO: Argument combination 28/28.
INFO: Epoch 1: Naturalismus.
INFO: Epoch 2: Expressionismus.
/home/paulus/.conda/envs/bertpoems/lib/python3.8/site-packages/sklearn/utils/deprecation.py:143: FutureWarning: The sklearn.metrics.classification module is  deprecated in version 0.22 and will be removed in version 0.24. The corresponding classes / functions should instead be imported from sklearn.metrics. Anything that cannot be imported from sklearn.metrics is now part of the private API.
  warnings.warn(message, FutureWarning)
INFO: Read 'poems' corpus.
INFO: Read preload corpus with epoch division by 'amann'.
INFO: Used epochs are 'Naturalismus' and 'Expressionismus'.
INFO: Count of different poets: 28
INFO: Count of poets of epoch 'Naturalismus': 19
INFO: Count of poets of epoch 'Expressionismus': 10
/home/paulus/.conda/envs/bertpoems/lib/python3.8/site-packages/sklearn/cluster/_kmeans.py:973: FutureWarning: 'n_jobs' was deprecated in version 0.23 and will be removed in 0.25.
  warnings.warn("'n_jobs' was deprecated in version 0.23 and will be"
INFO: Adjusted Rand Score for K-Means: -0.034156518363980426.
INFO: V-measure for K-Means: 0.00031267627592974434.
INFO: Update results file.
INFO: Run-time K-Means: 0.1582479476928711 seconds
INFO: Run-time: 0.13333333333333333 minute(s).
--------------- Metrics (K-Means) ---------------
--------------------------------------------------
INFO: Overall run-time: 6.383333333333334 minute(s).
--------------------------------------------
--------------------------------------------


--------------------------------------------
--------------------------------------------


--------------------------------------------
--------------------------------------------


--------------------------------------------
--------------------------------------------


--------------------------------------------
--------------------------------------------


--------------------------------------------
--------------------------------------------


--------------------------------------------
--------------------------------------------


--------------------------------------------
--------------------------------------------


--------------------------------------------
--------------------------------------------


--------------------------------------------
--------------------------------------------


--------------------------------------------
--------------------------------------------


--------------------------------------------
--------------------------------------------


--------------------------------------------
--------------------------------------------


--------------------------------------------
--------------------------------------------


--------------------------------------------
--------------------------------------------


--------------------------------------------
--------------------------------------------


--------------------------------------------
--------------------------------------------


--------------------------------------------
--------------------------------------------


--------------------------------------------
--------------------------------------------


--------------------------------------------
--------------------------------------------


--------------------------------------------
--------------------------------------------


--------------------------------------------
--------------------------------------------


--------------------------------------------
--------------------------------------------


--------------------------------------------
--------------------------------------------


--------------------------------------------
--------------------------------------------


--------------------------------------------
--------------------------------------------


--------------------------------------------
--------------------------------------------


--------------------------------------------
--------------------------------------------


