INFO: Clustering for all epoch combinations.
INFO: Argument combination 1/28.
INFO: Epoch 1: Barock.
INFO: Epoch 2: Aufklärung.
/home/paulus/.conda/envs/bertpoems/lib/python3.8/site-packages/sklearn/utils/deprecation.py:143: FutureWarning: The sklearn.metrics.classification module is  deprecated in version 0.22 and will be removed in version 0.24. The corresponding classes / functions should instead be imported from sklearn.metrics. Anything that cannot be imported from sklearn.metrics is now part of the private API.
  warnings.warn(message, FutureWarning)
INFO: Read 'poems' corpus.
INFO: Read preload corpus with epoch division by 'amann'.
INFO: Used epochs are 'Barock' and 'Aufklärung'.
INFO: Count of different poets: 97
INFO: Count of poets of epoch 'Barock': 41
INFO: Count of poets of epoch 'Aufklärung': 59
INFO: Reduce dimensionality to 3.
INFO: Explained variance of the SVD step: 16%
INFO: Tuning hyperparameters for dbscan.
INFO: Best params for DBSCAN:
eps: 0.1
min_samples: 6
metrics: euclidean
INFO: Adjusted Rand Score for DBSCAN: 0.4061215222329354.
INFO: V-measure for DBSCAN: 0.35639413936620434.
INFO: Update results file.
INFO: Run-time DBSCAN: 2.9227819442749023 seconds
INFO: Run-time: 0.2 minute(s).
--------------- Metrics (DBSCAN) ---------------
------------------------------------------------
INFO: Argument combination 2/28.
INFO: Epoch 1: Barock.
INFO: Epoch 2: Klassik.
/home/paulus/.conda/envs/bertpoems/lib/python3.8/site-packages/sklearn/utils/deprecation.py:143: FutureWarning: The sklearn.metrics.classification module is  deprecated in version 0.22 and will be removed in version 0.24. The corresponding classes / functions should instead be imported from sklearn.metrics. Anything that cannot be imported from sklearn.metrics is now part of the private API.
  warnings.warn(message, FutureWarning)
INFO: Read 'poems' corpus.
INFO: Read preload corpus with epoch division by 'amann'.
INFO: Used epochs are 'Barock' and 'Klassik'.
INFO: Count of different poets: 95
INFO: Count of poets of epoch 'Barock': 41
INFO: Count of poets of epoch 'Klassik': 54
INFO: Reduce dimensionality to 3.
INFO: Explained variance of the SVD step: 18%
INFO: Tuning hyperparameters for dbscan.
INFO: Best params for DBSCAN:
eps: 0.3
min_samples: 5
metrics: euclidean
INFO: Adjusted Rand Score for DBSCAN: 0.7077289932954932.
INFO: V-measure for DBSCAN: 0.6355892263877688.
INFO: Update results file.
INFO: Run-time DBSCAN: 2.420797824859619 seconds
INFO: Run-time: 0.36666666666666664 minute(s).
--------------- Metrics (DBSCAN) ---------------
------------------------------------------------
INFO: Argument combination 3/28.
INFO: Epoch 1: Barock.
INFO: Epoch 2: Romantik.
/home/paulus/.conda/envs/bertpoems/lib/python3.8/site-packages/sklearn/utils/deprecation.py:143: FutureWarning: The sklearn.metrics.classification module is  deprecated in version 0.22 and will be removed in version 0.24. The corresponding classes / functions should instead be imported from sklearn.metrics. Anything that cannot be imported from sklearn.metrics is now part of the private API.
  warnings.warn(message, FutureWarning)
INFO: Read 'poems' corpus.
INFO: Read preload corpus with epoch division by 'amann'.
INFO: Used epochs are 'Barock' and 'Romantik'.
INFO: Count of different poets: 50
INFO: Count of poets of epoch 'Barock': 41
INFO: Count of poets of epoch 'Romantik': 9
INFO: Reduce dimensionality to 3.
INFO: Explained variance of the SVD step: 18%
INFO: Tuning hyperparameters for dbscan.
INFO: Best params for DBSCAN:
eps: 0.1
min_samples: 6
metrics: euclidean
INFO: Adjusted Rand Score for DBSCAN: 0.4180752340963185.
INFO: V-measure for DBSCAN: 0.5564949146289848.
INFO: Update results file.
INFO: Run-time DBSCAN: 2.500537157058716 seconds
INFO: Run-time: 0.18333333333333332 minute(s).
--------------- Metrics (DBSCAN) ---------------
------------------------------------------------
INFO: Argument combination 4/28.
INFO: Epoch 1: Barock.
INFO: Epoch 2: Biedermeier.
/home/paulus/.conda/envs/bertpoems/lib/python3.8/site-packages/sklearn/utils/deprecation.py:143: FutureWarning: The sklearn.metrics.classification module is  deprecated in version 0.22 and will be removed in version 0.24. The corresponding classes / functions should instead be imported from sklearn.metrics. Anything that cannot be imported from sklearn.metrics is now part of the private API.
  warnings.warn(message, FutureWarning)
INFO: Read 'poems' corpus.
INFO: Read preload corpus with epoch division by 'amann'.
INFO: Used epochs are 'Barock' and 'Biedermeier'.
INFO: Count of different poets: 68
INFO: Count of poets of epoch 'Barock': 41
INFO: Count of poets of epoch 'Biedermeier': 27
INFO: Reduce dimensionality to 3.
INFO: Explained variance of the SVD step: 21%
INFO: Tuning hyperparameters for dbscan.
INFO: Best params for DBSCAN:
eps: 0.3
min_samples: 4
metrics: euclidean
INFO: Adjusted Rand Score for DBSCAN: 0.5686533581315925.
INFO: V-measure for DBSCAN: 0.5517788208300946.
INFO: Update results file.
INFO: Run-time DBSCAN: 2.4420037269592285 seconds
INFO: Run-time: 0.2 minute(s).
--------------- Metrics (DBSCAN) ---------------
------------------------------------------------
INFO: Argument combination 5/28.
INFO: Epoch 1: Barock.
INFO: Epoch 2: Realismus.
/home/paulus/.conda/envs/bertpoems/lib/python3.8/site-packages/sklearn/utils/deprecation.py:143: FutureWarning: The sklearn.metrics.classification module is  deprecated in version 0.22 and will be removed in version 0.24. The corresponding classes / functions should instead be imported from sklearn.metrics. Anything that cannot be imported from sklearn.metrics is now part of the private API.
  warnings.warn(message, FutureWarning)
INFO: Read 'poems' corpus.
INFO: Read preload corpus with epoch division by 'amann'.
INFO: Used epochs are 'Barock' and 'Realismus'.
INFO: Count of different poets: 84
INFO: Count of poets of epoch 'Barock': 41
INFO: Count of poets of epoch 'Realismus': 43
INFO: Reduce dimensionality to 3.
INFO: Explained variance of the SVD step: 19%
INFO: Tuning hyperparameters for dbscan.
INFO: Best params for DBSCAN:
eps: 0.3
min_samples: 5
metrics: euclidean
INFO: Adjusted Rand Score for DBSCAN: 0.7563048846719111.
INFO: V-measure for DBSCAN: 0.7120146867274783.
INFO: Update results file.
INFO: Run-time DBSCAN: 2.4081194400787354 seconds
INFO: Run-time: 0.18333333333333332 minute(s).
--------------- Metrics (DBSCAN) ---------------
------------------------------------------------
INFO: Argument combination 6/28.
INFO: Epoch 1: Barock.
INFO: Epoch 2: Naturalismus.
/home/paulus/.conda/envs/bertpoems/lib/python3.8/site-packages/sklearn/utils/deprecation.py:143: FutureWarning: The sklearn.metrics.classification module is  deprecated in version 0.22 and will be removed in version 0.24. The corresponding classes / functions should instead be imported from sklearn.metrics. Anything that cannot be imported from sklearn.metrics is now part of the private API.
  warnings.warn(message, FutureWarning)
INFO: Read 'poems' corpus.
INFO: Read preload corpus with epoch division by 'amann'.
INFO: Used epochs are 'Barock' and 'Naturalismus'.
INFO: Count of different poets: 60
INFO: Count of poets of epoch 'Barock': 41
INFO: Count of poets of epoch 'Naturalismus': 19
INFO: Reduce dimensionality to 3.
INFO: Explained variance of the SVD step: 22%
INFO: Tuning hyperparameters for dbscan.
INFO: Best params for DBSCAN:
eps: 0.3
min_samples: 6
metrics: euclidean
INFO: Adjusted Rand Score for DBSCAN: 0.533585506520496.
INFO: V-measure for DBSCAN: 0.5292894585815977.
INFO: Update results file.
INFO: Run-time DBSCAN: 2.018223285675049 seconds
INFO: Run-time: 0.38333333333333336 minute(s).
--------------- Metrics (DBSCAN) ---------------
------------------------------------------------
INFO: Argument combination 7/28.
INFO: Epoch 1: Barock.
INFO: Epoch 2: Expressionismus.
/home/paulus/.conda/envs/bertpoems/lib/python3.8/site-packages/sklearn/utils/deprecation.py:143: FutureWarning: The sklearn.metrics.classification module is  deprecated in version 0.22 and will be removed in version 0.24. The corresponding classes / functions should instead be imported from sklearn.metrics. Anything that cannot be imported from sklearn.metrics is now part of the private API.
  warnings.warn(message, FutureWarning)
INFO: Read 'poems' corpus.
INFO: Read preload corpus with epoch division by 'amann'.
INFO: Used epochs are 'Barock' and 'Expressionismus'.
INFO: Count of different poets: 51
INFO: Count of poets of epoch 'Barock': 41
INFO: Count of poets of epoch 'Expressionismus': 10
INFO: Reduce dimensionality to 3.
INFO: Explained variance of the SVD step: 19%
INFO: Tuning hyperparameters for dbscan.
INFO: Best params for DBSCAN:
eps: 0.1
min_samples: 6
metrics: euclidean
INFO: Adjusted Rand Score for DBSCAN: 0.4380758823059269.
INFO: V-measure for DBSCAN: 0.5740349303918337.
INFO: Update results file.
INFO: Run-time DBSCAN: 2.0289082527160645 seconds
INFO: Run-time: 0.16666666666666666 minute(s).
--------------- Metrics (DBSCAN) ---------------
------------------------------------------------
INFO: Argument combination 8/28.
INFO: Epoch 1: Aufklärung.
INFO: Epoch 2: Klassik.
/home/paulus/.conda/envs/bertpoems/lib/python3.8/site-packages/sklearn/utils/deprecation.py:143: FutureWarning: The sklearn.metrics.classification module is  deprecated in version 0.22 and will be removed in version 0.24. The corresponding classes / functions should instead be imported from sklearn.metrics. Anything that cannot be imported from sklearn.metrics is now part of the private API.
  warnings.warn(message, FutureWarning)
INFO: Read 'poems' corpus.
INFO: Read preload corpus with epoch division by 'amann'.
INFO: Used epochs are 'Aufklärung' and 'Klassik'.
INFO: Count of different poets: 100
INFO: Count of poets of epoch 'Aufklärung': 59
INFO: Count of poets of epoch 'Klassik': 54
INFO: Reduce dimensionality to 3.
INFO: Explained variance of the SVD step: 9%
INFO: Tuning hyperparameters for dbscan.
INFO: Best params for DBSCAN:
eps: 0.2
min_samples: 7
metrics: euclidean
INFO: Adjusted Rand Score for DBSCAN: 0.11280784854376524.
INFO: V-measure for DBSCAN: 0.2061296656022559.
INFO: Update results file.
INFO: Run-time DBSCAN: 2.964210033416748 seconds
INFO: Run-time: 0.23333333333333334 minute(s).
--------------- Metrics (DBSCAN) ---------------
------------------------------------------------
INFO: Argument combination 9/28.
INFO: Epoch 1: Aufklärung.
INFO: Epoch 2: Romantik.
/home/paulus/.conda/envs/bertpoems/lib/python3.8/site-packages/sklearn/utils/deprecation.py:143: FutureWarning: The sklearn.metrics.classification module is  deprecated in version 0.22 and will be removed in version 0.24. The corresponding classes / functions should instead be imported from sklearn.metrics. Anything that cannot be imported from sklearn.metrics is now part of the private API.
  warnings.warn(message, FutureWarning)
INFO: Read 'poems' corpus.
INFO: Read preload corpus with epoch division by 'amann'.
INFO: Used epochs are 'Aufklärung' and 'Romantik'.
INFO: Count of different poets: 68
INFO: Count of poets of epoch 'Aufklärung': 59
INFO: Count of poets of epoch 'Romantik': 9
INFO: Reduce dimensionality to 3.
INFO: Explained variance of the SVD step: 10%
INFO: Tuning hyperparameters for dbscan.
INFO: Best params for DBSCAN:
eps: 0.2
min_samples: 7
metrics: euclidean
INFO: Adjusted Rand Score for DBSCAN: 0.06322139016664038.
INFO: V-measure for DBSCAN: 0.10492307240876271.
INFO: Update results file.
INFO: Run-time DBSCAN: 2.415116786956787 seconds
INFO: Run-time: 0.16666666666666666 minute(s).
--------------- Metrics (DBSCAN) ---------------
------------------------------------------------
INFO: Argument combination 10/28.
INFO: Epoch 1: Aufklärung.
INFO: Epoch 2: Biedermeier.
/home/paulus/.conda/envs/bertpoems/lib/python3.8/site-packages/sklearn/utils/deprecation.py:143: FutureWarning: The sklearn.metrics.classification module is  deprecated in version 0.22 and will be removed in version 0.24. The corresponding classes / functions should instead be imported from sklearn.metrics. Anything that cannot be imported from sklearn.metrics is now part of the private API.
  warnings.warn(message, FutureWarning)
INFO: Read 'poems' corpus.
INFO: Read preload corpus with epoch division by 'amann'.
INFO: Used epochs are 'Aufklärung' and 'Biedermeier'.
INFO: Count of different poets: 86
INFO: Count of poets of epoch 'Aufklärung': 59
INFO: Count of poets of epoch 'Biedermeier': 27
INFO: Reduce dimensionality to 3.
INFO: Explained variance of the SVD step: 9%
INFO: Tuning hyperparameters for dbscan.
INFO: Best params for DBSCAN:
eps: 0.2
min_samples: 2
metrics: euclidean
INFO: Adjusted Rand Score for DBSCAN: 0.687960469488339.
INFO: V-measure for DBSCAN: 0.6031229751211679.
INFO: Update results file.
INFO: Run-time DBSCAN: 3.4331448078155518 seconds
INFO: Run-time: 0.21666666666666667 minute(s).
--------------- Metrics (DBSCAN) ---------------
------------------------------------------------
INFO: Argument combination 11/28.
INFO: Epoch 1: Aufklärung.
INFO: Epoch 2: Realismus.
/home/paulus/.conda/envs/bertpoems/lib/python3.8/site-packages/sklearn/utils/deprecation.py:143: FutureWarning: The sklearn.metrics.classification module is  deprecated in version 0.22 and will be removed in version 0.24. The corresponding classes / functions should instead be imported from sklearn.metrics. Anything that cannot be imported from sklearn.metrics is now part of the private API.
  warnings.warn(message, FutureWarning)
INFO: Read 'poems' corpus.
INFO: Read preload corpus with epoch division by 'amann'.
INFO: Used epochs are 'Aufklärung' and 'Realismus'.
INFO: Count of different poets: 102
INFO: Count of poets of epoch 'Aufklärung': 59
INFO: Count of poets of epoch 'Realismus': 43
INFO: Reduce dimensionality to 3.
INFO: Explained variance of the SVD step: 10%
INFO: Tuning hyperparameters for dbscan.
INFO: Best params for DBSCAN:
eps: 0.1
min_samples: 7
metrics: euclidean
INFO: Adjusted Rand Score for DBSCAN: 0.7761325656034224.
INFO: V-measure for DBSCAN: 0.7255980542064947.
INFO: Update results file.
INFO: Run-time DBSCAN: 2.197307825088501 seconds
INFO: Run-time: 0.2 minute(s).
--------------- Metrics (DBSCAN) ---------------
------------------------------------------------
INFO: Argument combination 12/28.
INFO: Epoch 1: Aufklärung.
INFO: Epoch 2: Naturalismus.
/home/paulus/.conda/envs/bertpoems/lib/python3.8/site-packages/sklearn/utils/deprecation.py:143: FutureWarning: The sklearn.metrics.classification module is  deprecated in version 0.22 and will be removed in version 0.24. The corresponding classes / functions should instead be imported from sklearn.metrics. Anything that cannot be imported from sklearn.metrics is now part of the private API.
  warnings.warn(message, FutureWarning)
INFO: Read 'poems' corpus.
INFO: Read preload corpus with epoch division by 'amann'.
INFO: Used epochs are 'Aufklärung' and 'Naturalismus'.
INFO: Count of different poets: 78
INFO: Count of poets of epoch 'Aufklärung': 59
INFO: Count of poets of epoch 'Naturalismus': 19
INFO: Reduce dimensionality to 3.
INFO: Explained variance of the SVD step: 10%
INFO: Tuning hyperparameters for dbscan.
INFO: Best params for DBSCAN:
eps: 0.3
min_samples: 7
metrics: euclidean
INFO: Adjusted Rand Score for DBSCAN: 0.8065153010858835.
INFO: V-measure for DBSCAN: 0.7293289650811525.
INFO: Update results file.
INFO: Run-time DBSCAN: 2.3224356174468994 seconds
INFO: Run-time: 0.18333333333333332 minute(s).
--------------- Metrics (DBSCAN) ---------------
------------------------------------------------
INFO: Argument combination 13/28.
INFO: Epoch 1: Aufklärung.
INFO: Epoch 2: Expressionismus.
/home/paulus/.conda/envs/bertpoems/lib/python3.8/site-packages/sklearn/utils/deprecation.py:143: FutureWarning: The sklearn.metrics.classification module is  deprecated in version 0.22 and will be removed in version 0.24. The corresponding classes / functions should instead be imported from sklearn.metrics. Anything that cannot be imported from sklearn.metrics is now part of the private API.
  warnings.warn(message, FutureWarning)
INFO: Read 'poems' corpus.
INFO: Read preload corpus with epoch division by 'amann'.
INFO: Used epochs are 'Aufklärung' and 'Expressionismus'.
INFO: Count of different poets: 69
INFO: Count of poets of epoch 'Aufklärung': 59
INFO: Count of poets of epoch 'Expressionismus': 10
INFO: Reduce dimensionality to 3.
INFO: Explained variance of the SVD step: 10%
INFO: Tuning hyperparameters for dbscan.
INFO: Best params for DBSCAN:
eps: 0.1
min_samples: 5
metrics: euclidean
INFO: Adjusted Rand Score for DBSCAN: 0.5727894563126685.
INFO: V-measure for DBSCAN: 0.473481100019403.
INFO: Update results file.
INFO: Run-time DBSCAN: 3.2052602767944336 seconds
INFO: Run-time: 0.2 minute(s).
--------------- Metrics (DBSCAN) ---------------
------------------------------------------------
INFO: Argument combination 14/28.
INFO: Epoch 1: Klassik.
INFO: Epoch 2: Romantik.
/home/paulus/.conda/envs/bertpoems/lib/python3.8/site-packages/sklearn/utils/deprecation.py:143: FutureWarning: The sklearn.metrics.classification module is  deprecated in version 0.22 and will be removed in version 0.24. The corresponding classes / functions should instead be imported from sklearn.metrics. Anything that cannot be imported from sklearn.metrics is now part of the private API.
  warnings.warn(message, FutureWarning)
INFO: Read 'poems' corpus.
INFO: Read preload corpus with epoch division by 'amann'.
INFO: Used epochs are 'Klassik' and 'Romantik'.
INFO: Count of different poets: 57
INFO: Count of poets of epoch 'Klassik': 54
INFO: Count of poets of epoch 'Romantik': 9
INFO: Reduce dimensionality to 3.
INFO: Explained variance of the SVD step: 10%
INFO: Tuning hyperparameters for dbscan.
INFO: Best params for DBSCAN:
eps: 0.1
min_samples: 5
metrics: euclidean
INFO: Adjusted Rand Score for DBSCAN: 0.19096348633181665.
INFO: V-measure for DBSCAN: 0.06388508567998655.
INFO: Update results file.
INFO: Run-time DBSCAN: 2.1472856998443604 seconds
INFO: Run-time: 0.18333333333333332 minute(s).
--------------- Metrics (DBSCAN) ---------------
------------------------------------------------
INFO: Argument combination 15/28.
INFO: Epoch 1: Klassik.
INFO: Epoch 2: Biedermeier.
/home/paulus/.conda/envs/bertpoems/lib/python3.8/site-packages/sklearn/utils/deprecation.py:143: FutureWarning: The sklearn.metrics.classification module is  deprecated in version 0.22 and will be removed in version 0.24. The corresponding classes / functions should instead be imported from sklearn.metrics. Anything that cannot be imported from sklearn.metrics is now part of the private API.
  warnings.warn(message, FutureWarning)
INFO: Read 'poems' corpus.
INFO: Read preload corpus with epoch division by 'amann'.
INFO: Used epochs are 'Klassik' and 'Biedermeier'.
INFO: Count of different poets: 72
INFO: Count of poets of epoch 'Klassik': 54
INFO: Count of poets of epoch 'Biedermeier': 27
INFO: Reduce dimensionality to 3.
INFO: Explained variance of the SVD step: 8%
INFO: Tuning hyperparameters for dbscan.
INFO: Best params for DBSCAN:
eps: 0.1
min_samples: 7
metrics: euclidean
INFO: Adjusted Rand Score for DBSCAN: 0.16634553628773283.
INFO: V-measure for DBSCAN: 0.09641563671126963.
INFO: Update results file.
INFO: Run-time DBSCAN: 2.540614128112793 seconds
INFO: Run-time: 0.18333333333333332 minute(s).
--------------- Metrics (DBSCAN) ---------------
------------------------------------------------
INFO: Argument combination 16/28.
INFO: Epoch 1: Klassik.
INFO: Epoch 2: Realismus.
/home/paulus/.conda/envs/bertpoems/lib/python3.8/site-packages/sklearn/utils/deprecation.py:143: FutureWarning: The sklearn.metrics.classification module is  deprecated in version 0.22 and will be removed in version 0.24. The corresponding classes / functions should instead be imported from sklearn.metrics. Anything that cannot be imported from sklearn.metrics is now part of the private API.
  warnings.warn(message, FutureWarning)
INFO: Read 'poems' corpus.
INFO: Read preload corpus with epoch division by 'amann'.
INFO: Used epochs are 'Klassik' and 'Realismus'.
INFO: Count of different poets: 92
INFO: Count of poets of epoch 'Klassik': 54
INFO: Count of poets of epoch 'Realismus': 43
INFO: Reduce dimensionality to 3.
INFO: Explained variance of the SVD step: 8%
INFO: Tuning hyperparameters for dbscan.
INFO: Best params for DBSCAN:
eps: 0.1
min_samples: 5
metrics: euclidean
INFO: Adjusted Rand Score for DBSCAN: 0.027687269388003508.
INFO: V-measure for DBSCAN: 0.07238210163637644.
INFO: Update results file.
INFO: Run-time DBSCAN: 2.8248908519744873 seconds
INFO: Run-time: 0.21666666666666667 minute(s).
--------------- Metrics (DBSCAN) ---------------
------------------------------------------------
INFO: Argument combination 17/28.
INFO: Epoch 1: Klassik.
INFO: Epoch 2: Naturalismus.
/home/paulus/.conda/envs/bertpoems/lib/python3.8/site-packages/sklearn/utils/deprecation.py:143: FutureWarning: The sklearn.metrics.classification module is  deprecated in version 0.22 and will be removed in version 0.24. The corresponding classes / functions should instead be imported from sklearn.metrics. Anything that cannot be imported from sklearn.metrics is now part of the private API.
  warnings.warn(message, FutureWarning)
INFO: Read 'poems' corpus.
INFO: Read preload corpus with epoch division by 'amann'.
INFO: Used epochs are 'Klassik' and 'Naturalismus'.
INFO: Count of different poets: 73
INFO: Count of poets of epoch 'Klassik': 54
INFO: Count of poets of epoch 'Naturalismus': 19
INFO: Reduce dimensionality to 3.
INFO: Explained variance of the SVD step: 9%
INFO: Tuning hyperparameters for dbscan.
INFO: Best params for DBSCAN:
eps: 0.2
min_samples: 2
metrics: euclidean
INFO: Adjusted Rand Score for DBSCAN: 0.03077983576095424.
INFO: V-measure for DBSCAN: 0.11077640638124396.
INFO: Update results file.
INFO: Run-time DBSCAN: 2.1990246772766113 seconds
INFO: Run-time: 0.18333333333333332 minute(s).
--------------- Metrics (DBSCAN) ---------------
------------------------------------------------
INFO: Argument combination 18/28.
INFO: Epoch 1: Klassik.
INFO: Epoch 2: Expressionismus.
/home/paulus/.conda/envs/bertpoems/lib/python3.8/site-packages/sklearn/utils/deprecation.py:143: FutureWarning: The sklearn.metrics.classification module is  deprecated in version 0.22 and will be removed in version 0.24. The corresponding classes / functions should instead be imported from sklearn.metrics. Anything that cannot be imported from sklearn.metrics is now part of the private API.
  warnings.warn(message, FutureWarning)
INFO: Read 'poems' corpus.
INFO: Read preload corpus with epoch division by 'amann'.
INFO: Used epochs are 'Klassik' and 'Expressionismus'.
INFO: Count of different poets: 64
INFO: Count of poets of epoch 'Klassik': 54
INFO: Count of poets of epoch 'Expressionismus': 10
INFO: Reduce dimensionality to 3.
INFO: Explained variance of the SVD step: 10%
INFO: Tuning hyperparameters for dbscan.
INFO: Best params for DBSCAN:
eps: 0.2
min_samples: 3
metrics: euclidean
INFO: Adjusted Rand Score for DBSCAN: 0.08745986963712432.
INFO: V-measure for DBSCAN: 0.17209795047782225.
INFO: Update results file.
INFO: Run-time DBSCAN: 3.3295445442199707 seconds
INFO: Run-time: 0.21666666666666667 minute(s).
--------------- Metrics (DBSCAN) ---------------
------------------------------------------------
INFO: Argument combination 19/28.
INFO: Epoch 1: Romantik.
INFO: Epoch 2: Biedermeier.
/home/paulus/.conda/envs/bertpoems/lib/python3.8/site-packages/sklearn/utils/deprecation.py:143: FutureWarning: The sklearn.metrics.classification module is  deprecated in version 0.22 and will be removed in version 0.24. The corresponding classes / functions should instead be imported from sklearn.metrics. Anything that cannot be imported from sklearn.metrics is now part of the private API.
  warnings.warn(message, FutureWarning)
INFO: Read 'poems' corpus.
INFO: Read preload corpus with epoch division by 'amann'.
INFO: Used epochs are 'Romantik' and 'Biedermeier'.
INFO: Count of different poets: 31
INFO: Count of poets of epoch 'Romantik': 9
INFO: Count of poets of epoch 'Biedermeier': 27
INFO: Reduce dimensionality to 3.
INFO: Explained variance of the SVD step: 13%
INFO: Tuning hyperparameters for dbscan.
INFO: Best params for DBSCAN:
eps: 0.1
min_samples: 6
metrics: euclidean
INFO: Adjusted Rand Score for DBSCAN: 0.13230610312473098.
INFO: V-measure for DBSCAN: 0.08834130712723279.
INFO: Update results file.
INFO: Run-time DBSCAN: 1.8983936309814453 seconds
INFO: Run-time: 0.16666666666666666 minute(s).
--------------- Metrics (DBSCAN) ---------------
------------------------------------------------
INFO: Argument combination 20/28.
INFO: Epoch 1: Romantik.
INFO: Epoch 2: Realismus.
/home/paulus/.conda/envs/bertpoems/lib/python3.8/site-packages/sklearn/utils/deprecation.py:143: FutureWarning: The sklearn.metrics.classification module is  deprecated in version 0.22 and will be removed in version 0.24. The corresponding classes / functions should instead be imported from sklearn.metrics. Anything that cannot be imported from sklearn.metrics is now part of the private API.
  warnings.warn(message, FutureWarning)
INFO: Read 'poems' corpus.
INFO: Read preload corpus with epoch division by 'amann'.
INFO: Used epochs are 'Romantik' and 'Realismus'.
INFO: Count of different poets: 50
INFO: Count of poets of epoch 'Romantik': 9
INFO: Count of poets of epoch 'Realismus': 43
INFO: Reduce dimensionality to 3.
INFO: Explained variance of the SVD step: 9%
INFO: Tuning hyperparameters for dbscan.
INFO: Best params for DBSCAN:
eps: 0.1
min_samples: 3
metrics: euclidean
INFO: Adjusted Rand Score for DBSCAN: 0.051532891196815644.
INFO: V-measure for DBSCAN: 0.08984658980154114.
INFO: Update results file.
INFO: Run-time DBSCAN: 2.1669209003448486 seconds
INFO: Run-time: 0.15 minute(s).
--------------- Metrics (DBSCAN) ---------------
------------------------------------------------
INFO: Argument combination 21/28.
INFO: Epoch 1: Romantik.
INFO: Epoch 2: Naturalismus.
/home/paulus/.conda/envs/bertpoems/lib/python3.8/site-packages/sklearn/utils/deprecation.py:143: FutureWarning: The sklearn.metrics.classification module is  deprecated in version 0.22 and will be removed in version 0.24. The corresponding classes / functions should instead be imported from sklearn.metrics. Anything that cannot be imported from sklearn.metrics is now part of the private API.
  warnings.warn(message, FutureWarning)
INFO: Read 'poems' corpus.
INFO: Read preload corpus with epoch division by 'amann'.
INFO: Used epochs are 'Romantik' and 'Naturalismus'.
INFO: Count of different poets: 28
INFO: Count of poets of epoch 'Romantik': 9
INFO: Count of poets of epoch 'Naturalismus': 19
INFO: Reduce dimensionality to 3.
INFO: Explained variance of the SVD step: 12%
INFO: Tuning hyperparameters for dbscan.
INFO: Best params for DBSCAN:
eps: 0.3
min_samples: 4
metrics: euclidean
INFO: Adjusted Rand Score for DBSCAN: 0.04852686308492206.
INFO: V-measure for DBSCAN: 0.10741431123884951.
INFO: Update results file.
INFO: Run-time DBSCAN: 2.7165098190307617 seconds
INFO: Run-time: 0.16666666666666666 minute(s).
--------------- Metrics (DBSCAN) ---------------
------------------------------------------------
INFO: Argument combination 22/28.
INFO: Epoch 1: Romantik.
INFO: Epoch 2: Expressionismus.
/home/paulus/.conda/envs/bertpoems/lib/python3.8/site-packages/sklearn/utils/deprecation.py:143: FutureWarning: The sklearn.metrics.classification module is  deprecated in version 0.22 and will be removed in version 0.24. The corresponding classes / functions should instead be imported from sklearn.metrics. Anything that cannot be imported from sklearn.metrics is now part of the private API.
  warnings.warn(message, FutureWarning)
INFO: Read 'poems' corpus.
INFO: Read preload corpus with epoch division by 'amann'.
INFO: Used epochs are 'Romantik' and 'Expressionismus'.
INFO: Count of different poets: 19
INFO: Count of poets of epoch 'Romantik': 9
INFO: Count of poets of epoch 'Expressionismus': 10
INFO: Reduce dimensionality to 3.
INFO: Explained variance of the SVD step: 17%
INFO: Tuning hyperparameters for dbscan.
INFO: Best params for DBSCAN:
eps: 0.5
min_samples: 3
metrics: euclidean
INFO: Adjusted Rand Score for DBSCAN: 0.48323845667299176.
INFO: V-measure for DBSCAN: 0.5893329573231616.
INFO: Update results file.
INFO: Run-time DBSCAN: 2.6721034049987793 seconds
INFO: Run-time: 0.16666666666666666 minute(s).
--------------- Metrics (DBSCAN) ---------------
------------------------------------------------
INFO: Argument combination 23/28.
INFO: Epoch 1: Biedermeier.
INFO: Epoch 2: Realismus.
/home/paulus/.conda/envs/bertpoems/lib/python3.8/site-packages/sklearn/utils/deprecation.py:143: FutureWarning: The sklearn.metrics.classification module is  deprecated in version 0.22 and will be removed in version 0.24. The corresponding classes / functions should instead be imported from sklearn.metrics. Anything that cannot be imported from sklearn.metrics is now part of the private API.
  warnings.warn(message, FutureWarning)
INFO: Read 'poems' corpus.
INFO: Read preload corpus with epoch division by 'amann'.
INFO: Used epochs are 'Biedermeier' and 'Realismus'.
INFO: Count of different poets: 60
INFO: Count of poets of epoch 'Biedermeier': 27
INFO: Count of poets of epoch 'Realismus': 43
INFO: Reduce dimensionality to 3.
INFO: Explained variance of the SVD step: 9%
INFO: Tuning hyperparameters for dbscan.
INFO: Best params for DBSCAN:
eps: 0.1
min_samples: 4
metrics: cosine
INFO: Adjusted Rand Score for DBSCAN: 0.039419212570362884.
INFO: V-measure for DBSCAN: 0.037554307643471625.
INFO: Update results file.
INFO: Run-time DBSCAN: 2.3459079265594482 seconds
INFO: Run-time: 0.16666666666666666 minute(s).
--------------- Metrics (DBSCAN) ---------------
------------------------------------------------
INFO: Argument combination 24/28.
INFO: Epoch 1: Biedermeier.
INFO: Epoch 2: Naturalismus.
/home/paulus/.conda/envs/bertpoems/lib/python3.8/site-packages/sklearn/utils/deprecation.py:143: FutureWarning: The sklearn.metrics.classification module is  deprecated in version 0.22 and will be removed in version 0.24. The corresponding classes / functions should instead be imported from sklearn.metrics. Anything that cannot be imported from sklearn.metrics is now part of the private API.
  warnings.warn(message, FutureWarning)
INFO: Read 'poems' corpus.
INFO: Read preload corpus with epoch division by 'amann'.
INFO: Used epochs are 'Biedermeier' and 'Naturalismus'.
INFO: Count of different poets: 45
INFO: Count of poets of epoch 'Biedermeier': 27
INFO: Count of poets of epoch 'Naturalismus': 19
INFO: Reduce dimensionality to 3.
INFO: Explained variance of the SVD step: 10%
INFO: Tuning hyperparameters for dbscan.
INFO: Best params for DBSCAN:
eps: 0.1
min_samples: 2
metrics: euclidean
INFO: Adjusted Rand Score for DBSCAN: 0.17763817416293526.
INFO: V-measure for DBSCAN: 0.28261748671403986.
INFO: Update results file.
INFO: Run-time DBSCAN: 2.479292154312134 seconds
INFO: Run-time: 0.18333333333333332 minute(s).
--------------- Metrics (DBSCAN) ---------------
------------------------------------------------
INFO: Argument combination 25/28.
INFO: Epoch 1: Biedermeier.
INFO: Epoch 2: Expressionismus.
/home/paulus/.conda/envs/bertpoems/lib/python3.8/site-packages/sklearn/utils/deprecation.py:143: FutureWarning: The sklearn.metrics.classification module is  deprecated in version 0.22 and will be removed in version 0.24. The corresponding classes / functions should instead be imported from sklearn.metrics. Anything that cannot be imported from sklearn.metrics is now part of the private API.
  warnings.warn(message, FutureWarning)
INFO: Read 'poems' corpus.
INFO: Read preload corpus with epoch division by 'amann'.
INFO: Used epochs are 'Biedermeier' and 'Expressionismus'.
INFO: Count of different poets: 37
INFO: Count of poets of epoch 'Biedermeier': 27
INFO: Count of poets of epoch 'Expressionismus': 10
INFO: Reduce dimensionality to 3.
INFO: Explained variance of the SVD step: 12%
INFO: Tuning hyperparameters for dbscan.
INFO: Best params for DBSCAN:
eps: 0.2
min_samples: 2
metrics: euclidean
INFO: Adjusted Rand Score for DBSCAN: 0.566243777099727.
INFO: V-measure for DBSCAN: 0.45793823527538274.
INFO: Update results file.
INFO: Run-time DBSCAN: 2.6462528705596924 seconds
INFO: Run-time: 0.18333333333333332 minute(s).
--------------- Metrics (DBSCAN) ---------------
------------------------------------------------
INFO: Argument combination 26/28.
INFO: Epoch 1: Realismus.
INFO: Epoch 2: Naturalismus.
/home/paulus/.conda/envs/bertpoems/lib/python3.8/site-packages/sklearn/utils/deprecation.py:143: FutureWarning: The sklearn.metrics.classification module is  deprecated in version 0.22 and will be removed in version 0.24. The corresponding classes / functions should instead be imported from sklearn.metrics. Anything that cannot be imported from sklearn.metrics is now part of the private API.
  warnings.warn(message, FutureWarning)
INFO: Read 'poems' corpus.
INFO: Read preload corpus with epoch division by 'amann'.
INFO: Used epochs are 'Realismus' and 'Naturalismus'.
INFO: Count of different poets: 59
INFO: Count of poets of epoch 'Realismus': 43
INFO: Count of poets of epoch 'Naturalismus': 19
INFO: Reduce dimensionality to 3.
INFO: Explained variance of the SVD step: 8%
INFO: Tuning hyperparameters for dbscan.
INFO: Best params for DBSCAN:
eps: 0.2
min_samples: 7
metrics: euclidean
INFO: Adjusted Rand Score for DBSCAN: 0.12769414834902684.
INFO: V-measure for DBSCAN: 0.07490204211359322.
INFO: Update results file.
INFO: Run-time DBSCAN: 2.230705738067627 seconds
INFO: Run-time: 0.16666666666666666 minute(s).
--------------- Metrics (DBSCAN) ---------------
------------------------------------------------
INFO: Argument combination 27/28.
INFO: Epoch 1: Realismus.
INFO: Epoch 2: Expressionismus.
/home/paulus/.conda/envs/bertpoems/lib/python3.8/site-packages/sklearn/utils/deprecation.py:143: FutureWarning: The sklearn.metrics.classification module is  deprecated in version 0.22 and will be removed in version 0.24. The corresponding classes / functions should instead be imported from sklearn.metrics. Anything that cannot be imported from sklearn.metrics is now part of the private API.
  warnings.warn(message, FutureWarning)
INFO: Read 'poems' corpus.
INFO: Read preload corpus with epoch division by 'amann'.
INFO: Used epochs are 'Realismus' and 'Expressionismus'.
INFO: Count of different poets: 53
INFO: Count of poets of epoch 'Realismus': 43
INFO: Count of poets of epoch 'Expressionismus': 10
INFO: Reduce dimensionality to 3.
INFO: Explained variance of the SVD step: 9%
INFO: Tuning hyperparameters for dbscan.
INFO: Best params for DBSCAN:
eps: 0.1
min_samples: 5
metrics: euclidean
INFO: Adjusted Rand Score for DBSCAN: 0.00041849175571221904.
INFO: V-measure for DBSCAN: 0.0001079962240615684.
INFO: Update results file.
INFO: Run-time DBSCAN: 2.4326586723327637 seconds
INFO: Run-time: 0.18333333333333332 minute(s).
--------------- Metrics (DBSCAN) ---------------
------------------------------------------------
INFO: Argument combination 28/28.
INFO: Epoch 1: Naturalismus.
INFO: Epoch 2: Expressionismus.
/home/paulus/.conda/envs/bertpoems/lib/python3.8/site-packages/sklearn/utils/deprecation.py:143: FutureWarning: The sklearn.metrics.classification module is  deprecated in version 0.22 and will be removed in version 0.24. The corresponding classes / functions should instead be imported from sklearn.metrics. Anything that cannot be imported from sklearn.metrics is now part of the private API.
  warnings.warn(message, FutureWarning)
INFO: Read 'poems' corpus.
INFO: Read preload corpus with epoch division by 'amann'.
INFO: Used epochs are 'Naturalismus' and 'Expressionismus'.
INFO: Count of different poets: 28
INFO: Count of poets of epoch 'Naturalismus': 19
INFO: Count of poets of epoch 'Expressionismus': 10
INFO: Reduce dimensionality to 3.
INFO: Explained variance of the SVD step: 12%
INFO: Tuning hyperparameters for dbscan.
INFO: Best params for DBSCAN:
eps: 0.4
min_samples: 2
metrics: euclidean
INFO: Adjusted Rand Score for DBSCAN: 0.04484634612556981.
INFO: V-measure for DBSCAN: 0.22279599566272051.
INFO: Update results file.
INFO: Run-time DBSCAN: 2.534226417541504 seconds
INFO: Run-time: 0.16666666666666666 minute(s).
--------------- Metrics (DBSCAN) ---------------
------------------------------------------------
INFO: Overall run-time: 6.833333333333333 minute(s).
--------------------------------------------
--------------------------------------------


--------------------------------------------
--------------------------------------------


--------------------------------------------
--------------------------------------------


--------------------------------------------
--------------------------------------------


--------------------------------------------
--------------------------------------------


--------------------------------------------
--------------------------------------------


--------------------------------------------
--------------------------------------------


--------------------------------------------
--------------------------------------------


--------------------------------------------
--------------------------------------------


--------------------------------------------
--------------------------------------------


--------------------------------------------
--------------------------------------------


--------------------------------------------
--------------------------------------------


--------------------------------------------
--------------------------------------------


--------------------------------------------
--------------------------------------------


--------------------------------------------
--------------------------------------------


--------------------------------------------
--------------------------------------------


--------------------------------------------
--------------------------------------------


--------------------------------------------
--------------------------------------------


--------------------------------------------
--------------------------------------------


--------------------------------------------
--------------------------------------------


--------------------------------------------
--------------------------------------------


--------------------------------------------
--------------------------------------------


--------------------------------------------
--------------------------------------------


--------------------------------------------
--------------------------------------------


--------------------------------------------
--------------------------------------------


--------------------------------------------
--------------------------------------------


--------------------------------------------
--------------------------------------------


--------------------------------------------
--------------------------------------------


