INFO: Clustering for all epoch combinations.
INFO: Argument combination 1/28.
INFO: Epoch 1: Barock.
INFO: Epoch 2: Aufklärung.
/home/paulus/.conda/envs/bertpoems/lib/python3.8/site-packages/sklearn/utils/deprecation.py:143: FutureWarning: The sklearn.metrics.classification module is  deprecated in version 0.22 and will be removed in version 0.24. The corresponding classes / functions should instead be imported from sklearn.metrics. Anything that cannot be imported from sklearn.metrics is now part of the private API.
  warnings.warn(message, FutureWarning)
INFO: Read 'poems' corpus.
INFO: Read preload corpus with epoch division by 'amann'.
INFO: Used epochs are 'Barock' and 'Aufklärung'.
INFO: Count of different poets: 97
INFO: Count of poets of epoch 'Barock': 41
INFO: Count of poets of epoch 'Aufklärung': 59
INFO: Adjusted Rand Score for K-Medoids: 0.43000841711686083.
INFO: V-measure for K-Medoids: 0.3539749287220608.
INFO: Create results file.
INFO: Run-time K-Medoids: 0.0514984130859375 seconds
INFO: Run-time: 0.16666666666666666 minute(s).
--------------- Metrics (K-Medoids) ---------------
--------------------------------------------------
INFO: Argument combination 2/28.
INFO: Epoch 1: Barock.
INFO: Epoch 2: Klassik.
/home/paulus/.conda/envs/bertpoems/lib/python3.8/site-packages/sklearn/utils/deprecation.py:143: FutureWarning: The sklearn.metrics.classification module is  deprecated in version 0.22 and will be removed in version 0.24. The corresponding classes / functions should instead be imported from sklearn.metrics. Anything that cannot be imported from sklearn.metrics is now part of the private API.
  warnings.warn(message, FutureWarning)
INFO: Read 'poems' corpus.
INFO: Read preload corpus with epoch division by 'amann'.
INFO: Used epochs are 'Barock' and 'Klassik'.
INFO: Count of different poets: 95
INFO: Count of poets of epoch 'Barock': 41
INFO: Count of poets of epoch 'Klassik': 54
INFO: Adjusted Rand Score for K-Medoids: 0.8369017207577949.
INFO: V-measure for K-Medoids: 0.7846680736422991.
INFO: Update results file.
INFO: Run-time K-Medoids: 0.041561126708984375 seconds
INFO: Run-time: 0.15 minute(s).
--------------- Metrics (K-Medoids) ---------------
--------------------------------------------------
INFO: Argument combination 3/28.
INFO: Epoch 1: Barock.
INFO: Epoch 2: Romantik.
/home/paulus/.conda/envs/bertpoems/lib/python3.8/site-packages/sklearn/utils/deprecation.py:143: FutureWarning: The sklearn.metrics.classification module is  deprecated in version 0.22 and will be removed in version 0.24. The corresponding classes / functions should instead be imported from sklearn.metrics. Anything that cannot be imported from sklearn.metrics is now part of the private API.
  warnings.warn(message, FutureWarning)
INFO: Read 'poems' corpus.
INFO: Read preload corpus with epoch division by 'amann'.
INFO: Used epochs are 'Barock' and 'Romantik'.
INFO: Count of different poets: 50
INFO: Count of poets of epoch 'Barock': 41
INFO: Count of poets of epoch 'Romantik': 9
INFO: Adjusted Rand Score for K-Medoids: 0.543026706231454.
INFO: V-measure for K-Medoids: 0.49801440928402685.
INFO: Update results file.
INFO: Run-time K-Medoids: 0.018609046936035156 seconds
INFO: Run-time: 0.13333333333333333 minute(s).
--------------- Metrics (K-Medoids) ---------------
--------------------------------------------------
INFO: Argument combination 4/28.
INFO: Epoch 1: Barock.
INFO: Epoch 2: Biedermeier.
/home/paulus/.conda/envs/bertpoems/lib/python3.8/site-packages/sklearn/utils/deprecation.py:143: FutureWarning: The sklearn.metrics.classification module is  deprecated in version 0.22 and will be removed in version 0.24. The corresponding classes / functions should instead be imported from sklearn.metrics. Anything that cannot be imported from sklearn.metrics is now part of the private API.
  warnings.warn(message, FutureWarning)
INFO: Read 'poems' corpus.
INFO: Read preload corpus with epoch division by 'amann'.
INFO: Used epochs are 'Barock' and 'Biedermeier'.
INFO: Count of different poets: 68
INFO: Count of poets of epoch 'Barock': 41
INFO: Count of poets of epoch 'Biedermeier': 27
INFO: Adjusted Rand Score for K-Medoids: -0.010025993316004359.
INFO: V-measure for K-Medoids: 0.020074505345206408.
INFO: Update results file.
INFO: Run-time K-Medoids: 0.043923139572143555 seconds
INFO: Run-time: 0.18333333333333332 minute(s).
--------------- Metrics (K-Medoids) ---------------
--------------------------------------------------
INFO: Argument combination 5/28.
INFO: Epoch 1: Barock.
INFO: Epoch 2: Realismus.
/home/paulus/.conda/envs/bertpoems/lib/python3.8/site-packages/sklearn/utils/deprecation.py:143: FutureWarning: The sklearn.metrics.classification module is  deprecated in version 0.22 and will be removed in version 0.24. The corresponding classes / functions should instead be imported from sklearn.metrics. Anything that cannot be imported from sklearn.metrics is now part of the private API.
  warnings.warn(message, FutureWarning)
INFO: Read 'poems' corpus.
INFO: Read preload corpus with epoch division by 'amann'.
INFO: Used epochs are 'Barock' and 'Realismus'.
INFO: Count of different poets: 84
INFO: Count of poets of epoch 'Barock': 41
INFO: Count of poets of epoch 'Realismus': 43
INFO: Adjusted Rand Score for K-Medoids: 0.8605806088252305.
INFO: V-measure for K-Medoids: 0.8119461410948712.
INFO: Update results file.
INFO: Run-time K-Medoids: 0.03165411949157715 seconds
INFO: Run-time: 0.15 minute(s).
--------------- Metrics (K-Medoids) ---------------
--------------------------------------------------
INFO: Argument combination 6/28.
INFO: Epoch 1: Barock.
INFO: Epoch 2: Naturalismus.
/home/paulus/.conda/envs/bertpoems/lib/python3.8/site-packages/sklearn/utils/deprecation.py:143: FutureWarning: The sklearn.metrics.classification module is  deprecated in version 0.22 and will be removed in version 0.24. The corresponding classes / functions should instead be imported from sklearn.metrics. Anything that cannot be imported from sklearn.metrics is now part of the private API.
  warnings.warn(message, FutureWarning)
INFO: Read 'poems' corpus.
INFO: Read preload corpus with epoch division by 'amann'.
INFO: Used epochs are 'Barock' and 'Naturalismus'.
INFO: Count of different poets: 60
INFO: Count of poets of epoch 'Barock': 41
INFO: Count of poets of epoch 'Naturalismus': 19
INFO: Adjusted Rand Score for K-Medoids: 0.6322059051770027.
INFO: V-measure for K-Medoids: 0.5379858353113823.
INFO: Update results file.
INFO: Run-time K-Medoids: 0.023684024810791016 seconds
INFO: Run-time: 0.13333333333333333 minute(s).
--------------- Metrics (K-Medoids) ---------------
--------------------------------------------------
INFO: Argument combination 7/28.
INFO: Epoch 1: Barock.
INFO: Epoch 2: Expressionismus.
/home/paulus/.conda/envs/bertpoems/lib/python3.8/site-packages/sklearn/utils/deprecation.py:143: FutureWarning: The sklearn.metrics.classification module is  deprecated in version 0.22 and will be removed in version 0.24. The corresponding classes / functions should instead be imported from sklearn.metrics. Anything that cannot be imported from sklearn.metrics is now part of the private API.
  warnings.warn(message, FutureWarning)
INFO: Read 'poems' corpus.
INFO: Read preload corpus with epoch division by 'amann'.
INFO: Used epochs are 'Barock' and 'Expressionismus'.
INFO: Count of different poets: 51
INFO: Count of poets of epoch 'Barock': 41
INFO: Count of poets of epoch 'Expressionismus': 10
INFO: Adjusted Rand Score for K-Medoids: 0.6839565423764569.
INFO: V-measure for K-Medoids: 0.6109062552034141.
INFO: Update results file.
INFO: Run-time K-Medoids: 0.02205491065979004 seconds
INFO: Run-time: 0.15 minute(s).
--------------- Metrics (K-Medoids) ---------------
--------------------------------------------------
INFO: Argument combination 8/28.
INFO: Epoch 1: Aufklärung.
INFO: Epoch 2: Klassik.
/home/paulus/.conda/envs/bertpoems/lib/python3.8/site-packages/sklearn/utils/deprecation.py:143: FutureWarning: The sklearn.metrics.classification module is  deprecated in version 0.22 and will be removed in version 0.24. The corresponding classes / functions should instead be imported from sklearn.metrics. Anything that cannot be imported from sklearn.metrics is now part of the private API.
  warnings.warn(message, FutureWarning)
INFO: Read 'poems' corpus.
INFO: Read preload corpus with epoch division by 'amann'.
INFO: Used epochs are 'Aufklärung' and 'Klassik'.
INFO: Count of different poets: 100
INFO: Count of poets of epoch 'Aufklärung': 59
INFO: Count of poets of epoch 'Klassik': 54
INFO: Adjusted Rand Score for K-Medoids: 0.05851111599842412.
INFO: V-measure for K-Medoids: 0.05290001419019735.
INFO: Update results file.
INFO: Run-time K-Medoids: 0.046680450439453125 seconds
INFO: Run-time: 0.16666666666666666 minute(s).
--------------- Metrics (K-Medoids) ---------------
--------------------------------------------------
INFO: Argument combination 9/28.
INFO: Epoch 1: Aufklärung.
INFO: Epoch 2: Romantik.
/home/paulus/.conda/envs/bertpoems/lib/python3.8/site-packages/sklearn/utils/deprecation.py:143: FutureWarning: The sklearn.metrics.classification module is  deprecated in version 0.22 and will be removed in version 0.24. The corresponding classes / functions should instead be imported from sklearn.metrics. Anything that cannot be imported from sklearn.metrics is now part of the private API.
  warnings.warn(message, FutureWarning)
INFO: Read 'poems' corpus.
INFO: Read preload corpus with epoch division by 'amann'.
INFO: Used epochs are 'Aufklärung' and 'Romantik'.
INFO: Count of different poets: 68
INFO: Count of poets of epoch 'Aufklärung': 59
INFO: Count of poets of epoch 'Romantik': 9
INFO: Adjusted Rand Score for K-Medoids: -0.07764512554931716.
INFO: V-measure for K-Medoids: 0.10561367566130342.
INFO: Update results file.
INFO: Run-time K-Medoids: 0.02634263038635254 seconds
INFO: Run-time: 0.13333333333333333 minute(s).
--------------- Metrics (K-Medoids) ---------------
--------------------------------------------------
INFO: Argument combination 10/28.
INFO: Epoch 1: Aufklärung.
INFO: Epoch 2: Biedermeier.
/home/paulus/.conda/envs/bertpoems/lib/python3.8/site-packages/sklearn/utils/deprecation.py:143: FutureWarning: The sklearn.metrics.classification module is  deprecated in version 0.22 and will be removed in version 0.24. The corresponding classes / functions should instead be imported from sklearn.metrics. Anything that cannot be imported from sklearn.metrics is now part of the private API.
  warnings.warn(message, FutureWarning)
INFO: Read 'poems' corpus.
INFO: Read preload corpus with epoch division by 'amann'.
INFO: Used epochs are 'Aufklärung' and 'Biedermeier'.
INFO: Count of different poets: 86
INFO: Count of poets of epoch 'Aufklärung': 59
INFO: Count of poets of epoch 'Biedermeier': 27
INFO: Adjusted Rand Score for K-Medoids: 0.22527841105478863.
INFO: V-measure for K-Medoids: 0.15396639002279217.
INFO: Update results file.
INFO: Run-time K-Medoids: 0.04679608345031738 seconds
INFO: Run-time: 0.16666666666666666 minute(s).
--------------- Metrics (K-Medoids) ---------------
--------------------------------------------------
INFO: Argument combination 11/28.
INFO: Epoch 1: Aufklärung.
INFO: Epoch 2: Realismus.
/home/paulus/.conda/envs/bertpoems/lib/python3.8/site-packages/sklearn/utils/deprecation.py:143: FutureWarning: The sklearn.metrics.classification module is  deprecated in version 0.22 and will be removed in version 0.24. The corresponding classes / functions should instead be imported from sklearn.metrics. Anything that cannot be imported from sklearn.metrics is now part of the private API.
  warnings.warn(message, FutureWarning)
INFO: Read 'poems' corpus.
INFO: Read preload corpus with epoch division by 'amann'.
INFO: Used epochs are 'Aufklärung' and 'Realismus'.
INFO: Count of different poets: 102
INFO: Count of poets of epoch 'Aufklärung': 59
INFO: Count of poets of epoch 'Realismus': 43
INFO: Adjusted Rand Score for K-Medoids: 0.550768145091535.
INFO: V-measure for K-Medoids: 0.5599269793587073.
INFO: Update results file.
INFO: Run-time K-Medoids: 0.04627537727355957 seconds
INFO: Run-time: 0.15 minute(s).
--------------- Metrics (K-Medoids) ---------------
--------------------------------------------------
INFO: Argument combination 12/28.
INFO: Epoch 1: Aufklärung.
INFO: Epoch 2: Naturalismus.
/home/paulus/.conda/envs/bertpoems/lib/python3.8/site-packages/sklearn/utils/deprecation.py:143: FutureWarning: The sklearn.metrics.classification module is  deprecated in version 0.22 and will be removed in version 0.24. The corresponding classes / functions should instead be imported from sklearn.metrics. Anything that cannot be imported from sklearn.metrics is now part of the private API.
  warnings.warn(message, FutureWarning)
INFO: Read 'poems' corpus.
INFO: Read preload corpus with epoch division by 'amann'.
INFO: Used epochs are 'Aufklärung' and 'Naturalismus'.
INFO: Count of different poets: 78
INFO: Count of poets of epoch 'Aufklärung': 59
INFO: Count of poets of epoch 'Naturalismus': 19
INFO: Adjusted Rand Score for K-Medoids: -0.014611277895266105.
INFO: V-measure for K-Medoids: 0.197276476897428.
INFO: Update results file.
INFO: Run-time K-Medoids: 0.03095388412475586 seconds
INFO: Run-time: 0.13333333333333333 minute(s).
--------------- Metrics (K-Medoids) ---------------
--------------------------------------------------
INFO: Argument combination 13/28.
INFO: Epoch 1: Aufklärung.
INFO: Epoch 2: Expressionismus.
/home/paulus/.conda/envs/bertpoems/lib/python3.8/site-packages/sklearn/utils/deprecation.py:143: FutureWarning: The sklearn.metrics.classification module is  deprecated in version 0.22 and will be removed in version 0.24. The corresponding classes / functions should instead be imported from sklearn.metrics. Anything that cannot be imported from sklearn.metrics is now part of the private API.
  warnings.warn(message, FutureWarning)
INFO: Read 'poems' corpus.
INFO: Read preload corpus with epoch division by 'amann'.
INFO: Used epochs are 'Aufklärung' and 'Expressionismus'.
INFO: Count of different poets: 69
INFO: Count of poets of epoch 'Aufklärung': 59
INFO: Count of poets of epoch 'Expressionismus': 10
INFO: Adjusted Rand Score for K-Medoids: -0.05610913135256607.
INFO: V-measure for K-Medoids: 0.12897071297528956.
INFO: Update results file.
INFO: Run-time K-Medoids: 0.037087202072143555 seconds
INFO: Run-time: 0.15 minute(s).
--------------- Metrics (K-Medoids) ---------------
--------------------------------------------------
INFO: Argument combination 14/28.
INFO: Epoch 1: Klassik.
INFO: Epoch 2: Romantik.
/home/paulus/.conda/envs/bertpoems/lib/python3.8/site-packages/sklearn/utils/deprecation.py:143: FutureWarning: The sklearn.metrics.classification module is  deprecated in version 0.22 and will be removed in version 0.24. The corresponding classes / functions should instead be imported from sklearn.metrics. Anything that cannot be imported from sklearn.metrics is now part of the private API.
  warnings.warn(message, FutureWarning)
INFO: Read 'poems' corpus.
INFO: Read preload corpus with epoch division by 'amann'.
INFO: Used epochs are 'Klassik' and 'Romantik'.
INFO: Count of different poets: 57
INFO: Count of poets of epoch 'Klassik': 54
INFO: Count of poets of epoch 'Romantik': 9
INFO: Adjusted Rand Score for K-Medoids: -0.0214435146443515.
INFO: V-measure for K-Medoids: 0.06658450246100306.
INFO: Update results file.
INFO: Run-time K-Medoids: 0.03128767013549805 seconds
INFO: Run-time: 0.15 minute(s).
--------------- Metrics (K-Medoids) ---------------
--------------------------------------------------
INFO: Argument combination 15/28.
INFO: Epoch 1: Klassik.
INFO: Epoch 2: Biedermeier.
/home/paulus/.conda/envs/bertpoems/lib/python3.8/site-packages/sklearn/utils/deprecation.py:143: FutureWarning: The sklearn.metrics.classification module is  deprecated in version 0.22 and will be removed in version 0.24. The corresponding classes / functions should instead be imported from sklearn.metrics. Anything that cannot be imported from sklearn.metrics is now part of the private API.
  warnings.warn(message, FutureWarning)
INFO: Read 'poems' corpus.
INFO: Read preload corpus with epoch division by 'amann'.
INFO: Used epochs are 'Klassik' and 'Biedermeier'.
INFO: Count of different poets: 72
INFO: Count of poets of epoch 'Klassik': 54
INFO: Count of poets of epoch 'Biedermeier': 27
INFO: Adjusted Rand Score for K-Medoids: -0.007509386733416771.
INFO: V-measure for K-Medoids: 0.08151572783700396.
INFO: Update results file.
INFO: Run-time K-Medoids: 0.033972740173339844 seconds
INFO: Run-time: 0.15 minute(s).
--------------- Metrics (K-Medoids) ---------------
--------------------------------------------------
INFO: Argument combination 16/28.
INFO: Epoch 1: Klassik.
INFO: Epoch 2: Realismus.
/home/paulus/.conda/envs/bertpoems/lib/python3.8/site-packages/sklearn/utils/deprecation.py:143: FutureWarning: The sklearn.metrics.classification module is  deprecated in version 0.22 and will be removed in version 0.24. The corresponding classes / functions should instead be imported from sklearn.metrics. Anything that cannot be imported from sklearn.metrics is now part of the private API.
  warnings.warn(message, FutureWarning)
INFO: Read 'poems' corpus.
INFO: Read preload corpus with epoch division by 'amann'.
INFO: Used epochs are 'Klassik' and 'Realismus'.
INFO: Count of different poets: 92
INFO: Count of poets of epoch 'Klassik': 54
INFO: Count of poets of epoch 'Realismus': 43
INFO: Adjusted Rand Score for K-Medoids: 0.06732422325020825.
INFO: V-measure for K-Medoids: 0.1307890220759056.
INFO: Update results file.
INFO: Run-time K-Medoids: 0.06871247291564941 seconds
INFO: Run-time: 0.15 minute(s).
--------------- Metrics (K-Medoids) ---------------
--------------------------------------------------
INFO: Argument combination 17/28.
INFO: Epoch 1: Klassik.
INFO: Epoch 2: Naturalismus.
/home/paulus/.conda/envs/bertpoems/lib/python3.8/site-packages/sklearn/utils/deprecation.py:143: FutureWarning: The sklearn.metrics.classification module is  deprecated in version 0.22 and will be removed in version 0.24. The corresponding classes / functions should instead be imported from sklearn.metrics. Anything that cannot be imported from sklearn.metrics is now part of the private API.
  warnings.warn(message, FutureWarning)
INFO: Read 'poems' corpus.
INFO: Read preload corpus with epoch division by 'amann'.
INFO: Used epochs are 'Klassik' and 'Naturalismus'.
INFO: Count of different poets: 73
INFO: Count of poets of epoch 'Klassik': 54
INFO: Count of poets of epoch 'Naturalismus': 19
INFO: Adjusted Rand Score for K-Medoids: -0.001892324648048486.
INFO: V-measure for K-Medoids: 0.01387760812751501.
INFO: Update results file.
INFO: Run-time K-Medoids: 0.040625572204589844 seconds
INFO: Run-time: 0.15 minute(s).
--------------- Metrics (K-Medoids) ---------------
--------------------------------------------------
INFO: Argument combination 18/28.
INFO: Epoch 1: Klassik.
INFO: Epoch 2: Expressionismus.
/home/paulus/.conda/envs/bertpoems/lib/python3.8/site-packages/sklearn/utils/deprecation.py:143: FutureWarning: The sklearn.metrics.classification module is  deprecated in version 0.22 and will be removed in version 0.24. The corresponding classes / functions should instead be imported from sklearn.metrics. Anything that cannot be imported from sklearn.metrics is now part of the private API.
  warnings.warn(message, FutureWarning)
INFO: Read 'poems' corpus.
INFO: Read preload corpus with epoch division by 'amann'.
INFO: Used epochs are 'Klassik' and 'Expressionismus'.
INFO: Count of different poets: 64
INFO: Count of poets of epoch 'Klassik': 54
INFO: Count of poets of epoch 'Expressionismus': 10
INFO: Adjusted Rand Score for K-Medoids: 0.13043478260869565.
INFO: V-measure for K-Medoids: 0.11555385733035207.
INFO: Update results file.
INFO: Run-time K-Medoids: 0.02158975601196289 seconds
INFO: Run-time: 0.13333333333333333 minute(s).
--------------- Metrics (K-Medoids) ---------------
--------------------------------------------------
INFO: Argument combination 19/28.
INFO: Epoch 1: Romantik.
INFO: Epoch 2: Biedermeier.
/home/paulus/.conda/envs/bertpoems/lib/python3.8/site-packages/sklearn/utils/deprecation.py:143: FutureWarning: The sklearn.metrics.classification module is  deprecated in version 0.22 and will be removed in version 0.24. The corresponding classes / functions should instead be imported from sklearn.metrics. Anything that cannot be imported from sklearn.metrics is now part of the private API.
  warnings.warn(message, FutureWarning)
INFO: Read 'poems' corpus.
INFO: Read preload corpus with epoch division by 'amann'.
INFO: Used epochs are 'Romantik' and 'Biedermeier'.
INFO: Count of different poets: 31
INFO: Count of poets of epoch 'Romantik': 9
INFO: Count of poets of epoch 'Biedermeier': 27
INFO: Adjusted Rand Score for K-Medoids: -0.0636534423693228.
INFO: V-measure for K-Medoids: 0.0425286073318799.
INFO: Update results file.
INFO: Run-time K-Medoids: 0.012375354766845703 seconds
INFO: Run-time: 0.11666666666666667 minute(s).
--------------- Metrics (K-Medoids) ---------------
--------------------------------------------------
INFO: Argument combination 20/28.
INFO: Epoch 1: Romantik.
INFO: Epoch 2: Realismus.
/home/paulus/.conda/envs/bertpoems/lib/python3.8/site-packages/sklearn/utils/deprecation.py:143: FutureWarning: The sklearn.metrics.classification module is  deprecated in version 0.22 and will be removed in version 0.24. The corresponding classes / functions should instead be imported from sklearn.metrics. Anything that cannot be imported from sklearn.metrics is now part of the private API.
  warnings.warn(message, FutureWarning)
INFO: Read 'poems' corpus.
INFO: Read preload corpus with epoch division by 'amann'.
INFO: Used epochs are 'Romantik' and 'Realismus'.
INFO: Count of different poets: 50
INFO: Count of poets of epoch 'Romantik': 9
INFO: Count of poets of epoch 'Realismus': 43
INFO: Adjusted Rand Score for K-Medoids: -0.10937102408105676.
INFO: V-measure for K-Medoids: 0.1011166640778608.
INFO: Update results file.
INFO: Run-time K-Medoids: 0.025348424911499023 seconds
INFO: Run-time: 0.13333333333333333 minute(s).
--------------- Metrics (K-Medoids) ---------------
--------------------------------------------------
INFO: Argument combination 21/28.
INFO: Epoch 1: Romantik.
INFO: Epoch 2: Naturalismus.
/home/paulus/.conda/envs/bertpoems/lib/python3.8/site-packages/sklearn/utils/deprecation.py:143: FutureWarning: The sklearn.metrics.classification module is  deprecated in version 0.22 and will be removed in version 0.24. The corresponding classes / functions should instead be imported from sklearn.metrics. Anything that cannot be imported from sklearn.metrics is now part of the private API.
  warnings.warn(message, FutureWarning)
INFO: Read 'poems' corpus.
INFO: Read preload corpus with epoch division by 'amann'.
INFO: Used epochs are 'Romantik' and 'Naturalismus'.
INFO: Count of different poets: 28
INFO: Count of poets of epoch 'Romantik': 9
INFO: Count of poets of epoch 'Naturalismus': 19
INFO: Adjusted Rand Score for K-Medoids: -0.06278755074424892.
INFO: V-measure for K-Medoids: 0.06547731989634095.
INFO: Update results file.
INFO: Run-time K-Medoids: 0.011875391006469727 seconds
INFO: Run-time: 0.11666666666666667 minute(s).
--------------- Metrics (K-Medoids) ---------------
--------------------------------------------------
INFO: Argument combination 22/28.
INFO: Epoch 1: Romantik.
INFO: Epoch 2: Expressionismus.
/home/paulus/.conda/envs/bertpoems/lib/python3.8/site-packages/sklearn/utils/deprecation.py:143: FutureWarning: The sklearn.metrics.classification module is  deprecated in version 0.22 and will be removed in version 0.24. The corresponding classes / functions should instead be imported from sklearn.metrics. Anything that cannot be imported from sklearn.metrics is now part of the private API.
  warnings.warn(message, FutureWarning)
INFO: Read 'poems' corpus.
INFO: Read preload corpus with epoch division by 'amann'.
INFO: Used epochs are 'Romantik' and 'Expressionismus'.
INFO: Count of different poets: 19
INFO: Count of poets of epoch 'Romantik': 9
INFO: Count of poets of epoch 'Expressionismus': 10
INFO: Adjusted Rand Score for K-Medoids: 0.011820330969267157.
INFO: V-measure for K-Medoids: 0.09122029693193998.
INFO: Update results file.
INFO: Run-time K-Medoids: 0.006687164306640625 seconds
INFO: Run-time: 0.1 minute(s).
--------------- Metrics (K-Medoids) ---------------
--------------------------------------------------
INFO: Argument combination 23/28.
INFO: Epoch 1: Biedermeier.
INFO: Epoch 2: Realismus.
/home/paulus/.conda/envs/bertpoems/lib/python3.8/site-packages/sklearn/utils/deprecation.py:143: FutureWarning: The sklearn.metrics.classification module is  deprecated in version 0.22 and will be removed in version 0.24. The corresponding classes / functions should instead be imported from sklearn.metrics. Anything that cannot be imported from sklearn.metrics is now part of the private API.
  warnings.warn(message, FutureWarning)
INFO: Read 'poems' corpus.
INFO: Read preload corpus with epoch division by 'amann'.
INFO: Used epochs are 'Biedermeier' and 'Realismus'.
INFO: Count of different poets: 60
INFO: Count of poets of epoch 'Biedermeier': 27
INFO: Count of poets of epoch 'Realismus': 43
INFO: Adjusted Rand Score for K-Medoids: 0.0056245007535019615.
INFO: V-measure for K-Medoids: 0.00865724071119857.
INFO: Update results file.
INFO: Run-time K-Medoids: 0.02675771713256836 seconds
INFO: Run-time: 0.13333333333333333 minute(s).
--------------- Metrics (K-Medoids) ---------------
--------------------------------------------------
INFO: Argument combination 24/28.
INFO: Epoch 1: Biedermeier.
INFO: Epoch 2: Naturalismus.
/home/paulus/.conda/envs/bertpoems/lib/python3.8/site-packages/sklearn/utils/deprecation.py:143: FutureWarning: The sklearn.metrics.classification module is  deprecated in version 0.22 and will be removed in version 0.24. The corresponding classes / functions should instead be imported from sklearn.metrics. Anything that cannot be imported from sklearn.metrics is now part of the private API.
  warnings.warn(message, FutureWarning)
INFO: Read 'poems' corpus.
INFO: Read preload corpus with epoch division by 'amann'.
INFO: Used epochs are 'Biedermeier' and 'Naturalismus'.
INFO: Count of different poets: 45
INFO: Count of poets of epoch 'Biedermeier': 27
INFO: Count of poets of epoch 'Naturalismus': 19
INFO: Adjusted Rand Score for K-Medoids: 0.023058252427184477.
INFO: V-measure for K-Medoids: 0.2059427570263266.
INFO: Update results file.
INFO: Run-time K-Medoids: 0.02165389060974121 seconds
INFO: Run-time: 0.13333333333333333 minute(s).
--------------- Metrics (K-Medoids) ---------------
--------------------------------------------------
INFO: Argument combination 25/28.
INFO: Epoch 1: Biedermeier.
INFO: Epoch 2: Expressionismus.
/home/paulus/.conda/envs/bertpoems/lib/python3.8/site-packages/sklearn/utils/deprecation.py:143: FutureWarning: The sklearn.metrics.classification module is  deprecated in version 0.22 and will be removed in version 0.24. The corresponding classes / functions should instead be imported from sklearn.metrics. Anything that cannot be imported from sklearn.metrics is now part of the private API.
  warnings.warn(message, FutureWarning)
INFO: Read 'poems' corpus.
INFO: Read preload corpus with epoch division by 'amann'.
INFO: Used epochs are 'Biedermeier' and 'Expressionismus'.
INFO: Count of different poets: 37
INFO: Count of poets of epoch 'Biedermeier': 27
INFO: Count of poets of epoch 'Expressionismus': 10
INFO: Adjusted Rand Score for K-Medoids: 0.08963093145869955.
INFO: V-measure for K-Medoids: 0.10283043105309993.
INFO: Update results file.
INFO: Run-time K-Medoids: 0.014688491821289062 seconds
INFO: Run-time: 0.13333333333333333 minute(s).
--------------- Metrics (K-Medoids) ---------------
--------------------------------------------------
INFO: Argument combination 26/28.
INFO: Epoch 1: Realismus.
INFO: Epoch 2: Naturalismus.
/home/paulus/.conda/envs/bertpoems/lib/python3.8/site-packages/sklearn/utils/deprecation.py:143: FutureWarning: The sklearn.metrics.classification module is  deprecated in version 0.22 and will be removed in version 0.24. The corresponding classes / functions should instead be imported from sklearn.metrics. Anything that cannot be imported from sklearn.metrics is now part of the private API.
  warnings.warn(message, FutureWarning)
INFO: Read 'poems' corpus.
INFO: Read preload corpus with epoch division by 'amann'.
INFO: Used epochs are 'Realismus' and 'Naturalismus'.
INFO: Count of different poets: 59
INFO: Count of poets of epoch 'Realismus': 43
INFO: Count of poets of epoch 'Naturalismus': 19
INFO: Adjusted Rand Score for K-Medoids: -0.01782363977485905.
INFO: V-measure for K-Medoids: 0.01705904827616493.
INFO: Update results file.
INFO: Run-time K-Medoids: 0.02300548553466797 seconds
INFO: Run-time: 0.11666666666666667 minute(s).
--------------- Metrics (K-Medoids) ---------------
--------------------------------------------------
INFO: Argument combination 27/28.
INFO: Epoch 1: Realismus.
INFO: Epoch 2: Expressionismus.
/home/paulus/.conda/envs/bertpoems/lib/python3.8/site-packages/sklearn/utils/deprecation.py:143: FutureWarning: The sklearn.metrics.classification module is  deprecated in version 0.22 and will be removed in version 0.24. The corresponding classes / functions should instead be imported from sklearn.metrics. Anything that cannot be imported from sklearn.metrics is now part of the private API.
  warnings.warn(message, FutureWarning)
INFO: Read 'poems' corpus.
INFO: Read preload corpus with epoch division by 'amann'.
INFO: Used epochs are 'Realismus' and 'Expressionismus'.
INFO: Count of different poets: 53
INFO: Count of poets of epoch 'Realismus': 43
INFO: Count of poets of epoch 'Expressionismus': 10
INFO: Adjusted Rand Score for K-Medoids: -0.0389687537127243.
INFO: V-measure for K-Medoids: 0.004856012822840312.
INFO: Update results file.
INFO: Run-time K-Medoids: 0.019321680068969727 seconds
INFO: Run-time: 0.11666666666666667 minute(s).
--------------- Metrics (K-Medoids) ---------------
--------------------------------------------------
INFO: Argument combination 28/28.
INFO: Epoch 1: Naturalismus.
INFO: Epoch 2: Expressionismus.
/home/paulus/.conda/envs/bertpoems/lib/python3.8/site-packages/sklearn/utils/deprecation.py:143: FutureWarning: The sklearn.metrics.classification module is  deprecated in version 0.22 and will be removed in version 0.24. The corresponding classes / functions should instead be imported from sklearn.metrics. Anything that cannot be imported from sklearn.metrics is now part of the private API.
  warnings.warn(message, FutureWarning)
INFO: Read 'poems' corpus.
INFO: Read preload corpus with epoch division by 'amann'.
INFO: Used epochs are 'Naturalismus' and 'Expressionismus'.
INFO: Count of different poets: 28
INFO: Count of poets of epoch 'Naturalismus': 19
INFO: Count of poets of epoch 'Expressionismus': 10
INFO: Adjusted Rand Score for K-Medoids: 0.06148867313915862.
INFO: V-measure for K-Medoids: 0.09543759133313404.
INFO: Update results file.
INFO: Run-time K-Medoids: 0.014080047607421875 seconds
INFO: Run-time: 0.11666666666666667 minute(s).
--------------- Metrics (K-Medoids) ---------------
--------------------------------------------------
INFO: Overall run-time: 5.133333333333334 minute(s).
--------------------------------------------
--------------------------------------------


--------------------------------------------
--------------------------------------------


--------------------------------------------
--------------------------------------------


--------------------------------------------
--------------------------------------------


--------------------------------------------
--------------------------------------------


--------------------------------------------
--------------------------------------------


--------------------------------------------
--------------------------------------------


--------------------------------------------
--------------------------------------------


--------------------------------------------
--------------------------------------------


--------------------------------------------
--------------------------------------------


--------------------------------------------
--------------------------------------------


--------------------------------------------
--------------------------------------------


--------------------------------------------
--------------------------------------------


--------------------------------------------
--------------------------------------------


--------------------------------------------
--------------------------------------------


--------------------------------------------
--------------------------------------------


--------------------------------------------
--------------------------------------------


--------------------------------------------
--------------------------------------------


--------------------------------------------
--------------------------------------------


--------------------------------------------
--------------------------------------------


--------------------------------------------
--------------------------------------------


--------------------------------------------
--------------------------------------------


--------------------------------------------
--------------------------------------------


--------------------------------------------
--------------------------------------------


--------------------------------------------
--------------------------------------------


--------------------------------------------
--------------------------------------------


--------------------------------------------
--------------------------------------------


--------------------------------------------
--------------------------------------------


