INFO: Clustering for all epoch combinations.
INFO: Argument combination 1/28.
INFO: Epoch 1: Barock.
INFO: Epoch 2: Aufklärung.
/home/paulus/.conda/envs/bertpoems/lib/python3.8/site-packages/sklearn/utils/deprecation.py:143: FutureWarning: The sklearn.metrics.classification module is  deprecated in version 0.22 and will be removed in version 0.24. The corresponding classes / functions should instead be imported from sklearn.metrics. Anything that cannot be imported from sklearn.metrics is now part of the private API.
  warnings.warn(message, FutureWarning)
INFO: Read 'poems' corpus.
INFO: Added epoch division by 'amann'.
INFO: Used epochs are 'Barock' and 'Aufklärung'.
INFO: Count of different poets: 99
INFO: Count of poets of epoch 'Barock': 41
INFO: Count of poets of epoch 'Aufklärung': 61
INFO: Tuning hyperparameters for dbscan.
INFO: Best params for DBSCAN:
eps: 0.5
min_samples: 2
metrics: cosine
INFO: Adjusted Rand Score for DBSCAN: 0.38312243913052224.
INFO: V-measure for DBSCAN: 0.3840443558467498.
INFO: Create results file.
INFO: Run-time DBSCAN: 8.483102083206177 seconds
INFO: Run-time: 0.3 minute(s).
--------------- Metrics (DBSCAN) ---------------
------------------------------------------------
INFO: Argument combination 2/28.
INFO: Epoch 1: Barock.
INFO: Epoch 2: Klassik.
/home/paulus/.conda/envs/bertpoems/lib/python3.8/site-packages/sklearn/utils/deprecation.py:143: FutureWarning: The sklearn.metrics.classification module is  deprecated in version 0.22 and will be removed in version 0.24. The corresponding classes / functions should instead be imported from sklearn.metrics. Anything that cannot be imported from sklearn.metrics is now part of the private API.
  warnings.warn(message, FutureWarning)
INFO: Read 'poems' corpus.
INFO: Added epoch division by 'amann'.
INFO: Used epochs are 'Barock' and 'Klassik'.
INFO: Count of different poets: 100
INFO: Count of poets of epoch 'Barock': 41
INFO: Count of poets of epoch 'Klassik': 59
INFO: Tuning hyperparameters for dbscan.
INFO: Best params for DBSCAN:
eps: 0.7
min_samples: 2
metrics: cosine
INFO: Adjusted Rand Score for DBSCAN: 0.45529615490688935.
INFO: V-measure for DBSCAN: 0.47890412348553535.
INFO: Update results file.
INFO: Run-time DBSCAN: 8.423613786697388 seconds
INFO: Run-time: 0.3 minute(s).
--------------- Metrics (DBSCAN) ---------------
------------------------------------------------
INFO: Argument combination 3/28.
INFO: Epoch 1: Barock.
INFO: Epoch 2: Romantik.
/home/paulus/.conda/envs/bertpoems/lib/python3.8/site-packages/sklearn/utils/deprecation.py:143: FutureWarning: The sklearn.metrics.classification module is  deprecated in version 0.22 and will be removed in version 0.24. The corresponding classes / functions should instead be imported from sklearn.metrics. Anything that cannot be imported from sklearn.metrics is now part of the private API.
  warnings.warn(message, FutureWarning)
INFO: Read 'poems' corpus.
INFO: Added epoch division by 'amann'.
INFO: Used epochs are 'Barock' and 'Romantik'.
INFO: Count of different poets: 54
INFO: Count of poets of epoch 'Barock': 41
INFO: Count of poets of epoch 'Romantik': 13
INFO: Tuning hyperparameters for dbscan.
INFO: Best params for DBSCAN:
eps: 0.8
min_samples: 2
metrics: cosine
INFO: Adjusted Rand Score for DBSCAN: 0.33218911715598315.
INFO: V-measure for DBSCAN: 0.22507785082272247.
INFO: Update results file.
INFO: Run-time DBSCAN: 6.402729511260986 seconds
INFO: Run-time: 0.25 minute(s).
--------------- Metrics (DBSCAN) ---------------
------------------------------------------------
INFO: Argument combination 4/28.
INFO: Epoch 1: Barock.
INFO: Epoch 2: Biedermeier.
/home/paulus/.conda/envs/bertpoems/lib/python3.8/site-packages/sklearn/utils/deprecation.py:143: FutureWarning: The sklearn.metrics.classification module is  deprecated in version 0.22 and will be removed in version 0.24. The corresponding classes / functions should instead be imported from sklearn.metrics. Anything that cannot be imported from sklearn.metrics is now part of the private API.
  warnings.warn(message, FutureWarning)
INFO: Read 'poems' corpus.
INFO: Added epoch division by 'amann'.
INFO: Used epochs are 'Barock' and 'Biedermeier'.
INFO: Count of different poets: 69
INFO: Count of poets of epoch 'Barock': 41
INFO: Count of poets of epoch 'Biedermeier': 28
INFO: Tuning hyperparameters for dbscan.
INFO: Best params for DBSCAN:
eps: 0.7
min_samples: 2
metrics: cosine
INFO: Adjusted Rand Score for DBSCAN: 0.45855186858458397.
INFO: V-measure for DBSCAN: 0.5186681445840875.
INFO: Update results file.
INFO: Run-time DBSCAN: 6.93311619758606 seconds
INFO: Run-time: 0.26666666666666666 minute(s).
--------------- Metrics (DBSCAN) ---------------
------------------------------------------------
INFO: Argument combination 5/28.
INFO: Epoch 1: Barock.
INFO: Epoch 2: Realismus.
/home/paulus/.conda/envs/bertpoems/lib/python3.8/site-packages/sklearn/utils/deprecation.py:143: FutureWarning: The sklearn.metrics.classification module is  deprecated in version 0.22 and will be removed in version 0.24. The corresponding classes / functions should instead be imported from sklearn.metrics. Anything that cannot be imported from sklearn.metrics is now part of the private API.
  warnings.warn(message, FutureWarning)
INFO: Read 'poems' corpus.
INFO: Added epoch division by 'amann'.
INFO: Used epochs are 'Barock' and 'Realismus'.
INFO: Count of different poets: 90
INFO: Count of poets of epoch 'Barock': 41
INFO: Count of poets of epoch 'Realismus': 49
INFO: Tuning hyperparameters for dbscan.
INFO: Best params for DBSCAN:
eps: 0.7
min_samples: 2
metrics: cosine
INFO: Adjusted Rand Score for DBSCAN: 0.5070685550099524.
INFO: V-measure for DBSCAN: 0.5405875431144659.
INFO: Update results file.
INFO: Run-time DBSCAN: 7.874119520187378 seconds
INFO: Run-time: 0.2833333333333333 minute(s).
--------------- Metrics (DBSCAN) ---------------
------------------------------------------------
INFO: Argument combination 6/28.
INFO: Epoch 1: Barock.
INFO: Epoch 2: Naturalismus.
/home/paulus/.conda/envs/bertpoems/lib/python3.8/site-packages/sklearn/utils/deprecation.py:143: FutureWarning: The sklearn.metrics.classification module is  deprecated in version 0.22 and will be removed in version 0.24. The corresponding classes / functions should instead be imported from sklearn.metrics. Anything that cannot be imported from sklearn.metrics is now part of the private API.
  warnings.warn(message, FutureWarning)
INFO: Read 'poems' corpus.
INFO: Added epoch division by 'amann'.
INFO: Used epochs are 'Barock' and 'Naturalismus'.
INFO: Count of different poets: 63
INFO: Count of poets of epoch 'Barock': 41
INFO: Count of poets of epoch 'Naturalismus': 22
INFO: Tuning hyperparameters for dbscan.
INFO: Best params for DBSCAN:
eps: 0.7
min_samples: 2
metrics: cosine
INFO: Adjusted Rand Score for DBSCAN: 0.43877870429762666.
INFO: V-measure for DBSCAN: 0.44946189475325315.
INFO: Update results file.
INFO: Run-time DBSCAN: 6.707178115844727 seconds
INFO: Run-time: 0.25 minute(s).
--------------- Metrics (DBSCAN) ---------------
------------------------------------------------
INFO: Argument combination 7/28.
INFO: Epoch 1: Barock.
INFO: Epoch 2: Expressionismus.
/home/paulus/.conda/envs/bertpoems/lib/python3.8/site-packages/sklearn/utils/deprecation.py:143: FutureWarning: The sklearn.metrics.classification module is  deprecated in version 0.22 and will be removed in version 0.24. The corresponding classes / functions should instead be imported from sklearn.metrics. Anything that cannot be imported from sklearn.metrics is now part of the private API.
  warnings.warn(message, FutureWarning)
INFO: Read 'poems' corpus.
INFO: Added epoch division by 'amann'.
INFO: Used epochs are 'Barock' and 'Expressionismus'.
INFO: Count of different poets: 56
INFO: Count of poets of epoch 'Barock': 41
INFO: Count of poets of epoch 'Expressionismus': 15
INFO: Tuning hyperparameters for dbscan.
INFO: Best params for DBSCAN:
eps: 0.8
min_samples: 2
metrics: cosine
INFO: Adjusted Rand Score for DBSCAN: 0.3429973196813296.
INFO: V-measure for DBSCAN: 0.2213037113441284.
INFO: Update results file.
INFO: Run-time DBSCAN: 6.446324110031128 seconds
INFO: Run-time: 0.25 minute(s).
--------------- Metrics (DBSCAN) ---------------
------------------------------------------------
INFO: Argument combination 8/28.
INFO: Epoch 1: Aufklärung.
INFO: Epoch 2: Klassik.
/home/paulus/.conda/envs/bertpoems/lib/python3.8/site-packages/sklearn/utils/deprecation.py:143: FutureWarning: The sklearn.metrics.classification module is  deprecated in version 0.22 and will be removed in version 0.24. The corresponding classes / functions should instead be imported from sklearn.metrics. Anything that cannot be imported from sklearn.metrics is now part of the private API.
  warnings.warn(message, FutureWarning)
INFO: Read 'poems' corpus.
INFO: Added epoch division by 'amann'.
INFO: Used epochs are 'Aufklärung' and 'Klassik'.
INFO: Count of different poets: 101
INFO: Count of poets of epoch 'Aufklärung': 61
INFO: Count of poets of epoch 'Klassik': 59
INFO: Tuning hyperparameters for dbscan.
INFO: Best params for DBSCAN:
eps: 0.6
min_samples: 2
metrics: cosine
INFO: Adjusted Rand Score for DBSCAN: 0.026631873599159476.
INFO: V-measure for DBSCAN: 0.1369559752396063.
INFO: Update results file.
INFO: Run-time DBSCAN: 9.34628701210022 seconds
INFO: Run-time: 0.3333333333333333 minute(s).
--------------- Metrics (DBSCAN) ---------------
------------------------------------------------
INFO: Argument combination 9/28.
INFO: Epoch 1: Aufklärung.
INFO: Epoch 2: Romantik.
/home/paulus/.conda/envs/bertpoems/lib/python3.8/site-packages/sklearn/utils/deprecation.py:143: FutureWarning: The sklearn.metrics.classification module is  deprecated in version 0.22 and will be removed in version 0.24. The corresponding classes / functions should instead be imported from sklearn.metrics. Anything that cannot be imported from sklearn.metrics is now part of the private API.
  warnings.warn(message, FutureWarning)
INFO: Read 'poems' corpus.
INFO: Added epoch division by 'amann'.
INFO: Used epochs are 'Aufklärung' and 'Romantik'.
INFO: Count of different poets: 74
INFO: Count of poets of epoch 'Aufklärung': 61
INFO: Count of poets of epoch 'Romantik': 13
INFO: Tuning hyperparameters for dbscan.
INFO: Best params for DBSCAN:
eps: 0.8
min_samples: 2
metrics: cosine
INFO: Adjusted Rand Score for DBSCAN: 0.2748223844779952.
INFO: V-measure for DBSCAN: 0.12916971413379516.
INFO: Update results file.
INFO: Run-time DBSCAN: 7.308469295501709 seconds
INFO: Run-time: 0.26666666666666666 minute(s).
--------------- Metrics (DBSCAN) ---------------
------------------------------------------------
INFO: Argument combination 10/28.
INFO: Epoch 1: Aufklärung.
INFO: Epoch 2: Biedermeier.
/home/paulus/.conda/envs/bertpoems/lib/python3.8/site-packages/sklearn/utils/deprecation.py:143: FutureWarning: The sklearn.metrics.classification module is  deprecated in version 0.22 and will be removed in version 0.24. The corresponding classes / functions should instead be imported from sklearn.metrics. Anything that cannot be imported from sklearn.metrics is now part of the private API.
  warnings.warn(message, FutureWarning)
INFO: Read 'poems' corpus.
INFO: Added epoch division by 'amann'.
INFO: Used epochs are 'Aufklärung' and 'Biedermeier'.
INFO: Count of different poets: 89
INFO: Count of poets of epoch 'Aufklärung': 61
INFO: Count of poets of epoch 'Biedermeier': 28
INFO: Tuning hyperparameters for dbscan.
INFO: Best params for DBSCAN:
eps: 0.8
min_samples: 7
metrics: cosine
INFO: Adjusted Rand Score for DBSCAN: 0.05932026493167411.
INFO: V-measure for DBSCAN: 0.019195626507112692.
INFO: Update results file.
INFO: Run-time DBSCAN: 7.9390997886657715 seconds
INFO: Run-time: 0.2833333333333333 minute(s).
--------------- Metrics (DBSCAN) ---------------
------------------------------------------------
INFO: Argument combination 11/28.
INFO: Epoch 1: Aufklärung.
INFO: Epoch 2: Realismus.
/home/paulus/.conda/envs/bertpoems/lib/python3.8/site-packages/sklearn/utils/deprecation.py:143: FutureWarning: The sklearn.metrics.classification module is  deprecated in version 0.22 and will be removed in version 0.24. The corresponding classes / functions should instead be imported from sklearn.metrics. Anything that cannot be imported from sklearn.metrics is now part of the private API.
  warnings.warn(message, FutureWarning)
INFO: Read 'poems' corpus.
INFO: Added epoch division by 'amann'.
INFO: Used epochs are 'Aufklärung' and 'Realismus'.
INFO: Count of different poets: 109
INFO: Count of poets of epoch 'Aufklärung': 61
INFO: Count of poets of epoch 'Realismus': 49
INFO: Tuning hyperparameters for dbscan.
INFO: Best params for DBSCAN:
eps: 0.6
min_samples: 6
metrics: cosine
INFO: Adjusted Rand Score for DBSCAN: 0.06419866951863251.
INFO: V-measure for DBSCAN: 0.10529113020377322.
INFO: Update results file.
INFO: Run-time DBSCAN: 8.53118371963501 seconds
INFO: Run-time: 0.3 minute(s).
--------------- Metrics (DBSCAN) ---------------
------------------------------------------------
INFO: Argument combination 12/28.
INFO: Epoch 1: Aufklärung.
INFO: Epoch 2: Naturalismus.
/home/paulus/.conda/envs/bertpoems/lib/python3.8/site-packages/sklearn/utils/deprecation.py:143: FutureWarning: The sklearn.metrics.classification module is  deprecated in version 0.22 and will be removed in version 0.24. The corresponding classes / functions should instead be imported from sklearn.metrics. Anything that cannot be imported from sklearn.metrics is now part of the private API.
  warnings.warn(message, FutureWarning)
INFO: Read 'poems' corpus.
INFO: Added epoch division by 'amann'.
INFO: Used epochs are 'Aufklärung' and 'Naturalismus'.
INFO: Count of different poets: 83
INFO: Count of poets of epoch 'Aufklärung': 61
INFO: Count of poets of epoch 'Naturalismus': 22
INFO: Tuning hyperparameters for dbscan.
INFO: Best params for DBSCAN:
eps: 0.9
min_samples: 2
metrics: cosine
INFO: Adjusted Rand Score for DBSCAN: 0.10560009011207692.
INFO: V-measure for DBSCAN: 0.06768180089961026.
INFO: Update results file.
INFO: Run-time DBSCAN: 7.591540575027466 seconds
INFO: Run-time: 0.2833333333333333 minute(s).
--------------- Metrics (DBSCAN) ---------------
------------------------------------------------
INFO: Argument combination 13/28.
INFO: Epoch 1: Aufklärung.
INFO: Epoch 2: Expressionismus.
/home/paulus/.conda/envs/bertpoems/lib/python3.8/site-packages/sklearn/utils/deprecation.py:143: FutureWarning: The sklearn.metrics.classification module is  deprecated in version 0.22 and will be removed in version 0.24. The corresponding classes / functions should instead be imported from sklearn.metrics. Anything that cannot be imported from sklearn.metrics is now part of the private API.
  warnings.warn(message, FutureWarning)
INFO: Read 'poems' corpus.
INFO: Added epoch division by 'amann'.
INFO: Used epochs are 'Aufklärung' and 'Expressionismus'.
INFO: Count of different poets: 76
INFO: Count of poets of epoch 'Aufklärung': 61
INFO: Count of poets of epoch 'Expressionismus': 15
INFO: Tuning hyperparameters for dbscan.
INFO: Best params for DBSCAN:
eps: 0.8
min_samples: 2
metrics: cosine
INFO: Adjusted Rand Score for DBSCAN: 0.2815258209826525.
INFO: V-measure for DBSCAN: 0.13238449464556604.
INFO: Update results file.
INFO: Run-time DBSCAN: 7.47502875328064 seconds
INFO: Run-time: 0.26666666666666666 minute(s).
--------------- Metrics (DBSCAN) ---------------
------------------------------------------------
INFO: Argument combination 14/28.
INFO: Epoch 1: Klassik.
INFO: Epoch 2: Romantik.
/home/paulus/.conda/envs/bertpoems/lib/python3.8/site-packages/sklearn/utils/deprecation.py:143: FutureWarning: The sklearn.metrics.classification module is  deprecated in version 0.22 and will be removed in version 0.24. The corresponding classes / functions should instead be imported from sklearn.metrics. Anything that cannot be imported from sklearn.metrics is now part of the private API.
  warnings.warn(message, FutureWarning)
INFO: Read 'poems' corpus.
INFO: Added epoch division by 'amann'.
INFO: Used epochs are 'Klassik' and 'Romantik'.
INFO: Count of different poets: 62
INFO: Count of poets of epoch 'Klassik': 59
INFO: Count of poets of epoch 'Romantik': 13
INFO: Tuning hyperparameters for dbscan.
INFO: Best params for DBSCAN:
eps: 0.8
min_samples: 2
metrics: cosine
INFO: Adjusted Rand Score for DBSCAN: 0.14800642793504296.
INFO: V-measure for DBSCAN: 0.05451404321485494.
INFO: Update results file.
INFO: Run-time DBSCAN: 7.373474597930908 seconds
INFO: Run-time: 0.26666666666666666 minute(s).
--------------- Metrics (DBSCAN) ---------------
------------------------------------------------
INFO: Argument combination 15/28.
INFO: Epoch 1: Klassik.
INFO: Epoch 2: Biedermeier.
/home/paulus/.conda/envs/bertpoems/lib/python3.8/site-packages/sklearn/utils/deprecation.py:143: FutureWarning: The sklearn.metrics.classification module is  deprecated in version 0.22 and will be removed in version 0.24. The corresponding classes / functions should instead be imported from sklearn.metrics. Anything that cannot be imported from sklearn.metrics is now part of the private API.
  warnings.warn(message, FutureWarning)
INFO: Read 'poems' corpus.
INFO: Added epoch division by 'amann'.
INFO: Used epochs are 'Klassik' and 'Biedermeier'.
INFO: Count of different poets: 77
INFO: Count of poets of epoch 'Klassik': 59
INFO: Count of poets of epoch 'Biedermeier': 28
INFO: Tuning hyperparameters for dbscan.
INFO: Best params for DBSCAN:
eps: 0.6
min_samples: 2
metrics: cosine
INFO: Adjusted Rand Score for DBSCAN: 0.055365761597041874.
INFO: V-measure for DBSCAN: 0.052218494406105355.
INFO: Update results file.
INFO: Run-time DBSCAN: 7.8332202434539795 seconds
INFO: Run-time: 0.2833333333333333 minute(s).
--------------- Metrics (DBSCAN) ---------------
------------------------------------------------
INFO: Argument combination 16/28.
INFO: Epoch 1: Klassik.
INFO: Epoch 2: Realismus.
/home/paulus/.conda/envs/bertpoems/lib/python3.8/site-packages/sklearn/utils/deprecation.py:143: FutureWarning: The sklearn.metrics.classification module is  deprecated in version 0.22 and will be removed in version 0.24. The corresponding classes / functions should instead be imported from sklearn.metrics. Anything that cannot be imported from sklearn.metrics is now part of the private API.
  warnings.warn(message, FutureWarning)
INFO: Read 'poems' corpus.
INFO: Added epoch division by 'amann'.
INFO: Used epochs are 'Klassik' and 'Realismus'.
INFO: Count of different poets: 100
INFO: Count of poets of epoch 'Klassik': 59
INFO: Count of poets of epoch 'Realismus': 49
INFO: Tuning hyperparameters for dbscan.
INFO: Best params for DBSCAN:
eps: 0.7
min_samples: 4
metrics: cosine
INFO: Adjusted Rand Score for DBSCAN: 0.04916038601096639.
INFO: V-measure for DBSCAN: 0.038988950169624906.
INFO: Update results file.
INFO: Run-time DBSCAN: 8.704447031021118 seconds
INFO: Run-time: 0.3 minute(s).
--------------- Metrics (DBSCAN) ---------------
------------------------------------------------
INFO: Argument combination 17/28.
INFO: Epoch 1: Klassik.
INFO: Epoch 2: Naturalismus.
/home/paulus/.conda/envs/bertpoems/lib/python3.8/site-packages/sklearn/utils/deprecation.py:143: FutureWarning: The sklearn.metrics.classification module is  deprecated in version 0.22 and will be removed in version 0.24. The corresponding classes / functions should instead be imported from sklearn.metrics. Anything that cannot be imported from sklearn.metrics is now part of the private API.
  warnings.warn(message, FutureWarning)
INFO: Read 'poems' corpus.
INFO: Added epoch division by 'amann'.
INFO: Used epochs are 'Klassik' and 'Naturalismus'.
INFO: Count of different poets: 81
INFO: Count of poets of epoch 'Klassik': 59
INFO: Count of poets of epoch 'Naturalismus': 22
INFO: Tuning hyperparameters for dbscan.
INFO: Best params for DBSCAN:
eps: 0.8
min_samples: 2
metrics: cosine
INFO: Adjusted Rand Score for DBSCAN: 0.08624876917548052.
INFO: V-measure for DBSCAN: 0.028916912010638174.
INFO: Update results file.
INFO: Run-time DBSCAN: 7.577333688735962 seconds
INFO: Run-time: 0.2833333333333333 minute(s).
--------------- Metrics (DBSCAN) ---------------
------------------------------------------------
INFO: Argument combination 18/28.
INFO: Epoch 1: Klassik.
INFO: Epoch 2: Expressionismus.
/home/paulus/.conda/envs/bertpoems/lib/python3.8/site-packages/sklearn/utils/deprecation.py:143: FutureWarning: The sklearn.metrics.classification module is  deprecated in version 0.22 and will be removed in version 0.24. The corresponding classes / functions should instead be imported from sklearn.metrics. Anything that cannot be imported from sklearn.metrics is now part of the private API.
  warnings.warn(message, FutureWarning)
INFO: Read 'poems' corpus.
INFO: Added epoch division by 'amann'.
INFO: Used epochs are 'Klassik' and 'Expressionismus'.
INFO: Count of different poets: 74
INFO: Count of poets of epoch 'Klassik': 59
INFO: Count of poets of epoch 'Expressionismus': 15
INFO: Tuning hyperparameters for dbscan.
INFO: Best params for DBSCAN:
eps: 0.9
min_samples: 2
metrics: cosine
INFO: Adjusted Rand Score for DBSCAN: 0.22697630680540523.
INFO: V-measure for DBSCAN: 0.09944062002832157.
INFO: Update results file.
INFO: Run-time DBSCAN: 7.273436784744263 seconds
INFO: Run-time: 0.26666666666666666 minute(s).
--------------- Metrics (DBSCAN) ---------------
------------------------------------------------
INFO: Argument combination 19/28.
INFO: Epoch 1: Romantik.
INFO: Epoch 2: Biedermeier.
/home/paulus/.conda/envs/bertpoems/lib/python3.8/site-packages/sklearn/utils/deprecation.py:143: FutureWarning: The sklearn.metrics.classification module is  deprecated in version 0.22 and will be removed in version 0.24. The corresponding classes / functions should instead be imported from sklearn.metrics. Anything that cannot be imported from sklearn.metrics is now part of the private API.
  warnings.warn(message, FutureWarning)
INFO: Read 'poems' corpus.
INFO: Added epoch division by 'amann'.
INFO: Used epochs are 'Romantik' and 'Biedermeier'.
INFO: Count of different poets: 33
INFO: Count of poets of epoch 'Romantik': 13
INFO: Count of poets of epoch 'Biedermeier': 28
INFO: Tuning hyperparameters for dbscan.
INFO: Best params for DBSCAN:
eps: 0.8
min_samples: 2
metrics: cosine
INFO: Adjusted Rand Score for DBSCAN: 0.20550286457079586.
INFO: V-measure for DBSCAN: 0.16906182783932633.
INFO: Update results file.
INFO: Run-time DBSCAN: 5.750726222991943 seconds
INFO: Run-time: 0.23333333333333334 minute(s).
--------------- Metrics (DBSCAN) ---------------
------------------------------------------------
INFO: Argument combination 20/28.
INFO: Epoch 1: Romantik.
INFO: Epoch 2: Realismus.
/home/paulus/.conda/envs/bertpoems/lib/python3.8/site-packages/sklearn/utils/deprecation.py:143: FutureWarning: The sklearn.metrics.classification module is  deprecated in version 0.22 and will be removed in version 0.24. The corresponding classes / functions should instead be imported from sklearn.metrics. Anything that cannot be imported from sklearn.metrics is now part of the private API.
  warnings.warn(message, FutureWarning)
INFO: Read 'poems' corpus.
INFO: Added epoch division by 'amann'.
INFO: Used epochs are 'Romantik' and 'Realismus'.
INFO: Count of different poets: 54
INFO: Count of poets of epoch 'Romantik': 13
INFO: Count of poets of epoch 'Realismus': 49
INFO: Tuning hyperparameters for dbscan.
INFO: Best params for DBSCAN:
eps: 0.8
min_samples: 2
metrics: cosine
INFO: Adjusted Rand Score for DBSCAN: 0.07035705256060912.
INFO: V-measure for DBSCAN: 0.02529228436226869.
INFO: Update results file.
INFO: Run-time DBSCAN: 6.564273118972778 seconds
INFO: Run-time: 0.25 minute(s).
--------------- Metrics (DBSCAN) ---------------
------------------------------------------------
INFO: Argument combination 21/28.
INFO: Epoch 1: Romantik.
INFO: Epoch 2: Naturalismus.
/home/paulus/.conda/envs/bertpoems/lib/python3.8/site-packages/sklearn/utils/deprecation.py:143: FutureWarning: The sklearn.metrics.classification module is  deprecated in version 0.22 and will be removed in version 0.24. The corresponding classes / functions should instead be imported from sklearn.metrics. Anything that cannot be imported from sklearn.metrics is now part of the private API.
  warnings.warn(message, FutureWarning)
INFO: Read 'poems' corpus.
INFO: Added epoch division by 'amann'.
INFO: Used epochs are 'Romantik' and 'Naturalismus'.
INFO: Count of different poets: 35
INFO: Count of poets of epoch 'Romantik': 13
INFO: Count of poets of epoch 'Naturalismus': 22
INFO: Tuning hyperparameters for dbscan.
INFO: Best params for DBSCAN:
eps: 0.8
min_samples: 2
metrics: cosine
INFO: Adjusted Rand Score for DBSCAN: 0.07257016998926978.
INFO: V-measure for DBSCAN: 0.0629623660268554.
INFO: Update results file.
INFO: Run-time DBSCAN: 5.4837610721588135 seconds
INFO: Run-time: 0.21666666666666667 minute(s).
--------------- Metrics (DBSCAN) ---------------
------------------------------------------------
INFO: Argument combination 22/28.
INFO: Epoch 1: Romantik.
INFO: Epoch 2: Expressionismus.
/home/paulus/.conda/envs/bertpoems/lib/python3.8/site-packages/sklearn/utils/deprecation.py:143: FutureWarning: The sklearn.metrics.classification module is  deprecated in version 0.22 and will be removed in version 0.24. The corresponding classes / functions should instead be imported from sklearn.metrics. Anything that cannot be imported from sklearn.metrics is now part of the private API.
  warnings.warn(message, FutureWarning)
INFO: Read 'poems' corpus.
INFO: Added epoch division by 'amann'.
INFO: Used epochs are 'Romantik' and 'Expressionismus'.
INFO: Count of different poets: 28
INFO: Count of poets of epoch 'Romantik': 13
INFO: Count of poets of epoch 'Expressionismus': 15
INFO: Tuning hyperparameters for dbscan.
INFO: Best params for DBSCAN:
eps: 0.5
min_samples: 3
metrics: cosine
INFO: Adjusted Rand Score for DBSCAN: 0.06551297898640283.
INFO: V-measure for DBSCAN: 0.1739719808443038.
INFO: Update results file.
INFO: Run-time DBSCAN: 4.937780857086182 seconds
INFO: Run-time: 0.21666666666666667 minute(s).
--------------- Metrics (DBSCAN) ---------------
------------------------------------------------
INFO: Argument combination 23/28.
INFO: Epoch 1: Biedermeier.
INFO: Epoch 2: Realismus.
/home/paulus/.conda/envs/bertpoems/lib/python3.8/site-packages/sklearn/utils/deprecation.py:143: FutureWarning: The sklearn.metrics.classification module is  deprecated in version 0.22 and will be removed in version 0.24. The corresponding classes / functions should instead be imported from sklearn.metrics. Anything that cannot be imported from sklearn.metrics is now part of the private API.
  warnings.warn(message, FutureWarning)
INFO: Read 'poems' corpus.
INFO: Added epoch division by 'amann'.
INFO: Used epochs are 'Biedermeier' and 'Realismus'.
INFO: Count of different poets: 65
INFO: Count of poets of epoch 'Biedermeier': 28
INFO: Count of poets of epoch 'Realismus': 49
INFO: Tuning hyperparameters for dbscan.
INFO: Best params for DBSCAN:
eps: 0.5
min_samples: 2
metrics: euclidean
INFO: Adjusted Rand Score for DBSCAN: 0.04005569834221218.
INFO: V-measure for DBSCAN: 0.06929838664249374.
INFO: Update results file.
INFO: Run-time DBSCAN: 7.274738073348999 seconds
INFO: Run-time: 0.26666666666666666 minute(s).
--------------- Metrics (DBSCAN) ---------------
------------------------------------------------
INFO: Argument combination 24/28.
INFO: Epoch 1: Biedermeier.
INFO: Epoch 2: Naturalismus.
/home/paulus/.conda/envs/bertpoems/lib/python3.8/site-packages/sklearn/utils/deprecation.py:143: FutureWarning: The sklearn.metrics.classification module is  deprecated in version 0.22 and will be removed in version 0.24. The corresponding classes / functions should instead be imported from sklearn.metrics. Anything that cannot be imported from sklearn.metrics is now part of the private API.
  warnings.warn(message, FutureWarning)
INFO: Read 'poems' corpus.
INFO: Added epoch division by 'amann'.
INFO: Used epochs are 'Biedermeier' and 'Naturalismus'.
INFO: Count of different poets: 49
INFO: Count of poets of epoch 'Biedermeier': 28
INFO: Count of poets of epoch 'Naturalismus': 22
INFO: Tuning hyperparameters for dbscan.
INFO: Best params for DBSCAN:
eps: 0.9
min_samples: 2
metrics: cosine
INFO: Adjusted Rand Score for DBSCAN: 0.0425788833260574.
INFO: V-measure for DBSCAN: 0.1132928997323218.
INFO: Update results file.
INFO: Run-time DBSCAN: 6.147561073303223 seconds
INFO: Run-time: 0.23333333333333334 minute(s).
--------------- Metrics (DBSCAN) ---------------
------------------------------------------------
INFO: Argument combination 25/28.
INFO: Epoch 1: Biedermeier.
INFO: Epoch 2: Expressionismus.
/home/paulus/.conda/envs/bertpoems/lib/python3.8/site-packages/sklearn/utils/deprecation.py:143: FutureWarning: The sklearn.metrics.classification module is  deprecated in version 0.22 and will be removed in version 0.24. The corresponding classes / functions should instead be imported from sklearn.metrics. Anything that cannot be imported from sklearn.metrics is now part of the private API.
  warnings.warn(message, FutureWarning)
INFO: Read 'poems' corpus.
INFO: Added epoch division by 'amann'.
INFO: Used epochs are 'Biedermeier' and 'Expressionismus'.
INFO: Count of different poets: 43
INFO: Count of poets of epoch 'Biedermeier': 28
INFO: Count of poets of epoch 'Expressionismus': 15
INFO: Tuning hyperparameters for dbscan.
INFO: Best params for DBSCAN:
eps: 0.8
min_samples: 2
metrics: cosine
INFO: Adjusted Rand Score for DBSCAN: 0.3174603174603175.
INFO: V-measure for DBSCAN: 0.2221329800844194.
INFO: Update results file.
INFO: Run-time DBSCAN: 5.683737754821777 seconds
INFO: Run-time: 0.23333333333333334 minute(s).
--------------- Metrics (DBSCAN) ---------------
------------------------------------------------
INFO: Argument combination 26/28.
INFO: Epoch 1: Realismus.
INFO: Epoch 2: Naturalismus.
/home/paulus/.conda/envs/bertpoems/lib/python3.8/site-packages/sklearn/utils/deprecation.py:143: FutureWarning: The sklearn.metrics.classification module is  deprecated in version 0.22 and will be removed in version 0.24. The corresponding classes / functions should instead be imported from sklearn.metrics. Anything that cannot be imported from sklearn.metrics is now part of the private API.
  warnings.warn(message, FutureWarning)
INFO: Read 'poems' corpus.
INFO: Added epoch division by 'amann'.
INFO: Used epochs are 'Realismus' and 'Naturalismus'.
INFO: Count of different poets: 64
INFO: Count of poets of epoch 'Realismus': 49
INFO: Count of poets of epoch 'Naturalismus': 22
INFO: Tuning hyperparameters for dbscan.
INFO: Best params for DBSCAN:
eps: 0.6
min_samples: 3
metrics: cosine
INFO: Adjusted Rand Score for DBSCAN: 0.018934713559642467.
INFO: V-measure for DBSCAN: 0.02607252637754377.
INFO: Update results file.
INFO: Run-time DBSCAN: 7.032970666885376 seconds
INFO: Run-time: 0.26666666666666666 minute(s).
--------------- Metrics (DBSCAN) ---------------
------------------------------------------------
INFO: Argument combination 27/28.
INFO: Epoch 1: Realismus.
INFO: Epoch 2: Expressionismus.
/home/paulus/.conda/envs/bertpoems/lib/python3.8/site-packages/sklearn/utils/deprecation.py:143: FutureWarning: The sklearn.metrics.classification module is  deprecated in version 0.22 and will be removed in version 0.24. The corresponding classes / functions should instead be imported from sklearn.metrics. Anything that cannot be imported from sklearn.metrics is now part of the private API.
  warnings.warn(message, FutureWarning)
INFO: Read 'poems' corpus.
INFO: Added epoch division by 'amann'.
INFO: Used epochs are 'Realismus' and 'Expressionismus'.
INFO: Count of different poets: 62
INFO: Count of poets of epoch 'Realismus': 49
INFO: Count of poets of epoch 'Expressionismus': 15
INFO: Tuning hyperparameters for dbscan.
INFO: Best params for DBSCAN:
eps: 0.9
min_samples: 2
metrics: cosine
INFO: Adjusted Rand Score for DBSCAN: 0.1398772719848806.
INFO: V-measure for DBSCAN: 0.04987801508912467.
INFO: Update results file.
INFO: Run-time DBSCAN: 6.677334547042847 seconds
INFO: Run-time: 0.25 minute(s).
--------------- Metrics (DBSCAN) ---------------
------------------------------------------------
INFO: Argument combination 28/28.
INFO: Epoch 1: Naturalismus.
INFO: Epoch 2: Expressionismus.
/home/paulus/.conda/envs/bertpoems/lib/python3.8/site-packages/sklearn/utils/deprecation.py:143: FutureWarning: The sklearn.metrics.classification module is  deprecated in version 0.22 and will be removed in version 0.24. The corresponding classes / functions should instead be imported from sklearn.metrics. Anything that cannot be imported from sklearn.metrics is now part of the private API.
  warnings.warn(message, FutureWarning)
INFO: Read 'poems' corpus.
INFO: Added epoch division by 'amann'.
INFO: Used epochs are 'Naturalismus' and 'Expressionismus'.
INFO: Count of different poets: 31
INFO: Count of poets of epoch 'Naturalismus': 22
INFO: Count of poets of epoch 'Expressionismus': 15
INFO: Tuning hyperparameters for dbscan.
INFO: Best params for DBSCAN:
eps: 0.8
min_samples: 2
metrics: cosine
INFO: Adjusted Rand Score for DBSCAN: 0.06278415241394247.
INFO: V-measure for DBSCAN: 0.05193692185419638.
INFO: Update results file.
INFO: Run-time DBSCAN: 5.629938364028931 seconds
INFO: Run-time: 0.21666666666666667 minute(s).
--------------- Metrics (DBSCAN) ---------------
------------------------------------------------
INFO: Overall run-time: 8.3 minute(s).
--------------------------------------------
--------------------------------------------


--------------------------------------------
--------------------------------------------


--------------------------------------------
--------------------------------------------


--------------------------------------------
--------------------------------------------


--------------------------------------------
--------------------------------------------


--------------------------------------------
--------------------------------------------


--------------------------------------------
--------------------------------------------


--------------------------------------------
--------------------------------------------


--------------------------------------------
--------------------------------------------


--------------------------------------------
--------------------------------------------


--------------------------------------------
--------------------------------------------


--------------------------------------------
--------------------------------------------


--------------------------------------------
--------------------------------------------


--------------------------------------------
--------------------------------------------


--------------------------------------------
--------------------------------------------


--------------------------------------------
--------------------------------------------


--------------------------------------------
--------------------------------------------


--------------------------------------------
--------------------------------------------


--------------------------------------------
--------------------------------------------


--------------------------------------------
--------------------------------------------


--------------------------------------------
--------------------------------------------


--------------------------------------------
--------------------------------------------


--------------------------------------------
--------------------------------------------


--------------------------------------------
--------------------------------------------


--------------------------------------------
--------------------------------------------


--------------------------------------------
--------------------------------------------


--------------------------------------------
--------------------------------------------


--------------------------------------------
--------------------------------------------


