INFO: Clustering for all epoch combinations.
INFO: Argument combination 1/28.
INFO: Epoch 1: Barock.
INFO: Epoch 2: Aufklärung.
/home/paulus/.conda/envs/bertpoems/lib/python3.8/site-packages/sklearn/utils/deprecation.py:143: FutureWarning: The sklearn.metrics.classification module is  deprecated in version 0.22 and will be removed in version 0.24. The corresponding classes / functions should instead be imported from sklearn.metrics. Anything that cannot be imported from sklearn.metrics is now part of the private API.
  warnings.warn(message, FutureWarning)
INFO: Read 'poems' corpus.
INFO: Added epoch division by 'amann'.
INFO: Used epochs are 'Barock' and 'Aufklärung'.
INFO: Count of different poets: 99
INFO: Count of poets of epoch 'Barock': 41
INFO: Count of poets of epoch 'Aufklärung': 61
INFO: Reduce dimensionality to 3.
INFO: Explained variance of the SVD step: 16%
/home/paulus/.conda/envs/bertpoems/lib/python3.8/site-packages/sklearn/cluster/_kmeans.py:973: FutureWarning: 'n_jobs' was deprecated in version 0.23 and will be removed in 0.25.
  warnings.warn("'n_jobs' was deprecated in version 0.23 and will be"
INFO: Adjusted Rand Score for K-Means: 0.5504866409903477.
INFO: V-measure for K-Means: 0.439650302460962.
INFO: Create results file.
INFO: Run-time K-Means: 0.049852609634399414 seconds
INFO: Run-time: 0.16666666666666666 minute(s).
--------------- Metrics (K-Means) ---------------
--------------------------------------------------
INFO: Argument combination 2/28.
INFO: Epoch 1: Barock.
INFO: Epoch 2: Klassik.
/home/paulus/.conda/envs/bertpoems/lib/python3.8/site-packages/sklearn/utils/deprecation.py:143: FutureWarning: The sklearn.metrics.classification module is  deprecated in version 0.22 and will be removed in version 0.24. The corresponding classes / functions should instead be imported from sklearn.metrics. Anything that cannot be imported from sklearn.metrics is now part of the private API.
  warnings.warn(message, FutureWarning)
INFO: Read 'poems' corpus.
INFO: Added epoch division by 'amann'.
INFO: Used epochs are 'Barock' and 'Klassik'.
INFO: Count of different poets: 100
INFO: Count of poets of epoch 'Barock': 41
INFO: Count of poets of epoch 'Klassik': 59
INFO: Reduce dimensionality to 3.
INFO: Explained variance of the SVD step: 18%
/home/paulus/.conda/envs/bertpoems/lib/python3.8/site-packages/sklearn/cluster/_kmeans.py:973: FutureWarning: 'n_jobs' was deprecated in version 0.23 and will be removed in 0.25.
  warnings.warn("'n_jobs' was deprecated in version 0.23 and will be"
INFO: Adjusted Rand Score for K-Means: 0.8446439684050555.
INFO: V-measure for K-Means: 0.7903532162219833.
INFO: Update results file.
INFO: Run-time K-Means: 0.03935098648071289 seconds
INFO: Run-time: 0.16666666666666666 minute(s).
--------------- Metrics (K-Means) ---------------
--------------------------------------------------
INFO: Argument combination 3/28.
INFO: Epoch 1: Barock.
INFO: Epoch 2: Romantik.
/home/paulus/.conda/envs/bertpoems/lib/python3.8/site-packages/sklearn/utils/deprecation.py:143: FutureWarning: The sklearn.metrics.classification module is  deprecated in version 0.22 and will be removed in version 0.24. The corresponding classes / functions should instead be imported from sklearn.metrics. Anything that cannot be imported from sklearn.metrics is now part of the private API.
  warnings.warn(message, FutureWarning)
INFO: Read 'poems' corpus.
INFO: Added epoch division by 'amann'.
INFO: Used epochs are 'Barock' and 'Romantik'.
INFO: Count of different poets: 54
INFO: Count of poets of epoch 'Barock': 41
INFO: Count of poets of epoch 'Romantik': 13
INFO: Reduce dimensionality to 3.
INFO: Explained variance of the SVD step: 20%
/home/paulus/.conda/envs/bertpoems/lib/python3.8/site-packages/sklearn/cluster/_kmeans.py:973: FutureWarning: 'n_jobs' was deprecated in version 0.23 and will be removed in 0.25.
  warnings.warn("'n_jobs' was deprecated in version 0.23 and will be"
INFO: Adjusted Rand Score for K-Means: 0.43163218372768786.
INFO: V-measure for K-Means: 0.45007832226342986.
INFO: Update results file.
INFO: Run-time K-Means: 0.043129920959472656 seconds
INFO: Run-time: 0.15 minute(s).
--------------- Metrics (K-Means) ---------------
--------------------------------------------------
INFO: Argument combination 4/28.
INFO: Epoch 1: Barock.
INFO: Epoch 2: Biedermeier.
/home/paulus/.conda/envs/bertpoems/lib/python3.8/site-packages/sklearn/utils/deprecation.py:143: FutureWarning: The sklearn.metrics.classification module is  deprecated in version 0.22 and will be removed in version 0.24. The corresponding classes / functions should instead be imported from sklearn.metrics. Anything that cannot be imported from sklearn.metrics is now part of the private API.
  warnings.warn(message, FutureWarning)
INFO: Read 'poems' corpus.
INFO: Added epoch division by 'amann'.
INFO: Used epochs are 'Barock' and 'Biedermeier'.
INFO: Count of different poets: 69
INFO: Count of poets of epoch 'Barock': 41
INFO: Count of poets of epoch 'Biedermeier': 28
INFO: Reduce dimensionality to 3.
INFO: Explained variance of the SVD step: 20%
/home/paulus/.conda/envs/bertpoems/lib/python3.8/site-packages/sklearn/cluster/_kmeans.py:973: FutureWarning: 'n_jobs' was deprecated in version 0.23 and will be removed in 0.25.
  warnings.warn("'n_jobs' was deprecated in version 0.23 and will be"
INFO: Adjusted Rand Score for K-Means: 0.7783904130492282.
INFO: V-measure for K-Means: 0.7329829017189297.
INFO: Update results file.
INFO: Run-time K-Means: 0.04222559928894043 seconds
INFO: Run-time: 0.15 minute(s).
--------------- Metrics (K-Means) ---------------
--------------------------------------------------
INFO: Argument combination 5/28.
INFO: Epoch 1: Barock.
INFO: Epoch 2: Realismus.
/home/paulus/.conda/envs/bertpoems/lib/python3.8/site-packages/sklearn/utils/deprecation.py:143: FutureWarning: The sklearn.metrics.classification module is  deprecated in version 0.22 and will be removed in version 0.24. The corresponding classes / functions should instead be imported from sklearn.metrics. Anything that cannot be imported from sklearn.metrics is now part of the private API.
  warnings.warn(message, FutureWarning)
INFO: Read 'poems' corpus.
INFO: Added epoch division by 'amann'.
INFO: Used epochs are 'Barock' and 'Realismus'.
INFO: Count of different poets: 90
INFO: Count of poets of epoch 'Barock': 41
INFO: Count of poets of epoch 'Realismus': 49
INFO: Reduce dimensionality to 3.
INFO: Explained variance of the SVD step: 19%
/home/paulus/.conda/envs/bertpoems/lib/python3.8/site-packages/sklearn/cluster/_kmeans.py:973: FutureWarning: 'n_jobs' was deprecated in version 0.23 and will be removed in 0.25.
  warnings.warn("'n_jobs' was deprecated in version 0.23 and will be"
INFO: Adjusted Rand Score for K-Means: 0.8696685197429491.
INFO: V-measure for K-Means: 0.819960266729441.
INFO: Update results file.
INFO: Run-time K-Means: 0.044725656509399414 seconds
INFO: Run-time: 0.16666666666666666 minute(s).
--------------- Metrics (K-Means) ---------------
--------------------------------------------------
INFO: Argument combination 6/28.
INFO: Epoch 1: Barock.
INFO: Epoch 2: Naturalismus.
/home/paulus/.conda/envs/bertpoems/lib/python3.8/site-packages/sklearn/utils/deprecation.py:143: FutureWarning: The sklearn.metrics.classification module is  deprecated in version 0.22 and will be removed in version 0.24. The corresponding classes / functions should instead be imported from sklearn.metrics. Anything that cannot be imported from sklearn.metrics is now part of the private API.
  warnings.warn(message, FutureWarning)
INFO: Read 'poems' corpus.
INFO: Added epoch division by 'amann'.
INFO: Used epochs are 'Barock' and 'Naturalismus'.
INFO: Count of different poets: 63
INFO: Count of poets of epoch 'Barock': 41
INFO: Count of poets of epoch 'Naturalismus': 22
INFO: Reduce dimensionality to 3.
INFO: Explained variance of the SVD step: 21%
/home/paulus/.conda/envs/bertpoems/lib/python3.8/site-packages/sklearn/cluster/_kmeans.py:973: FutureWarning: 'n_jobs' was deprecated in version 0.23 and will be removed in 0.25.
  warnings.warn("'n_jobs' was deprecated in version 0.23 and will be"
INFO: Adjusted Rand Score for K-Means: 0.70240484752695.
INFO: V-measure for K-Means: 0.6052823238719693.
INFO: Update results file.
INFO: Run-time K-Means: 0.042853355407714844 seconds
INFO: Run-time: 0.15 minute(s).
--------------- Metrics (K-Means) ---------------
--------------------------------------------------
INFO: Argument combination 7/28.
INFO: Epoch 1: Barock.
INFO: Epoch 2: Expressionismus.
/home/paulus/.conda/envs/bertpoems/lib/python3.8/site-packages/sklearn/utils/deprecation.py:143: FutureWarning: The sklearn.metrics.classification module is  deprecated in version 0.22 and will be removed in version 0.24. The corresponding classes / functions should instead be imported from sklearn.metrics. Anything that cannot be imported from sklearn.metrics is now part of the private API.
  warnings.warn(message, FutureWarning)
INFO: Read 'poems' corpus.
INFO: Added epoch division by 'amann'.
INFO: Used epochs are 'Barock' and 'Expressionismus'.
INFO: Count of different poets: 56
INFO: Count of poets of epoch 'Barock': 41
INFO: Count of poets of epoch 'Expressionismus': 15
INFO: Reduce dimensionality to 3.
INFO: Explained variance of the SVD step: 20%
/home/paulus/.conda/envs/bertpoems/lib/python3.8/site-packages/sklearn/cluster/_kmeans.py:973: FutureWarning: 'n_jobs' was deprecated in version 0.23 and will be removed in 0.25.
  warnings.warn("'n_jobs' was deprecated in version 0.23 and will be"
INFO: Adjusted Rand Score for K-Means: 0.49986045213508234.
INFO: V-measure for K-Means: 0.5019057059159875.
INFO: Update results file.
INFO: Run-time K-Means: 0.03890395164489746 seconds
INFO: Run-time: 0.15 minute(s).
--------------- Metrics (K-Means) ---------------
--------------------------------------------------
INFO: Argument combination 8/28.
INFO: Epoch 1: Aufklärung.
INFO: Epoch 2: Klassik.
/home/paulus/.conda/envs/bertpoems/lib/python3.8/site-packages/sklearn/utils/deprecation.py:143: FutureWarning: The sklearn.metrics.classification module is  deprecated in version 0.22 and will be removed in version 0.24. The corresponding classes / functions should instead be imported from sklearn.metrics. Anything that cannot be imported from sklearn.metrics is now part of the private API.
  warnings.warn(message, FutureWarning)
INFO: Read 'poems' corpus.
INFO: Added epoch division by 'amann'.
INFO: Used epochs are 'Aufklärung' and 'Klassik'.
INFO: Count of different poets: 101
INFO: Count of poets of epoch 'Aufklärung': 61
INFO: Count of poets of epoch 'Klassik': 59
INFO: Reduce dimensionality to 3.
INFO: Explained variance of the SVD step: 9%
/home/paulus/.conda/envs/bertpoems/lib/python3.8/site-packages/sklearn/cluster/_kmeans.py:973: FutureWarning: 'n_jobs' was deprecated in version 0.23 and will be removed in 0.25.
  warnings.warn("'n_jobs' was deprecated in version 0.23 and will be"
INFO: Adjusted Rand Score for K-Means: 0.26116425624873835.
INFO: V-measure for K-Means: 0.2350523946083627.
INFO: Update results file.
INFO: Run-time K-Means: 0.05035662651062012 seconds
INFO: Run-time: 0.18333333333333332 minute(s).
--------------- Metrics (K-Means) ---------------
--------------------------------------------------
INFO: Argument combination 9/28.
INFO: Epoch 1: Aufklärung.
INFO: Epoch 2: Romantik.
/home/paulus/.conda/envs/bertpoems/lib/python3.8/site-packages/sklearn/utils/deprecation.py:143: FutureWarning: The sklearn.metrics.classification module is  deprecated in version 0.22 and will be removed in version 0.24. The corresponding classes / functions should instead be imported from sklearn.metrics. Anything that cannot be imported from sklearn.metrics is now part of the private API.
  warnings.warn(message, FutureWarning)
INFO: Read 'poems' corpus.
INFO: Added epoch division by 'amann'.
INFO: Used epochs are 'Aufklärung' and 'Romantik'.
INFO: Count of different poets: 74
INFO: Count of poets of epoch 'Aufklärung': 61
INFO: Count of poets of epoch 'Romantik': 13
INFO: Reduce dimensionality to 3.
INFO: Explained variance of the SVD step: 10%
/home/paulus/.conda/envs/bertpoems/lib/python3.8/site-packages/sklearn/cluster/_kmeans.py:973: FutureWarning: 'n_jobs' was deprecated in version 0.23 and will be removed in 0.25.
  warnings.warn("'n_jobs' was deprecated in version 0.23 and will be"
INFO: Adjusted Rand Score for K-Means: 0.03176747509169871.
INFO: V-measure for K-Means: 0.19779162603456754.
INFO: Update results file.
INFO: Run-time K-Means: 0.050074100494384766 seconds
INFO: Run-time: 0.15 minute(s).
--------------- Metrics (K-Means) ---------------
--------------------------------------------------
INFO: Argument combination 10/28.
INFO: Epoch 1: Aufklärung.
INFO: Epoch 2: Biedermeier.
/home/paulus/.conda/envs/bertpoems/lib/python3.8/site-packages/sklearn/utils/deprecation.py:143: FutureWarning: The sklearn.metrics.classification module is  deprecated in version 0.22 and will be removed in version 0.24. The corresponding classes / functions should instead be imported from sklearn.metrics. Anything that cannot be imported from sklearn.metrics is now part of the private API.
  warnings.warn(message, FutureWarning)
INFO: Read 'poems' corpus.
INFO: Added epoch division by 'amann'.
INFO: Used epochs are 'Aufklärung' and 'Biedermeier'.
INFO: Count of different poets: 89
INFO: Count of poets of epoch 'Aufklärung': 61
INFO: Count of poets of epoch 'Biedermeier': 28
INFO: Reduce dimensionality to 3.
INFO: Explained variance of the SVD step: 9%
/home/paulus/.conda/envs/bertpoems/lib/python3.8/site-packages/sklearn/cluster/_kmeans.py:973: FutureWarning: 'n_jobs' was deprecated in version 0.23 and will be removed in 0.25.
  warnings.warn("'n_jobs' was deprecated in version 0.23 and will be"
INFO: Adjusted Rand Score for K-Means: 0.595207240326761.
INFO: V-measure for K-Means: 0.5233584769819541.
INFO: Update results file.
INFO: Run-time K-Means: 0.04357314109802246 seconds
INFO: Run-time: 0.16666666666666666 minute(s).
--------------- Metrics (K-Means) ---------------
--------------------------------------------------
INFO: Argument combination 11/28.
INFO: Epoch 1: Aufklärung.
INFO: Epoch 2: Realismus.
/home/paulus/.conda/envs/bertpoems/lib/python3.8/site-packages/sklearn/utils/deprecation.py:143: FutureWarning: The sklearn.metrics.classification module is  deprecated in version 0.22 and will be removed in version 0.24. The corresponding classes / functions should instead be imported from sklearn.metrics. Anything that cannot be imported from sklearn.metrics is now part of the private API.
  warnings.warn(message, FutureWarning)
INFO: Read 'poems' corpus.
INFO: Added epoch division by 'amann'.
INFO: Used epochs are 'Aufklärung' and 'Realismus'.
INFO: Count of different poets: 109
INFO: Count of poets of epoch 'Aufklärung': 61
INFO: Count of poets of epoch 'Realismus': 49
INFO: Reduce dimensionality to 3.
INFO: Explained variance of the SVD step: 10%
/home/paulus/.conda/envs/bertpoems/lib/python3.8/site-packages/sklearn/cluster/_kmeans.py:973: FutureWarning: 'n_jobs' was deprecated in version 0.23 and will be removed in 0.25.
  warnings.warn("'n_jobs' was deprecated in version 0.23 and will be"
INFO: Adjusted Rand Score for K-Means: 0.6967548916241056.
INFO: V-measure for K-Means: 0.6077690719691856.
INFO: Update results file.
INFO: Run-time K-Means: 0.04664444923400879 seconds
INFO: Run-time: 0.16666666666666666 minute(s).
--------------- Metrics (K-Means) ---------------
--------------------------------------------------
INFO: Argument combination 12/28.
INFO: Epoch 1: Aufklärung.
INFO: Epoch 2: Naturalismus.
/home/paulus/.conda/envs/bertpoems/lib/python3.8/site-packages/sklearn/utils/deprecation.py:143: FutureWarning: The sklearn.metrics.classification module is  deprecated in version 0.22 and will be removed in version 0.24. The corresponding classes / functions should instead be imported from sklearn.metrics. Anything that cannot be imported from sklearn.metrics is now part of the private API.
  warnings.warn(message, FutureWarning)
INFO: Read 'poems' corpus.
INFO: Added epoch division by 'amann'.
INFO: Used epochs are 'Aufklärung' and 'Naturalismus'.
INFO: Count of different poets: 83
INFO: Count of poets of epoch 'Aufklärung': 61
INFO: Count of poets of epoch 'Naturalismus': 22
INFO: Reduce dimensionality to 3.
INFO: Explained variance of the SVD step: 10%
/home/paulus/.conda/envs/bertpoems/lib/python3.8/site-packages/sklearn/cluster/_kmeans.py:973: FutureWarning: 'n_jobs' was deprecated in version 0.23 and will be removed in 0.25.
  warnings.warn("'n_jobs' was deprecated in version 0.23 and will be"
INFO: Adjusted Rand Score for K-Means: 0.6041816644294458.
INFO: V-measure for K-Means: 0.5702259872644576.
INFO: Update results file.
INFO: Run-time K-Means: 0.04482436180114746 seconds
INFO: Run-time: 0.16666666666666666 minute(s).
--------------- Metrics (K-Means) ---------------
--------------------------------------------------
INFO: Argument combination 13/28.
INFO: Epoch 1: Aufklärung.
INFO: Epoch 2: Expressionismus.
/home/paulus/.conda/envs/bertpoems/lib/python3.8/site-packages/sklearn/utils/deprecation.py:143: FutureWarning: The sklearn.metrics.classification module is  deprecated in version 0.22 and will be removed in version 0.24. The corresponding classes / functions should instead be imported from sklearn.metrics. Anything that cannot be imported from sklearn.metrics is now part of the private API.
  warnings.warn(message, FutureWarning)
INFO: Read 'poems' corpus.
INFO: Added epoch division by 'amann'.
INFO: Used epochs are 'Aufklärung' and 'Expressionismus'.
INFO: Count of different poets: 76
INFO: Count of poets of epoch 'Aufklärung': 61
INFO: Count of poets of epoch 'Expressionismus': 15
INFO: Reduce dimensionality to 3.
INFO: Explained variance of the SVD step: 10%
/home/paulus/.conda/envs/bertpoems/lib/python3.8/site-packages/sklearn/cluster/_kmeans.py:973: FutureWarning: 'n_jobs' was deprecated in version 0.23 and will be removed in 0.25.
  warnings.warn("'n_jobs' was deprecated in version 0.23 and will be"
INFO: Adjusted Rand Score for K-Means: 0.5187104202648244.
INFO: V-measure for K-Means: 0.48726969950357496.
INFO: Update results file.
INFO: Run-time K-Means: 0.04235100746154785 seconds
INFO: Run-time: 0.15 minute(s).
--------------- Metrics (K-Means) ---------------
--------------------------------------------------
INFO: Argument combination 14/28.
INFO: Epoch 1: Klassik.
INFO: Epoch 2: Romantik.
/home/paulus/.conda/envs/bertpoems/lib/python3.8/site-packages/sklearn/utils/deprecation.py:143: FutureWarning: The sklearn.metrics.classification module is  deprecated in version 0.22 and will be removed in version 0.24. The corresponding classes / functions should instead be imported from sklearn.metrics. Anything that cannot be imported from sklearn.metrics is now part of the private API.
  warnings.warn(message, FutureWarning)
INFO: Read 'poems' corpus.
INFO: Added epoch division by 'amann'.
INFO: Used epochs are 'Klassik' and 'Romantik'.
INFO: Count of different poets: 62
INFO: Count of poets of epoch 'Klassik': 59
INFO: Count of poets of epoch 'Romantik': 13
INFO: Reduce dimensionality to 3.
INFO: Explained variance of the SVD step: 10%
/home/paulus/.conda/envs/bertpoems/lib/python3.8/site-packages/sklearn/cluster/_kmeans.py:973: FutureWarning: 'n_jobs' was deprecated in version 0.23 and will be removed in 0.25.
  warnings.warn("'n_jobs' was deprecated in version 0.23 and will be"
INFO: Adjusted Rand Score for K-Means: 0.05344182468340773.
INFO: V-measure for K-Means: 0.06941925524011738.
INFO: Update results file.
INFO: Run-time K-Means: 0.042893171310424805 seconds
INFO: Run-time: 0.15 minute(s).
--------------- Metrics (K-Means) ---------------
--------------------------------------------------
INFO: Argument combination 15/28.
INFO: Epoch 1: Klassik.
INFO: Epoch 2: Biedermeier.
/home/paulus/.conda/envs/bertpoems/lib/python3.8/site-packages/sklearn/utils/deprecation.py:143: FutureWarning: The sklearn.metrics.classification module is  deprecated in version 0.22 and will be removed in version 0.24. The corresponding classes / functions should instead be imported from sklearn.metrics. Anything that cannot be imported from sklearn.metrics is now part of the private API.
  warnings.warn(message, FutureWarning)
INFO: Read 'poems' corpus.
INFO: Added epoch division by 'amann'.
INFO: Used epochs are 'Klassik' and 'Biedermeier'.
INFO: Count of different poets: 77
INFO: Count of poets of epoch 'Klassik': 59
INFO: Count of poets of epoch 'Biedermeier': 28
INFO: Reduce dimensionality to 3.
INFO: Explained variance of the SVD step: 9%
/home/paulus/.conda/envs/bertpoems/lib/python3.8/site-packages/sklearn/cluster/_kmeans.py:973: FutureWarning: 'n_jobs' was deprecated in version 0.23 and will be removed in 0.25.
  warnings.warn("'n_jobs' was deprecated in version 0.23 and will be"
INFO: Adjusted Rand Score for K-Means: 0.10186892436863955.
INFO: V-measure for K-Means: 0.10881896970182561.
INFO: Update results file.
INFO: Run-time K-Means: 0.05446910858154297 seconds
INFO: Run-time: 0.16666666666666666 minute(s).
--------------- Metrics (K-Means) ---------------
--------------------------------------------------
INFO: Argument combination 16/28.
INFO: Epoch 1: Klassik.
INFO: Epoch 2: Realismus.
/home/paulus/.conda/envs/bertpoems/lib/python3.8/site-packages/sklearn/utils/deprecation.py:143: FutureWarning: The sklearn.metrics.classification module is  deprecated in version 0.22 and will be removed in version 0.24. The corresponding classes / functions should instead be imported from sklearn.metrics. Anything that cannot be imported from sklearn.metrics is now part of the private API.
  warnings.warn(message, FutureWarning)
INFO: Read 'poems' corpus.
INFO: Added epoch division by 'amann'.
INFO: Used epochs are 'Klassik' and 'Realismus'.
INFO: Count of different poets: 100
INFO: Count of poets of epoch 'Klassik': 59
INFO: Count of poets of epoch 'Realismus': 49
INFO: Reduce dimensionality to 3.
INFO: Explained variance of the SVD step: 9%
/home/paulus/.conda/envs/bertpoems/lib/python3.8/site-packages/sklearn/cluster/_kmeans.py:973: FutureWarning: 'n_jobs' was deprecated in version 0.23 and will be removed in 0.25.
  warnings.warn("'n_jobs' was deprecated in version 0.23 and will be"
INFO: Adjusted Rand Score for K-Means: 0.10280330833348403.
INFO: V-measure for K-Means: 0.08866623593330426.
INFO: Update results file.
INFO: Run-time K-Means: 0.0502316951751709 seconds
INFO: Run-time: 0.16666666666666666 minute(s).
--------------- Metrics (K-Means) ---------------
--------------------------------------------------
INFO: Argument combination 17/28.
INFO: Epoch 1: Klassik.
INFO: Epoch 2: Naturalismus.
/home/paulus/.conda/envs/bertpoems/lib/python3.8/site-packages/sklearn/utils/deprecation.py:143: FutureWarning: The sklearn.metrics.classification module is  deprecated in version 0.22 and will be removed in version 0.24. The corresponding classes / functions should instead be imported from sklearn.metrics. Anything that cannot be imported from sklearn.metrics is now part of the private API.
  warnings.warn(message, FutureWarning)
INFO: Read 'poems' corpus.
INFO: Added epoch division by 'amann'.
INFO: Used epochs are 'Klassik' and 'Naturalismus'.
INFO: Count of different poets: 81
INFO: Count of poets of epoch 'Klassik': 59
INFO: Count of poets of epoch 'Naturalismus': 22
INFO: Reduce dimensionality to 3.
INFO: Explained variance of the SVD step: 9%
/home/paulus/.conda/envs/bertpoems/lib/python3.8/site-packages/sklearn/cluster/_kmeans.py:973: FutureWarning: 'n_jobs' was deprecated in version 0.23 and will be removed in 0.25.
  warnings.warn("'n_jobs' was deprecated in version 0.23 and will be"
INFO: Adjusted Rand Score for K-Means: 0.11922913729623191.
INFO: V-measure for K-Means: 0.15222844013299072.
INFO: Update results file.
INFO: Run-time K-Means: 0.042446136474609375 seconds
INFO: Run-time: 0.16666666666666666 minute(s).
--------------- Metrics (K-Means) ---------------
--------------------------------------------------
INFO: Argument combination 18/28.
INFO: Epoch 1: Klassik.
INFO: Epoch 2: Expressionismus.
/home/paulus/.conda/envs/bertpoems/lib/python3.8/site-packages/sklearn/utils/deprecation.py:143: FutureWarning: The sklearn.metrics.classification module is  deprecated in version 0.22 and will be removed in version 0.24. The corresponding classes / functions should instead be imported from sklearn.metrics. Anything that cannot be imported from sklearn.metrics is now part of the private API.
  warnings.warn(message, FutureWarning)
INFO: Read 'poems' corpus.
INFO: Added epoch division by 'amann'.
INFO: Used epochs are 'Klassik' and 'Expressionismus'.
INFO: Count of different poets: 74
INFO: Count of poets of epoch 'Klassik': 59
INFO: Count of poets of epoch 'Expressionismus': 15
INFO: Reduce dimensionality to 3.
INFO: Explained variance of the SVD step: 10%
/home/paulus/.conda/envs/bertpoems/lib/python3.8/site-packages/sklearn/cluster/_kmeans.py:973: FutureWarning: 'n_jobs' was deprecated in version 0.23 and will be removed in 0.25.
  warnings.warn("'n_jobs' was deprecated in version 0.23 and will be"
INFO: Adjusted Rand Score for K-Means: 0.2812956438141073.
INFO: V-measure for K-Means: 0.3454754212147335.
INFO: Update results file.
INFO: Run-time K-Means: 0.051726579666137695 seconds
INFO: Run-time: 0.15 minute(s).
--------------- Metrics (K-Means) ---------------
--------------------------------------------------
INFO: Argument combination 19/28.
INFO: Epoch 1: Romantik.
INFO: Epoch 2: Biedermeier.
/home/paulus/.conda/envs/bertpoems/lib/python3.8/site-packages/sklearn/utils/deprecation.py:143: FutureWarning: The sklearn.metrics.classification module is  deprecated in version 0.22 and will be removed in version 0.24. The corresponding classes / functions should instead be imported from sklearn.metrics. Anything that cannot be imported from sklearn.metrics is now part of the private API.
  warnings.warn(message, FutureWarning)
INFO: Read 'poems' corpus.
INFO: Added epoch division by 'amann'.
INFO: Used epochs are 'Romantik' and 'Biedermeier'.
INFO: Count of different poets: 33
INFO: Count of poets of epoch 'Romantik': 13
INFO: Count of poets of epoch 'Biedermeier': 28
INFO: Reduce dimensionality to 3.
INFO: Explained variance of the SVD step: 12%
/home/paulus/.conda/envs/bertpoems/lib/python3.8/site-packages/sklearn/cluster/_kmeans.py:973: FutureWarning: 'n_jobs' was deprecated in version 0.23 and will be removed in 0.25.
  warnings.warn("'n_jobs' was deprecated in version 0.23 and will be"
INFO: Adjusted Rand Score for K-Means: -0.027201145311381538.
INFO: V-measure for K-Means: 0.010467703668871054.
INFO: Update results file.
INFO: Run-time K-Means: 0.043599843978881836 seconds
INFO: Run-time: 0.13333333333333333 minute(s).
--------------- Metrics (K-Means) ---------------
--------------------------------------------------
INFO: Argument combination 20/28.
INFO: Epoch 1: Romantik.
INFO: Epoch 2: Realismus.
/home/paulus/.conda/envs/bertpoems/lib/python3.8/site-packages/sklearn/utils/deprecation.py:143: FutureWarning: The sklearn.metrics.classification module is  deprecated in version 0.22 and will be removed in version 0.24. The corresponding classes / functions should instead be imported from sklearn.metrics. Anything that cannot be imported from sklearn.metrics is now part of the private API.
  warnings.warn(message, FutureWarning)
INFO: Read 'poems' corpus.
INFO: Added epoch division by 'amann'.
INFO: Used epochs are 'Romantik' and 'Realismus'.
INFO: Count of different poets: 54
INFO: Count of poets of epoch 'Romantik': 13
INFO: Count of poets of epoch 'Realismus': 49
INFO: Reduce dimensionality to 3.
INFO: Explained variance of the SVD step: 10%
/home/paulus/.conda/envs/bertpoems/lib/python3.8/site-packages/sklearn/cluster/_kmeans.py:973: FutureWarning: 'n_jobs' was deprecated in version 0.23 and will be removed in 0.25.
  warnings.warn("'n_jobs' was deprecated in version 0.23 and will be"
INFO: Adjusted Rand Score for K-Means: -0.01973649877474566.
INFO: V-measure for K-Means: 0.01168402295651427.
INFO: Update results file.
INFO: Run-time K-Means: 0.043401479721069336 seconds
INFO: Run-time: 0.15 minute(s).
--------------- Metrics (K-Means) ---------------
--------------------------------------------------
INFO: Argument combination 21/28.
INFO: Epoch 1: Romantik.
INFO: Epoch 2: Naturalismus.
/home/paulus/.conda/envs/bertpoems/lib/python3.8/site-packages/sklearn/utils/deprecation.py:143: FutureWarning: The sklearn.metrics.classification module is  deprecated in version 0.22 and will be removed in version 0.24. The corresponding classes / functions should instead be imported from sklearn.metrics. Anything that cannot be imported from sklearn.metrics is now part of the private API.
  warnings.warn(message, FutureWarning)
INFO: Read 'poems' corpus.
INFO: Added epoch division by 'amann'.
INFO: Used epochs are 'Romantik' and 'Naturalismus'.
INFO: Count of different poets: 35
INFO: Count of poets of epoch 'Romantik': 13
INFO: Count of poets of epoch 'Naturalismus': 22
INFO: Reduce dimensionality to 3.
INFO: Explained variance of the SVD step: 12%
/home/paulus/.conda/envs/bertpoems/lib/python3.8/site-packages/sklearn/cluster/_kmeans.py:973: FutureWarning: 'n_jobs' was deprecated in version 0.23 and will be removed in 0.25.
  warnings.warn("'n_jobs' was deprecated in version 0.23 and will be"
INFO: Adjusted Rand Score for K-Means: 0.3370850386539335.
INFO: V-measure for K-Means: 0.2532775389070217.
INFO: Update results file.
INFO: Run-time K-Means: 0.042738914489746094 seconds
INFO: Run-time: 0.13333333333333333 minute(s).
--------------- Metrics (K-Means) ---------------
--------------------------------------------------
INFO: Argument combination 22/28.
INFO: Epoch 1: Romantik.
INFO: Epoch 2: Expressionismus.
/home/paulus/.conda/envs/bertpoems/lib/python3.8/site-packages/sklearn/utils/deprecation.py:143: FutureWarning: The sklearn.metrics.classification module is  deprecated in version 0.22 and will be removed in version 0.24. The corresponding classes / functions should instead be imported from sklearn.metrics. Anything that cannot be imported from sklearn.metrics is now part of the private API.
  warnings.warn(message, FutureWarning)
INFO: Read 'poems' corpus.
INFO: Added epoch division by 'amann'.
INFO: Used epochs are 'Romantik' and 'Expressionismus'.
INFO: Count of different poets: 28
INFO: Count of poets of epoch 'Romantik': 13
INFO: Count of poets of epoch 'Expressionismus': 15
INFO: Reduce dimensionality to 3.
INFO: Explained variance of the SVD step: 14%
/home/paulus/.conda/envs/bertpoems/lib/python3.8/site-packages/sklearn/cluster/_kmeans.py:973: FutureWarning: 'n_jobs' was deprecated in version 0.23 and will be removed in 0.25.
  warnings.warn("'n_jobs' was deprecated in version 0.23 and will be"
INFO: Adjusted Rand Score for K-Means: 0.1559909570459684.
INFO: V-measure for K-Means: 0.20006248191872825.
INFO: Update results file.
INFO: Run-time K-Means: 0.043494224548339844 seconds
INFO: Run-time: 0.13333333333333333 minute(s).
--------------- Metrics (K-Means) ---------------
--------------------------------------------------
INFO: Argument combination 23/28.
INFO: Epoch 1: Biedermeier.
INFO: Epoch 2: Realismus.
/home/paulus/.conda/envs/bertpoems/lib/python3.8/site-packages/sklearn/utils/deprecation.py:143: FutureWarning: The sklearn.metrics.classification module is  deprecated in version 0.22 and will be removed in version 0.24. The corresponding classes / functions should instead be imported from sklearn.metrics. Anything that cannot be imported from sklearn.metrics is now part of the private API.
  warnings.warn(message, FutureWarning)
INFO: Read 'poems' corpus.
INFO: Added epoch division by 'amann'.
INFO: Used epochs are 'Biedermeier' and 'Realismus'.
INFO: Count of different poets: 65
INFO: Count of poets of epoch 'Biedermeier': 28
INFO: Count of poets of epoch 'Realismus': 49
INFO: Reduce dimensionality to 3.
INFO: Explained variance of the SVD step: 10%
/home/paulus/.conda/envs/bertpoems/lib/python3.8/site-packages/sklearn/cluster/_kmeans.py:973: FutureWarning: 'n_jobs' was deprecated in version 0.23 and will be removed in 0.25.
  warnings.warn("'n_jobs' was deprecated in version 0.23 and will be"
INFO: Adjusted Rand Score for K-Means: -0.003197804218212355.
INFO: V-measure for K-Means: 0.0016014053670381236.
INFO: Update results file.
INFO: Run-time K-Means: 0.040079593658447266 seconds
INFO: Run-time: 0.15 minute(s).
--------------- Metrics (K-Means) ---------------
--------------------------------------------------
INFO: Argument combination 24/28.
INFO: Epoch 1: Biedermeier.
INFO: Epoch 2: Naturalismus.
/home/paulus/.conda/envs/bertpoems/lib/python3.8/site-packages/sklearn/utils/deprecation.py:143: FutureWarning: The sklearn.metrics.classification module is  deprecated in version 0.22 and will be removed in version 0.24. The corresponding classes / functions should instead be imported from sklearn.metrics. Anything that cannot be imported from sklearn.metrics is now part of the private API.
  warnings.warn(message, FutureWarning)
INFO: Read 'poems' corpus.
INFO: Added epoch division by 'amann'.
INFO: Used epochs are 'Biedermeier' and 'Naturalismus'.
INFO: Count of different poets: 49
INFO: Count of poets of epoch 'Biedermeier': 28
INFO: Count of poets of epoch 'Naturalismus': 22
INFO: Reduce dimensionality to 3.
INFO: Explained variance of the SVD step: 10%
/home/paulus/.conda/envs/bertpoems/lib/python3.8/site-packages/sklearn/cluster/_kmeans.py:973: FutureWarning: 'n_jobs' was deprecated in version 0.23 and will be removed in 0.25.
  warnings.warn("'n_jobs' was deprecated in version 0.23 and will be"
INFO: Adjusted Rand Score for K-Means: 0.2554858934169279.
INFO: V-measure for K-Means: 0.19994165326431662.
INFO: Update results file.
INFO: Run-time K-Means: 0.04734230041503906 seconds
INFO: Run-time: 0.15 minute(s).
--------------- Metrics (K-Means) ---------------
--------------------------------------------------
INFO: Argument combination 25/28.
INFO: Epoch 1: Biedermeier.
INFO: Epoch 2: Expressionismus.
/home/paulus/.conda/envs/bertpoems/lib/python3.8/site-packages/sklearn/utils/deprecation.py:143: FutureWarning: The sklearn.metrics.classification module is  deprecated in version 0.22 and will be removed in version 0.24. The corresponding classes / functions should instead be imported from sklearn.metrics. Anything that cannot be imported from sklearn.metrics is now part of the private API.
  warnings.warn(message, FutureWarning)
INFO: Read 'poems' corpus.
INFO: Added epoch division by 'amann'.
INFO: Used epochs are 'Biedermeier' and 'Expressionismus'.
INFO: Count of different poets: 43
INFO: Count of poets of epoch 'Biedermeier': 28
INFO: Count of poets of epoch 'Expressionismus': 15
INFO: Reduce dimensionality to 3.
INFO: Explained variance of the SVD step: 12%
/home/paulus/.conda/envs/bertpoems/lib/python3.8/site-packages/sklearn/cluster/_kmeans.py:973: FutureWarning: 'n_jobs' was deprecated in version 0.23 and will be removed in 0.25.
  warnings.warn("'n_jobs' was deprecated in version 0.23 and will be"
INFO: Adjusted Rand Score for K-Means: 0.5790829469345699.
INFO: V-measure for K-Means: 0.4935231939706082.
INFO: Update results file.
INFO: Run-time K-Means: 0.038431644439697266 seconds
INFO: Run-time: 0.13333333333333333 minute(s).
--------------- Metrics (K-Means) ---------------
--------------------------------------------------
INFO: Argument combination 26/28.
INFO: Epoch 1: Realismus.
INFO: Epoch 2: Naturalismus.
/home/paulus/.conda/envs/bertpoems/lib/python3.8/site-packages/sklearn/utils/deprecation.py:143: FutureWarning: The sklearn.metrics.classification module is  deprecated in version 0.22 and will be removed in version 0.24. The corresponding classes / functions should instead be imported from sklearn.metrics. Anything that cannot be imported from sklearn.metrics is now part of the private API.
  warnings.warn(message, FutureWarning)
INFO: Read 'poems' corpus.
INFO: Added epoch division by 'amann'.
INFO: Used epochs are 'Realismus' and 'Naturalismus'.
INFO: Count of different poets: 64
INFO: Count of poets of epoch 'Realismus': 49
INFO: Count of poets of epoch 'Naturalismus': 22
INFO: Reduce dimensionality to 3.
INFO: Explained variance of the SVD step: 9%
/home/paulus/.conda/envs/bertpoems/lib/python3.8/site-packages/sklearn/cluster/_kmeans.py:973: FutureWarning: 'n_jobs' was deprecated in version 0.23 and will be removed in 0.25.
  warnings.warn("'n_jobs' was deprecated in version 0.23 and will be"
INFO: Adjusted Rand Score for K-Means: 0.15271766802443992.
INFO: V-measure for K-Means: 0.10744444098835094.
INFO: Update results file.
INFO: Run-time K-Means: 0.05282258987426758 seconds
INFO: Run-time: 0.15 minute(s).
--------------- Metrics (K-Means) ---------------
--------------------------------------------------
INFO: Argument combination 27/28.
INFO: Epoch 1: Realismus.
INFO: Epoch 2: Expressionismus.
/home/paulus/.conda/envs/bertpoems/lib/python3.8/site-packages/sklearn/utils/deprecation.py:143: FutureWarning: The sklearn.metrics.classification module is  deprecated in version 0.22 and will be removed in version 0.24. The corresponding classes / functions should instead be imported from sklearn.metrics. Anything that cannot be imported from sklearn.metrics is now part of the private API.
  warnings.warn(message, FutureWarning)
INFO: Read 'poems' corpus.
INFO: Added epoch division by 'amann'.
INFO: Used epochs are 'Realismus' and 'Expressionismus'.
INFO: Count of different poets: 62
INFO: Count of poets of epoch 'Realismus': 49
INFO: Count of poets of epoch 'Expressionismus': 15
INFO: Reduce dimensionality to 3.
INFO: Explained variance of the SVD step: 10%
/home/paulus/.conda/envs/bertpoems/lib/python3.8/site-packages/sklearn/cluster/_kmeans.py:973: FutureWarning: 'n_jobs' was deprecated in version 0.23 and will be removed in 0.25.
  warnings.warn("'n_jobs' was deprecated in version 0.23 and will be"
INFO: Adjusted Rand Score for K-Means: 0.05144198110294572.
INFO: V-measure for K-Means: 0.08491247098254491.
INFO: Update results file.
INFO: Run-time K-Means: 0.04734325408935547 seconds
INFO: Run-time: 0.15 minute(s).
--------------- Metrics (K-Means) ---------------
--------------------------------------------------
INFO: Argument combination 28/28.
INFO: Epoch 1: Naturalismus.
INFO: Epoch 2: Expressionismus.
/home/paulus/.conda/envs/bertpoems/lib/python3.8/site-packages/sklearn/utils/deprecation.py:143: FutureWarning: The sklearn.metrics.classification module is  deprecated in version 0.22 and will be removed in version 0.24. The corresponding classes / functions should instead be imported from sklearn.metrics. Anything that cannot be imported from sklearn.metrics is now part of the private API.
  warnings.warn(message, FutureWarning)
INFO: Read 'poems' corpus.
INFO: Added epoch division by 'amann'.
INFO: Used epochs are 'Naturalismus' and 'Expressionismus'.
INFO: Count of different poets: 31
INFO: Count of poets of epoch 'Naturalismus': 22
INFO: Count of poets of epoch 'Expressionismus': 15
INFO: Reduce dimensionality to 3.
INFO: Explained variance of the SVD step: 12%
/home/paulus/.conda/envs/bertpoems/lib/python3.8/site-packages/sklearn/cluster/_kmeans.py:973: FutureWarning: 'n_jobs' was deprecated in version 0.23 and will be removed in 0.25.
  warnings.warn("'n_jobs' was deprecated in version 0.23 and will be"
INFO: Adjusted Rand Score for K-Means: 0.24256701868399677.
INFO: V-measure for K-Means: 0.1845076145476415.
INFO: Update results file.
INFO: Run-time K-Means: 0.04482531547546387 seconds
INFO: Run-time: 0.13333333333333333 minute(s).
--------------- Metrics (K-Means) ---------------
--------------------------------------------------
INFO: Overall run-time: 5.266666666666667 minute(s).
--------------------------------------------
--------------------------------------------


--------------------------------------------
--------------------------------------------


--------------------------------------------
--------------------------------------------


--------------------------------------------
--------------------------------------------


--------------------------------------------
--------------------------------------------


--------------------------------------------
--------------------------------------------


--------------------------------------------
--------------------------------------------


--------------------------------------------
--------------------------------------------


--------------------------------------------
--------------------------------------------


--------------------------------------------
--------------------------------------------


--------------------------------------------
--------------------------------------------


--------------------------------------------
--------------------------------------------


--------------------------------------------
--------------------------------------------


--------------------------------------------
--------------------------------------------


--------------------------------------------
--------------------------------------------


--------------------------------------------
--------------------------------------------


--------------------------------------------
--------------------------------------------


--------------------------------------------
--------------------------------------------


--------------------------------------------
--------------------------------------------


--------------------------------------------
--------------------------------------------


--------------------------------------------
--------------------------------------------


--------------------------------------------
--------------------------------------------


--------------------------------------------
--------------------------------------------


--------------------------------------------
--------------------------------------------


--------------------------------------------
--------------------------------------------


--------------------------------------------
--------------------------------------------


--------------------------------------------
--------------------------------------------


--------------------------------------------
--------------------------------------------


