INFO: Clustering for all epoch combinations.
INFO: Argument combination 1/21.
INFO: Epoch 1: Barock.
INFO: Epoch 2: Frühaufklärung.
INFO: Read 'poems' corpus.
INFO: Added epoch division by 'brenner'.
INFO: Used epochs are 'Barock' and 'Frühaufklärung'.
/home/paulus/.conda/envs/bertpoems/lib/python3.8/site-packages/sklearn/cluster/_kmeans.py:973: FutureWarning: 'n_jobs' was deprecated in version 0.23 and will be removed in 0.25.
  warnings.warn("'n_jobs' was deprecated in version 0.23 and will be"
INFO: Adjusted Rand Score for K-Means: 0.08198353468759408.
INFO: V-measure for K-Means: 0.18590470082019442.
INFO: Run-time K-Means: 0.21156668663024902 seconds
INFO: Run-time: 0.08333333333333333 minute(s).
--------------- Metrics (K-Means) ---------------
--------------------------------------------------
INFO: Argument combination 2/21.
INFO: Epoch 1: Barock.
INFO: Epoch 2: Aufklärung.
INFO: Read 'poems' corpus.
INFO: Added epoch division by 'brenner'.
INFO: Used epochs are 'Barock' and 'Aufklärung'.
/home/paulus/.conda/envs/bertpoems/lib/python3.8/site-packages/sklearn/cluster/_kmeans.py:973: FutureWarning: 'n_jobs' was deprecated in version 0.23 and will be removed in 0.25.
  warnings.warn("'n_jobs' was deprecated in version 0.23 and will be"
INFO: Adjusted Rand Score for K-Means: 0.7477985442036121.
INFO: V-measure for K-Means: 0.7072948865226826.
INFO: Run-time K-Means: 0.20259475708007812 seconds
INFO: Run-time: 0.08333333333333333 minute(s).
--------------- Metrics (K-Means) ---------------
--------------------------------------------------
INFO: Argument combination 3/21.
INFO: Epoch 1: Barock.
INFO: Epoch 2: Biedermeier.
INFO: Read 'poems' corpus.
INFO: Added epoch division by 'brenner'.
INFO: Used epochs are 'Barock' and 'Biedermeier'.
/home/paulus/.conda/envs/bertpoems/lib/python3.8/site-packages/sklearn/cluster/_kmeans.py:973: FutureWarning: 'n_jobs' was deprecated in version 0.23 and will be removed in 0.25.
  warnings.warn("'n_jobs' was deprecated in version 0.23 and will be"
INFO: Adjusted Rand Score for K-Means: 0.7344139650872819.
INFO: V-measure for K-Means: 0.6977278387155863.
INFO: Run-time K-Means: 0.23220467567443848 seconds
INFO: Run-time: 0.08333333333333333 minute(s).
--------------- Metrics (K-Means) ---------------
--------------------------------------------------
INFO: Argument combination 4/21.
INFO: Epoch 1: Barock.
INFO: Epoch 2: Realismus.
INFO: Read 'poems' corpus.
INFO: Added epoch division by 'brenner'.
INFO: Used epochs are 'Barock' and 'Realismus'.
/home/paulus/.conda/envs/bertpoems/lib/python3.8/site-packages/sklearn/cluster/_kmeans.py:973: FutureWarning: 'n_jobs' was deprecated in version 0.23 and will be removed in 0.25.
  warnings.warn("'n_jobs' was deprecated in version 0.23 and will be"
INFO: Adjusted Rand Score for K-Means: 0.8500647636697021.
INFO: V-measure for K-Means: 0.7875056753349918.
INFO: Run-time K-Means: 0.2411801815032959 seconds
INFO: Run-time: 0.1 minute(s).
--------------- Metrics (K-Means) ---------------
--------------------------------------------------
INFO: Argument combination 5/21.
INFO: Epoch 1: Barock.
INFO: Epoch 2: Moderne.
INFO: Read 'poems' corpus.
INFO: Added epoch division by 'brenner'.
INFO: Used epochs are 'Barock' and 'Moderne'.
/home/paulus/.conda/envs/bertpoems/lib/python3.8/site-packages/sklearn/cluster/_kmeans.py:973: FutureWarning: 'n_jobs' was deprecated in version 0.23 and will be removed in 0.25.
  warnings.warn("'n_jobs' was deprecated in version 0.23 and will be"
INFO: Adjusted Rand Score for K-Means: -0.11567567567567581.
INFO: V-measure for K-Means: 0.08824536559212016.
INFO: Run-time K-Means: 0.16905832290649414 seconds
INFO: Run-time: 0.06666666666666667 minute(s).
--------------- Metrics (K-Means) ---------------
--------------------------------------------------
INFO: Argument combination 6/21.
INFO: Epoch 1: Barock.
INFO: Epoch 2: Weimarer_Republik.
INFO: Read 'poems' corpus.
INFO: Added epoch division by 'brenner'.
INFO: Used epochs are 'Barock' and 'Weimarer_Republik'.
/home/paulus/.conda/envs/bertpoems/lib/python3.8/site-packages/sklearn/cluster/_kmeans.py:973: FutureWarning: 'n_jobs' was deprecated in version 0.23 and will be removed in 0.25.
  warnings.warn("'n_jobs' was deprecated in version 0.23 and will be"
INFO: Adjusted Rand Score for K-Means: -0.06246851385390421.
INFO: V-measure for K-Means: 0.03894326557902248.
INFO: Run-time K-Means: 0.16337180137634277 seconds
INFO: Run-time: 0.06666666666666667 minute(s).
--------------- Metrics (K-Means) ---------------
--------------------------------------------------
INFO: Argument combination 7/21.
INFO: Epoch 1: Frühaufklärung.
INFO: Epoch 2: Aufklärung.
INFO: Read 'poems' corpus.
INFO: Added epoch division by 'brenner'.
INFO: Used epochs are 'Frühaufklärung' and 'Aufklärung'.
/home/paulus/.conda/envs/bertpoems/lib/python3.8/site-packages/sklearn/cluster/_kmeans.py:973: FutureWarning: 'n_jobs' was deprecated in version 0.23 and will be removed in 0.25.
  warnings.warn("'n_jobs' was deprecated in version 0.23 and will be"
INFO: Adjusted Rand Score for K-Means: 0.05429654626704508.
INFO: V-measure for K-Means: 0.09258800891948457.
INFO: Run-time K-Means: 0.20988082885742188 seconds
INFO: Run-time: 0.08333333333333333 minute(s).
--------------- Metrics (K-Means) ---------------
--------------------------------------------------
INFO: Argument combination 8/21.
INFO: Epoch 1: Frühaufklärung.
INFO: Epoch 2: Biedermeier.
INFO: Read 'poems' corpus.
INFO: Added epoch division by 'brenner'.
INFO: Used epochs are 'Frühaufklärung' and 'Biedermeier'.
/home/paulus/.conda/envs/bertpoems/lib/python3.8/site-packages/sklearn/cluster/_kmeans.py:973: FutureWarning: 'n_jobs' was deprecated in version 0.23 and will be removed in 0.25.
  warnings.warn("'n_jobs' was deprecated in version 0.23 and will be"
INFO: Adjusted Rand Score for K-Means: 0.07411863794970519.
INFO: V-measure for K-Means: 0.2250070828517852.
INFO: Run-time K-Means: 0.2307579517364502 seconds
INFO: Run-time: 0.1 minute(s).
--------------- Metrics (K-Means) ---------------
--------------------------------------------------
INFO: Argument combination 9/21.
INFO: Epoch 1: Frühaufklärung.
INFO: Epoch 2: Realismus.
INFO: Read 'poems' corpus.
INFO: Added epoch division by 'brenner'.
INFO: Used epochs are 'Frühaufklärung' and 'Realismus'.
/home/paulus/.conda/envs/bertpoems/lib/python3.8/site-packages/sklearn/cluster/_kmeans.py:973: FutureWarning: 'n_jobs' was deprecated in version 0.23 and will be removed in 0.25.
  warnings.warn("'n_jobs' was deprecated in version 0.23 and will be"
INFO: Adjusted Rand Score for K-Means: 0.6943773206862807.
INFO: V-measure for K-Means: 0.6050998908859294.
INFO: Run-time K-Means: 0.2705695629119873 seconds
INFO: Run-time: 0.11666666666666667 minute(s).
--------------- Metrics (K-Means) ---------------
--------------------------------------------------
INFO: Argument combination 10/21.
INFO: Epoch 1: Frühaufklärung.
INFO: Epoch 2: Moderne.
INFO: Read 'poems' corpus.
INFO: Added epoch division by 'brenner'.
INFO: Used epochs are 'Frühaufklärung' and 'Moderne'.
/home/paulus/.conda/envs/bertpoems/lib/python3.8/site-packages/sklearn/cluster/_kmeans.py:973: FutureWarning: 'n_jobs' was deprecated in version 0.23 and will be removed in 0.25.
  warnings.warn("'n_jobs' was deprecated in version 0.23 and will be"
INFO: Adjusted Rand Score for K-Means: -0.08875119161105824.
INFO: V-measure for K-Means: 0.10845602715221637.
INFO: Run-time K-Means: 0.18271374702453613 seconds
INFO: Run-time: 0.08333333333333333 minute(s).
--------------- Metrics (K-Means) ---------------
--------------------------------------------------
INFO: Argument combination 11/21.
INFO: Epoch 1: Frühaufklärung.
INFO: Epoch 2: Weimarer_Republik.
INFO: Read 'poems' corpus.
INFO: Added epoch division by 'brenner'.
INFO: Used epochs are 'Frühaufklärung' and 'Weimarer_Republik'.
/home/paulus/.conda/envs/bertpoems/lib/python3.8/site-packages/sklearn/cluster/_kmeans.py:973: FutureWarning: 'n_jobs' was deprecated in version 0.23 and will be removed in 0.25.
  warnings.warn("'n_jobs' was deprecated in version 0.23 and will be"
INFO: Adjusted Rand Score for K-Means: -0.04693918113157556.
INFO: V-measure for K-Means: 0.0430285029267372.
INFO: Run-time K-Means: 0.1767864227294922 seconds
INFO: Run-time: 0.08333333333333333 minute(s).
--------------- Metrics (K-Means) ---------------
--------------------------------------------------
INFO: Argument combination 12/21.
INFO: Epoch 1: Aufklärung.
INFO: Epoch 2: Biedermeier.
INFO: Read 'poems' corpus.
INFO: Added epoch division by 'brenner'.
INFO: Used epochs are 'Aufklärung' and 'Biedermeier'.
/home/paulus/.conda/envs/bertpoems/lib/python3.8/site-packages/sklearn/cluster/_kmeans.py:973: FutureWarning: 'n_jobs' was deprecated in version 0.23 and will be removed in 0.25.
  warnings.warn("'n_jobs' was deprecated in version 0.23 and will be"
INFO: Adjusted Rand Score for K-Means: 0.15375067783334334.
INFO: V-measure for K-Means: 0.16188657299963374.
INFO: Run-time K-Means: 0.21932554244995117 seconds
INFO: Run-time: 0.08333333333333333 minute(s).
--------------- Metrics (K-Means) ---------------
--------------------------------------------------
INFO: Argument combination 13/21.
INFO: Epoch 1: Aufklärung.
INFO: Epoch 2: Realismus.
INFO: Read 'poems' corpus.
INFO: Added epoch division by 'brenner'.
INFO: Used epochs are 'Aufklärung' and 'Realismus'.
/home/paulus/.conda/envs/bertpoems/lib/python3.8/site-packages/sklearn/cluster/_kmeans.py:973: FutureWarning: 'n_jobs' was deprecated in version 0.23 and will be removed in 0.25.
  warnings.warn("'n_jobs' was deprecated in version 0.23 and will be"
INFO: Adjusted Rand Score for K-Means: 0.5379238755082241.
INFO: V-measure for K-Means: 0.4451503052194879.
INFO: Run-time K-Means: 0.2595365047454834 seconds
INFO: Run-time: 0.1 minute(s).
--------------- Metrics (K-Means) ---------------
--------------------------------------------------
INFO: Argument combination 14/21.
INFO: Epoch 1: Aufklärung.
INFO: Epoch 2: Moderne.
INFO: Read 'poems' corpus.
INFO: Added epoch division by 'brenner'.
INFO: Used epochs are 'Aufklärung' and 'Moderne'.
/home/paulus/.conda/envs/bertpoems/lib/python3.8/site-packages/sklearn/cluster/_kmeans.py:973: FutureWarning: 'n_jobs' was deprecated in version 0.23 and will be removed in 0.25.
  warnings.warn("'n_jobs' was deprecated in version 0.23 and will be"
INFO: Adjusted Rand Score for K-Means: 0.20834176958898568.
INFO: V-measure for K-Means: 0.2800294321579885.
INFO: Run-time K-Means: 0.16127681732177734 seconds
INFO: Run-time: 0.06666666666666667 minute(s).
--------------- Metrics (K-Means) ---------------
--------------------------------------------------
INFO: Argument combination 15/21.
INFO: Epoch 1: Aufklärung.
INFO: Epoch 2: Weimarer_Republik.
INFO: Read 'poems' corpus.
INFO: Added epoch division by 'brenner'.
INFO: Used epochs are 'Aufklärung' and 'Weimarer_Republik'.
/home/paulus/.conda/envs/bertpoems/lib/python3.8/site-packages/sklearn/cluster/_kmeans.py:973: FutureWarning: 'n_jobs' was deprecated in version 0.23 and will be removed in 0.25.
  warnings.warn("'n_jobs' was deprecated in version 0.23 and will be"
INFO: Adjusted Rand Score for K-Means: -0.06382211971602571.
INFO: V-measure for K-Means: 0.028794643281766997.
INFO: Run-time K-Means: 0.1469590663909912 seconds
INFO: Run-time: 0.06666666666666667 minute(s).
--------------- Metrics (K-Means) ---------------
--------------------------------------------------
INFO: Argument combination 16/21.
INFO: Epoch 1: Biedermeier.
INFO: Epoch 2: Realismus.
INFO: Read 'poems' corpus.
INFO: Added epoch division by 'brenner'.
INFO: Used epochs are 'Biedermeier' and 'Realismus'.
/home/paulus/.conda/envs/bertpoems/lib/python3.8/site-packages/sklearn/cluster/_kmeans.py:973: FutureWarning: 'n_jobs' was deprecated in version 0.23 and will be removed in 0.25.
  warnings.warn("'n_jobs' was deprecated in version 0.23 and will be"
INFO: Adjusted Rand Score for K-Means: 0.036251771167277666.
INFO: V-measure for K-Means: 0.0335936058775957.
INFO: Run-time K-Means: 0.23572683334350586 seconds
INFO: Run-time: 0.11666666666666667 minute(s).
--------------- Metrics (K-Means) ---------------
--------------------------------------------------
INFO: Argument combination 17/21.
INFO: Epoch 1: Biedermeier.
INFO: Epoch 2: Moderne.
INFO: Read 'poems' corpus.
INFO: Added epoch division by 'brenner'.
INFO: Used epochs are 'Biedermeier' and 'Moderne'.
/home/paulus/.conda/envs/bertpoems/lib/python3.8/site-packages/sklearn/cluster/_kmeans.py:973: FutureWarning: 'n_jobs' was deprecated in version 0.23 and will be removed in 0.25.
  warnings.warn("'n_jobs' was deprecated in version 0.23 and will be"
INFO: Adjusted Rand Score for K-Means: 0.12558692085761156.
INFO: V-measure for K-Means: 0.13903335124198285.
INFO: Run-time K-Means: 0.14765191078186035 seconds
INFO: Run-time: 0.08333333333333333 minute(s).
--------------- Metrics (K-Means) ---------------
--------------------------------------------------
INFO: Argument combination 18/21.
INFO: Epoch 1: Biedermeier.
INFO: Epoch 2: Weimarer_Republik.
INFO: Read 'poems' corpus.
INFO: Added epoch division by 'brenner'.
INFO: Used epochs are 'Biedermeier' and 'Weimarer_Republik'.
/home/paulus/.conda/envs/bertpoems/lib/python3.8/site-packages/sklearn/cluster/_kmeans.py:973: FutureWarning: 'n_jobs' was deprecated in version 0.23 and will be removed in 0.25.
  warnings.warn("'n_jobs' was deprecated in version 0.23 and will be"
INFO: Adjusted Rand Score for K-Means: 0.18519651322832242.
INFO: V-measure for K-Means: 0.07386460512045824.
INFO: Run-time K-Means: 0.17855048179626465 seconds
INFO: Run-time: 0.08333333333333333 minute(s).
--------------- Metrics (K-Means) ---------------
--------------------------------------------------
INFO: Argument combination 19/21.
INFO: Epoch 1: Realismus.
INFO: Epoch 2: Moderne.
INFO: Read 'poems' corpus.
INFO: Added epoch division by 'brenner'.
INFO: Used epochs are 'Realismus' and 'Moderne'.
/home/paulus/.conda/envs/bertpoems/lib/python3.8/site-packages/sklearn/cluster/_kmeans.py:973: FutureWarning: 'n_jobs' was deprecated in version 0.23 and will be removed in 0.25.
  warnings.warn("'n_jobs' was deprecated in version 0.23 and will be"
INFO: Adjusted Rand Score for K-Means: 0.08618699499807615.
INFO: V-measure for K-Means: 0.09499842064878279.
INFO: Run-time K-Means: 0.19817209243774414 seconds
INFO: Run-time: 0.08333333333333333 minute(s).
--------------- Metrics (K-Means) ---------------
--------------------------------------------------
INFO: Argument combination 20/21.
INFO: Epoch 1: Realismus.
INFO: Epoch 2: Weimarer_Republik.
INFO: Read 'poems' corpus.
INFO: Added epoch division by 'brenner'.
INFO: Used epochs are 'Realismus' and 'Weimarer_Republik'.
/home/paulus/.conda/envs/bertpoems/lib/python3.8/site-packages/sklearn/cluster/_kmeans.py:973: FutureWarning: 'n_jobs' was deprecated in version 0.23 and will be removed in 0.25.
  warnings.warn("'n_jobs' was deprecated in version 0.23 and will be"
INFO: Adjusted Rand Score for K-Means: -0.03443800717948207.
INFO: V-measure for K-Means: 0.024115738832547275.
INFO: Run-time K-Means: 0.18984389305114746 seconds
INFO: Run-time: 0.08333333333333333 minute(s).
--------------- Metrics (K-Means) ---------------
--------------------------------------------------
INFO: Argument combination 21/21.
INFO: Epoch 1: Moderne.
INFO: Epoch 2: Weimarer_Republik.
INFO: Read 'poems' corpus.
INFO: Added epoch division by 'brenner'.
INFO: Used epochs are 'Moderne' and 'Weimarer_Republik'.
/home/paulus/.conda/envs/bertpoems/lib/python3.8/site-packages/sklearn/cluster/_kmeans.py:973: FutureWarning: 'n_jobs' was deprecated in version 0.23 and will be removed in 0.25.
  warnings.warn("'n_jobs' was deprecated in version 0.23 and will be"
INFO: Adjusted Rand Score for K-Means: 0.024096385542168593.
INFO: V-measure for K-Means: 0.25612715585086976.
INFO: Run-time K-Means: 0.11673474311828613 seconds
INFO: Run-time: 0.05 minute(s).
--------------- Metrics (K-Means) ---------------
--------------------------------------------------
INFO: Overall run-time: 2.4166666666666665 minute(s).
--------------------------------------------
--------------------------------------------


--------------------------------------------
--------------------------------------------


--------------------------------------------
--------------------------------------------


--------------------------------------------
--------------------------------------------


--------------------------------------------
--------------------------------------------


--------------------------------------------
--------------------------------------------


--------------------------------------------
--------------------------------------------


--------------------------------------------
--------------------------------------------


--------------------------------------------
--------------------------------------------


--------------------------------------------
--------------------------------------------


--------------------------------------------
--------------------------------------------


--------------------------------------------
--------------------------------------------


--------------------------------------------
--------------------------------------------


--------------------------------------------
--------------------------------------------


--------------------------------------------
--------------------------------------------


--------------------------------------------
--------------------------------------------


--------------------------------------------
--------------------------------------------


--------------------------------------------
--------------------------------------------


--------------------------------------------
--------------------------------------------


--------------------------------------------
--------------------------------------------


--------------------------------------------
--------------------------------------------


