INFO: Clustering for all epoch combinations.
INFO: Argument combination 1/28.
INFO: Epoch 1: Barock.
INFO: Epoch 2: Aufklärung.
/home/paulus/.conda/envs/bertpoems/lib/python3.8/site-packages/sklearn/utils/deprecation.py:143: FutureWarning: The sklearn.metrics.classification module is  deprecated in version 0.22 and will be removed in version 0.24. The corresponding classes / functions should instead be imported from sklearn.metrics. Anything that cannot be imported from sklearn.metrics is now part of the private API.
  warnings.warn(message, FutureWarning)
INFO: Read 'poems' corpus.
INFO: Read preload corpus with epoch division by 'amann'.
INFO: Used epochs are 'Barock' and 'Aufklärung'.
INFO: Count of different poets: 90
INFO: Count of poets of epoch 'Barock': 38
INFO: Count of poets of epoch 'Aufklärung': 55
/home/paulus/.conda/envs/bertpoems/lib/python3.8/site-packages/sklearn/cluster/_kmeans.py:973: FutureWarning: 'n_jobs' was deprecated in version 0.23 and will be removed in 0.25.
  warnings.warn("'n_jobs' was deprecated in version 0.23 and will be"
INFO: Adjusted Rand Score for K-Means: 0.44989888776541964.
INFO: V-measure for K-Means: 0.461701417260658.
INFO: Update results file.
INFO: Run-time K-Means: 0.257723331451416 seconds
INFO: Adjusted Rand Score for K-Medoids: 0.36901937922161465.
INFO: V-measure for K-Medoids: 0.3075456440674251.
INFO: Create results file.
INFO: Run-time K-Medoids: 0.038736820220947266 seconds
INFO: Tuning hyperparameters for dbscan.
INFO: Best params for DBSCAN:
eps: 0.5
min_samples: 2
metrics: cosine
INFO: Adjusted Rand Score for DBSCAN: 0.33851084140188187.
INFO: V-measure for DBSCAN: 0.35283600536520365.
INFO: Create results file.
INFO: Run-time DBSCAN: 8.035709857940674 seconds
INFO: Run-time: 0.26666666666666666 minute(s).
--------------- Metrics (K-Means) ---------------
--------------------------------------------------
--------------- Metrics (K-Medoids) ---------------
--------------------------------------------------
--------------- Metrics (DBSCAN) ---------------
------------------------------------------------
INFO: Argument combination 2/28.
INFO: Epoch 1: Barock.
INFO: Epoch 2: Klassik.
/home/paulus/.conda/envs/bertpoems/lib/python3.8/site-packages/sklearn/utils/deprecation.py:143: FutureWarning: The sklearn.metrics.classification module is  deprecated in version 0.22 and will be removed in version 0.24. The corresponding classes / functions should instead be imported from sklearn.metrics. Anything that cannot be imported from sklearn.metrics is now part of the private API.
  warnings.warn(message, FutureWarning)
INFO: Read 'poems' corpus.
INFO: Read preload corpus with epoch division by 'amann'.
INFO: Used epochs are 'Barock' and 'Klassik'.
INFO: Count of different poets: 65
INFO: Count of poets of epoch 'Barock': 38
INFO: Count of poets of epoch 'Klassik': 27
/home/paulus/.conda/envs/bertpoems/lib/python3.8/site-packages/sklearn/cluster/_kmeans.py:973: FutureWarning: 'n_jobs' was deprecated in version 0.23 and will be removed in 0.25.
  warnings.warn("'n_jobs' was deprecated in version 0.23 and will be"
INFO: Adjusted Rand Score for K-Means: 0.3882556629634974.
INFO: V-measure for K-Means: 0.4563104774947044.
INFO: Update results file.
INFO: Run-time K-Means: 0.19025063514709473 seconds
INFO: Adjusted Rand Score for K-Medoids: 0.7115981897240217.
INFO: V-measure for K-Medoids: 0.6785204904022237.
INFO: Update results file.
INFO: Run-time K-Medoids: 0.025110483169555664 seconds
INFO: Tuning hyperparameters for dbscan.
INFO: Best params for DBSCAN:
eps: 0.7
min_samples: 2
metrics: cosine
INFO: Adjusted Rand Score for DBSCAN: 0.44293713347494285.
INFO: V-measure for DBSCAN: 0.4738136883740858.
INFO: Update results file.
INFO: Run-time DBSCAN: 6.553454399108887 seconds
INFO: Run-time: 0.23333333333333334 minute(s).
--------------- Metrics (K-Means) ---------------
--------------------------------------------------
--------------- Metrics (K-Medoids) ---------------
--------------------------------------------------
--------------- Metrics (DBSCAN) ---------------
------------------------------------------------
INFO: Argument combination 3/28.
INFO: Epoch 1: Barock.
INFO: Epoch 2: Romantik.
/home/paulus/.conda/envs/bertpoems/lib/python3.8/site-packages/sklearn/utils/deprecation.py:143: FutureWarning: The sklearn.metrics.classification module is  deprecated in version 0.22 and will be removed in version 0.24. The corresponding classes / functions should instead be imported from sklearn.metrics. Anything that cannot be imported from sklearn.metrics is now part of the private API.
  warnings.warn(message, FutureWarning)
INFO: Read 'poems' corpus.
INFO: Read preload corpus with epoch division by 'amann'.
INFO: Used epochs are 'Barock' and 'Romantik'.
INFO: Count of different poets: 66
INFO: Count of poets of epoch 'Barock': 38
INFO: Count of poets of epoch 'Romantik': 28
/home/paulus/.conda/envs/bertpoems/lib/python3.8/site-packages/sklearn/cluster/_kmeans.py:973: FutureWarning: 'n_jobs' was deprecated in version 0.23 and will be removed in 0.25.
  warnings.warn("'n_jobs' was deprecated in version 0.23 and will be"
INFO: Adjusted Rand Score for K-Means: 0.435816137947405.
INFO: V-measure for K-Means: 0.4861085853993901.
INFO: Update results file.
INFO: Run-time K-Means: 0.20047950744628906 seconds
INFO: Adjusted Rand Score for K-Medoids: 0.7156523859382395.
INFO: V-measure for K-Medoids: 0.6822373725198808.
INFO: Update results file.
INFO: Run-time K-Medoids: 0.0314335823059082 seconds
INFO: Tuning hyperparameters for dbscan.
INFO: Best params for DBSCAN:
eps: 0.7
min_samples: 2
metrics: cosine
INFO: Adjusted Rand Score for DBSCAN: 0.5164076292614572.
INFO: V-measure for DBSCAN: 0.5611822126392595.
INFO: Update results file.
INFO: Run-time DBSCAN: 6.841061353683472 seconds
INFO: Run-time: 0.23333333333333334 minute(s).
--------------- Metrics (K-Means) ---------------
--------------------------------------------------
--------------- Metrics (K-Medoids) ---------------
--------------------------------------------------
--------------- Metrics (DBSCAN) ---------------
------------------------------------------------
INFO: Argument combination 4/28.
INFO: Epoch 1: Barock.
INFO: Epoch 2: Biedermeier.
/home/paulus/.conda/envs/bertpoems/lib/python3.8/site-packages/sklearn/utils/deprecation.py:143: FutureWarning: The sklearn.metrics.classification module is  deprecated in version 0.22 and will be removed in version 0.24. The corresponding classes / functions should instead be imported from sklearn.metrics. Anything that cannot be imported from sklearn.metrics is now part of the private API.
  warnings.warn(message, FutureWarning)
INFO: Read 'poems' corpus.
INFO: Read preload corpus with epoch division by 'amann'.
INFO: Used epochs are 'Barock' and 'Biedermeier'.
INFO: Count of different poets: 65
INFO: Count of poets of epoch 'Barock': 38
INFO: Count of poets of epoch 'Biedermeier': 27
/home/paulus/.conda/envs/bertpoems/lib/python3.8/site-packages/sklearn/cluster/_kmeans.py:973: FutureWarning: 'n_jobs' was deprecated in version 0.23 and will be removed in 0.25.
  warnings.warn("'n_jobs' was deprecated in version 0.23 and will be"
INFO: Adjusted Rand Score for K-Means: 0.3882556629634974.
INFO: V-measure for K-Means: 0.4563104774947044.
INFO: Update results file.
INFO: Run-time K-Means: 0.19052672386169434 seconds
INFO: Adjusted Rand Score for K-Medoids: 0.7115757945532198.
INFO: V-measure for K-Medoids: 0.6248081845550487.
INFO: Update results file.
INFO: Run-time K-Medoids: 0.02832484245300293 seconds
INFO: Tuning hyperparameters for dbscan.
INFO: Best params for DBSCAN:
eps: 0.7
min_samples: 4
metrics: cosine
INFO: Adjusted Rand Score for DBSCAN: 0.4580979665785345.
INFO: V-measure for DBSCAN: 0.5197255769176715.
INFO: Update results file.
INFO: Run-time DBSCAN: 6.5937628746032715 seconds
INFO: Run-time: 0.23333333333333334 minute(s).
--------------- Metrics (K-Means) ---------------
--------------------------------------------------
--------------- Metrics (K-Medoids) ---------------
--------------------------------------------------
--------------- Metrics (DBSCAN) ---------------
------------------------------------------------
INFO: Argument combination 5/28.
INFO: Epoch 1: Barock.
INFO: Epoch 2: Realismus.
/home/paulus/.conda/envs/bertpoems/lib/python3.8/site-packages/sklearn/utils/deprecation.py:143: FutureWarning: The sklearn.metrics.classification module is  deprecated in version 0.22 and will be removed in version 0.24. The corresponding classes / functions should instead be imported from sklearn.metrics. Anything that cannot be imported from sklearn.metrics is now part of the private API.
  warnings.warn(message, FutureWarning)
INFO: Read 'poems' corpus.
INFO: Read preload corpus with epoch division by 'amann'.
INFO: Used epochs are 'Barock' and 'Realismus'.
INFO: Count of different poets: 68
INFO: Count of poets of epoch 'Barock': 38
INFO: Count of poets of epoch 'Realismus': 30
/home/paulus/.conda/envs/bertpoems/lib/python3.8/site-packages/sklearn/cluster/_kmeans.py:973: FutureWarning: 'n_jobs' was deprecated in version 0.23 and will be removed in 0.25.
  warnings.warn("'n_jobs' was deprecated in version 0.23 and will be"
INFO: Adjusted Rand Score for K-Means: 0.6394433342941441.
INFO: V-measure for K-Means: 0.6242543849100642.
INFO: Update results file.
INFO: Run-time K-Means: 0.20933127403259277 seconds
INFO: Adjusted Rand Score for K-Medoids: 0.6860757771580165.
INFO: V-measure for K-Medoids: 0.5878184543401218.
INFO: Update results file.
INFO: Run-time K-Medoids: 0.038028717041015625 seconds
INFO: Tuning hyperparameters for dbscan.
INFO: Best params for DBSCAN:
eps: 0.7
min_samples: 3
metrics: cosine
INFO: Adjusted Rand Score for DBSCAN: 0.4849249006515801.
INFO: V-measure for DBSCAN: 0.4996742971174912.
INFO: Update results file.
INFO: Run-time DBSCAN: 6.6859071254730225 seconds
INFO: Run-time: 0.23333333333333334 minute(s).
--------------- Metrics (K-Means) ---------------
--------------------------------------------------
--------------- Metrics (K-Medoids) ---------------
--------------------------------------------------
--------------- Metrics (DBSCAN) ---------------
------------------------------------------------
INFO: Argument combination 6/28.
INFO: Epoch 1: Barock.
INFO: Epoch 2: Naturalismus.
/home/paulus/.conda/envs/bertpoems/lib/python3.8/site-packages/sklearn/utils/deprecation.py:143: FutureWarning: The sklearn.metrics.classification module is  deprecated in version 0.22 and will be removed in version 0.24. The corresponding classes / functions should instead be imported from sklearn.metrics. Anything that cannot be imported from sklearn.metrics is now part of the private API.
  warnings.warn(message, FutureWarning)
INFO: Read 'poems' corpus.
INFO: Read preload corpus with epoch division by 'amann'.
INFO: Used epochs are 'Barock' and 'Naturalismus'.
INFO: Count of different poets: 56
INFO: Count of poets of epoch 'Barock': 38
INFO: Count of poets of epoch 'Naturalismus': 18
/home/paulus/.conda/envs/bertpoems/lib/python3.8/site-packages/sklearn/cluster/_kmeans.py:973: FutureWarning: 'n_jobs' was deprecated in version 0.23 and will be removed in 0.25.
  warnings.warn("'n_jobs' was deprecated in version 0.23 and will be"
INFO: Adjusted Rand Score for K-Means: 0.7924528301886793.
INFO: V-measure for K-Means: 0.7353954161185915.
INFO: Update results file.
INFO: Run-time K-Means: 0.17938566207885742 seconds
INFO: Adjusted Rand Score for K-Medoids: 0.6091423466349017.
INFO: V-measure for K-Medoids: 0.5190078540219139.
INFO: Update results file.
INFO: Run-time K-Medoids: 0.03085160255432129 seconds
INFO: Tuning hyperparameters for dbscan.
INFO: Best params for DBSCAN:
eps: 0.7
min_samples: 2
metrics: cosine
INFO: Adjusted Rand Score for DBSCAN: 0.451175156170997.
INFO: V-measure for DBSCAN: 0.48169652590059053.
INFO: Update results file.
INFO: Run-time DBSCAN: 6.203654050827026 seconds
INFO: Run-time: 0.21666666666666667 minute(s).
--------------- Metrics (K-Means) ---------------
--------------------------------------------------
--------------- Metrics (K-Medoids) ---------------
--------------------------------------------------
--------------- Metrics (DBSCAN) ---------------
------------------------------------------------
INFO: Argument combination 7/28.
INFO: Epoch 1: Barock.
INFO: Epoch 2: Expressionismus.
/home/paulus/.conda/envs/bertpoems/lib/python3.8/site-packages/sklearn/utils/deprecation.py:143: FutureWarning: The sklearn.metrics.classification module is  deprecated in version 0.22 and will be removed in version 0.24. The corresponding classes / functions should instead be imported from sklearn.metrics. Anything that cannot be imported from sklearn.metrics is now part of the private API.
  warnings.warn(message, FutureWarning)
INFO: Read 'poems' corpus.
INFO: Read preload corpus with epoch division by 'amann'.
INFO: Used epochs are 'Barock' and 'Expressionismus'.
INFO: Count of different poets: 50
INFO: Count of poets of epoch 'Barock': 38
INFO: Count of poets of epoch 'Expressionismus': 12
/home/paulus/.conda/envs/bertpoems/lib/python3.8/site-packages/sklearn/cluster/_kmeans.py:973: FutureWarning: 'n_jobs' was deprecated in version 0.23 and will be removed in 0.25.
  warnings.warn("'n_jobs' was deprecated in version 0.23 and will be"
INFO: Adjusted Rand Score for K-Means: 0.5231816656278467.
INFO: V-measure for K-Means: 0.5177883908057033.
INFO: Update results file.
INFO: Run-time K-Means: 0.17829036712646484 seconds
INFO: Adjusted Rand Score for K-Medoids: 0.7736943907156673.
INFO: V-measure for K-Medoids: 0.708368571637276.
INFO: Update results file.
INFO: Run-time K-Medoids: 0.022891521453857422 seconds
INFO: Tuning hyperparameters for dbscan.
INFO: Best params for DBSCAN:
eps: 0.7
min_samples: 2
metrics: cosine
INFO: Adjusted Rand Score for DBSCAN: 0.3547563609840941.
INFO: V-measure for DBSCAN: 0.3981408465292809.
INFO: Update results file.
INFO: Run-time DBSCAN: 5.984716415405273 seconds
INFO: Run-time: 0.21666666666666667 minute(s).
--------------- Metrics (K-Means) ---------------
--------------------------------------------------
--------------- Metrics (K-Medoids) ---------------
--------------------------------------------------
--------------- Metrics (DBSCAN) ---------------
------------------------------------------------
INFO: Argument combination 8/28.
INFO: Epoch 1: Aufklärung.
INFO: Epoch 2: Klassik.
/home/paulus/.conda/envs/bertpoems/lib/python3.8/site-packages/sklearn/utils/deprecation.py:143: FutureWarning: The sklearn.metrics.classification module is  deprecated in version 0.22 and will be removed in version 0.24. The corresponding classes / functions should instead be imported from sklearn.metrics. Anything that cannot be imported from sklearn.metrics is now part of the private API.
  warnings.warn(message, FutureWarning)
INFO: Read 'poems' corpus.
INFO: Read preload corpus with epoch division by 'amann'.
INFO: Used epochs are 'Aufklärung' and 'Klassik'.
INFO: Count of different poets: 70
INFO: Count of poets of epoch 'Aufklärung': 55
INFO: Count of poets of epoch 'Klassik': 27
/home/paulus/.conda/envs/bertpoems/lib/python3.8/site-packages/sklearn/cluster/_kmeans.py:973: FutureWarning: 'n_jobs' was deprecated in version 0.23 and will be removed in 0.25.
  warnings.warn("'n_jobs' was deprecated in version 0.23 and will be"
INFO: Adjusted Rand Score for K-Means: 0.22950194381280714.
INFO: V-measure for K-Means: 0.23208799277139505.
INFO: Update results file.
INFO: Run-time K-Means: 0.24242591857910156 seconds
INFO: Adjusted Rand Score for K-Medoids: 0.004624277456647392.
INFO: V-measure for K-Medoids: 0.2141897501575761.
INFO: Update results file.
INFO: Run-time K-Medoids: 0.04488492012023926 seconds
INFO: Tuning hyperparameters for dbscan.
INFO: Best params for DBSCAN:
eps: 0.6
min_samples: 4
metrics: cosine
INFO: Adjusted Rand Score for DBSCAN: 0.12314093437912065.
INFO: V-measure for DBSCAN: 0.08496362186250986.
INFO: Update results file.
INFO: Run-time DBSCAN: 7.435757875442505 seconds
INFO: Run-time: 0.25 minute(s).
--------------- Metrics (K-Means) ---------------
--------------------------------------------------
--------------- Metrics (K-Medoids) ---------------
--------------------------------------------------
--------------- Metrics (DBSCAN) ---------------
------------------------------------------------
INFO: Argument combination 9/28.
INFO: Epoch 1: Aufklärung.
INFO: Epoch 2: Romantik.
/home/paulus/.conda/envs/bertpoems/lib/python3.8/site-packages/sklearn/utils/deprecation.py:143: FutureWarning: The sklearn.metrics.classification module is  deprecated in version 0.22 and will be removed in version 0.24. The corresponding classes / functions should instead be imported from sklearn.metrics. Anything that cannot be imported from sklearn.metrics is now part of the private API.
  warnings.warn(message, FutureWarning)
INFO: Read 'poems' corpus.
INFO: Read preload corpus with epoch division by 'amann'.
INFO: Used epochs are 'Aufklärung' and 'Romantik'.
INFO: Count of different poets: 83
INFO: Count of poets of epoch 'Aufklärung': 55
INFO: Count of poets of epoch 'Romantik': 28
/home/paulus/.conda/envs/bertpoems/lib/python3.8/site-packages/sklearn/cluster/_kmeans.py:973: FutureWarning: 'n_jobs' was deprecated in version 0.23 and will be removed in 0.25.
  warnings.warn("'n_jobs' was deprecated in version 0.23 and will be"
INFO: Adjusted Rand Score for K-Means: -0.022098247093933442.
INFO: V-measure for K-Means: 0.18828460550264492.
INFO: Update results file.
INFO: Run-time K-Means: 0.23286700248718262 seconds
INFO: Adjusted Rand Score for K-Medoids: 0.1636173527622951.
INFO: V-measure for K-Medoids: 0.31822786875974207.
INFO: Update results file.
INFO: Run-time K-Medoids: 0.04206514358520508 seconds
INFO: Tuning hyperparameters for dbscan.
INFO: Best params for DBSCAN:
eps: 0.6
min_samples: 4
metrics: cosine
INFO: Adjusted Rand Score for DBSCAN: 0.15964794771107138.
INFO: V-measure for DBSCAN: 0.14042291406624305.
INFO: Update results file.
INFO: Run-time DBSCAN: 7.482255935668945 seconds
INFO: Run-time: 0.25 minute(s).
--------------- Metrics (K-Means) ---------------
--------------------------------------------------
--------------- Metrics (K-Medoids) ---------------
--------------------------------------------------
--------------- Metrics (DBSCAN) ---------------
------------------------------------------------
INFO: Argument combination 10/28.
INFO: Epoch 1: Aufklärung.
INFO: Epoch 2: Biedermeier.
/home/paulus/.conda/envs/bertpoems/lib/python3.8/site-packages/sklearn/utils/deprecation.py:143: FutureWarning: The sklearn.metrics.classification module is  deprecated in version 0.22 and will be removed in version 0.24. The corresponding classes / functions should instead be imported from sklearn.metrics. Anything that cannot be imported from sklearn.metrics is now part of the private API.
  warnings.warn(message, FutureWarning)
INFO: Read 'poems' corpus.
INFO: Read preload corpus with epoch division by 'amann'.
INFO: Used epochs are 'Aufklärung' and 'Biedermeier'.
INFO: Count of different poets: 82
INFO: Count of poets of epoch 'Aufklärung': 55
INFO: Count of poets of epoch 'Biedermeier': 27
/home/paulus/.conda/envs/bertpoems/lib/python3.8/site-packages/sklearn/cluster/_kmeans.py:973: FutureWarning: 'n_jobs' was deprecated in version 0.23 and will be removed in 0.25.
  warnings.warn("'n_jobs' was deprecated in version 0.23 and will be"
INFO: Adjusted Rand Score for K-Means: 0.39551089268686274.
INFO: V-measure for K-Means: 0.3923102049798162.
INFO: Update results file.
INFO: Run-time K-Means: 0.21397733688354492 seconds
INFO: Adjusted Rand Score for K-Medoids: -0.012345679012345716.
INFO: V-measure for K-Medoids: 0.014030874568074208.
INFO: Update results file.
INFO: Run-time K-Medoids: 0.03937554359436035 seconds
INFO: Tuning hyperparameters for dbscan.
INFO: Best params for DBSCAN:
eps: 0.8
min_samples: 4
metrics: cosine
INFO: Adjusted Rand Score for DBSCAN: 0.04978540772532177.
INFO: V-measure for DBSCAN: 0.01656230946715653.
INFO: Update results file.
INFO: Run-time DBSCAN: 7.420699596405029 seconds
INFO: Run-time: 0.25 minute(s).
--------------- Metrics (K-Means) ---------------
--------------------------------------------------
--------------- Metrics (K-Medoids) ---------------
--------------------------------------------------
--------------- Metrics (DBSCAN) ---------------
------------------------------------------------
INFO: Argument combination 11/28.
INFO: Epoch 1: Aufklärung.
INFO: Epoch 2: Realismus.
/home/paulus/.conda/envs/bertpoems/lib/python3.8/site-packages/sklearn/utils/deprecation.py:143: FutureWarning: The sklearn.metrics.classification module is  deprecated in version 0.22 and will be removed in version 0.24. The corresponding classes / functions should instead be imported from sklearn.metrics. Anything that cannot be imported from sklearn.metrics is now part of the private API.
  warnings.warn(message, FutureWarning)
INFO: Read 'poems' corpus.
INFO: Read preload corpus with epoch division by 'amann'.
INFO: Used epochs are 'Aufklärung' and 'Realismus'.
INFO: Count of different poets: 85
INFO: Count of poets of epoch 'Aufklärung': 55
INFO: Count of poets of epoch 'Realismus': 30
/home/paulus/.conda/envs/bertpoems/lib/python3.8/site-packages/sklearn/cluster/_kmeans.py:973: FutureWarning: 'n_jobs' was deprecated in version 0.23 and will be removed in 0.25.
  warnings.warn("'n_jobs' was deprecated in version 0.23 and will be"
INFO: Adjusted Rand Score for K-Means: 0.5237812288993923.
INFO: V-measure for K-Means: 0.4861222288093082.
INFO: Update results file.
INFO: Run-time K-Means: 0.2402207851409912 seconds
INFO: Adjusted Rand Score for K-Medoids: 0.11587772545390214.
INFO: V-measure for K-Medoids: 0.28701706196610033.
INFO: Update results file.
INFO: Run-time K-Medoids: 0.03212118148803711 seconds
INFO: Tuning hyperparameters for dbscan.
INFO: Best params for DBSCAN:
eps: 0.6
min_samples: 5
metrics: cosine
INFO: Adjusted Rand Score for DBSCAN: 0.12948427883764888.
INFO: V-measure for DBSCAN: 0.13221660983961553.
INFO: Update results file.
INFO: Run-time DBSCAN: 7.582771301269531 seconds
INFO: Run-time: 0.25 minute(s).
--------------- Metrics (K-Means) ---------------
--------------------------------------------------
--------------- Metrics (K-Medoids) ---------------
--------------------------------------------------
--------------- Metrics (DBSCAN) ---------------
------------------------------------------------
INFO: Argument combination 12/28.
INFO: Epoch 1: Aufklärung.
INFO: Epoch 2: Naturalismus.
/home/paulus/.conda/envs/bertpoems/lib/python3.8/site-packages/sklearn/utils/deprecation.py:143: FutureWarning: The sklearn.metrics.classification module is  deprecated in version 0.22 and will be removed in version 0.24. The corresponding classes / functions should instead be imported from sklearn.metrics. Anything that cannot be imported from sklearn.metrics is now part of the private API.
  warnings.warn(message, FutureWarning)
INFO: Read 'poems' corpus.
INFO: Read preload corpus with epoch division by 'amann'.
INFO: Used epochs are 'Aufklärung' and 'Naturalismus'.
INFO: Count of different poets: 73
INFO: Count of poets of epoch 'Aufklärung': 55
INFO: Count of poets of epoch 'Naturalismus': 18
/home/paulus/.conda/envs/bertpoems/lib/python3.8/site-packages/sklearn/cluster/_kmeans.py:973: FutureWarning: 'n_jobs' was deprecated in version 0.23 and will be removed in 0.25.
  warnings.warn("'n_jobs' was deprecated in version 0.23 and will be"
INFO: Adjusted Rand Score for K-Means: 0.7330321609121222.
INFO: V-measure for K-Means: 0.6661532200682744.
INFO: Update results file.
INFO: Run-time K-Means: 0.29401230812072754 seconds
INFO: Adjusted Rand Score for K-Medoids: 0.1957177008626961.
INFO: V-measure for K-Medoids: 0.31729998308630897.
INFO: Update results file.
INFO: Run-time K-Medoids: 0.039357662200927734 seconds
INFO: Tuning hyperparameters for dbscan.
INFO: Best params for DBSCAN:
eps: 0.6
min_samples: 4
metrics: cosine
INFO: Adjusted Rand Score for DBSCAN: 0.13804086071622784.
INFO: V-measure for DBSCAN: 0.08517366330781667.
INFO: Update results file.
INFO: Run-time DBSCAN: 7.182352304458618 seconds
INFO: Run-time: 0.25 minute(s).
--------------- Metrics (K-Means) ---------------
--------------------------------------------------
--------------- Metrics (K-Medoids) ---------------
--------------------------------------------------
--------------- Metrics (DBSCAN) ---------------
------------------------------------------------
INFO: Argument combination 13/28.
INFO: Epoch 1: Aufklärung.
INFO: Epoch 2: Expressionismus.
/home/paulus/.conda/envs/bertpoems/lib/python3.8/site-packages/sklearn/utils/deprecation.py:143: FutureWarning: The sklearn.metrics.classification module is  deprecated in version 0.22 and will be removed in version 0.24. The corresponding classes / functions should instead be imported from sklearn.metrics. Anything that cannot be imported from sklearn.metrics is now part of the private API.
  warnings.warn(message, FutureWarning)
INFO: Read 'poems' corpus.
INFO: Read preload corpus with epoch division by 'amann'.
INFO: Used epochs are 'Aufklärung' and 'Expressionismus'.
INFO: Count of different poets: 67
INFO: Count of poets of epoch 'Aufklärung': 55
INFO: Count of poets of epoch 'Expressionismus': 12
/home/paulus/.conda/envs/bertpoems/lib/python3.8/site-packages/sklearn/cluster/_kmeans.py:973: FutureWarning: 'n_jobs' was deprecated in version 0.23 and will be removed in 0.25.
  warnings.warn("'n_jobs' was deprecated in version 0.23 and will be"
INFO: Adjusted Rand Score for K-Means: -0.005108719097272481.
INFO: V-measure for K-Means: 0.19052473836463799.
INFO: Update results file.
INFO: Run-time K-Means: 0.22397255897521973 seconds
INFO: Adjusted Rand Score for K-Medoids: -0.01923491099212042.
INFO: V-measure for K-Medoids: 0.18208479904853037.
INFO: Update results file.
INFO: Run-time K-Medoids: 0.035948753356933594 seconds
INFO: Tuning hyperparameters for dbscan.
INFO: Best params for DBSCAN:
eps: 0.7
min_samples: 6
metrics: cosine
INFO: Adjusted Rand Score for DBSCAN: 0.014258578546787038.
INFO: V-measure for DBSCAN: 0.0565314712850087.
INFO: Update results file.
INFO: Run-time DBSCAN: 6.930546760559082 seconds
INFO: Run-time: 0.23333333333333334 minute(s).
--------------- Metrics (K-Means) ---------------
--------------------------------------------------
--------------- Metrics (K-Medoids) ---------------
--------------------------------------------------
--------------- Metrics (DBSCAN) ---------------
------------------------------------------------
INFO: Argument combination 14/28.
INFO: Epoch 1: Klassik.
INFO: Epoch 2: Romantik.
/home/paulus/.conda/envs/bertpoems/lib/python3.8/site-packages/sklearn/utils/deprecation.py:143: FutureWarning: The sklearn.metrics.classification module is  deprecated in version 0.22 and will be removed in version 0.24. The corresponding classes / functions should instead be imported from sklearn.metrics. Anything that cannot be imported from sklearn.metrics is now part of the private API.
  warnings.warn(message, FutureWarning)
INFO: Read 'poems' corpus.
INFO: Read preload corpus with epoch division by 'amann'.
INFO: Used epochs are 'Klassik' and 'Romantik'.
INFO: Count of different poets: 49
INFO: Count of poets of epoch 'Klassik': 27
INFO: Count of poets of epoch 'Romantik': 28
/home/paulus/.conda/envs/bertpoems/lib/python3.8/site-packages/sklearn/cluster/_kmeans.py:973: FutureWarning: 'n_jobs' was deprecated in version 0.23 and will be removed in 0.25.
  warnings.warn("'n_jobs' was deprecated in version 0.23 and will be"
INFO: Adjusted Rand Score for K-Means: -0.018219218336761645.
INFO: V-measure for K-Means: 0.00018578652568899774.
INFO: Update results file.
INFO: Run-time K-Means: 0.19095158576965332 seconds
INFO: Adjusted Rand Score for K-Medoids: 0.0013485527139623149.
INFO: V-measure for K-Medoids: 0.033452314833023654.
INFO: Update results file.
INFO: Run-time K-Medoids: 0.024581193923950195 seconds
INFO: Tuning hyperparameters for dbscan.
INFO: Best params for DBSCAN:
eps: 0.7
min_samples: 7
metrics: cosine
INFO: Adjusted Rand Score for DBSCAN: 0.024527287829188445.
INFO: V-measure for DBSCAN: 0.033632459493651685.
INFO: Update results file.
INFO: Run-time DBSCAN: 6.45150089263916 seconds
INFO: Run-time: 0.23333333333333334 minute(s).
--------------- Metrics (K-Means) ---------------
--------------------------------------------------
--------------- Metrics (K-Medoids) ---------------
--------------------------------------------------
--------------- Metrics (DBSCAN) ---------------
------------------------------------------------
INFO: Argument combination 15/28.
INFO: Epoch 1: Klassik.
INFO: Epoch 2: Biedermeier.
/home/paulus/.conda/envs/bertpoems/lib/python3.8/site-packages/sklearn/utils/deprecation.py:143: FutureWarning: The sklearn.metrics.classification module is  deprecated in version 0.22 and will be removed in version 0.24. The corresponding classes / functions should instead be imported from sklearn.metrics. Anything that cannot be imported from sklearn.metrics is now part of the private API.
  warnings.warn(message, FutureWarning)
INFO: Read 'poems' corpus.
INFO: Read preload corpus with epoch division by 'amann'.
INFO: Used epochs are 'Klassik' and 'Biedermeier'.
INFO: Count of different poets: 45
INFO: Count of poets of epoch 'Klassik': 27
INFO: Count of poets of epoch 'Biedermeier': 27
/home/paulus/.conda/envs/bertpoems/lib/python3.8/site-packages/sklearn/cluster/_kmeans.py:973: FutureWarning: 'n_jobs' was deprecated in version 0.23 and will be removed in 0.25.
  warnings.warn("'n_jobs' was deprecated in version 0.23 and will be"
INFO: Adjusted Rand Score for K-Means: -0.005203319717979964.
INFO: V-measure for K-Means: 0.0.
INFO: Update results file.
INFO: Run-time K-Means: 0.17462849617004395 seconds
INFO: Adjusted Rand Score for K-Medoids: 0.05416754146546292.
INFO: V-measure for K-Medoids: 0.07700707320990599.
INFO: Update results file.
INFO: Run-time K-Medoids: 0.025740385055541992 seconds
INFO: Tuning hyperparameters for dbscan.
--------------- Metrics (K-Means) ---------------
--------------------------------------------------
--------------- Metrics (K-Medoids) ---------------
--------------------------------------------------
Traceback (most recent call last):
  File "pipe.py", line 498, in <module>
    main()
  File "pipe.py", line 325, in main
    logging.info(f"Best params for DBSCAN:\neps: {t[0]}\nmin_samples: {t[1]}\nmetrics: {t[2]}")
IndexError: tuple index out of range
INFO: Argument combination 16/28.
INFO: Epoch 1: Klassik.
INFO: Epoch 2: Realismus.
/home/paulus/.conda/envs/bertpoems/lib/python3.8/site-packages/sklearn/utils/deprecation.py:143: FutureWarning: The sklearn.metrics.classification module is  deprecated in version 0.22 and will be removed in version 0.24. The corresponding classes / functions should instead be imported from sklearn.metrics. Anything that cannot be imported from sklearn.metrics is now part of the private API.
  warnings.warn(message, FutureWarning)
INFO: Read 'poems' corpus.
INFO: Read preload corpus with epoch division by 'amann'.
INFO: Used epochs are 'Klassik' and 'Realismus'.
INFO: Count of different poets: 52
INFO: Count of poets of epoch 'Klassik': 27
INFO: Count of poets of epoch 'Realismus': 30
/home/paulus/.conda/envs/bertpoems/lib/python3.8/site-packages/sklearn/cluster/_kmeans.py:973: FutureWarning: 'n_jobs' was deprecated in version 0.23 and will be removed in 0.25.
  warnings.warn("'n_jobs' was deprecated in version 0.23 and will be"
INFO: Adjusted Rand Score for K-Means: -0.006921825655325732.
INFO: V-measure for K-Means: 0.0033450618179338043.
INFO: Update results file.
INFO: Run-time K-Means: 0.18085145950317383 seconds
INFO: Adjusted Rand Score for K-Medoids: -0.006921825655325732.
INFO: V-measure for K-Medoids: 0.0033450618179338043.
INFO: Update results file.
INFO: Run-time K-Medoids: 0.03369331359863281 seconds
INFO: Tuning hyperparameters for dbscan.
--------------- Metrics (K-Means) ---------------
--------------------------------------------------
--------------- Metrics (K-Medoids) ---------------
--------------------------------------------------
Traceback (most recent call last):
  File "pipe.py", line 498, in <module>
    main()
  File "pipe.py", line 325, in main
    logging.info(f"Best params for DBSCAN:\neps: {t[0]}\nmin_samples: {t[1]}\nmetrics: {t[2]}")
IndexError: tuple index out of range
INFO: Argument combination 17/28.
INFO: Epoch 1: Klassik.
INFO: Epoch 2: Naturalismus.
/home/paulus/.conda/envs/bertpoems/lib/python3.8/site-packages/sklearn/utils/deprecation.py:143: FutureWarning: The sklearn.metrics.classification module is  deprecated in version 0.22 and will be removed in version 0.24. The corresponding classes / functions should instead be imported from sklearn.metrics. Anything that cannot be imported from sklearn.metrics is now part of the private API.
  warnings.warn(message, FutureWarning)
INFO: Read 'poems' corpus.
INFO: Read preload corpus with epoch division by 'amann'.
INFO: Used epochs are 'Klassik' and 'Naturalismus'.
INFO: Count of different poets: 45
INFO: Count of poets of epoch 'Klassik': 27
INFO: Count of poets of epoch 'Naturalismus': 18
/home/paulus/.conda/envs/bertpoems/lib/python3.8/site-packages/sklearn/cluster/_kmeans.py:973: FutureWarning: 'n_jobs' was deprecated in version 0.23 and will be removed in 0.25.
  warnings.warn("'n_jobs' was deprecated in version 0.23 and will be"
INFO: Adjusted Rand Score for K-Means: 0.05989832756207187.
INFO: V-measure for K-Means: 0.16191492379324082.
INFO: Update results file.
INFO: Run-time K-Means: 0.17071771621704102 seconds
INFO: Adjusted Rand Score for K-Medoids: 0.293162958067122.
INFO: V-measure for K-Medoids: 0.273875837039595.
INFO: Update results file.
INFO: Run-time K-Medoids: 0.021207571029663086 seconds
INFO: Tuning hyperparameters for dbscan.
INFO: Best params for DBSCAN:
eps: 0.8
min_samples: 2
metrics: cosine
INFO: Adjusted Rand Score for DBSCAN: 0.010952416191815277.
INFO: V-measure for DBSCAN: 0.007772952063547746.
INFO: Update results file.
INFO: Run-time DBSCAN: 5.875605583190918 seconds
INFO: Run-time: 0.21666666666666667 minute(s).
--------------- Metrics (K-Means) ---------------
--------------------------------------------------
--------------- Metrics (K-Medoids) ---------------
--------------------------------------------------
--------------- Metrics (DBSCAN) ---------------
------------------------------------------------
INFO: Argument combination 18/28.
INFO: Epoch 1: Klassik.
INFO: Epoch 2: Expressionismus.
/home/paulus/.conda/envs/bertpoems/lib/python3.8/site-packages/sklearn/utils/deprecation.py:143: FutureWarning: The sklearn.metrics.classification module is  deprecated in version 0.22 and will be removed in version 0.24. The corresponding classes / functions should instead be imported from sklearn.metrics. Anything that cannot be imported from sklearn.metrics is now part of the private API.
  warnings.warn(message, FutureWarning)
INFO: Read 'poems' corpus.
INFO: Read preload corpus with epoch division by 'amann'.
INFO: Used epochs are 'Klassik' and 'Expressionismus'.
INFO: Count of different poets: 39
INFO: Count of poets of epoch 'Klassik': 27
INFO: Count of poets of epoch 'Expressionismus': 12
/home/paulus/.conda/envs/bertpoems/lib/python3.8/site-packages/sklearn/cluster/_kmeans.py:973: FutureWarning: 'n_jobs' was deprecated in version 0.23 and will be removed in 0.25.
  warnings.warn("'n_jobs' was deprecated in version 0.23 and will be"
INFO: Adjusted Rand Score for K-Means: 0.5505371629028722.
INFO: V-measure for K-Means: 0.5199711077774579.
INFO: Update results file.
INFO: Run-time K-Means: 0.1517653465270996 seconds
INFO: Adjusted Rand Score for K-Medoids: 0.6320194057004246.
INFO: V-measure for K-Medoids: 0.5866192568975545.
INFO: Update results file.
INFO: Run-time K-Medoids: 0.02708721160888672 seconds
INFO: Tuning hyperparameters for dbscan.
INFO: Best params for DBSCAN:
eps: 0.8
min_samples: 7
metrics: cosine
INFO: Adjusted Rand Score for DBSCAN: 0.23926835691541573.
INFO: V-measure for DBSCAN: 0.16184119189637397.
INFO: Update results file.
INFO: Run-time DBSCAN: 5.593130350112915 seconds
INFO: Run-time: 0.2 minute(s).
--------------- Metrics (K-Means) ---------------
--------------------------------------------------
--------------- Metrics (K-Medoids) ---------------
--------------------------------------------------
--------------- Metrics (DBSCAN) ---------------
------------------------------------------------
INFO: Argument combination 19/28.
INFO: Epoch 1: Romantik.
INFO: Epoch 2: Biedermeier.
/home/paulus/.conda/envs/bertpoems/lib/python3.8/site-packages/sklearn/utils/deprecation.py:143: FutureWarning: The sklearn.metrics.classification module is  deprecated in version 0.22 and will be removed in version 0.24. The corresponding classes / functions should instead be imported from sklearn.metrics. Anything that cannot be imported from sklearn.metrics is now part of the private API.
  warnings.warn(message, FutureWarning)
INFO: Read 'poems' corpus.
INFO: Read preload corpus with epoch division by 'amann'.
INFO: Used epochs are 'Romantik' and 'Biedermeier'.
INFO: Count of different poets: 50
INFO: Count of poets of epoch 'Romantik': 28
INFO: Count of poets of epoch 'Biedermeier': 27
/home/paulus/.conda/envs/bertpoems/lib/python3.8/site-packages/sklearn/cluster/_kmeans.py:973: FutureWarning: 'n_jobs' was deprecated in version 0.23 and will be removed in 0.25.
  warnings.warn("'n_jobs' was deprecated in version 0.23 and will be"
INFO: Adjusted Rand Score for K-Means: 0.1297212560623132.
INFO: V-measure for K-Means: 0.10777472762510978.
INFO: Update results file.
INFO: Run-time K-Means: 0.2095506191253662 seconds
INFO: Adjusted Rand Score for K-Medoids: -0.002555818102907934.
INFO: V-measure for K-Medoids: 1.4692556298748627e-05.
INFO: Update results file.
INFO: Run-time K-Medoids: 0.0247652530670166 seconds
INFO: Tuning hyperparameters for dbscan.
--------------- Metrics (K-Means) ---------------
--------------------------------------------------
--------------- Metrics (K-Medoids) ---------------
--------------------------------------------------
Traceback (most recent call last):
  File "pipe.py", line 498, in <module>
    main()
  File "pipe.py", line 325, in main
    logging.info(f"Best params for DBSCAN:\neps: {t[0]}\nmin_samples: {t[1]}\nmetrics: {t[2]}")
IndexError: tuple index out of range
INFO: Argument combination 20/28.
INFO: Epoch 1: Romantik.
INFO: Epoch 2: Realismus.
/home/paulus/.conda/envs/bertpoems/lib/python3.8/site-packages/sklearn/utils/deprecation.py:143: FutureWarning: The sklearn.metrics.classification module is  deprecated in version 0.22 and will be removed in version 0.24. The corresponding classes / functions should instead be imported from sklearn.metrics. Anything that cannot be imported from sklearn.metrics is now part of the private API.
  warnings.warn(message, FutureWarning)
INFO: Read 'poems' corpus.
INFO: Read preload corpus with epoch division by 'amann'.
INFO: Used epochs are 'Romantik' and 'Realismus'.
INFO: Count of different poets: 56
INFO: Count of poets of epoch 'Romantik': 28
INFO: Count of poets of epoch 'Realismus': 30
/home/paulus/.conda/envs/bertpoems/lib/python3.8/site-packages/sklearn/cluster/_kmeans.py:973: FutureWarning: 'n_jobs' was deprecated in version 0.23 and will be removed in 0.25.
  warnings.warn("'n_jobs' was deprecated in version 0.23 and will be"
INFO: Adjusted Rand Score for K-Means: -0.00836123968176103.
INFO: V-measure for K-Means: 0.0706451639450471.
INFO: Update results file.
INFO: Run-time K-Means: 0.18645691871643066 seconds
INFO: Adjusted Rand Score for K-Medoids: 0.005858542820621994.
INFO: V-measure for K-Medoids: 0.0334256071177993.
INFO: Update results file.
INFO: Run-time K-Medoids: 0.027231693267822266 seconds
INFO: Tuning hyperparameters for dbscan.
INFO: Best params for DBSCAN:
eps: 0.7
min_samples: 5
metrics: cosine
INFO: Adjusted Rand Score for DBSCAN: 0.08211521926053307.
INFO: V-measure for DBSCAN: 0.06782178820853738.
INFO: Update results file.
INFO: Run-time DBSCAN: 6.567178964614868 seconds
INFO: Run-time: 0.21666666666666667 minute(s).
--------------- Metrics (K-Means) ---------------
--------------------------------------------------
--------------- Metrics (K-Medoids) ---------------
--------------------------------------------------
--------------- Metrics (DBSCAN) ---------------
------------------------------------------------
INFO: Argument combination 21/28.
INFO: Epoch 1: Romantik.
INFO: Epoch 2: Naturalismus.
/home/paulus/.conda/envs/bertpoems/lib/python3.8/site-packages/sklearn/utils/deprecation.py:143: FutureWarning: The sklearn.metrics.classification module is  deprecated in version 0.22 and will be removed in version 0.24. The corresponding classes / functions should instead be imported from sklearn.metrics. Anything that cannot be imported from sklearn.metrics is now part of the private API.
  warnings.warn(message, FutureWarning)
INFO: Read 'poems' corpus.
INFO: Read preload corpus with epoch division by 'amann'.
INFO: Used epochs are 'Romantik' and 'Naturalismus'.
INFO: Count of different poets: 46
INFO: Count of poets of epoch 'Romantik': 28
INFO: Count of poets of epoch 'Naturalismus': 18
/home/paulus/.conda/envs/bertpoems/lib/python3.8/site-packages/sklearn/cluster/_kmeans.py:973: FutureWarning: 'n_jobs' was deprecated in version 0.23 and will be removed in 0.25.
  warnings.warn("'n_jobs' was deprecated in version 0.23 and will be"
INFO: Adjusted Rand Score for K-Means: 0.04481509561115332.
INFO: V-measure for K-Means: 0.11457163793158347.
INFO: Update results file.
INFO: Run-time K-Means: 0.17048239707946777 seconds
INFO: Adjusted Rand Score for K-Medoids: 0.0692027519222987.
INFO: V-measure for K-Medoids: 0.1716484626059147.
INFO: Update results file.
INFO: Run-time K-Medoids: 0.022497177124023438 seconds
INFO: Tuning hyperparameters for dbscan.
INFO: Best params for DBSCAN:
eps: 0.7
min_samples: 2
metrics: cosine
INFO: Adjusted Rand Score for DBSCAN: 0.033353506825364886.
INFO: V-measure for DBSCAN: 0.12984418992432095.
INFO: Update results file.
INFO: Run-time DBSCAN: 5.907149314880371 seconds
INFO: Run-time: 0.21666666666666667 minute(s).
--------------- Metrics (K-Means) ---------------
--------------------------------------------------
--------------- Metrics (K-Medoids) ---------------
--------------------------------------------------
--------------- Metrics (DBSCAN) ---------------
------------------------------------------------
INFO: Argument combination 22/28.
INFO: Epoch 1: Romantik.
INFO: Epoch 2: Expressionismus.
/home/paulus/.conda/envs/bertpoems/lib/python3.8/site-packages/sklearn/utils/deprecation.py:143: FutureWarning: The sklearn.metrics.classification module is  deprecated in version 0.22 and will be removed in version 0.24. The corresponding classes / functions should instead be imported from sklearn.metrics. Anything that cannot be imported from sklearn.metrics is now part of the private API.
  warnings.warn(message, FutureWarning)
INFO: Read 'poems' corpus.
INFO: Read preload corpus with epoch division by 'amann'.
INFO: Used epochs are 'Romantik' and 'Expressionismus'.
INFO: Count of different poets: 40
INFO: Count of poets of epoch 'Romantik': 28
INFO: Count of poets of epoch 'Expressionismus': 12
/home/paulus/.conda/envs/bertpoems/lib/python3.8/site-packages/sklearn/cluster/_kmeans.py:973: FutureWarning: 'n_jobs' was deprecated in version 0.23 and will be removed in 0.25.
  warnings.warn("'n_jobs' was deprecated in version 0.23 and will be"
INFO: Adjusted Rand Score for K-Means: 0.4992460796139928.
INFO: V-measure for K-Means: 0.5203151622475326.
INFO: Update results file.
INFO: Run-time K-Means: 0.17452311515808105 seconds
INFO: Adjusted Rand Score for K-Medoids: 0.0980935310412253.
INFO: V-measure for K-Medoids: 0.13222561043760933.
INFO: Update results file.
INFO: Run-time K-Medoids: 0.019776582717895508 seconds
INFO: Tuning hyperparameters for dbscan.
INFO: Best params for DBSCAN:
eps: 0.8
min_samples: 5
metrics: cosine
INFO: Adjusted Rand Score for DBSCAN: 0.15133394664213443.
INFO: V-measure for DBSCAN: 0.08812387184027502.
INFO: Update results file.
INFO: Run-time DBSCAN: 5.828728675842285 seconds
INFO: Run-time: 0.2 minute(s).
--------------- Metrics (K-Means) ---------------
--------------------------------------------------
--------------- Metrics (K-Medoids) ---------------
--------------------------------------------------
--------------- Metrics (DBSCAN) ---------------
------------------------------------------------
INFO: Argument combination 23/28.
INFO: Epoch 1: Biedermeier.
INFO: Epoch 2: Realismus.
/home/paulus/.conda/envs/bertpoems/lib/python3.8/site-packages/sklearn/utils/deprecation.py:143: FutureWarning: The sklearn.metrics.classification module is  deprecated in version 0.22 and will be removed in version 0.24. The corresponding classes / functions should instead be imported from sklearn.metrics. Anything that cannot be imported from sklearn.metrics is now part of the private API.
  warnings.warn(message, FutureWarning)
INFO: Read 'poems' corpus.
INFO: Read preload corpus with epoch division by 'amann'.
INFO: Used epochs are 'Biedermeier' and 'Realismus'.
INFO: Count of different poets: 48
INFO: Count of poets of epoch 'Biedermeier': 27
INFO: Count of poets of epoch 'Realismus': 30
/home/paulus/.conda/envs/bertpoems/lib/python3.8/site-packages/sklearn/cluster/_kmeans.py:973: FutureWarning: 'n_jobs' was deprecated in version 0.23 and will be removed in 0.25.
  warnings.warn("'n_jobs' was deprecated in version 0.23 and will be"
INFO: Adjusted Rand Score for K-Means: -0.007720314912598467.
INFO: V-measure for K-Means: 0.0009491654432083085.
INFO: Update results file.
INFO: Run-time K-Means: 0.18164587020874023 seconds
INFO: Adjusted Rand Score for K-Medoids: -0.006921825655325732.
INFO: V-measure for K-Medoids: 0.0033450618179338043.
INFO: Update results file.
INFO: Run-time K-Medoids: 0.01974630355834961 seconds
INFO: Tuning hyperparameters for dbscan.
--------------- Metrics (K-Means) ---------------
--------------------------------------------------
--------------- Metrics (K-Medoids) ---------------
--------------------------------------------------
Traceback (most recent call last):
  File "pipe.py", line 498, in <module>
    main()
  File "pipe.py", line 325, in main
    logging.info(f"Best params for DBSCAN:\neps: {t[0]}\nmin_samples: {t[1]}\nmetrics: {t[2]}")
IndexError: tuple index out of range
INFO: Argument combination 24/28.
INFO: Epoch 1: Biedermeier.
INFO: Epoch 2: Naturalismus.
/home/paulus/.conda/envs/bertpoems/lib/python3.8/site-packages/sklearn/utils/deprecation.py:143: FutureWarning: The sklearn.metrics.classification module is  deprecated in version 0.22 and will be removed in version 0.24. The corresponding classes / functions should instead be imported from sklearn.metrics. Anything that cannot be imported from sklearn.metrics is now part of the private API.
  warnings.warn(message, FutureWarning)
INFO: Read 'poems' corpus.
INFO: Read preload corpus with epoch division by 'amann'.
INFO: Used epochs are 'Biedermeier' and 'Naturalismus'.
INFO: Count of different poets: 45
INFO: Count of poets of epoch 'Biedermeier': 27
INFO: Count of poets of epoch 'Naturalismus': 18
/home/paulus/.conda/envs/bertpoems/lib/python3.8/site-packages/sklearn/cluster/_kmeans.py:973: FutureWarning: 'n_jobs' was deprecated in version 0.23 and will be removed in 0.25.
  warnings.warn("'n_jobs' was deprecated in version 0.23 and will be"
INFO: Adjusted Rand Score for K-Means: 0.12126343690178175.
INFO: V-measure for K-Means: 0.08542710089443757.
INFO: Update results file.
INFO: Run-time K-Means: 0.1623380184173584 seconds
INFO: Adjusted Rand Score for K-Medoids: -0.022532906968096938.
INFO: V-measure for K-Medoids: 0.009941985493864533.
INFO: Update results file.
INFO: Run-time K-Medoids: 0.019661426544189453 seconds
INFO: Tuning hyperparameters for dbscan.
--------------- Metrics (K-Means) ---------------
--------------------------------------------------
--------------- Metrics (K-Medoids) ---------------
--------------------------------------------------
Traceback (most recent call last):
  File "pipe.py", line 498, in <module>
    main()
  File "pipe.py", line 325, in main
    logging.info(f"Best params for DBSCAN:\neps: {t[0]}\nmin_samples: {t[1]}\nmetrics: {t[2]}")
IndexError: tuple index out of range
INFO: Argument combination 25/28.
INFO: Epoch 1: Biedermeier.
INFO: Epoch 2: Expressionismus.
/home/paulus/.conda/envs/bertpoems/lib/python3.8/site-packages/sklearn/utils/deprecation.py:143: FutureWarning: The sklearn.metrics.classification module is  deprecated in version 0.22 and will be removed in version 0.24. The corresponding classes / functions should instead be imported from sklearn.metrics. Anything that cannot be imported from sklearn.metrics is now part of the private API.
  warnings.warn(message, FutureWarning)
INFO: Read 'poems' corpus.
INFO: Read preload corpus with epoch division by 'amann'.
INFO: Used epochs are 'Biedermeier' and 'Expressionismus'.
INFO: Count of different poets: 39
INFO: Count of poets of epoch 'Biedermeier': 27
INFO: Count of poets of epoch 'Expressionismus': 12
/home/paulus/.conda/envs/bertpoems/lib/python3.8/site-packages/sklearn/cluster/_kmeans.py:973: FutureWarning: 'n_jobs' was deprecated in version 0.23 and will be removed in 0.25.
  warnings.warn("'n_jobs' was deprecated in version 0.23 and will be"
INFO: Adjusted Rand Score for K-Means: 0.5505371629028722.
INFO: V-measure for K-Means: 0.5199711077774579.
INFO: Update results file.
INFO: Run-time K-Means: 0.17644119262695312 seconds
INFO: Adjusted Rand Score for K-Medoids: 0.559297742744536.
INFO: V-measure for K-Medoids: 0.44190439973893014.
INFO: Update results file.
INFO: Run-time K-Medoids: 0.016695737838745117 seconds
INFO: Tuning hyperparameters for dbscan.
INFO: Best params for DBSCAN:
eps: 0.8
min_samples: 4
metrics: cosine
INFO: Adjusted Rand Score for DBSCAN: 0.14601738131149897.
INFO: V-measure for DBSCAN: 0.09343023314051452.
INFO: Update results file.
INFO: Run-time DBSCAN: 5.560755491256714 seconds
INFO: Run-time: 0.2 minute(s).
--------------- Metrics (K-Means) ---------------
--------------------------------------------------
--------------- Metrics (K-Medoids) ---------------
--------------------------------------------------
--------------- Metrics (DBSCAN) ---------------
------------------------------------------------
INFO: Argument combination 26/28.
INFO: Epoch 1: Realismus.
INFO: Epoch 2: Naturalismus.
/home/paulus/.conda/envs/bertpoems/lib/python3.8/site-packages/sklearn/utils/deprecation.py:143: FutureWarning: The sklearn.metrics.classification module is  deprecated in version 0.22 and will be removed in version 0.24. The corresponding classes / functions should instead be imported from sklearn.metrics. Anything that cannot be imported from sklearn.metrics is now part of the private API.
  warnings.warn(message, FutureWarning)
INFO: Read 'poems' corpus.
INFO: Read preload corpus with epoch division by 'amann'.
INFO: Used epochs are 'Realismus' and 'Naturalismus'.
INFO: Count of different poets: 46
INFO: Count of poets of epoch 'Realismus': 30
INFO: Count of poets of epoch 'Naturalismus': 18
/home/paulus/.conda/envs/bertpoems/lib/python3.8/site-packages/sklearn/cluster/_kmeans.py:973: FutureWarning: 'n_jobs' was deprecated in version 0.23 and will be removed in 0.25.
  warnings.warn("'n_jobs' was deprecated in version 0.23 and will be"
INFO: Adjusted Rand Score for K-Means: 0.0027786353812906048.
INFO: V-measure for K-Means: 0.00106911210994414.
INFO: Update results file.
INFO: Run-time K-Means: 0.1733558177947998 seconds
INFO: Adjusted Rand Score for K-Medoids: -0.04334712772673085.
INFO: V-measure for K-Medoids: 0.06094301079114969.
INFO: Update results file.
INFO: Run-time K-Medoids: 0.022648334503173828 seconds
INFO: Tuning hyperparameters for dbscan.
--------------- Metrics (K-Means) ---------------
--------------------------------------------------
--------------- Metrics (K-Medoids) ---------------
--------------------------------------------------
Traceback (most recent call last):
  File "pipe.py", line 498, in <module>
    main()
  File "pipe.py", line 325, in main
    logging.info(f"Best params for DBSCAN:\neps: {t[0]}\nmin_samples: {t[1]}\nmetrics: {t[2]}")
IndexError: tuple index out of range
INFO: Argument combination 27/28.
INFO: Epoch 1: Realismus.
INFO: Epoch 2: Expressionismus.
/home/paulus/.conda/envs/bertpoems/lib/python3.8/site-packages/sklearn/utils/deprecation.py:143: FutureWarning: The sklearn.metrics.classification module is  deprecated in version 0.22 and will be removed in version 0.24. The corresponding classes / functions should instead be imported from sklearn.metrics. Anything that cannot be imported from sklearn.metrics is now part of the private API.
  warnings.warn(message, FutureWarning)
INFO: Read 'poems' corpus.
INFO: Read preload corpus with epoch division by 'amann'.
INFO: Used epochs are 'Realismus' and 'Expressionismus'.
INFO: Count of different poets: 42
INFO: Count of poets of epoch 'Realismus': 30
INFO: Count of poets of epoch 'Expressionismus': 12
/home/paulus/.conda/envs/bertpoems/lib/python3.8/site-packages/sklearn/cluster/_kmeans.py:973: FutureWarning: 'n_jobs' was deprecated in version 0.23 and will be removed in 0.25.
  warnings.warn("'n_jobs' was deprecated in version 0.23 and will be"
INFO: Adjusted Rand Score for K-Means: -0.05991394723789072.
INFO: V-measure for K-Means: 0.05549049213549346.
INFO: Update results file.
INFO: Run-time K-Means: 0.1640770435333252 seconds
INFO: Adjusted Rand Score for K-Medoids: -0.024151080443072473.
INFO: V-measure for K-Medoids: 0.02140949346582833.
INFO: Update results file.
INFO: Run-time K-Medoids: 0.01893138885498047 seconds
INFO: Tuning hyperparameters for dbscan.
INFO: Best params for DBSCAN:
eps: 0.8
min_samples: 7
metrics: cosine
INFO: Adjusted Rand Score for DBSCAN: 0.06255725964934375.
INFO: V-measure for DBSCAN: 0.027505310217845337.
INFO: Update results file.
INFO: Run-time DBSCAN: 5.681188583374023 seconds
INFO: Run-time: 0.2 minute(s).
--------------- Metrics (K-Means) ---------------
--------------------------------------------------
--------------- Metrics (K-Medoids) ---------------
--------------------------------------------------
--------------- Metrics (DBSCAN) ---------------
------------------------------------------------
INFO: Argument combination 28/28.
INFO: Epoch 1: Naturalismus.
INFO: Epoch 2: Expressionismus.
/home/paulus/.conda/envs/bertpoems/lib/python3.8/site-packages/sklearn/utils/deprecation.py:143: FutureWarning: The sklearn.metrics.classification module is  deprecated in version 0.22 and will be removed in version 0.24. The corresponding classes / functions should instead be imported from sklearn.metrics. Anything that cannot be imported from sklearn.metrics is now part of the private API.
  warnings.warn(message, FutureWarning)
INFO: Read 'poems' corpus.
INFO: Read preload corpus with epoch division by 'amann'.
INFO: Used epochs are 'Naturalismus' and 'Expressionismus'.
INFO: Count of different poets: 29
INFO: Count of poets of epoch 'Naturalismus': 18
INFO: Count of poets of epoch 'Expressionismus': 12
/home/paulus/.conda/envs/bertpoems/lib/python3.8/site-packages/sklearn/cluster/_kmeans.py:973: FutureWarning: 'n_jobs' was deprecated in version 0.23 and will be removed in 0.25.
  warnings.warn("'n_jobs' was deprecated in version 0.23 and will be"
INFO: Adjusted Rand Score for K-Means: 0.22560499609679938.
INFO: V-measure for K-Means: 0.1832904147714621.
INFO: Update results file.
INFO: Run-time K-Means: 0.16165471076965332 seconds
INFO: Adjusted Rand Score for K-Medoids: -0.020724385047453067.
INFO: V-measure for K-Medoids: 0.0009516364142277202.
INFO: Update results file.
INFO: Run-time K-Medoids: 0.015219926834106445 seconds
INFO: Tuning hyperparameters for dbscan.
INFO: Best params for DBSCAN:
eps: 0.8
min_samples: 5
metrics: cosine
INFO: Adjusted Rand Score for DBSCAN: 0.1662443968037419.
INFO: V-measure for DBSCAN: 0.13738437919658278.
INFO: Update results file.
INFO: Run-time DBSCAN: 5.152506113052368 seconds
INFO: Run-time: 0.18333333333333332 minute(s).
--------------- Metrics (K-Means) ---------------
--------------------------------------------------
--------------- Metrics (K-Medoids) ---------------
--------------------------------------------------
--------------- Metrics (DBSCAN) ---------------
------------------------------------------------
INFO: Overall run-time: 7.3 minute(s).
--------------------------------------------
--------------------------------------------


--------------------------------------------
--------------------------------------------


--------------------------------------------
--------------------------------------------


--------------------------------------------
--------------------------------------------


--------------------------------------------
--------------------------------------------


--------------------------------------------
--------------------------------------------


--------------------------------------------
--------------------------------------------


--------------------------------------------
--------------------------------------------


--------------------------------------------
--------------------------------------------


--------------------------------------------
--------------------------------------------


--------------------------------------------
--------------------------------------------


--------------------------------------------
--------------------------------------------


--------------------------------------------
--------------------------------------------


--------------------------------------------
--------------------------------------------


--------------------------------------------
--------------------------------------------


--------------------------------------------
--------------------------------------------


--------------------------------------------
--------------------------------------------


--------------------------------------------
--------------------------------------------


--------------------------------------------
--------------------------------------------


--------------------------------------------
--------------------------------------------


--------------------------------------------
--------------------------------------------


--------------------------------------------
--------------------------------------------


--------------------------------------------
--------------------------------------------


--------------------------------------------
--------------------------------------------


--------------------------------------------
--------------------------------------------


--------------------------------------------
--------------------------------------------


--------------------------------------------
--------------------------------------------


--------------------------------------------
--------------------------------------------


