INFO: Clustering for all epoch combinations.
INFO: Argument combination 1/36.
INFO: Epoch 1: Frühbarock.
INFO: Epoch 2: Hochbarock.
/home/paulus/.conda/envs/bertpoems/lib/python3.8/site-packages/sklearn/utils/deprecation.py:143: FutureWarning: The sklearn.metrics.classification module is  deprecated in version 0.22 and will be removed in version 0.24. The corresponding classes / functions should instead be imported from sklearn.metrics. Anything that cannot be imported from sklearn.metrics is now part of the private API.
  warnings.warn(message, FutureWarning)
INFO: Read 'poems' corpus.
INFO: Read preload corpus with epoch division by 'amann_altered'.
INFO: Used epochs are 'Frühbarock' and 'Hochbarock'.
INFO: Count of different poets: 28
INFO: Count of poets of epoch 'Frühbarock': 12
INFO: Count of poets of epoch 'Hochbarock': 16
/home/paulus/.conda/envs/bertpoems/lib/python3.8/site-packages/sklearn/cluster/_kmeans.py:973: FutureWarning: 'n_jobs' was deprecated in version 0.23 and will be removed in 0.25.
  warnings.warn("'n_jobs' was deprecated in version 0.23 and will be"
INFO: Adjusted Rand Score for K-Means: 0.49329758713136734.
INFO: V-measure for K-Means: 0.5080915846083285.
INFO: Create results file.
INFO: Run-time K-Means: 0.16161823272705078 seconds
INFO: Adjusted Rand Score for K-Medoids: 0.05215646940822464.
INFO: V-measure for K-Medoids: 0.05237610551744656.
INFO: Create results file.
INFO: Run-time K-Medoids: 0.01310873031616211 seconds
INFO: Tuning hyperparameters for dbscan.
INFO: Best params for DBSCAN:
eps: 0.7
min_samples: 7
metrics: cosine
INFO: Adjusted Rand Score for DBSCAN: 0.49329758713136734.
INFO: V-measure for DBSCAN: 0.5080915846083285.
INFO: Create results file.
INFO: Run-time DBSCAN: 5.042926788330078 seconds
INFO: Tuning hyperparameters for gmm.
INFO: Best params for GMM:
covariance type: tied
INFO: Adjusted Rand Score for Gaussian Mixture Model: -0.017897091722595165.
INFO: V-measure for for Gaussian Mixture Model: 0.048939681106601025.
INFO: Create results file.
INFO: Run-time Gaussian Mixture Model: 852.1594564914703 seconds
INFO: Run-time: 14.383333333333333 minute(s).
--------------- Metrics (K-Means) ---------------
--------------------------------------------------
--------------- Metrics (K-Medoids) ---------------
--------------------------------------------------
--------------- Metrics (DBSCAN) ---------------
------------------------------------------------
--------------- Metrics (Gaussian Mixture Model) ---------------
-----------------------------------------------------------------
INFO: Argument combination 2/36.
INFO: Epoch 1: Frühbarock.
INFO: Epoch 2: Aufklärung.
/home/paulus/.conda/envs/bertpoems/lib/python3.8/site-packages/sklearn/utils/deprecation.py:143: FutureWarning: The sklearn.metrics.classification module is  deprecated in version 0.22 and will be removed in version 0.24. The corresponding classes / functions should instead be imported from sklearn.metrics. Anything that cannot be imported from sklearn.metrics is now part of the private API.
  warnings.warn(message, FutureWarning)
INFO: Read 'poems' corpus.
INFO: Read preload corpus with epoch division by 'amann_altered'.
INFO: Used epochs are 'Frühbarock' and 'Aufklärung'.
INFO: Count of different poets: 50
INFO: Count of poets of epoch 'Frühbarock': 12
INFO: Count of poets of epoch 'Aufklärung': 38
/home/paulus/.conda/envs/bertpoems/lib/python3.8/site-packages/sklearn/cluster/_kmeans.py:973: FutureWarning: 'n_jobs' was deprecated in version 0.23 and will be removed in 0.25.
  warnings.warn("'n_jobs' was deprecated in version 0.23 and will be"
INFO: Adjusted Rand Score for K-Means: 0.8280198888563908.
INFO: V-measure for K-Means: 0.7461232854816618.
INFO: Update results file.
INFO: Run-time K-Means: 0.18251276016235352 seconds
INFO: Adjusted Rand Score for K-Medoids: 0.8280198888563908.
INFO: V-measure for K-Medoids: 0.7461232854816618.
INFO: Update results file.
INFO: Run-time K-Medoids: 0.015686511993408203 seconds
INFO: Tuning hyperparameters for dbscan.
INFO: Best params for DBSCAN:
eps: 0.6
min_samples: 3
metrics: cosine
INFO: Adjusted Rand Score for DBSCAN: 0.8280198888563908.
INFO: V-measure for DBSCAN: 0.7461232854816618.
INFO: Update results file.
INFO: Run-time DBSCAN: 5.8804051876068115 seconds
INFO: Tuning hyperparameters for gmm.
INFO: Best params for GMM:
covariance type: tied
INFO: Adjusted Rand Score for Gaussian Mixture Model: 0.9133684622234538.
INFO: V-measure for for Gaussian Mixture Model: 0.8498561624891114.
INFO: Update results file.
INFO: Run-time Gaussian Mixture Model: 879.9845798015594 seconds
INFO: Run-time: 14.883333333333333 minute(s).
--------------- Metrics (K-Means) ---------------
--------------------------------------------------
--------------- Metrics (K-Medoids) ---------------
--------------------------------------------------
--------------- Metrics (DBSCAN) ---------------
------------------------------------------------
--------------- Metrics (Gaussian Mixture Model) ---------------
-----------------------------------------------------------------
INFO: Argument combination 3/36.
INFO: Epoch 1: Frühbarock.
INFO: Epoch 2: Klassik.
/home/paulus/.conda/envs/bertpoems/lib/python3.8/site-packages/sklearn/utils/deprecation.py:143: FutureWarning: The sklearn.metrics.classification module is  deprecated in version 0.22 and will be removed in version 0.24. The corresponding classes / functions should instead be imported from sklearn.metrics. Anything that cannot be imported from sklearn.metrics is now part of the private API.
  warnings.warn(message, FutureWarning)
INFO: Read 'poems' corpus.
INFO: Read preload corpus with epoch division by 'amann_altered'.
INFO: Used epochs are 'Frühbarock' and 'Klassik'.
INFO: Count of different poets: 19
INFO: Count of poets of epoch 'Frühbarock': 12
INFO: Count of poets of epoch 'Klassik': 7
/home/paulus/.conda/envs/bertpoems/lib/python3.8/site-packages/sklearn/cluster/_kmeans.py:973: FutureWarning: 'n_jobs' was deprecated in version 0.23 and will be removed in 0.25.
  warnings.warn("'n_jobs' was deprecated in version 0.23 and will be"
INFO: Adjusted Rand Score for K-Means: 0.29860541427399506.
INFO: V-measure for K-Means: 0.41624310720269564.
INFO: Update results file.
INFO: Run-time K-Means: 0.15613937377929688 seconds
INFO: Adjusted Rand Score for K-Medoids: -0.05816831683168315.
INFO: V-measure for K-Medoids: 0.014322825569384662.
INFO: Update results file.
INFO: Run-time K-Medoids: 0.010458230972290039 seconds
INFO: Tuning hyperparameters for dbscan.
INFO: Best params for DBSCAN:
eps: 0.8
min_samples: 2
metrics: cosine
INFO: Adjusted Rand Score for DBSCAN: 0.49969381506429883.
INFO: V-measure for DBSCAN: 0.4864393550523717.
INFO: Update results file.
INFO: Run-time DBSCAN: 4.629810571670532 seconds
INFO: Tuning hyperparameters for gmm.
INFO: Best params for GMM:
covariance type: full
INFO: Adjusted Rand Score for Gaussian Mixture Model: 0.6027060270602707.
INFO: V-measure for for Gaussian Mixture Model: 0.6033115432623924.
INFO: Update results file.
INFO: Run-time Gaussian Mixture Model: 1041.9868822097778 seconds
INFO: Run-time: 17.533333333333335 minute(s).
--------------- Metrics (K-Means) ---------------
--------------------------------------------------
--------------- Metrics (K-Medoids) ---------------
--------------------------------------------------
--------------- Metrics (DBSCAN) ---------------
------------------------------------------------
--------------- Metrics (Gaussian Mixture Model) ---------------
-----------------------------------------------------------------
INFO: Argument combination 4/36.
INFO: Epoch 1: Frühbarock.
INFO: Epoch 2: Romantik.
/home/paulus/.conda/envs/bertpoems/lib/python3.8/site-packages/sklearn/utils/deprecation.py:143: FutureWarning: The sklearn.metrics.classification module is  deprecated in version 0.22 and will be removed in version 0.24. The corresponding classes / functions should instead be imported from sklearn.metrics. Anything that cannot be imported from sklearn.metrics is now part of the private API.
  warnings.warn(message, FutureWarning)
INFO: Read 'poems' corpus.
INFO: Read preload corpus with epoch division by 'amann_altered'.
INFO: Used epochs are 'Frühbarock' and 'Romantik'.
INFO: Count of different poets: 20
INFO: Count of poets of epoch 'Frühbarock': 12
INFO: Count of poets of epoch 'Romantik': 8
/home/paulus/.conda/envs/bertpoems/lib/python3.8/site-packages/sklearn/cluster/_kmeans.py:973: FutureWarning: 'n_jobs' was deprecated in version 0.23 and will be removed in 0.25.
  warnings.warn("'n_jobs' was deprecated in version 0.23 and will be"
INFO: Adjusted Rand Score for K-Means: 0.4629198536747589.
INFO: V-measure for K-Means: 0.5153548147829218.
INFO: Update results file.
INFO: Run-time K-Means: 0.15566325187683105 seconds
INFO: Adjusted Rand Score for K-Medoids: 0.4629198536747589.
INFO: V-measure for K-Medoids: 0.5153548147829218.
INFO: Update results file.
INFO: Run-time K-Medoids: 0.02011728286743164 seconds
INFO: Tuning hyperparameters for dbscan.
INFO: Best params for DBSCAN:
eps: 0.8
min_samples: 2
metrics: cosine
INFO: Adjusted Rand Score for DBSCAN: 0.7149049683227743.
INFO: V-measure for DBSCAN: 0.7995745561223419.
INFO: Update results file.
INFO: Run-time DBSCAN: 4.708194732666016 seconds
INFO: Tuning hyperparameters for gmm.
INFO: Best params for GMM:
covariance type: tied
INFO: Adjusted Rand Score for Gaussian Mixture Model: 1.0.
INFO: V-measure for for Gaussian Mixture Model: 1.0.
INFO: Update results file.
INFO: Run-time Gaussian Mixture Model: 831.2633156776428 seconds
INFO: Run-time: 14.033333333333333 minute(s).
--------------- Metrics (K-Means) ---------------
--------------------------------------------------
--------------- Metrics (K-Medoids) ---------------
--------------------------------------------------
--------------- Metrics (DBSCAN) ---------------
------------------------------------------------
--------------- Metrics (Gaussian Mixture Model) ---------------
-----------------------------------------------------------------
INFO: Argument combination 5/36.
INFO: Epoch 1: Frühbarock.
INFO: Epoch 2: Biedermeier.
/home/paulus/.conda/envs/bertpoems/lib/python3.8/site-packages/sklearn/utils/deprecation.py:143: FutureWarning: The sklearn.metrics.classification module is  deprecated in version 0.22 and will be removed in version 0.24. The corresponding classes / functions should instead be imported from sklearn.metrics. Anything that cannot be imported from sklearn.metrics is now part of the private API.
  warnings.warn(message, FutureWarning)
INFO: Read 'poems' corpus.
INFO: Read preload corpus with epoch division by 'amann_altered'.
INFO: Used epochs are 'Frühbarock' and 'Biedermeier'.
INFO: Count of different poets: 19
INFO: Count of poets of epoch 'Frühbarock': 12
INFO: Count of poets of epoch 'Biedermeier': 7
/home/paulus/.conda/envs/bertpoems/lib/python3.8/site-packages/sklearn/cluster/_kmeans.py:973: FutureWarning: 'n_jobs' was deprecated in version 0.23 and will be removed in 0.25.
  warnings.warn("'n_jobs' was deprecated in version 0.23 and will be"
INFO: Adjusted Rand Score for K-Means: 0.43911439114391143.
INFO: V-measure for K-Means: 0.4987177868977854.
INFO: Update results file.
INFO: Run-time K-Means: 0.1640031337738037 seconds
INFO: Adjusted Rand Score for K-Medoids: 0.6027060270602707.
INFO: V-measure for K-Medoids: 0.6033115432623924.
INFO: Update results file.
INFO: Run-time K-Medoids: 0.0171511173248291 seconds
INFO: Tuning hyperparameters for dbscan.
INFO: Best params for DBSCAN:
eps: 0.8
min_samples: 2
metrics: cosine
INFO: Adjusted Rand Score for DBSCAN: 0.5239356284375637.
INFO: V-measure for DBSCAN: 0.5895015138952774.
INFO: Update results file.
INFO: Run-time DBSCAN: 4.641936302185059 seconds
INFO: Tuning hyperparameters for gmm.
INFO: Best params for GMM:
covariance type: full
INFO: Adjusted Rand Score for Gaussian Mixture Model: 0.6027060270602707.
INFO: V-measure for for Gaussian Mixture Model: 0.6033115432623924.
INFO: Update results file.
INFO: Run-time Gaussian Mixture Model: 1051.679381608963 seconds
INFO: Run-time: 17.7 minute(s).
--------------- Metrics (K-Means) ---------------
--------------------------------------------------
--------------- Metrics (K-Medoids) ---------------
--------------------------------------------------
--------------- Metrics (DBSCAN) ---------------
------------------------------------------------
--------------- Metrics (Gaussian Mixture Model) ---------------
-----------------------------------------------------------------
INFO: Argument combination 6/36.
INFO: Epoch 1: Frühbarock.
INFO: Epoch 2: Realismus.
/home/paulus/.conda/envs/bertpoems/lib/python3.8/site-packages/sklearn/utils/deprecation.py:143: FutureWarning: The sklearn.metrics.classification module is  deprecated in version 0.22 and will be removed in version 0.24. The corresponding classes / functions should instead be imported from sklearn.metrics. Anything that cannot be imported from sklearn.metrics is now part of the private API.
  warnings.warn(message, FutureWarning)
INFO: Read 'poems' corpus.
INFO: Read preload corpus with epoch division by 'amann_altered'.
INFO: Used epochs are 'Frühbarock' and 'Realismus'.
INFO: Count of different poets: 21
INFO: Count of poets of epoch 'Frühbarock': 12
INFO: Count of poets of epoch 'Realismus': 9
/home/paulus/.conda/envs/bertpoems/lib/python3.8/site-packages/sklearn/cluster/_kmeans.py:973: FutureWarning: 'n_jobs' was deprecated in version 0.23 and will be removed in 0.25.
  warnings.warn("'n_jobs' was deprecated in version 0.23 and will be"
INFO: Adjusted Rand Score for K-Means: 0.6376021798365122.
INFO: V-measure for K-Means: 0.6321081646615186.
INFO: Update results file.
INFO: Run-time K-Means: 0.14509367942810059 seconds
INFO: Adjusted Rand Score for K-Medoids: 0.8092643051771117.
INFO: V-measure for K-Medoids: 0.7681992814022529.
INFO: Update results file.
INFO: Run-time K-Medoids: 0.01893448829650879 seconds
INFO: Tuning hyperparameters for dbscan.
INFO: Best params for DBSCAN:
eps: 0.8
min_samples: 4
metrics: cosine
INFO: Adjusted Rand Score for DBSCAN: 0.4807692307692308.
INFO: V-measure for DBSCAN: 0.4710488477777276.
INFO: Update results file.
INFO: Run-time DBSCAN: 4.638247489929199 seconds
INFO: Tuning hyperparameters for gmm.
INFO: Best params for GMM:
covariance type: tied
INFO: Adjusted Rand Score for Gaussian Mixture Model: 1.0.
INFO: V-measure for for Gaussian Mixture Model: 1.0.
INFO: Update results file.
INFO: Run-time Gaussian Mixture Model: 873.7396285533905 seconds
INFO: Run-time: 14.733333333333333 minute(s).
--------------- Metrics (K-Means) ---------------
--------------------------------------------------
--------------- Metrics (K-Medoids) ---------------
--------------------------------------------------
--------------- Metrics (DBSCAN) ---------------
------------------------------------------------
--------------- Metrics (Gaussian Mixture Model) ---------------
-----------------------------------------------------------------
INFO: Argument combination 7/36.
INFO: Epoch 1: Frühbarock.
INFO: Epoch 2: Naturalismus.
/home/paulus/.conda/envs/bertpoems/lib/python3.8/site-packages/sklearn/utils/deprecation.py:143: FutureWarning: The sklearn.metrics.classification module is  deprecated in version 0.22 and will be removed in version 0.24. The corresponding classes / functions should instead be imported from sklearn.metrics. Anything that cannot be imported from sklearn.metrics is now part of the private API.
  warnings.warn(message, FutureWarning)
INFO: Read 'poems' corpus.
INFO: Read preload corpus with epoch division by 'amann_altered'.
INFO: Used epochs are 'Frühbarock' and 'Naturalismus'.
INFO: Count of different poets: 23
INFO: Count of poets of epoch 'Frühbarock': 12
INFO: Count of poets of epoch 'Naturalismus': 11
/home/paulus/.conda/envs/bertpoems/lib/python3.8/site-packages/sklearn/cluster/_kmeans.py:973: FutureWarning: 'n_jobs' was deprecated in version 0.23 and will be removed in 0.25.
  warnings.warn("'n_jobs' was deprecated in version 0.23 and will be"
INFO: Adjusted Rand Score for K-Means: 0.8258774948382657.
INFO: V-measure for K-Means: 0.7828496729585405.
INFO: Update results file.
INFO: Run-time K-Means: 0.1433556079864502 seconds
INFO: Adjusted Rand Score for K-Medoids: 0.6673553719008265.
INFO: V-measure for K-Medoids: 0.5733193375104657.
INFO: Update results file.
INFO: Run-time K-Medoids: 0.008197784423828125 seconds
INFO: Tuning hyperparameters for dbscan.
INFO: Best params for DBSCAN:
eps: 0.8
min_samples: 2
metrics: cosine
INFO: Adjusted Rand Score for DBSCAN: 0.6975778546712803.
INFO: V-measure for DBSCAN: 0.6760236779195326.
INFO: Update results file.
INFO: Run-time DBSCAN: 4.765022277832031 seconds
INFO: Tuning hyperparameters for gmm.
INFO: Best params for GMM:
covariance type: full
INFO: Adjusted Rand Score for Gaussian Mixture Model: 0.6673553719008265.
INFO: V-measure for for Gaussian Mixture Model: 0.5733193375104657.
INFO: Update results file.
INFO: Run-time Gaussian Mixture Model: 1073.8832004070282 seconds
INFO: Run-time: 18.083333333333332 minute(s).
--------------- Metrics (K-Means) ---------------
--------------------------------------------------
--------------- Metrics (K-Medoids) ---------------
--------------------------------------------------
--------------- Metrics (DBSCAN) ---------------
------------------------------------------------
--------------- Metrics (Gaussian Mixture Model) ---------------
-----------------------------------------------------------------
INFO: Argument combination 8/36.
INFO: Epoch 1: Frühbarock.
INFO: Epoch 2: Expressionismus.
/home/paulus/.conda/envs/bertpoems/lib/python3.8/site-packages/sklearn/utils/deprecation.py:143: FutureWarning: The sklearn.metrics.classification module is  deprecated in version 0.22 and will be removed in version 0.24. The corresponding classes / functions should instead be imported from sklearn.metrics. Anything that cannot be imported from sklearn.metrics is now part of the private API.
  warnings.warn(message, FutureWarning)
INFO: Read 'poems' corpus.
INFO: Read preload corpus with epoch division by 'amann_altered'.
INFO: Used epochs are 'Frühbarock' and 'Expressionismus'.
INFO: Count of different poets: 13
INFO: Count of poets of epoch 'Frühbarock': 12
INFO: Count of poets of epoch 'Expressionismus': 1
/home/paulus/.conda/envs/bertpoems/lib/python3.8/site-packages/sklearn/cluster/_kmeans.py:973: FutureWarning: 'n_jobs' was deprecated in version 0.23 and will be removed in 0.25.
  warnings.warn("'n_jobs' was deprecated in version 0.23 and will be"
INFO: Adjusted Rand Score for K-Means: -0.10169491525423746.
INFO: V-measure for K-Means: 0.0383158604724383.
INFO: Update results file.
INFO: Run-time K-Means: 0.14676809310913086 seconds
INFO: Adjusted Rand Score for K-Medoids: 0.026217228464419554.
INFO: V-measure for K-Medoids: 0.1315574934768067.
INFO: Update results file.
INFO: Run-time K-Medoids: 0.01556706428527832 seconds
INFO: Tuning hyperparameters for dbscan.
INFO: Params: ()
INFO: Adjusted Rand Score for DBSCAN: 0.0.
INFO: V-measure for DBSCAN: 0.0.
INFO: Update results file.
INFO: Run-time DBSCAN: 4.426727294921875 seconds
INFO: Tuning hyperparameters for gmm.
INFO: Best params for GMM:
covariance type: diag
INFO: Adjusted Rand Score for Gaussian Mixture Model: 0.026217228464419554.
INFO: V-measure for for Gaussian Mixture Model: 0.1315574934768067.
INFO: Update results file.
INFO: Run-time Gaussian Mixture Model: 626.7303750514984 seconds
INFO: Run-time: 10.616666666666667 minute(s).
--------------- Metrics (K-Means) ---------------
--------------------------------------------------
--------------- Metrics (K-Medoids) ---------------
--------------------------------------------------
--------------- Metrics (DBSCAN) ---------------
------------------------------------------------
--------------- Metrics (Gaussian Mixture Model) ---------------
-----------------------------------------------------------------
INFO: Argument combination 9/36.
INFO: Epoch 1: Hochbarock.
INFO: Epoch 2: Aufklärung.
/home/paulus/.conda/envs/bertpoems/lib/python3.8/site-packages/sklearn/utils/deprecation.py:143: FutureWarning: The sklearn.metrics.classification module is  deprecated in version 0.22 and will be removed in version 0.24. The corresponding classes / functions should instead be imported from sklearn.metrics. Anything that cannot be imported from sklearn.metrics is now part of the private API.
  warnings.warn(message, FutureWarning)
INFO: Read 'poems' corpus.
INFO: Read preload corpus with epoch division by 'amann_altered'.
INFO: Used epochs are 'Hochbarock' and 'Aufklärung'.
INFO: Count of different poets: 54
INFO: Count of poets of epoch 'Hochbarock': 16
INFO: Count of poets of epoch 'Aufklärung': 38
/home/paulus/.conda/envs/bertpoems/lib/python3.8/site-packages/sklearn/cluster/_kmeans.py:973: FutureWarning: 'n_jobs' was deprecated in version 0.23 and will be removed in 0.25.
  warnings.warn("'n_jobs' was deprecated in version 0.23 and will be"
INFO: Adjusted Rand Score for K-Means: 0.714019632921916.
INFO: V-measure for K-Means: 0.5775275773024909.
INFO: Update results file.
INFO: Run-time K-Means: 0.20754623413085938 seconds
INFO: Adjusted Rand Score for K-Medoids: 0.38562596599690885.
INFO: V-measure for K-Medoids: 0.3591285591583319.
INFO: Update results file.
INFO: Run-time K-Medoids: 0.0228271484375 seconds
INFO: Tuning hyperparameters for dbscan.
INFO: Best params for DBSCAN:
eps: 0.6
min_samples: 6
metrics: cosine
INFO: Adjusted Rand Score for DBSCAN: 0.5727685124522105.
INFO: V-measure for DBSCAN: 0.5210369960476867.
INFO: Update results file.
INFO: Run-time DBSCAN: 6.040475130081177 seconds
INFO: Tuning hyperparameters for gmm.
INFO: Best params for GMM:
covariance type: spherical
INFO: Adjusted Rand Score for Gaussian Mixture Model: 0.714019632921916.
INFO: V-measure for for Gaussian Mixture Model: 0.5775275773024909.
INFO: Update results file.
INFO: Run-time Gaussian Mixture Model: 612.6603047847748 seconds
INFO: Run-time: 10.416666666666666 minute(s).
--------------- Metrics (K-Means) ---------------
--------------------------------------------------
--------------- Metrics (K-Medoids) ---------------
--------------------------------------------------
--------------- Metrics (DBSCAN) ---------------
------------------------------------------------
--------------- Metrics (Gaussian Mixture Model) ---------------
-----------------------------------------------------------------
INFO: Argument combination 10/36.
INFO: Epoch 1: Hochbarock.
INFO: Epoch 2: Klassik.
/home/paulus/.conda/envs/bertpoems/lib/python3.8/site-packages/sklearn/utils/deprecation.py:143: FutureWarning: The sklearn.metrics.classification module is  deprecated in version 0.22 and will be removed in version 0.24. The corresponding classes / functions should instead be imported from sklearn.metrics. Anything that cannot be imported from sklearn.metrics is now part of the private API.
  warnings.warn(message, FutureWarning)
INFO: Read 'poems' corpus.
INFO: Read preload corpus with epoch division by 'amann_altered'.
INFO: Used epochs are 'Hochbarock' and 'Klassik'.
INFO: Count of different poets: 23
INFO: Count of poets of epoch 'Hochbarock': 16
INFO: Count of poets of epoch 'Klassik': 7
/home/paulus/.conda/envs/bertpoems/lib/python3.8/site-packages/sklearn/cluster/_kmeans.py:973: FutureWarning: 'n_jobs' was deprecated in version 0.23 and will be removed in 0.25.
  warnings.warn("'n_jobs' was deprecated in version 0.23 and will be"
INFO: Adjusted Rand Score for K-Means: 1.0.
INFO: V-measure for K-Means: 1.0.
INFO: Update results file.
INFO: Run-time K-Means: 0.14597082138061523 seconds
INFO: Adjusted Rand Score for K-Medoids: 0.6678336980306345.
INFO: V-measure for K-Medoids: 0.6343932987924382.
INFO: Update results file.
INFO: Run-time K-Medoids: 0.011959552764892578 seconds
INFO: Tuning hyperparameters for dbscan.
INFO: Best params for DBSCAN:
eps: 0.8
min_samples: 2
metrics: cosine
INFO: Adjusted Rand Score for DBSCAN: 0.49363173216885003.
INFO: V-measure for DBSCAN: 0.4837535950217273.
INFO: Update results file.
INFO: Run-time DBSCAN: 4.875732183456421 seconds
INFO: Tuning hyperparameters for gmm.
INFO: Best params for GMM:
covariance type: diag
INFO: Adjusted Rand Score for Gaussian Mixture Model: 1.0.
INFO: V-measure for for Gaussian Mixture Model: 1.0.
INFO: Update results file.
INFO: Run-time Gaussian Mixture Model: 615.7712676525116 seconds
INFO: Run-time: 10.433333333333334 minute(s).
--------------- Metrics (K-Means) ---------------
--------------------------------------------------
--------------- Metrics (K-Medoids) ---------------
--------------------------------------------------
--------------- Metrics (DBSCAN) ---------------
------------------------------------------------
--------------- Metrics (Gaussian Mixture Model) ---------------
-----------------------------------------------------------------
INFO: Argument combination 11/36.
INFO: Epoch 1: Hochbarock.
INFO: Epoch 2: Romantik.
/home/paulus/.conda/envs/bertpoems/lib/python3.8/site-packages/sklearn/utils/deprecation.py:143: FutureWarning: The sklearn.metrics.classification module is  deprecated in version 0.22 and will be removed in version 0.24. The corresponding classes / functions should instead be imported from sklearn.metrics. Anything that cannot be imported from sklearn.metrics is now part of the private API.
  warnings.warn(message, FutureWarning)
INFO: Read 'poems' corpus.
INFO: Read preload corpus with epoch division by 'amann_altered'.
INFO: Used epochs are 'Hochbarock' and 'Romantik'.
INFO: Count of different poets: 24
INFO: Count of poets of epoch 'Hochbarock': 16
INFO: Count of poets of epoch 'Romantik': 8
/home/paulus/.conda/envs/bertpoems/lib/python3.8/site-packages/sklearn/cluster/_kmeans.py:973: FutureWarning: 'n_jobs' was deprecated in version 0.23 and will be removed in 0.25.
  warnings.warn("'n_jobs' was deprecated in version 0.23 and will be"
INFO: Adjusted Rand Score for K-Means: 1.0.
INFO: V-measure for K-Means: 1.0.
INFO: Update results file.
INFO: Run-time K-Means: 0.13135266304016113 seconds
INFO: Adjusted Rand Score for K-Medoids: 1.0.
INFO: V-measure for K-Medoids: 1.0.
INFO: Update results file.
INFO: Run-time K-Medoids: 0.01873183250427246 seconds
INFO: Tuning hyperparameters for dbscan.
INFO: Best params for DBSCAN:
eps: 0.8
min_samples: 3
metrics: cosine
INFO: Adjusted Rand Score for DBSCAN: 0.6589785831960461.
INFO: V-measure for DBSCAN: 0.7725068857142603.
INFO: Update results file.
INFO: Run-time DBSCAN: 4.930513858795166 seconds
INFO: Tuning hyperparameters for gmm.
INFO: Best params for GMM:
covariance type: tied
INFO: Adjusted Rand Score for Gaussian Mixture Model: -0.041131105398457435.
INFO: V-measure for for Gaussian Mixture Model: 0.042839782471374044.
INFO: Update results file.
INFO: Run-time Gaussian Mixture Model: 836.9557344913483 seconds
INFO: Run-time: 14.133333333333333 minute(s).
--------------- Metrics (K-Means) ---------------
--------------------------------------------------
--------------- Metrics (K-Medoids) ---------------
--------------------------------------------------
--------------- Metrics (DBSCAN) ---------------
------------------------------------------------
--------------- Metrics (Gaussian Mixture Model) ---------------
-----------------------------------------------------------------
INFO: Argument combination 12/36.
INFO: Epoch 1: Hochbarock.
INFO: Epoch 2: Biedermeier.
/home/paulus/.conda/envs/bertpoems/lib/python3.8/site-packages/sklearn/utils/deprecation.py:143: FutureWarning: The sklearn.metrics.classification module is  deprecated in version 0.22 and will be removed in version 0.24. The corresponding classes / functions should instead be imported from sklearn.metrics. Anything that cannot be imported from sklearn.metrics is now part of the private API.
  warnings.warn(message, FutureWarning)
INFO: Read 'poems' corpus.
INFO: Read preload corpus with epoch division by 'amann_altered'.
INFO: Used epochs are 'Hochbarock' and 'Biedermeier'.
INFO: Count of different poets: 23
INFO: Count of poets of epoch 'Hochbarock': 16
INFO: Count of poets of epoch 'Biedermeier': 7
/home/paulus/.conda/envs/bertpoems/lib/python3.8/site-packages/sklearn/cluster/_kmeans.py:973: FutureWarning: 'n_jobs' was deprecated in version 0.23 and will be removed in 0.25.
  warnings.warn("'n_jobs' was deprecated in version 0.23 and will be"
INFO: Adjusted Rand Score for K-Means: 1.0.
INFO: V-measure for K-Means: 1.0.
INFO: Update results file.
INFO: Run-time K-Means: 0.15541839599609375 seconds
INFO: Adjusted Rand Score for K-Medoids: 1.0.
INFO: V-measure for K-Medoids: 1.0.
INFO: Update results file.
INFO: Run-time K-Medoids: 0.0077931880950927734 seconds
INFO: Tuning hyperparameters for dbscan.
INFO: Best params for DBSCAN:
eps: 0.8
min_samples: 3
metrics: cosine
INFO: Adjusted Rand Score for DBSCAN: 0.5557910032088151.
INFO: V-measure for DBSCAN: 0.6181524844307674.
INFO: Update results file.
INFO: Run-time DBSCAN: 4.72444486618042 seconds
INFO: Tuning hyperparameters for gmm.
INFO: Best params for GMM:
covariance type: diag
INFO: Adjusted Rand Score for Gaussian Mixture Model: 0.5271911792188376.
INFO: V-measure for for Gaussian Mixture Model: 0.5371486135861737.
INFO: Update results file.
INFO: Run-time Gaussian Mixture Model: 620.1109800338745 seconds
INFO: Run-time: 10.516666666666667 minute(s).
--------------- Metrics (K-Means) ---------------
--------------------------------------------------
--------------- Metrics (K-Medoids) ---------------
--------------------------------------------------
--------------- Metrics (DBSCAN) ---------------
------------------------------------------------
--------------- Metrics (Gaussian Mixture Model) ---------------
-----------------------------------------------------------------
INFO: Argument combination 13/36.
INFO: Epoch 1: Hochbarock.
INFO: Epoch 2: Realismus.
/home/paulus/.conda/envs/bertpoems/lib/python3.8/site-packages/sklearn/utils/deprecation.py:143: FutureWarning: The sklearn.metrics.classification module is  deprecated in version 0.22 and will be removed in version 0.24. The corresponding classes / functions should instead be imported from sklearn.metrics. Anything that cannot be imported from sklearn.metrics is now part of the private API.
  warnings.warn(message, FutureWarning)
INFO: Read 'poems' corpus.
INFO: Read preload corpus with epoch division by 'amann_altered'.
INFO: Used epochs are 'Hochbarock' and 'Realismus'.
INFO: Count of different poets: 25
INFO: Count of poets of epoch 'Hochbarock': 16
INFO: Count of poets of epoch 'Realismus': 9
/home/paulus/.conda/envs/bertpoems/lib/python3.8/site-packages/sklearn/cluster/_kmeans.py:973: FutureWarning: 'n_jobs' was deprecated in version 0.23 and will be removed in 0.25.
  warnings.warn("'n_jobs' was deprecated in version 0.23 and will be"
INFO: Adjusted Rand Score for K-Means: 0.84.
INFO: V-measure for K-Means: 0.7891634838885613.
INFO: Update results file.
INFO: Run-time K-Means: 0.1466076374053955 seconds
INFO: Adjusted Rand Score for K-Medoids: 1.0.
INFO: V-measure for K-Medoids: 1.0.
INFO: Update results file.
INFO: Run-time K-Medoids: 0.012029647827148438 seconds
INFO: Tuning hyperparameters for dbscan.
INFO: Best params for DBSCAN:
eps: 0.8
min_samples: 2
metrics: cosine
INFO: Adjusted Rand Score for DBSCAN: 0.7485442032821599.
INFO: V-measure for DBSCAN: 0.7225749611068433.
INFO: Update results file.
INFO: Run-time DBSCAN: 4.84441614151001 seconds
INFO: Tuning hyperparameters for gmm.
INFO: Best params for GMM:
covariance type: tied
INFO: Adjusted Rand Score for Gaussian Mixture Model: -0.055951727921009504.
INFO: V-measure for for Gaussian Mixture Model: 0.0807487031891294.
INFO: Update results file.
INFO: Run-time Gaussian Mixture Model: 811.8725094795227 seconds
INFO: Run-time: 13.7 minute(s).
--------------- Metrics (K-Means) ---------------
--------------------------------------------------
--------------- Metrics (K-Medoids) ---------------
--------------------------------------------------
--------------- Metrics (DBSCAN) ---------------
------------------------------------------------
--------------- Metrics (Gaussian Mixture Model) ---------------
-----------------------------------------------------------------
INFO: Argument combination 14/36.
INFO: Epoch 1: Hochbarock.
INFO: Epoch 2: Naturalismus.
/home/paulus/.conda/envs/bertpoems/lib/python3.8/site-packages/sklearn/utils/deprecation.py:143: FutureWarning: The sklearn.metrics.classification module is  deprecated in version 0.22 and will be removed in version 0.24. The corresponding classes / functions should instead be imported from sklearn.metrics. Anything that cannot be imported from sklearn.metrics is now part of the private API.
  warnings.warn(message, FutureWarning)
INFO: Read 'poems' corpus.
INFO: Read preload corpus with epoch division by 'amann_altered'.
INFO: Used epochs are 'Hochbarock' and 'Naturalismus'.
INFO: Count of different poets: 27
INFO: Count of poets of epoch 'Hochbarock': 16
INFO: Count of poets of epoch 'Naturalismus': 11
/home/paulus/.conda/envs/bertpoems/lib/python3.8/site-packages/sklearn/cluster/_kmeans.py:973: FutureWarning: 'n_jobs' was deprecated in version 0.23 and will be removed in 0.25.
  warnings.warn("'n_jobs' was deprecated in version 0.23 and will be"
INFO: Adjusted Rand Score for K-Means: 0.8518410286382232.
INFO: V-measure for K-Means: 0.8048036075715662.
INFO: Update results file.
INFO: Run-time K-Means: 0.13591766357421875 seconds
INFO: Adjusted Rand Score for K-Medoids: 0.8518650780768107.
INFO: V-measure for K-Medoids: 0.8015281596043065.
INFO: Update results file.
INFO: Run-time K-Medoids: 0.020639896392822266 seconds
INFO: Tuning hyperparameters for dbscan.
INFO: Best params for DBSCAN:
eps: 0.8
min_samples: 2
metrics: cosine
INFO: Adjusted Rand Score for DBSCAN: 0.6408419821663499.
INFO: V-measure for DBSCAN: 0.5817312725263114.
INFO: Update results file.
INFO: Run-time DBSCAN: 4.911518096923828 seconds
INFO: Tuning hyperparameters for gmm.
INFO: Best params for GMM:
covariance type: tied
INFO: Adjusted Rand Score for Gaussian Mixture Model: -0.034928555227942686.
INFO: V-measure for for Gaussian Mixture Model: 0.0867720866472117.
INFO: Update results file.
INFO: Run-time Gaussian Mixture Model: 862.7403891086578 seconds
INFO: Run-time: 14.55 minute(s).
--------------- Metrics (K-Means) ---------------
--------------------------------------------------
--------------- Metrics (K-Medoids) ---------------
--------------------------------------------------
--------------- Metrics (DBSCAN) ---------------
------------------------------------------------
--------------- Metrics (Gaussian Mixture Model) ---------------
-----------------------------------------------------------------
INFO: Argument combination 15/36.
INFO: Epoch 1: Hochbarock.
INFO: Epoch 2: Expressionismus.
/home/paulus/.conda/envs/bertpoems/lib/python3.8/site-packages/sklearn/utils/deprecation.py:143: FutureWarning: The sklearn.metrics.classification module is  deprecated in version 0.22 and will be removed in version 0.24. The corresponding classes / functions should instead be imported from sklearn.metrics. Anything that cannot be imported from sklearn.metrics is now part of the private API.
  warnings.warn(message, FutureWarning)
INFO: Read 'poems' corpus.
INFO: Read preload corpus with epoch division by 'amann_altered'.
INFO: Used epochs are 'Hochbarock' and 'Expressionismus'.
INFO: Count of different poets: 17
INFO: Count of poets of epoch 'Hochbarock': 16
INFO: Count of poets of epoch 'Expressionismus': 1
/home/paulus/.conda/envs/bertpoems/lib/python3.8/site-packages/sklearn/cluster/_kmeans.py:973: FutureWarning: 'n_jobs' was deprecated in version 0.23 and will be removed in 0.25.
  warnings.warn("'n_jobs' was deprecated in version 0.23 and will be"
INFO: Adjusted Rand Score for K-Means: -0.07854984894259828.
INFO: V-measure for K-Means: 0.02595314893424392.
INFO: Update results file.
INFO: Run-time K-Means: 0.1464996337890625 seconds
INFO: Adjusted Rand Score for K-Medoids: -0.06249999999999949.
INFO: V-measure for K-Medoids: 0.016444213790023584.
INFO: Update results file.
INFO: Run-time K-Medoids: 0.015121936798095703 seconds
INFO: Tuning hyperparameters for dbscan.
INFO: Best params for DBSCAN:
eps: 0.8
min_samples: 2
metrics: cosine
INFO: Adjusted Rand Score for DBSCAN: 0.06707317073170727.
INFO: V-measure for DBSCAN: 0.1333977725464854.
INFO: Update results file.
INFO: Run-time DBSCAN: 4.580973863601685 seconds
INFO: Tuning hyperparameters for gmm.
INFO: Best params for GMM:
covariance type: diag
INFO: Adjusted Rand Score for Gaussian Mixture Model: 0.014900662251655676.
INFO: V-measure for for Gaussian Mixture Model: 0.10143752275421568.
INFO: Update results file.
INFO: Run-time Gaussian Mixture Model: 621.5143988132477 seconds
INFO: Run-time: 10.533333333333333 minute(s).
--------------- Metrics (K-Means) ---------------
--------------------------------------------------
--------------- Metrics (K-Medoids) ---------------
--------------------------------------------------
--------------- Metrics (DBSCAN) ---------------
------------------------------------------------
--------------- Metrics (Gaussian Mixture Model) ---------------
-----------------------------------------------------------------
INFO: Argument combination 16/36.
INFO: Epoch 1: Aufklärung.
INFO: Epoch 2: Klassik.
/home/paulus/.conda/envs/bertpoems/lib/python3.8/site-packages/sklearn/utils/deprecation.py:143: FutureWarning: The sklearn.metrics.classification module is  deprecated in version 0.22 and will be removed in version 0.24. The corresponding classes / functions should instead be imported from sklearn.metrics. Anything that cannot be imported from sklearn.metrics is now part of the private API.
  warnings.warn(message, FutureWarning)
INFO: Read 'poems' corpus.
INFO: Read preload corpus with epoch division by 'amann_altered'.
INFO: Used epochs are 'Aufklärung' and 'Klassik'.
INFO: Count of different poets: 45
INFO: Count of poets of epoch 'Aufklärung': 38
INFO: Count of poets of epoch 'Klassik': 7
/home/paulus/.conda/envs/bertpoems/lib/python3.8/site-packages/sklearn/cluster/_kmeans.py:973: FutureWarning: 'n_jobs' was deprecated in version 0.23 and will be removed in 0.25.
  warnings.warn("'n_jobs' was deprecated in version 0.23 and will be"
INFO: Adjusted Rand Score for K-Means: 0.022748507129219605.
INFO: V-measure for K-Means: 0.18371795833727006.
INFO: Update results file.
INFO: Run-time K-Means: 0.1897592544555664 seconds
INFO: Adjusted Rand Score for K-Medoids: 0.1305456399796022.
INFO: V-measure for K-Medoids: 0.24072666670217266.
INFO: Update results file.
INFO: Run-time K-Medoids: 0.027353525161743164 seconds
INFO: Tuning hyperparameters for dbscan.
INFO: Best params for DBSCAN:
eps: 0.7
min_samples: 3
metrics: cosine
INFO: Adjusted Rand Score for DBSCAN: 0.19400814547503523.
INFO: V-measure for DBSCAN: 0.2249424785899694.
INFO: Update results file.
INFO: Run-time DBSCAN: 5.7995054721832275 seconds
INFO: Tuning hyperparameters for gmm.
INFO: Best params for GMM:
covariance type: full
INFO: Adjusted Rand Score for Gaussian Mixture Model: 0.1305456399796022.
INFO: V-measure for for Gaussian Mixture Model: 0.24072666670217266.
INFO: Update results file.
INFO: Run-time Gaussian Mixture Model: 1048.464500427246 seconds
INFO: Run-time: 17.683333333333334 minute(s).
--------------- Metrics (K-Means) ---------------
--------------------------------------------------
--------------- Metrics (K-Medoids) ---------------
--------------------------------------------------
--------------- Metrics (DBSCAN) ---------------
------------------------------------------------
--------------- Metrics (Gaussian Mixture Model) ---------------
-----------------------------------------------------------------
INFO: Argument combination 17/36.
INFO: Epoch 1: Aufklärung.
INFO: Epoch 2: Romantik.
/home/paulus/.conda/envs/bertpoems/lib/python3.8/site-packages/sklearn/utils/deprecation.py:143: FutureWarning: The sklearn.metrics.classification module is  deprecated in version 0.22 and will be removed in version 0.24. The corresponding classes / functions should instead be imported from sklearn.metrics. Anything that cannot be imported from sklearn.metrics is now part of the private API.
  warnings.warn(message, FutureWarning)
INFO: Read 'poems' corpus.
INFO: Read preload corpus with epoch division by 'amann_altered'.
INFO: Used epochs are 'Aufklärung' and 'Romantik'.
INFO: Count of different poets: 46
INFO: Count of poets of epoch 'Aufklärung': 38
INFO: Count of poets of epoch 'Romantik': 8
/home/paulus/.conda/envs/bertpoems/lib/python3.8/site-packages/sklearn/cluster/_kmeans.py:973: FutureWarning: 'n_jobs' was deprecated in version 0.23 and will be removed in 0.25.
  warnings.warn("'n_jobs' was deprecated in version 0.23 and will be"
INFO: Adjusted Rand Score for K-Means: -0.11375864719446586.
INFO: V-measure for K-Means: 0.09635371748814704.
INFO: Update results file.
INFO: Run-time K-Means: 0.15686821937561035 seconds
INFO: Adjusted Rand Score for K-Medoids: 0.34370304921822487.
INFO: V-measure for K-Medoids: 0.36852391521214345.
INFO: Update results file.
INFO: Run-time K-Medoids: 0.028316974639892578 seconds
INFO: Tuning hyperparameters for dbscan.
INFO: Best params for DBSCAN:
eps: 0.7
min_samples: 5
metrics: cosine
INFO: Adjusted Rand Score for DBSCAN: 0.5831415420023015.
INFO: V-measure for DBSCAN: 0.40419084366964864.
INFO: Update results file.
INFO: Run-time DBSCAN: 5.800381898880005 seconds
INFO: Tuning hyperparameters for gmm.
INFO: Best params for GMM:
covariance type: spherical
INFO: Adjusted Rand Score for Gaussian Mixture Model: -0.11375864719446586.
INFO: V-measure for for Gaussian Mixture Model: 0.09635371748814704.
INFO: Update results file.
INFO: Run-time Gaussian Mixture Model: 645.2660758495331 seconds
INFO: Run-time: 10.95 minute(s).
--------------- Metrics (K-Means) ---------------
--------------------------------------------------
--------------- Metrics (K-Medoids) ---------------
--------------------------------------------------
--------------- Metrics (DBSCAN) ---------------
------------------------------------------------
--------------- Metrics (Gaussian Mixture Model) ---------------
-----------------------------------------------------------------
INFO: Argument combination 18/36.
INFO: Epoch 1: Aufklärung.
INFO: Epoch 2: Biedermeier.
/home/paulus/.conda/envs/bertpoems/lib/python3.8/site-packages/sklearn/utils/deprecation.py:143: FutureWarning: The sklearn.metrics.classification module is  deprecated in version 0.22 and will be removed in version 0.24. The corresponding classes / functions should instead be imported from sklearn.metrics. Anything that cannot be imported from sklearn.metrics is now part of the private API.
  warnings.warn(message, FutureWarning)
INFO: Read 'poems' corpus.
INFO: Read preload corpus with epoch division by 'amann_altered'.
INFO: Used epochs are 'Aufklärung' and 'Biedermeier'.
INFO: Count of different poets: 45
INFO: Count of poets of epoch 'Aufklärung': 38
INFO: Count of poets of epoch 'Biedermeier': 7
/home/paulus/.conda/envs/bertpoems/lib/python3.8/site-packages/sklearn/cluster/_kmeans.py:973: FutureWarning: 'n_jobs' was deprecated in version 0.23 and will be removed in 0.25.
  warnings.warn("'n_jobs' was deprecated in version 0.23 and will be"
INFO: Adjusted Rand Score for K-Means: -0.11567718807379561.
INFO: V-measure for K-Means: 0.08179679602881364.
INFO: Update results file.
INFO: Run-time K-Means: 0.16968202590942383 seconds
INFO: Adjusted Rand Score for K-Medoids: 0.04640489546149917.
INFO: V-measure for K-Medoids: 0.1963871945229765.
INFO: Update results file.
INFO: Run-time K-Medoids: 0.01900935173034668 seconds
INFO: Tuning hyperparameters for dbscan.
INFO: Best params for DBSCAN:
eps: 0.7
min_samples: 2
metrics: cosine
INFO: Adjusted Rand Score for DBSCAN: 0.028867713004484336.
INFO: V-measure for DBSCAN: 0.13502954545200624.
INFO: Update results file.
INFO: Run-time DBSCAN: 5.721875190734863 seconds
INFO: Tuning hyperparameters for gmm.
INFO: Best params for GMM:
covariance type: diag
INFO: Adjusted Rand Score for Gaussian Mixture Model: -0.01913429958005849.
INFO: V-measure for for Gaussian Mixture Model: 0.0593754447115443.
INFO: Update results file.
INFO: Run-time Gaussian Mixture Model: 663.6631555557251 seconds
INFO: Run-time: 11.266666666666667 minute(s).
--------------- Metrics (K-Means) ---------------
--------------------------------------------------
--------------- Metrics (K-Medoids) ---------------
--------------------------------------------------
--------------- Metrics (DBSCAN) ---------------
------------------------------------------------
--------------- Metrics (Gaussian Mixture Model) ---------------
-----------------------------------------------------------------
INFO: Argument combination 19/36.
INFO: Epoch 1: Aufklärung.
INFO: Epoch 2: Realismus.
/home/paulus/.conda/envs/bertpoems/lib/python3.8/site-packages/sklearn/utils/deprecation.py:143: FutureWarning: The sklearn.metrics.classification module is  deprecated in version 0.22 and will be removed in version 0.24. The corresponding classes / functions should instead be imported from sklearn.metrics. Anything that cannot be imported from sklearn.metrics is now part of the private API.
  warnings.warn(message, FutureWarning)
INFO: Read 'poems' corpus.
INFO: Read preload corpus with epoch division by 'amann_altered'.
INFO: Used epochs are 'Aufklärung' and 'Realismus'.
INFO: Count of different poets: 47
INFO: Count of poets of epoch 'Aufklärung': 38
INFO: Count of poets of epoch 'Realismus': 9
/home/paulus/.conda/envs/bertpoems/lib/python3.8/site-packages/sklearn/cluster/_kmeans.py:973: FutureWarning: 'n_jobs' was deprecated in version 0.23 and will be removed in 0.25.
  warnings.warn("'n_jobs' was deprecated in version 0.23 and will be"
INFO: Adjusted Rand Score for K-Means: -0.10784682130290722.
INFO: V-measure for K-Means: 0.11167284373691076.
INFO: Update results file.
INFO: Run-time K-Means: 0.16320204734802246 seconds
INFO: Adjusted Rand Score for K-Medoids: 0.0894461370205452.
INFO: V-measure for K-Medoids: 0.1418072830196529.
INFO: Update results file.
INFO: Run-time K-Medoids: 0.020059585571289062 seconds
INFO: Tuning hyperparameters for dbscan.
INFO: Best params for DBSCAN:
eps: 0.6
min_samples: 2
metrics: cosine
INFO: Adjusted Rand Score for DBSCAN: 0.25343830778034315.
INFO: V-measure for DBSCAN: 0.2244057153455092.
INFO: Update results file.
INFO: Run-time DBSCAN: 5.82622766494751 seconds
INFO: Tuning hyperparameters for gmm.
INFO: Best params for GMM:
covariance type: tied
INFO: Adjusted Rand Score for Gaussian Mixture Model: -0.03094617026322009.
INFO: V-measure for for Gaussian Mixture Model: 0.015480240287898227.
INFO: Update results file.
INFO: Run-time Gaussian Mixture Model: 876.2796688079834 seconds
INFO: Run-time: 14.8 minute(s).
--------------- Metrics (K-Means) ---------------
--------------------------------------------------
--------------- Metrics (K-Medoids) ---------------
--------------------------------------------------
--------------- Metrics (DBSCAN) ---------------
------------------------------------------------
--------------- Metrics (Gaussian Mixture Model) ---------------
-----------------------------------------------------------------
INFO: Argument combination 20/36.
INFO: Epoch 1: Aufklärung.
INFO: Epoch 2: Naturalismus.
/home/paulus/.conda/envs/bertpoems/lib/python3.8/site-packages/sklearn/utils/deprecation.py:143: FutureWarning: The sklearn.metrics.classification module is  deprecated in version 0.22 and will be removed in version 0.24. The corresponding classes / functions should instead be imported from sklearn.metrics. Anything that cannot be imported from sklearn.metrics is now part of the private API.
  warnings.warn(message, FutureWarning)
INFO: Read 'poems' corpus.
INFO: Read preload corpus with epoch division by 'amann_altered'.
INFO: Used epochs are 'Aufklärung' and 'Naturalismus'.
INFO: Count of different poets: 49
INFO: Count of poets of epoch 'Aufklärung': 38
INFO: Count of poets of epoch 'Naturalismus': 11
/home/paulus/.conda/envs/bertpoems/lib/python3.8/site-packages/sklearn/cluster/_kmeans.py:973: FutureWarning: 'n_jobs' was deprecated in version 0.23 and will be removed in 0.25.
  warnings.warn("'n_jobs' was deprecated in version 0.23 and will be"
INFO: Adjusted Rand Score for K-Means: 0.8199515284184192.
INFO: V-measure for K-Means: 0.7340209015147151.
INFO: Update results file.
INFO: Run-time K-Means: 0.17055010795593262 seconds
INFO: Adjusted Rand Score for K-Medoids: 0.7534246575342466.
INFO: V-measure for K-Medoids: 0.6793069313158402.
INFO: Update results file.
INFO: Run-time K-Medoids: 0.020138978958129883 seconds
INFO: Tuning hyperparameters for dbscan.
INFO: Best params for DBSCAN:
eps: 0.7
min_samples: 3
metrics: cosine
INFO: Adjusted Rand Score for DBSCAN: 0.11617276166456487.
INFO: V-measure for DBSCAN: 0.2908004691973691.
INFO: Update results file.
INFO: Run-time DBSCAN: 5.85782265663147 seconds
INFO: Tuning hyperparameters for gmm.
INFO: Best params for GMM:
covariance type: diag
INFO: Adjusted Rand Score for Gaussian Mixture Model: 0.016506903830847405.
INFO: V-measure for for Gaussian Mixture Model: 0.07378243648967565.
INFO: Update results file.
INFO: Run-time Gaussian Mixture Model: 672.9435493946075 seconds
INFO: Run-time: 11.416666666666666 minute(s).
--------------- Metrics (K-Means) ---------------
--------------------------------------------------
--------------- Metrics (K-Medoids) ---------------
--------------------------------------------------
--------------- Metrics (DBSCAN) ---------------
------------------------------------------------
--------------- Metrics (Gaussian Mixture Model) ---------------
-----------------------------------------------------------------
INFO: Argument combination 21/36.
INFO: Epoch 1: Aufklärung.
INFO: Epoch 2: Expressionismus.
/home/paulus/.conda/envs/bertpoems/lib/python3.8/site-packages/sklearn/utils/deprecation.py:143: FutureWarning: The sklearn.metrics.classification module is  deprecated in version 0.22 and will be removed in version 0.24. The corresponding classes / functions should instead be imported from sklearn.metrics. Anything that cannot be imported from sklearn.metrics is now part of the private API.
  warnings.warn(message, FutureWarning)
INFO: Read 'poems' corpus.
INFO: Read preload corpus with epoch division by 'amann_altered'.
INFO: Used epochs are 'Aufklärung' and 'Expressionismus'.
INFO: Count of different poets: 39
INFO: Count of poets of epoch 'Aufklärung': 38
INFO: Count of poets of epoch 'Expressionismus': 1
/home/paulus/.conda/envs/bertpoems/lib/python3.8/site-packages/sklearn/cluster/_kmeans.py:973: FutureWarning: 'n_jobs' was deprecated in version 0.23 and will be removed in 0.25.
  warnings.warn("'n_jobs' was deprecated in version 0.23 and will be"
INFO: Adjusted Rand Score for K-Means: -0.03266850068775784.
INFO: V-measure for K-Means: 0.022402515725898783.
INFO: Update results file.
INFO: Run-time K-Means: 0.1704404354095459 seconds
INFO: Adjusted Rand Score for K-Medoids: -0.025390624999999886.
INFO: V-measure for K-Medoids: 0.027957265351565244.
INFO: Update results file.
INFO: Run-time K-Medoids: 0.01795482635498047 seconds
INFO: Tuning hyperparameters for dbscan.
INFO: Best params for DBSCAN:
eps: 0.8
min_samples: 2
metrics: cosine
INFO: Adjusted Rand Score for DBSCAN: 0.094738651994498.
INFO: V-measure for DBSCAN: 0.10426001466330631.
INFO: Update results file.
INFO: Run-time DBSCAN: 5.525815725326538 seconds
INFO: Tuning hyperparameters for gmm.
INFO: Best params for GMM:
covariance type: diag
INFO: Adjusted Rand Score for Gaussian Mixture Model: -0.019173412867490365.
INFO: V-measure for for Gaussian Mixture Model: 0.03223093068897916.
INFO: Update results file.
INFO: Run-time Gaussian Mixture Model: 665.3161749839783 seconds
INFO: Run-time: 11.283333333333333 minute(s).
--------------- Metrics (K-Means) ---------------
--------------------------------------------------
--------------- Metrics (K-Medoids) ---------------
--------------------------------------------------
--------------- Metrics (DBSCAN) ---------------
------------------------------------------------
--------------- Metrics (Gaussian Mixture Model) ---------------
-----------------------------------------------------------------
INFO: Argument combination 22/36.
INFO: Epoch 1: Klassik.
INFO: Epoch 2: Romantik.
/home/paulus/.conda/envs/bertpoems/lib/python3.8/site-packages/sklearn/utils/deprecation.py:143: FutureWarning: The sklearn.metrics.classification module is  deprecated in version 0.22 and will be removed in version 0.24. The corresponding classes / functions should instead be imported from sklearn.metrics. Anything that cannot be imported from sklearn.metrics is now part of the private API.
  warnings.warn(message, FutureWarning)
INFO: Read 'poems' corpus.
INFO: Read preload corpus with epoch division by 'amann_altered'.
INFO: Used epochs are 'Klassik' and 'Romantik'.
INFO: Count of different poets: 15
INFO: Count of poets of epoch 'Klassik': 7
INFO: Count of poets of epoch 'Romantik': 8
/home/paulus/.conda/envs/bertpoems/lib/python3.8/site-packages/sklearn/cluster/_kmeans.py:973: FutureWarning: 'n_jobs' was deprecated in version 0.23 and will be removed in 0.25.
  warnings.warn("'n_jobs' was deprecated in version 0.23 and will be"
INFO: Adjusted Rand Score for K-Means: -0.030534351145038195.
INFO: V-measure for K-Means: 0.03539860250901074.
INFO: Update results file.
INFO: Run-time K-Means: 0.12293291091918945 seconds
INFO: Adjusted Rand Score for K-Medoids: -0.05527638190954767.
INFO: V-measure for K-Medoids: 0.0012757240628761303.
INFO: Update results file.
INFO: Run-time K-Medoids: 0.01569986343383789 seconds
INFO: Tuning hyperparameters for dbscan.
INFO: Best params for DBSCAN:
eps: 0.7
min_samples: 2
metrics: cosine
INFO: Adjusted Rand Score for DBSCAN: 0.0049140049140048965.
INFO: V-measure for DBSCAN: 0.1712118502007276.
INFO: Update results file.
INFO: Run-time DBSCAN: 4.4684157371521 seconds
INFO: Tuning hyperparameters for gmm.
INFO: Best params for GMM:
covariance type: tied
INFO: Adjusted Rand Score for Gaussian Mixture Model: 0.07862407862407861.
INFO: V-measure for for Gaussian Mixture Model: 0.20945408898243467.
INFO: Update results file.
INFO: Run-time Gaussian Mixture Model: 867.951071023941 seconds
INFO: Run-time: 14.633333333333333 minute(s).
--------------- Metrics (K-Means) ---------------
--------------------------------------------------
--------------- Metrics (K-Medoids) ---------------
--------------------------------------------------
--------------- Metrics (DBSCAN) ---------------
------------------------------------------------
--------------- Metrics (Gaussian Mixture Model) ---------------
-----------------------------------------------------------------
INFO: Argument combination 23/36.
INFO: Epoch 1: Klassik.
INFO: Epoch 2: Biedermeier.
/home/paulus/.conda/envs/bertpoems/lib/python3.8/site-packages/sklearn/utils/deprecation.py:143: FutureWarning: The sklearn.metrics.classification module is  deprecated in version 0.22 and will be removed in version 0.24. The corresponding classes / functions should instead be imported from sklearn.metrics. Anything that cannot be imported from sklearn.metrics is now part of the private API.
  warnings.warn(message, FutureWarning)
INFO: Read 'poems' corpus.
INFO: Read preload corpus with epoch division by 'amann_altered'.
INFO: Used epochs are 'Klassik' and 'Biedermeier'.
INFO: Count of different poets: 11
INFO: Count of poets of epoch 'Klassik': 7
INFO: Count of poets of epoch 'Biedermeier': 7
/home/paulus/.conda/envs/bertpoems/lib/python3.8/site-packages/sklearn/cluster/_kmeans.py:973: FutureWarning: 'n_jobs' was deprecated in version 0.23 and will be removed in 0.25.
  warnings.warn("'n_jobs' was deprecated in version 0.23 and will be"
INFO: Adjusted Rand Score for K-Means: -0.039151712887438836.
INFO: V-measure for K-Means: 0.0.
INFO: Update results file.
INFO: Run-time K-Means: 0.14883995056152344 seconds
INFO: Adjusted Rand Score for K-Medoids: 0.04567699836867862.
INFO: V-measure for K-Medoids: 0.2011877019617324.
INFO: Update results file.
INFO: Run-time K-Medoids: 0.010359048843383789 seconds
INFO: Tuning hyperparameters for dbscan.
INFO: Params: ()
INFO: Adjusted Rand Score for DBSCAN: 0.0.
INFO: V-measure for DBSCAN: 0.0.
INFO: Update results file.
INFO: Run-time DBSCAN: 4.447810888290405 seconds
INFO: Tuning hyperparameters for gmm.
--------------- Metrics (K-Means) ---------------
--------------------------------------------------
--------------- Metrics (K-Medoids) ---------------
--------------------------------------------------
--------------- Metrics (DBSCAN) ---------------
------------------------------------------------
Traceback (most recent call last):
  File "pipe.py", line 571, in <module>
    main()
  File "pipe.py", line 434, in main
    logging.info(f"Best params for GMM:\ncovariance type: {t[0]}")
IndexError: tuple index out of range
INFO: Argument combination 24/36.
INFO: Epoch 1: Klassik.
INFO: Epoch 2: Realismus.
/home/paulus/.conda/envs/bertpoems/lib/python3.8/site-packages/sklearn/utils/deprecation.py:143: FutureWarning: The sklearn.metrics.classification module is  deprecated in version 0.22 and will be removed in version 0.24. The corresponding classes / functions should instead be imported from sklearn.metrics. Anything that cannot be imported from sklearn.metrics is now part of the private API.
  warnings.warn(message, FutureWarning)
INFO: Read 'poems' corpus.
INFO: Read preload corpus with epoch division by 'amann_altered'.
INFO: Used epochs are 'Klassik' and 'Realismus'.
INFO: Count of different poets: 15
INFO: Count of poets of epoch 'Klassik': 7
INFO: Count of poets of epoch 'Realismus': 9
/home/paulus/.conda/envs/bertpoems/lib/python3.8/site-packages/sklearn/cluster/_kmeans.py:973: FutureWarning: 'n_jobs' was deprecated in version 0.23 and will be removed in 0.25.
  warnings.warn("'n_jobs' was deprecated in version 0.23 and will be"
INFO: Adjusted Rand Score for K-Means: 0.08026755852842805.
INFO: V-measure for K-Means: 0.10644478914743423.
INFO: Update results file.
INFO: Run-time K-Means: 0.143967866897583 seconds
INFO: Adjusted Rand Score for K-Medoids: -0.05.
INFO: V-measure for K-Medoids: 0.01990441871511728.
INFO: Update results file.
INFO: Run-time K-Medoids: 0.010950565338134766 seconds
INFO: Tuning hyperparameters for dbscan.
INFO: Best params for DBSCAN:
eps: 0.8
min_samples: 7
metrics: cosine
INFO: Adjusted Rand Score for DBSCAN: 0.1979949874686717.
INFO: V-measure for DBSCAN: 0.18329041477146155.
INFO: Update results file.
INFO: Run-time DBSCAN: 4.4455485343933105 seconds
INFO: Tuning hyperparameters for gmm.
INFO: Best params for GMM:
covariance type: full
INFO: Adjusted Rand Score for Gaussian Mixture Model: -0.002506265664160377.
INFO: V-measure for for Gaussian Mixture Model: 0.0415906915419769.
INFO: Update results file.
INFO: Run-time Gaussian Mixture Model: 1074.2391602993011 seconds
INFO: Run-time: 18.083333333333332 minute(s).
--------------- Metrics (K-Means) ---------------
--------------------------------------------------
--------------- Metrics (K-Medoids) ---------------
--------------------------------------------------
--------------- Metrics (DBSCAN) ---------------
------------------------------------------------
--------------- Metrics (Gaussian Mixture Model) ---------------
-----------------------------------------------------------------
INFO: Argument combination 25/36.
INFO: Epoch 1: Klassik.
INFO: Epoch 2: Naturalismus.
/home/paulus/.conda/envs/bertpoems/lib/python3.8/site-packages/sklearn/utils/deprecation.py:143: FutureWarning: The sklearn.metrics.classification module is  deprecated in version 0.22 and will be removed in version 0.24. The corresponding classes / functions should instead be imported from sklearn.metrics. Anything that cannot be imported from sklearn.metrics is now part of the private API.
  warnings.warn(message, FutureWarning)
INFO: Read 'poems' corpus.
INFO: Read preload corpus with epoch division by 'amann_altered'.
INFO: Used epochs are 'Klassik' and 'Naturalismus'.
INFO: Count of different poets: 18
INFO: Count of poets of epoch 'Klassik': 7
INFO: Count of poets of epoch 'Naturalismus': 11
/home/paulus/.conda/envs/bertpoems/lib/python3.8/site-packages/sklearn/cluster/_kmeans.py:973: FutureWarning: 'n_jobs' was deprecated in version 0.23 and will be removed in 0.25.
  warnings.warn("'n_jobs' was deprecated in version 0.23 and will be"
INFO: Adjusted Rand Score for K-Means: -0.006149116064565697.
INFO: V-measure for K-Means: 0.019707245075564817.
INFO: Update results file.
INFO: Run-time K-Means: 0.14320778846740723 seconds
INFO: Adjusted Rand Score for K-Medoids: -0.05481317558941185.
INFO: V-measure for K-Medoids: 0.11617623019786923.
INFO: Update results file.
INFO: Run-time K-Medoids: 0.009546995162963867 seconds
INFO: Tuning hyperparameters for dbscan.
INFO: Best params for DBSCAN:
eps: 0.8
min_samples: 5
metrics: cosine
INFO: Adjusted Rand Score for DBSCAN: 0.41199077632590314.
INFO: V-measure for DBSCAN: 0.33368102539167266.
INFO: Update results file.
INFO: Run-time DBSCAN: 4.548755407333374 seconds
INFO: Tuning hyperparameters for gmm.
INFO: Best params for GMM:
covariance type: spherical
INFO: Adjusted Rand Score for Gaussian Mixture Model: -0.04046242774566478.
INFO: V-measure for for Gaussian Mixture Model: 0.06432352912352948.
INFO: Update results file.
INFO: Run-time Gaussian Mixture Model: 645.2090108394623 seconds
INFO: Run-time: 10.933333333333334 minute(s).
--------------- Metrics (K-Means) ---------------
--------------------------------------------------
--------------- Metrics (K-Medoids) ---------------
--------------------------------------------------
--------------- Metrics (DBSCAN) ---------------
------------------------------------------------
--------------- Metrics (Gaussian Mixture Model) ---------------
-----------------------------------------------------------------
INFO: Argument combination 26/36.
INFO: Epoch 1: Klassik.
INFO: Epoch 2: Expressionismus.
/home/paulus/.conda/envs/bertpoems/lib/python3.8/site-packages/sklearn/utils/deprecation.py:143: FutureWarning: The sklearn.metrics.classification module is  deprecated in version 0.22 and will be removed in version 0.24. The corresponding classes / functions should instead be imported from sklearn.metrics. Anything that cannot be imported from sklearn.metrics is now part of the private API.
  warnings.warn(message, FutureWarning)
INFO: Read 'poems' corpus.
INFO: Read preload corpus with epoch division by 'amann_altered'.
INFO: Used epochs are 'Klassik' and 'Expressionismus'.
INFO: Count of different poets: 8
INFO: Count of poets of epoch 'Klassik': 7
INFO: Count of poets of epoch 'Expressionismus': 1
/home/paulus/.conda/envs/bertpoems/lib/python3.8/site-packages/sklearn/cluster/_kmeans.py:973: FutureWarning: 'n_jobs' was deprecated in version 0.23 and will be removed in 0.25.
  warnings.warn("'n_jobs' was deprecated in version 0.23 and will be"
INFO: Adjusted Rand Score for K-Means: -0.14285714285714285.
INFO: V-measure for K-Means: 0.04755786045881477.
INFO: Update results file.
INFO: Run-time K-Means: 0.1379406452178955 seconds
INFO: Adjusted Rand Score for K-Medoids: -0.14285714285714285.
INFO: V-measure for K-Medoids: 0.04755786045881477.
INFO: Update results file.
INFO: Run-time K-Medoids: 0.006500244140625 seconds
INFO: Tuning hyperparameters for dbscan.
INFO: Best params for DBSCAN:
eps: 0.9
min_samples: 2
metrics: cosine
INFO: Adjusted Rand Score for DBSCAN: 1.0.
INFO: V-measure for DBSCAN: 1.0.
INFO: Update results file.
INFO: Run-time DBSCAN: 4.237884759902954 seconds
INFO: Tuning hyperparameters for gmm.
INFO: Best params for GMM:
covariance type: diag
INFO: Adjusted Rand Score for Gaussian Mixture Model: -0.10344827586206896.
INFO: V-measure for for Gaussian Mixture Model: 0.1233103867816896.
INFO: Update results file.
INFO: Run-time Gaussian Mixture Model: 634.2991514205933 seconds
INFO: Run-time: 10.733333333333333 minute(s).
--------------- Metrics (K-Means) ---------------
--------------------------------------------------
--------------- Metrics (K-Medoids) ---------------
--------------------------------------------------
--------------- Metrics (DBSCAN) ---------------
------------------------------------------------
--------------- Metrics (Gaussian Mixture Model) ---------------
-----------------------------------------------------------------
INFO: Argument combination 27/36.
INFO: Epoch 1: Romantik.
INFO: Epoch 2: Biedermeier.
/home/paulus/.conda/envs/bertpoems/lib/python3.8/site-packages/sklearn/utils/deprecation.py:143: FutureWarning: The sklearn.metrics.classification module is  deprecated in version 0.22 and will be removed in version 0.24. The corresponding classes / functions should instead be imported from sklearn.metrics. Anything that cannot be imported from sklearn.metrics is now part of the private API.
  warnings.warn(message, FutureWarning)
INFO: Read 'poems' corpus.
INFO: Read preload corpus with epoch division by 'amann_altered'.
INFO: Used epochs are 'Romantik' and 'Biedermeier'.
INFO: Count of different poets: 15
INFO: Count of poets of epoch 'Romantik': 8
INFO: Count of poets of epoch 'Biedermeier': 7
/home/paulus/.conda/envs/bertpoems/lib/python3.8/site-packages/sklearn/cluster/_kmeans.py:973: FutureWarning: 'n_jobs' was deprecated in version 0.23 and will be removed in 0.25.
  warnings.warn("'n_jobs' was deprecated in version 0.23 and will be"
INFO: Adjusted Rand Score for K-Means: -0.07142857142857145.
INFO: V-measure for K-Means: 0.003697029931581006.
INFO: Update results file.
INFO: Run-time K-Means: 0.13628649711608887 seconds
INFO: Adjusted Rand Score for K-Medoids: -0.03194103194103196.
INFO: V-measure for K-Medoids: 0.0006326443820435195.
INFO: Update results file.
INFO: Run-time K-Medoids: 0.017359256744384766 seconds
INFO: Tuning hyperparameters for dbscan.
INFO: Best params for DBSCAN:
eps: 0.9
min_samples: 2
metrics: cosine
INFO: Adjusted Rand Score for DBSCAN: 0.01937046004842608.
INFO: V-measure for DBSCAN: 0.11442479185044623.
INFO: Update results file.
INFO: Run-time DBSCAN: 4.4439802169799805 seconds
INFO: Tuning hyperparameters for gmm.
INFO: Best params for GMM:
covariance type: diag
INFO: Adjusted Rand Score for Gaussian Mixture Model: -0.06870229007633591.
INFO: V-measure for for Gaussian Mixture Model: 0.00218117601977753.
INFO: Update results file.
INFO: Run-time Gaussian Mixture Model: 610.66681432724 seconds
INFO: Run-time: 10.35 minute(s).
--------------- Metrics (K-Means) ---------------
--------------------------------------------------
--------------- Metrics (K-Medoids) ---------------
--------------------------------------------------
--------------- Metrics (DBSCAN) ---------------
------------------------------------------------
--------------- Metrics (Gaussian Mixture Model) ---------------
-----------------------------------------------------------------
INFO: Argument combination 28/36.
INFO: Epoch 1: Romantik.
INFO: Epoch 2: Realismus.
/home/paulus/.conda/envs/bertpoems/lib/python3.8/site-packages/sklearn/utils/deprecation.py:143: FutureWarning: The sklearn.metrics.classification module is  deprecated in version 0.22 and will be removed in version 0.24. The corresponding classes / functions should instead be imported from sklearn.metrics. Anything that cannot be imported from sklearn.metrics is now part of the private API.
  warnings.warn(message, FutureWarning)
INFO: Read 'poems' corpus.
INFO: Read preload corpus with epoch division by 'amann_altered'.
INFO: Used epochs are 'Romantik' and 'Realismus'.
INFO: Count of different poets: 17
INFO: Count of poets of epoch 'Romantik': 8
INFO: Count of poets of epoch 'Realismus': 9
/home/paulus/.conda/envs/bertpoems/lib/python3.8/site-packages/sklearn/cluster/_kmeans.py:973: FutureWarning: 'n_jobs' was deprecated in version 0.23 and will be removed in 0.25.
  warnings.warn("'n_jobs' was deprecated in version 0.23 and will be"
INFO: Adjusted Rand Score for K-Means: -0.031195840554592718.
INFO: V-measure for K-Means: 0.020935491458917363.
INFO: Update results file.
INFO: Run-time K-Means: 0.14286398887634277 seconds
INFO: Adjusted Rand Score for K-Medoids: -0.013245033112582735.
INFO: V-measure for K-Medoids: 0.08532576445190562.
INFO: Update results file.
INFO: Run-time K-Medoids: 0.01727604866027832 seconds
INFO: Tuning hyperparameters for dbscan.
INFO: Best params for DBSCAN:
eps: 0.8
min_samples: 2
metrics: cosine
INFO: Adjusted Rand Score for DBSCAN: 0.11611785095320626.
INFO: V-measure for DBSCAN: 0.12526434003242493.
INFO: Update results file.
INFO: Run-time DBSCAN: 4.4520485401153564 seconds
INFO: Tuning hyperparameters for gmm.
INFO: Best params for GMM:
covariance type: spherical
INFO: Adjusted Rand Score for Gaussian Mixture Model: -0.013245033112582735.
INFO: V-measure for for Gaussian Mixture Model: 0.08532576445190562.
INFO: Update results file.
INFO: Run-time Gaussian Mixture Model: 815.0281662940979 seconds
INFO: Run-time: 13.75 minute(s).
--------------- Metrics (K-Means) ---------------
--------------------------------------------------
--------------- Metrics (K-Medoids) ---------------
--------------------------------------------------
--------------- Metrics (DBSCAN) ---------------
------------------------------------------------
--------------- Metrics (Gaussian Mixture Model) ---------------
-----------------------------------------------------------------
INFO: Argument combination 29/36.
INFO: Epoch 1: Romantik.
INFO: Epoch 2: Naturalismus.
/home/paulus/.conda/envs/bertpoems/lib/python3.8/site-packages/sklearn/utils/deprecation.py:143: FutureWarning: The sklearn.metrics.classification module is  deprecated in version 0.22 and will be removed in version 0.24. The corresponding classes / functions should instead be imported from sklearn.metrics. Anything that cannot be imported from sklearn.metrics is now part of the private API.
  warnings.warn(message, FutureWarning)
INFO: Read 'poems' corpus.
INFO: Read preload corpus with epoch division by 'amann_altered'.
INFO: Used epochs are 'Romantik' and 'Naturalismus'.
INFO: Count of different poets: 19
INFO: Count of poets of epoch 'Romantik': 8
INFO: Count of poets of epoch 'Naturalismus': 11
/home/paulus/.conda/envs/bertpoems/lib/python3.8/site-packages/sklearn/cluster/_kmeans.py:973: FutureWarning: 'n_jobs' was deprecated in version 0.23 and will be removed in 0.25.
  warnings.warn("'n_jobs' was deprecated in version 0.23 and will be"
INFO: Adjusted Rand Score for K-Means: -0.016207455429497537.
INFO: V-measure for K-Means: 0.17358042536982018.
INFO: Update results file.
INFO: Run-time K-Means: 0.16565394401550293 seconds
INFO: Adjusted Rand Score for K-Medoids: 0.18058598028477543.
INFO: V-measure for K-Medoids: 0.20936496946004038.
INFO: Update results file.
INFO: Run-time K-Medoids: 0.011054515838623047 seconds
INFO: Tuning hyperparameters for dbscan.
INFO: Best params for DBSCAN:
eps: 0.8
min_samples: 2
metrics: cosine
INFO: Adjusted Rand Score for DBSCAN: 0.4388843314191961.
INFO: V-measure for DBSCAN: 0.3659696792104803.
INFO: Update results file.
INFO: Run-time DBSCAN: 6.613821029663086 seconds
INFO: Tuning hyperparameters for gmm.
INFO: Best params for GMM:
covariance type: full
INFO: Adjusted Rand Score for Gaussian Mixture Model: 0.18058598028477543.
INFO: V-measure for for Gaussian Mixture Model: 0.20936496946004038.
INFO: Update results file.
INFO: Run-time Gaussian Mixture Model: 1685.4438400268555 seconds
INFO: Run-time: 28.4 minute(s).
--------------- Metrics (K-Means) ---------------
--------------------------------------------------
--------------- Metrics (K-Medoids) ---------------
--------------------------------------------------
--------------- Metrics (DBSCAN) ---------------
------------------------------------------------
--------------- Metrics (Gaussian Mixture Model) ---------------
-----------------------------------------------------------------
INFO: Argument combination 30/36.
INFO: Epoch 1: Romantik.
INFO: Epoch 2: Expressionismus.
/home/paulus/.conda/envs/bertpoems/lib/python3.8/site-packages/sklearn/utils/deprecation.py:143: FutureWarning: The sklearn.metrics.classification module is  deprecated in version 0.22 and will be removed in version 0.24. The corresponding classes / functions should instead be imported from sklearn.metrics. Anything that cannot be imported from sklearn.metrics is now part of the private API.
  warnings.warn(message, FutureWarning)
INFO: Read 'poems' corpus.
INFO: Read preload corpus with epoch division by 'amann_altered'.
INFO: Used epochs are 'Romantik' and 'Expressionismus'.
INFO: Count of different poets: 9
INFO: Count of poets of epoch 'Romantik': 8
INFO: Count of poets of epoch 'Expressionismus': 1
/home/paulus/.conda/envs/bertpoems/lib/python3.8/site-packages/sklearn/cluster/_kmeans.py:973: FutureWarning: 'n_jobs' was deprecated in version 0.23 and will be removed in 0.25.
  warnings.warn("'n_jobs' was deprecated in version 0.23 and will be"
INFO: Adjusted Rand Score for K-Means: 0.05813953488372091.
INFO: V-measure for K-Means: 0.19097503206080788.
INFO: Update results file.
INFO: Run-time K-Means: 0.22868895530700684 seconds
INFO: Adjusted Rand Score for K-Medoids: -0.12500000000000014.
INFO: V-measure for K-Medoids: 0.03991973790042789.
INFO: Update results file.
INFO: Run-time K-Medoids: 0.009218215942382812 seconds
INFO: Tuning hyperparameters for dbscan.
INFO: Best params for DBSCAN:
eps: 0.9
min_samples: 2
metrics: cosine
INFO: Adjusted Rand Score for DBSCAN: 0.49295774647887325.
INFO: V-measure for DBSCAN: 0.4434624880500024.
INFO: Update results file.
INFO: Run-time DBSCAN: 5.600281000137329 seconds
INFO: Tuning hyperparameters for gmm.
INFO: Best params for GMM:
covariance type: diag
INFO: Adjusted Rand Score for Gaussian Mixture Model: -0.046511627906976764.
INFO: V-measure for for Gaussian Mixture Model: 0.13676613657244813.
INFO: Update results file.
INFO: Run-time Gaussian Mixture Model: 772.1734204292297 seconds
INFO: Run-time: 13.15 minute(s).
--------------- Metrics (K-Means) ---------------
--------------------------------------------------
--------------- Metrics (K-Medoids) ---------------
--------------------------------------------------
--------------- Metrics (DBSCAN) ---------------
------------------------------------------------
--------------- Metrics (Gaussian Mixture Model) ---------------
-----------------------------------------------------------------
INFO: Argument combination 31/36.
INFO: Epoch 1: Biedermeier.
INFO: Epoch 2: Realismus.
/home/paulus/.conda/envs/bertpoems/lib/python3.8/site-packages/sklearn/utils/deprecation.py:143: FutureWarning: The sklearn.metrics.classification module is  deprecated in version 0.22 and will be removed in version 0.24. The corresponding classes / functions should instead be imported from sklearn.metrics. Anything that cannot be imported from sklearn.metrics is now part of the private API.
  warnings.warn(message, FutureWarning)
INFO: Read 'poems' corpus.
INFO: Read preload corpus with epoch division by 'amann_altered'.
INFO: Used epochs are 'Biedermeier' and 'Realismus'.
INFO: Count of different poets: 16
INFO: Count of poets of epoch 'Biedermeier': 7
INFO: Count of poets of epoch 'Realismus': 9
/home/paulus/.conda/envs/bertpoems/lib/python3.8/site-packages/sklearn/cluster/_kmeans.py:973: FutureWarning: 'n_jobs' was deprecated in version 0.23 and will be removed in 0.25.
  warnings.warn("'n_jobs' was deprecated in version 0.23 and will be"
INFO: Adjusted Rand Score for K-Means: 0.10714285714285705.
INFO: V-measure for K-Means: 0.21660655152900693.
INFO: Update results file.
INFO: Run-time K-Means: 0.1311202049255371 seconds
INFO: Adjusted Rand Score for K-Medoids: -0.028112449799196786.
INFO: V-measure for K-Medoids: 0.08176121203311315.
INFO: Update results file.
INFO: Run-time K-Medoids: 0.00910496711730957 seconds
INFO: Tuning hyperparameters for dbscan.
INFO: Params: ()
INFO: Adjusted Rand Score for DBSCAN: 0.0.
INFO: V-measure for DBSCAN: 3.240040882961846e-16.
INFO: Update results file.
INFO: Run-time DBSCAN: 4.475473642349243 seconds
INFO: Tuning hyperparameters for gmm.
--------------- Metrics (K-Means) ---------------
--------------------------------------------------
--------------- Metrics (K-Medoids) ---------------
--------------------------------------------------
--------------- Metrics (DBSCAN) ---------------
------------------------------------------------
Traceback (most recent call last):
  File "pipe.py", line 571, in <module>
    main()
  File "pipe.py", line 434, in main
    logging.info(f"Best params for GMM:\ncovariance type: {t[0]}")
IndexError: tuple index out of range
INFO: Argument combination 32/36.
INFO: Epoch 1: Biedermeier.
INFO: Epoch 2: Naturalismus.
/home/paulus/.conda/envs/bertpoems/lib/python3.8/site-packages/sklearn/utils/deprecation.py:143: FutureWarning: The sklearn.metrics.classification module is  deprecated in version 0.22 and will be removed in version 0.24. The corresponding classes / functions should instead be imported from sklearn.metrics. Anything that cannot be imported from sklearn.metrics is now part of the private API.
  warnings.warn(message, FutureWarning)
INFO: Read 'poems' corpus.
INFO: Read preload corpus with epoch division by 'amann_altered'.
INFO: Used epochs are 'Biedermeier' and 'Naturalismus'.
INFO: Count of different poets: 18
INFO: Count of poets of epoch 'Biedermeier': 7
INFO: Count of poets of epoch 'Naturalismus': 11
/home/paulus/.conda/envs/bertpoems/lib/python3.8/site-packages/sklearn/cluster/_kmeans.py:973: FutureWarning: 'n_jobs' was deprecated in version 0.23 and will be removed in 0.25.
  warnings.warn("'n_jobs' was deprecated in version 0.23 and will be"
INFO: Adjusted Rand Score for K-Means: 0.41199077632590314.
INFO: V-measure for K-Means: 0.33368102539167266.
INFO: Update results file.
INFO: Run-time K-Means: 0.144561767578125 seconds
INFO: Adjusted Rand Score for K-Medoids: -0.04046242774566478.
INFO: V-measure for K-Medoids: 0.06432352912352948.
INFO: Update results file.
INFO: Run-time K-Medoids: 0.010243415832519531 seconds
INFO: Tuning hyperparameters for dbscan.
INFO: Params: ()
INFO: Adjusted Rand Score for DBSCAN: 0.0.
INFO: V-measure for DBSCAN: 0.0.
INFO: Update results file.
INFO: Run-time DBSCAN: 4.537307262420654 seconds
INFO: Tuning hyperparameters for gmm.
INFO: Best params for GMM:
covariance type: full
INFO: Adjusted Rand Score for Gaussian Mixture Model: 0.05846153846153844.
INFO: V-measure for for Gaussian Mixture Model: 0.08801936376848676.
INFO: Update results file.
INFO: Run-time Gaussian Mixture Model: 1141.7060492038727 seconds
INFO: Run-time: 19.2 minute(s).
--------------- Metrics (K-Means) ---------------
--------------------------------------------------
--------------- Metrics (K-Medoids) ---------------
--------------------------------------------------
--------------- Metrics (DBSCAN) ---------------
------------------------------------------------
--------------- Metrics (Gaussian Mixture Model) ---------------
-----------------------------------------------------------------
INFO: Argument combination 33/36.
INFO: Epoch 1: Biedermeier.
INFO: Epoch 2: Expressionismus.
/home/paulus/.conda/envs/bertpoems/lib/python3.8/site-packages/sklearn/utils/deprecation.py:143: FutureWarning: The sklearn.metrics.classification module is  deprecated in version 0.22 and will be removed in version 0.24. The corresponding classes / functions should instead be imported from sklearn.metrics. Anything that cannot be imported from sklearn.metrics is now part of the private API.
  warnings.warn(message, FutureWarning)
INFO: Read 'poems' corpus.
INFO: Read preload corpus with epoch division by 'amann_altered'.
INFO: Used epochs are 'Biedermeier' and 'Expressionismus'.
INFO: Count of different poets: 8
INFO: Count of poets of epoch 'Biedermeier': 7
INFO: Count of poets of epoch 'Expressionismus': 1
/home/paulus/.conda/envs/bertpoems/lib/python3.8/site-packages/sklearn/cluster/_kmeans.py:973: FutureWarning: 'n_jobs' was deprecated in version 0.23 and will be removed in 0.25.
  warnings.warn("'n_jobs' was deprecated in version 0.23 and will be"
INFO: Adjusted Rand Score for K-Means: -0.15384615384615385.
INFO: V-measure for K-Means: 0.08273673753871631.
INFO: Update results file.
INFO: Run-time K-Means: 0.12659668922424316 seconds
INFO: Adjusted Rand Score for K-Medoids: 1.0.
INFO: V-measure for K-Medoids: 1.0.
INFO: Update results file.
INFO: Run-time K-Medoids: 0.0076143741607666016 seconds
INFO: Tuning hyperparameters for dbscan.
INFO: Params: ()
INFO: Adjusted Rand Score for DBSCAN: 0.0.
INFO: V-measure for DBSCAN: 0.0.
INFO: Update results file.
INFO: Run-time DBSCAN: 4.224270343780518 seconds
INFO: Tuning hyperparameters for gmm.
--------------- Metrics (K-Means) ---------------
--------------------------------------------------
--------------- Metrics (K-Medoids) ---------------
--------------------------------------------------
--------------- Metrics (DBSCAN) ---------------
------------------------------------------------
Traceback (most recent call last):
  File "pipe.py", line 571, in <module>
    main()
  File "pipe.py", line 434, in main
    logging.info(f"Best params for GMM:\ncovariance type: {t[0]}")
IndexError: tuple index out of range
INFO: Argument combination 34/36.
INFO: Epoch 1: Realismus.
INFO: Epoch 2: Naturalismus.
/home/paulus/.conda/envs/bertpoems/lib/python3.8/site-packages/sklearn/utils/deprecation.py:143: FutureWarning: The sklearn.metrics.classification module is  deprecated in version 0.22 and will be removed in version 0.24. The corresponding classes / functions should instead be imported from sklearn.metrics. Anything that cannot be imported from sklearn.metrics is now part of the private API.
  warnings.warn(message, FutureWarning)
INFO: Read 'poems' corpus.
INFO: Read preload corpus with epoch division by 'amann_altered'.
INFO: Used epochs are 'Realismus' and 'Naturalismus'.
INFO: Count of different poets: 20
INFO: Count of poets of epoch 'Realismus': 9
INFO: Count of poets of epoch 'Naturalismus': 11
/home/paulus/.conda/envs/bertpoems/lib/python3.8/site-packages/sklearn/cluster/_kmeans.py:973: FutureWarning: 'n_jobs' was deprecated in version 0.23 and will be removed in 0.25.
  warnings.warn("'n_jobs' was deprecated in version 0.23 and will be"
INFO: Adjusted Rand Score for K-Means: 0.21435659940456497.
INFO: V-measure for K-Means: 0.2065918663553562.
INFO: Update results file.
INFO: Run-time K-Means: 0.14281058311462402 seconds
INFO: Adjusted Rand Score for K-Medoids: 0.04168052322358942.
INFO: V-measure for K-Medoids: 0.06113213500305001.
INFO: Update results file.
INFO: Run-time K-Medoids: 0.01036214828491211 seconds
INFO: Tuning hyperparameters for dbscan.
INFO: Best params for DBSCAN:
eps: 0.7
min_samples: 2
metrics: cosine
INFO: Adjusted Rand Score for DBSCAN: 0.06651549508692368.
INFO: V-measure for DBSCAN: 0.17116723094410613.
INFO: Update results file.
INFO: Run-time DBSCAN: 4.640134811401367 seconds
INFO: Tuning hyperparameters for gmm.
INFO: Best params for GMM:
covariance type: full
INFO: Adjusted Rand Score for Gaussian Mixture Model: -0.044419766796224384.
INFO: V-measure for for Gaussian Mixture Model: 0.007325622571954271.
INFO: Update results file.
INFO: Run-time Gaussian Mixture Model: 1117.8415706157684 seconds
INFO: Run-time: 18.8 minute(s).
--------------- Metrics (K-Means) ---------------
--------------------------------------------------
--------------- Metrics (K-Medoids) ---------------
--------------------------------------------------
--------------- Metrics (DBSCAN) ---------------
------------------------------------------------
--------------- Metrics (Gaussian Mixture Model) ---------------
-----------------------------------------------------------------
INFO: Argument combination 35/36.
INFO: Epoch 1: Realismus.
INFO: Epoch 2: Expressionismus.
/home/paulus/.conda/envs/bertpoems/lib/python3.8/site-packages/sklearn/utils/deprecation.py:143: FutureWarning: The sklearn.metrics.classification module is  deprecated in version 0.22 and will be removed in version 0.24. The corresponding classes / functions should instead be imported from sklearn.metrics. Anything that cannot be imported from sklearn.metrics is now part of the private API.
  warnings.warn(message, FutureWarning)
INFO: Read 'poems' corpus.
INFO: Read preload corpus with epoch division by 'amann_altered'.
INFO: Used epochs are 'Realismus' and 'Expressionismus'.
INFO: Count of different poets: 10
INFO: Count of poets of epoch 'Realismus': 9
INFO: Count of poets of epoch 'Expressionismus': 1
/home/paulus/.conda/envs/bertpoems/lib/python3.8/site-packages/sklearn/cluster/_kmeans.py:973: FutureWarning: 'n_jobs' was deprecated in version 0.23 and will be removed in 0.25.
  warnings.warn("'n_jobs' was deprecated in version 0.23 and will be"
INFO: Adjusted Rand Score for K-Means: -0.06837606837606844.
INFO: V-measure for K-Means: 0.10970151698176955.
INFO: Update results file.
INFO: Run-time K-Means: 0.16249346733093262 seconds
INFO: Adjusted Rand Score for K-Medoids: -0.11111111111111122.
INFO: V-measure for K-Medoids: 0.03424998552388706.
INFO: Update results file.
INFO: Run-time K-Medoids: 0.006743192672729492 seconds
INFO: Tuning hyperparameters for dbscan.
INFO: Best params for DBSCAN:
eps: 0.9
min_samples: 2
metrics: cosine
INFO: Adjusted Rand Score for DBSCAN: 0.5161290322580645.
INFO: V-measure for DBSCAN: 0.4517427878747861.
INFO: Update results file.
INFO: Run-time DBSCAN: 4.08438515663147 seconds
INFO: Tuning hyperparameters for gmm.
--------------- Metrics (K-Means) ---------------
--------------------------------------------------
--------------- Metrics (K-Medoids) ---------------
--------------------------------------------------
--------------- Metrics (DBSCAN) ---------------
------------------------------------------------
Traceback (most recent call last):
  File "pipe.py", line 571, in <module>
    main()
  File "pipe.py", line 434, in main
    logging.info(f"Best params for GMM:\ncovariance type: {t[0]}")
IndexError: tuple index out of range
INFO: Argument combination 36/36.
INFO: Epoch 1: Naturalismus.
INFO: Epoch 2: Expressionismus.
/home/paulus/.conda/envs/bertpoems/lib/python3.8/site-packages/sklearn/utils/deprecation.py:143: FutureWarning: The sklearn.metrics.classification module is  deprecated in version 0.22 and will be removed in version 0.24. The corresponding classes / functions should instead be imported from sklearn.metrics. Anything that cannot be imported from sklearn.metrics is now part of the private API.
  warnings.warn(message, FutureWarning)
INFO: Read 'poems' corpus.
INFO: Read preload corpus with epoch division by 'amann_altered'.
INFO: Used epochs are 'Naturalismus' and 'Expressionismus'.
INFO: Count of different poets: 11
INFO: Count of poets of epoch 'Naturalismus': 11
INFO: Count of poets of epoch 'Expressionismus': 1
/home/paulus/.conda/envs/bertpoems/lib/python3.8/site-packages/sklearn/cluster/_kmeans.py:973: FutureWarning: 'n_jobs' was deprecated in version 0.23 and will be removed in 0.25.
  warnings.warn("'n_jobs' was deprecated in version 0.23 and will be"
INFO: Adjusted Rand Score for K-Means: -0.10958904109589063.
INFO: V-measure for K-Means: 0.04321552998707118.
INFO: Update results file.
INFO: Run-time K-Means: 0.15163898468017578 seconds
INFO: Adjusted Rand Score for K-Medoids: -0.09090909090909119.
INFO: V-measure for K-Medoids: 0.02644796190444149.
INFO: Update results file.
INFO: Run-time K-Medoids: 0.008608818054199219 seconds
INFO: Tuning hyperparameters for dbscan.
INFO: Params: ()
INFO: Adjusted Rand Score for DBSCAN: 0.0.
INFO: V-measure for DBSCAN: 2.902938674558957e-15.
INFO: Update results file.
INFO: Run-time DBSCAN: 4.303788900375366 seconds
INFO: Tuning hyperparameters for gmm.
INFO: Best params for GMM:
covariance type: tied
INFO: Adjusted Rand Score for Gaussian Mixture Model: -0.09090909090909119.
INFO: V-measure for for Gaussian Mixture Model: 0.02644796190444149.
INFO: Update results file.
INFO: Run-time Gaussian Mixture Model: 912.7842373847961 seconds
INFO: Run-time: 15.366666666666667 minute(s).
--------------- Metrics (K-Means) ---------------
--------------------------------------------------
--------------- Metrics (K-Medoids) ---------------
--------------------------------------------------
--------------- Metrics (DBSCAN) ---------------
------------------------------------------------
--------------- Metrics (Gaussian Mixture Model) ---------------
-----------------------------------------------------------------
INFO: Overall run-time: 507.3833333333333 minute(s).
--------------------------------------------
--------------------------------------------


--------------------------------------------
--------------------------------------------


--------------------------------------------
--------------------------------------------


--------------------------------------------
--------------------------------------------


--------------------------------------------
--------------------------------------------


--------------------------------------------
--------------------------------------------


--------------------------------------------
--------------------------------------------


--------------------------------------------
--------------------------------------------


--------------------------------------------
--------------------------------------------


--------------------------------------------
--------------------------------------------


--------------------------------------------
--------------------------------------------


--------------------------------------------
--------------------------------------------


--------------------------------------------
--------------------------------------------


--------------------------------------------
--------------------------------------------


--------------------------------------------
--------------------------------------------


--------------------------------------------
--------------------------------------------


--------------------------------------------
--------------------------------------------


--------------------------------------------
--------------------------------------------


--------------------------------------------
--------------------------------------------


--------------------------------------------
--------------------------------------------


--------------------------------------------
--------------------------------------------


--------------------------------------------
--------------------------------------------


--------------------------------------------
--------------------------------------------


--------------------------------------------
--------------------------------------------


--------------------------------------------
--------------------------------------------


--------------------------------------------
--------------------------------------------


--------------------------------------------
--------------------------------------------


--------------------------------------------
--------------------------------------------


--------------------------------------------
--------------------------------------------


--------------------------------------------
--------------------------------------------


--------------------------------------------
--------------------------------------------


--------------------------------------------
--------------------------------------------


--------------------------------------------
--------------------------------------------


--------------------------------------------
--------------------------------------------


--------------------------------------------
--------------------------------------------


--------------------------------------------
--------------------------------------------


