INFO: Clustering for all epoch combinations.
INFO: Argument combination 1/28.
INFO: Epoch 1: Barock.
INFO: Epoch 2: Aufklärung.
/home/paulus/.conda/envs/bertpoems/lib/python3.8/site-packages/sklearn/utils/deprecation.py:143: FutureWarning: The sklearn.metrics.classification module is  deprecated in version 0.22 and will be removed in version 0.24. The corresponding classes / functions should instead be imported from sklearn.metrics. Anything that cannot be imported from sklearn.metrics is now part of the private API.
  warnings.warn(message, FutureWarning)
INFO: Read 'poems' corpus.
INFO: Read preload corpus with epoch division by 'amann_noise'.
INFO: Used epochs are 'Barock' and 'Aufklärung'.
INFO: Count of different poets: 88
INFO: Count of poets of epoch 'Barock': 37
INFO: Count of poets of epoch 'Aufklärung': 53
/home/paulus/.conda/envs/bertpoems/lib/python3.8/site-packages/sklearn/cluster/_kmeans.py:973: FutureWarning: 'n_jobs' was deprecated in version 0.23 and will be removed in 0.25.
  warnings.warn("'n_jobs' was deprecated in version 0.23 and will be"
INFO: Adjusted Rand Score for K-Means: 0.4661142702789929.
INFO: V-measure for K-Means: 0.4747545232773035.
INFO: Create results file.
INFO: Run-time K-Means: 0.24047327041625977 seconds
INFO: Adjusted Rand Score for K-Medoids: 0.3264919319199925.
INFO: V-measure for K-Medoids: 0.27747003081577654.
INFO: Create results file.
INFO: Run-time K-Medoids: 0.03219437599182129 seconds
INFO: Tuning hyperparameters for dbscan.
INFO: Best params for DBSCAN:
eps: 0.6
min_samples: 4
metrics: cosine
INFO: Adjusted Rand Score for DBSCAN: 0.3565276312756282.
INFO: V-measure for DBSCAN: 0.42154768840799944.
INFO: Create results file.
INFO: Run-time DBSCAN: 7.645941972732544 seconds
INFO: Tuning hyperparameters for gmm.
INFO: Best params for GMM:
covariance type: diag
INFO: Adjusted Rand Score for Gaussian Mixture Model: 0.4088522564472593.
INFO: V-measure for for Gaussian Mixture Model: 0.36278967890027697.
INFO: Update results file.
INFO: Run-time Gaussian Mixture Model: 701.3339605331421 seconds
INFO: Run-time: 11.95 minute(s).
--------------- Metrics (K-Means) ---------------
--------------------------------------------------
--------------- Metrics (K-Medoids) ---------------
--------------------------------------------------
--------------- Metrics (DBSCAN) ---------------
------------------------------------------------
--------------- Metrics (Gaussian Mixture Model) ---------------
-----------------------------------------------------------------
INFO: Argument combination 2/28.
INFO: Epoch 1: Barock.
INFO: Epoch 2: Klassik.
/home/paulus/.conda/envs/bertpoems/lib/python3.8/site-packages/sklearn/utils/deprecation.py:143: FutureWarning: The sklearn.metrics.classification module is  deprecated in version 0.22 and will be removed in version 0.24. The corresponding classes / functions should instead be imported from sklearn.metrics. Anything that cannot be imported from sklearn.metrics is now part of the private API.
  warnings.warn(message, FutureWarning)
INFO: Read 'poems' corpus.
INFO: Read preload corpus with epoch division by 'amann_noise'.
INFO: Used epochs are 'Barock' and 'Klassik'.
INFO: Count of different poets: 47
INFO: Count of poets of epoch 'Barock': 37
INFO: Count of poets of epoch 'Klassik': 10
/home/paulus/.conda/envs/bertpoems/lib/python3.8/site-packages/sklearn/cluster/_kmeans.py:973: FutureWarning: 'n_jobs' was deprecated in version 0.23 and will be removed in 0.25.
  warnings.warn("'n_jobs' was deprecated in version 0.23 and will be"
INFO: Adjusted Rand Score for K-Means: -0.1132421717719207.
INFO: V-measure for K-Means: 0.10263906251027319.
INFO: Update results file.
INFO: Run-time K-Means: 0.16799354553222656 seconds
INFO: Adjusted Rand Score for K-Medoids: -0.10947656517276776.
INFO: V-measure for K-Medoids: 0.1124920140075603.
INFO: Update results file.
INFO: Run-time K-Medoids: 0.014185428619384766 seconds
INFO: Tuning hyperparameters for dbscan.
INFO: Best params for DBSCAN:
eps: 0.7
min_samples: 3
metrics: cosine
INFO: Adjusted Rand Score for DBSCAN: 0.18154227093562447.
INFO: V-measure for DBSCAN: 0.3286454032402018.
INFO: Update results file.
INFO: Run-time DBSCAN: 5.671199798583984 seconds
INFO: Tuning hyperparameters for gmm.
INFO: Best params for GMM:
covariance type: diag
INFO: Adjusted Rand Score for Gaussian Mixture Model: -0.036017982853558256.
INFO: V-measure for for Gaussian Mixture Model: 0.07980563059664367.
INFO: Update results file.
INFO: Run-time Gaussian Mixture Model: 702.3312685489655 seconds
INFO: Run-time: 11.9 minute(s).
--------------- Metrics (K-Means) ---------------
--------------------------------------------------
--------------- Metrics (K-Medoids) ---------------
--------------------------------------------------
--------------- Metrics (DBSCAN) ---------------
------------------------------------------------
--------------- Metrics (Gaussian Mixture Model) ---------------
-----------------------------------------------------------------
INFO: Argument combination 3/28.
INFO: Epoch 1: Barock.
INFO: Epoch 2: Romantik.
/home/paulus/.conda/envs/bertpoems/lib/python3.8/site-packages/sklearn/utils/deprecation.py:143: FutureWarning: The sklearn.metrics.classification module is  deprecated in version 0.22 and will be removed in version 0.24. The corresponding classes / functions should instead be imported from sklearn.metrics. Anything that cannot be imported from sklearn.metrics is now part of the private API.
  warnings.warn(message, FutureWarning)
INFO: Read 'poems' corpus.
INFO: Read preload corpus with epoch division by 'amann_noise'.
INFO: Used epochs are 'Barock' and 'Romantik'.
INFO: Count of different poets: 54
INFO: Count of poets of epoch 'Barock': 37
INFO: Count of poets of epoch 'Romantik': 17
/home/paulus/.conda/envs/bertpoems/lib/python3.8/site-packages/sklearn/cluster/_kmeans.py:973: FutureWarning: 'n_jobs' was deprecated in version 0.23 and will be removed in 0.25.
  warnings.warn("'n_jobs' was deprecated in version 0.23 and will be"
INFO: Adjusted Rand Score for K-Means: 0.3864449589560093.
INFO: V-measure for K-Means: 0.44576367322371985.
INFO: Update results file.
INFO: Run-time K-Means: 0.19843578338623047 seconds
INFO: Adjusted Rand Score for K-Medoids: 0.5973141771736327.
INFO: V-measure for K-Medoids: 0.5799593492146657.
INFO: Update results file.
INFO: Run-time K-Medoids: 0.023288726806640625 seconds
INFO: Tuning hyperparameters for dbscan.
INFO: Best params for DBSCAN:
eps: 0.7
min_samples: 2
metrics: cosine
INFO: Adjusted Rand Score for DBSCAN: 0.47115179361507453.
INFO: V-measure for DBSCAN: 0.5667014814428354.
INFO: Update results file.
INFO: Run-time DBSCAN: 6.1251380443573 seconds
INFO: Tuning hyperparameters for gmm.
INFO: Best params for GMM:
covariance type: diag
INFO: Adjusted Rand Score for Gaussian Mixture Model: 0.6569154635866252.
INFO: V-measure for for Gaussian Mixture Model: 0.6229519533164216.
INFO: Update results file.
INFO: Run-time Gaussian Mixture Model: 672.6377711296082 seconds
INFO: Run-time: 11.433333333333334 minute(s).
--------------- Metrics (K-Means) ---------------
--------------------------------------------------
--------------- Metrics (K-Medoids) ---------------
--------------------------------------------------
--------------- Metrics (DBSCAN) ---------------
------------------------------------------------
--------------- Metrics (Gaussian Mixture Model) ---------------
-----------------------------------------------------------------
INFO: Argument combination 4/28.
INFO: Epoch 1: Barock.
INFO: Epoch 2: Biedermeier.
/home/paulus/.conda/envs/bertpoems/lib/python3.8/site-packages/sklearn/utils/deprecation.py:143: FutureWarning: The sklearn.metrics.classification module is  deprecated in version 0.22 and will be removed in version 0.24. The corresponding classes / functions should instead be imported from sklearn.metrics. Anything that cannot be imported from sklearn.metrics is now part of the private API.
  warnings.warn(message, FutureWarning)
INFO: Read 'poems' corpus.
INFO: Read preload corpus with epoch division by 'amann_noise'.
INFO: Used epochs are 'Barock' and 'Biedermeier'.
INFO: Count of different poets: 51
INFO: Count of poets of epoch 'Barock': 37
INFO: Count of poets of epoch 'Biedermeier': 14
/home/paulus/.conda/envs/bertpoems/lib/python3.8/site-packages/sklearn/cluster/_kmeans.py:973: FutureWarning: 'n_jobs' was deprecated in version 0.23 and will be removed in 0.25.
  warnings.warn("'n_jobs' was deprecated in version 0.23 and will be"
INFO: Adjusted Rand Score for K-Means: 0.11962713619886073.
INFO: V-measure for K-Means: 0.28654649040973734.
INFO: Update results file.
INFO: Run-time K-Means: 0.19527435302734375 seconds
INFO: Adjusted Rand Score for K-Medoids: -0.0953106780167666.
INFO: V-measure for K-Medoids: 0.10892808515313711.
INFO: Update results file.
INFO: Run-time K-Medoids: 0.02015972137451172 seconds
INFO: Tuning hyperparameters for dbscan.
INFO: Best params for DBSCAN:
eps: 0.7
min_samples: 2
metrics: cosine
INFO: Adjusted Rand Score for DBSCAN: 0.3548362593533112.
INFO: V-measure for DBSCAN: 0.40411216219270707.
INFO: Update results file.
INFO: Run-time DBSCAN: 5.826836347579956 seconds
INFO: Tuning hyperparameters for gmm.
INFO: Best params for GMM:
covariance type: diag
INFO: Adjusted Rand Score for Gaussian Mixture Model: 0.5157949249093734.
INFO: V-measure for for Gaussian Mixture Model: 0.5147046411348088.
INFO: Update results file.
INFO: Run-time Gaussian Mixture Model: 697.2939655780792 seconds
INFO: Run-time: 11.833333333333334 minute(s).
--------------- Metrics (K-Means) ---------------
--------------------------------------------------
--------------- Metrics (K-Medoids) ---------------
--------------------------------------------------
--------------- Metrics (DBSCAN) ---------------
------------------------------------------------
--------------- Metrics (Gaussian Mixture Model) ---------------
-----------------------------------------------------------------
INFO: Argument combination 5/28.
INFO: Epoch 1: Barock.
INFO: Epoch 2: Realismus.
/home/paulus/.conda/envs/bertpoems/lib/python3.8/site-packages/sklearn/utils/deprecation.py:143: FutureWarning: The sklearn.metrics.classification module is  deprecated in version 0.22 and will be removed in version 0.24. The corresponding classes / functions should instead be imported from sklearn.metrics. Anything that cannot be imported from sklearn.metrics is now part of the private API.
  warnings.warn(message, FutureWarning)
INFO: Read 'poems' corpus.
INFO: Read preload corpus with epoch division by 'amann_noise'.
INFO: Used epochs are 'Barock' and 'Realismus'.
INFO: Count of different poets: 54
INFO: Count of poets of epoch 'Barock': 37
INFO: Count of poets of epoch 'Realismus': 17
/home/paulus/.conda/envs/bertpoems/lib/python3.8/site-packages/sklearn/cluster/_kmeans.py:973: FutureWarning: 'n_jobs' was deprecated in version 0.23 and will be removed in 0.25.
  warnings.warn("'n_jobs' was deprecated in version 0.23 and will be"
INFO: Adjusted Rand Score for K-Means: 0.45933602669945545.
INFO: V-measure for K-Means: 0.4964524247141586.
INFO: Update results file.
INFO: Run-time K-Means: 0.2039790153503418 seconds
INFO: Adjusted Rand Score for K-Medoids: -0.056615834170395535.
INFO: V-measure for K-Medoids: 0.1266297569278927.
INFO: Update results file.
INFO: Run-time K-Medoids: 0.030896663665771484 seconds
INFO: Tuning hyperparameters for dbscan.
INFO: Best params for DBSCAN:
eps: 0.7
min_samples: 2
metrics: cosine
INFO: Adjusted Rand Score for DBSCAN: 0.436161336900536.
INFO: V-measure for DBSCAN: 0.49524840856070756.
INFO: Update results file.
INFO: Run-time DBSCAN: 5.92788028717041 seconds
INFO: Tuning hyperparameters for gmm.
INFO: Best params for GMM:
covariance type: diag
INFO: Adjusted Rand Score for Gaussian Mixture Model: 0.8618029534934979.
INFO: V-measure for for Gaussian Mixture Model: 0.8067691740241013.
INFO: Update results file.
INFO: Run-time Gaussian Mixture Model: 697.6058511734009 seconds
INFO: Run-time: 11.833333333333334 minute(s).
--------------- Metrics (K-Means) ---------------
--------------------------------------------------
--------------- Metrics (K-Medoids) ---------------
--------------------------------------------------
--------------- Metrics (DBSCAN) ---------------
------------------------------------------------
--------------- Metrics (Gaussian Mixture Model) ---------------
-----------------------------------------------------------------
INFO: Argument combination 6/28.
INFO: Epoch 1: Barock.
INFO: Epoch 2: Naturalismus.
/home/paulus/.conda/envs/bertpoems/lib/python3.8/site-packages/sklearn/utils/deprecation.py:143: FutureWarning: The sklearn.metrics.classification module is  deprecated in version 0.22 and will be removed in version 0.24. The corresponding classes / functions should instead be imported from sklearn.metrics. Anything that cannot be imported from sklearn.metrics is now part of the private API.
  warnings.warn(message, FutureWarning)
INFO: Read 'poems' corpus.
INFO: Read preload corpus with epoch division by 'amann_noise'.
INFO: Used epochs are 'Barock' and 'Naturalismus'.
INFO: Count of different poets: 50
INFO: Count of poets of epoch 'Barock': 37
INFO: Count of poets of epoch 'Naturalismus': 13
/home/paulus/.conda/envs/bertpoems/lib/python3.8/site-packages/sklearn/cluster/_kmeans.py:973: FutureWarning: 'n_jobs' was deprecated in version 0.23 and will be removed in 0.25.
  warnings.warn("'n_jobs' was deprecated in version 0.23 and will be"
INFO: Adjusted Rand Score for K-Means: 0.348878742618411.
INFO: V-measure for K-Means: 0.4087621397704666.
INFO: Update results file.
INFO: Run-time K-Means: 0.19334006309509277 seconds
INFO: Adjusted Rand Score for K-Medoids: 0.7641325855493059.
INFO: V-measure for K-Medoids: 0.6977629712958003.
INFO: Update results file.
INFO: Run-time K-Medoids: 0.02971506118774414 seconds
INFO: Tuning hyperparameters for dbscan.
INFO: Best params for DBSCAN:
eps: 0.7
min_samples: 2
metrics: cosine
INFO: Adjusted Rand Score for DBSCAN: 0.43465103083033857.
INFO: V-measure for DBSCAN: 0.5277763391087936.
INFO: Update results file.
INFO: Run-time DBSCAN: 5.775213003158569 seconds
INFO: Tuning hyperparameters for gmm.
INFO: Best params for GMM:
covariance type: diag
INFO: Adjusted Rand Score for Gaussian Mixture Model: 0.8383060635226179.
INFO: V-measure for for Gaussian Mixture Model: 0.7690622814853212.
INFO: Update results file.
INFO: Run-time Gaussian Mixture Model: 692.9631896018982 seconds
INFO: Run-time: 11.75 minute(s).
--------------- Metrics (K-Means) ---------------
--------------------------------------------------
--------------- Metrics (K-Medoids) ---------------
--------------------------------------------------
--------------- Metrics (DBSCAN) ---------------
------------------------------------------------
--------------- Metrics (Gaussian Mixture Model) ---------------
-----------------------------------------------------------------
INFO: Argument combination 7/28.
INFO: Epoch 1: Barock.
INFO: Epoch 2: Expressionismus.
/home/paulus/.conda/envs/bertpoems/lib/python3.8/site-packages/sklearn/utils/deprecation.py:143: FutureWarning: The sklearn.metrics.classification module is  deprecated in version 0.22 and will be removed in version 0.24. The corresponding classes / functions should instead be imported from sklearn.metrics. Anything that cannot be imported from sklearn.metrics is now part of the private API.
  warnings.warn(message, FutureWarning)
INFO: Read 'poems' corpus.
INFO: Read preload corpus with epoch division by 'amann_noise'.
INFO: Used epochs are 'Barock' and 'Expressionismus'.
INFO: Count of different poets: 46
INFO: Count of poets of epoch 'Barock': 37
INFO: Count of poets of epoch 'Expressionismus': 9
/home/paulus/.conda/envs/bertpoems/lib/python3.8/site-packages/sklearn/cluster/_kmeans.py:973: FutureWarning: 'n_jobs' was deprecated in version 0.23 and will be removed in 0.25.
  warnings.warn("'n_jobs' was deprecated in version 0.23 and will be"
INFO: Adjusted Rand Score for K-Means: -0.11274598849530723.
INFO: V-measure for K-Means: 0.08314764216062008.
INFO: Update results file.
INFO: Run-time K-Means: 0.16751790046691895 seconds
INFO: Adjusted Rand Score for K-Medoids: 0.8208914007989838.
INFO: V-measure for K-Medoids: 0.7415689221251446.
INFO: Update results file.
INFO: Run-time K-Medoids: 0.012942790985107422 seconds
INFO: Tuning hyperparameters for dbscan.
INFO: Best params for DBSCAN:
eps: 0.7
min_samples: 3
metrics: cosine
INFO: Adjusted Rand Score for DBSCAN: 0.24510814572713935.
INFO: V-measure for DBSCAN: 0.32536499487802845.
INFO: Update results file.
INFO: Run-time DBSCAN: 5.675202369689941 seconds
INFO: Tuning hyperparameters for gmm.
