INFO: Clustering for all epoch combinations.
INFO: Argument combination 1/36.
INFO: Epoch 1: Frühbarock.
INFO: Epoch 2: Hochbarock.
/home/paulus/.conda/envs/bertpoems/lib/python3.8/site-packages/sklearn/utils/deprecation.py:143: FutureWarning: The sklearn.metrics.classification module is  deprecated in version 0.22 and will be removed in version 0.24. The corresponding classes / functions should instead be imported from sklearn.metrics. Anything that cannot be imported from sklearn.metrics is now part of the private API.
  warnings.warn(message, FutureWarning)
INFO: Read 'poems' corpus.
INFO: Read preload corpus with epoch division by 'amann_noise'.
INFO: Used epochs are 'Frühbarock' and 'Hochbarock'.
INFO: Count of different poets: 37
INFO: Count of poets of epoch 'Frühbarock': 14
INFO: Count of poets of epoch 'Hochbarock': 23
INFO: Reduce dimensionality to 3.
INFO: Explained variance of the SVD step: 20%
/home/paulus/.conda/envs/bertpoems/lib/python3.8/site-packages/sklearn/cluster/_kmeans.py:973: FutureWarning: 'n_jobs' was deprecated in version 0.23 and will be removed in 0.25.
  warnings.warn("'n_jobs' was deprecated in version 0.23 and will be"
INFO: Adjusted Rand Score for K-Means: 0.6922589062443374.
INFO: V-measure for K-Means: 0.6478253235290539.
INFO: Update results file.
INFO: Run-time K-Means: 0.04122281074523926 seconds
INFO: Adjusted Rand Score for K-Medoids: 0.06334180775680202.
INFO: V-measure for K-Medoids: 0.09176950429841176.
INFO: Update results file.
INFO: Run-time K-Medoids: 0.009181022644042969 seconds
INFO: Tuning hyperparameters for dbscan.
INFO: Best params for DBSCAN:
eps: 0.1
min_samples: 2
metrics: cosine
INFO: Adjusted Rand Score for DBSCAN: 0.6922589062443374.
INFO: V-measure for DBSCAN: 0.6478253235290539.
INFO: Update results file.
INFO: Run-time DBSCAN: 1.927731990814209 seconds
INFO: Tuning hyperparameters for gmm.
INFO: Best params for GMM:
covariance type: full
INFO: Adjusted Rand Score for Gaussian Mixture Model: 0.6922589062443374.
INFO: V-measure for for Gaussian Mixture Model: 0.6478253235290539.
INFO: Create results file.
INFO: Run-time Gaussian Mixture Model: 0.1947786808013916 seconds
INFO: Run-time: 0.15 minute(s).
--------------- Metrics (K-Means) ---------------
--------------------------------------------------
--------------- Metrics (K-Medoids) ---------------
--------------------------------------------------
--------------- Metrics (DBSCAN) ---------------
------------------------------------------------
--------------- Metrics (Gaussian Mixture Model) ---------------
-----------------------------------------------------------------
INFO: Argument combination 2/36.
INFO: Epoch 1: Frühbarock.
INFO: Epoch 2: Aufklärung.
/home/paulus/.conda/envs/bertpoems/lib/python3.8/site-packages/sklearn/utils/deprecation.py:143: FutureWarning: The sklearn.metrics.classification module is  deprecated in version 0.22 and will be removed in version 0.24. The corresponding classes / functions should instead be imported from sklearn.metrics. Anything that cannot be imported from sklearn.metrics is now part of the private API.
  warnings.warn(message, FutureWarning)
INFO: Read 'poems' corpus.
INFO: Read preload corpus with epoch division by 'amann_noise'.
INFO: Used epochs are 'Frühbarock' and 'Aufklärung'.
INFO: Count of different poets: 67
INFO: Count of poets of epoch 'Frühbarock': 14
INFO: Count of poets of epoch 'Aufklärung': 53
INFO: Reduce dimensionality to 3.
INFO: Explained variance of the SVD step: 15%
/home/paulus/.conda/envs/bertpoems/lib/python3.8/site-packages/sklearn/cluster/_kmeans.py:973: FutureWarning: 'n_jobs' was deprecated in version 0.23 and will be removed in 0.25.
  warnings.warn("'n_jobs' was deprecated in version 0.23 and will be"
INFO: Adjusted Rand Score for K-Means: 0.26285907599982355.
INFO: V-measure for K-Means: 0.3385973357931001.
INFO: Update results file.
INFO: Run-time K-Means: 0.04248380661010742 seconds
INFO: Adjusted Rand Score for K-Medoids: 0.26285907599982355.
INFO: V-measure for K-Medoids: 0.3385973357931001.
INFO: Update results file.
INFO: Run-time K-Medoids: 0.009342670440673828 seconds
INFO: Tuning hyperparameters for dbscan.
INFO: Best params for DBSCAN:
eps: 0.2
min_samples: 7
metrics: euclidean
INFO: Adjusted Rand Score for DBSCAN: 1.0.
INFO: V-measure for DBSCAN: 1.0.
INFO: Update results file.
INFO: Run-time DBSCAN: 2.102839231491089 seconds
INFO: Tuning hyperparameters for gmm.
INFO: Best params for GMM:
covariance type: tied
INFO: Adjusted Rand Score for Gaussian Mixture Model: 0.9321563464124122.
INFO: V-measure for for Gaussian Mixture Model: 0.872492893444919.
INFO: Update results file.
INFO: Run-time Gaussian Mixture Model: 0.21110129356384277 seconds
INFO: Run-time: 0.16666666666666666 minute(s).
--------------- Metrics (K-Means) ---------------
--------------------------------------------------
--------------- Metrics (K-Medoids) ---------------
--------------------------------------------------
--------------- Metrics (DBSCAN) ---------------
------------------------------------------------
--------------- Metrics (Gaussian Mixture Model) ---------------
-----------------------------------------------------------------
INFO: Argument combination 3/36.
INFO: Epoch 1: Frühbarock.
INFO: Epoch 2: Klassik.
/home/paulus/.conda/envs/bertpoems/lib/python3.8/site-packages/sklearn/utils/deprecation.py:143: FutureWarning: The sklearn.metrics.classification module is  deprecated in version 0.22 and will be removed in version 0.24. The corresponding classes / functions should instead be imported from sklearn.metrics. Anything that cannot be imported from sklearn.metrics is now part of the private API.
  warnings.warn(message, FutureWarning)
INFO: Read 'poems' corpus.
INFO: Read preload corpus with epoch division by 'amann_noise'.
INFO: Used epochs are 'Frühbarock' and 'Klassik'.
INFO: Count of different poets: 31
INFO: Count of poets of epoch 'Frühbarock': 14
INFO: Count of poets of epoch 'Klassik': 17
INFO: Reduce dimensionality to 3.
INFO: Explained variance of the SVD step: 26%
/home/paulus/.conda/envs/bertpoems/lib/python3.8/site-packages/sklearn/cluster/_kmeans.py:973: FutureWarning: 'n_jobs' was deprecated in version 0.23 and will be removed in 0.25.
  warnings.warn("'n_jobs' was deprecated in version 0.23 and will be"
INFO: Adjusted Rand Score for K-Means: 0.7506518000776613.
INFO: V-measure for K-Means: 0.7112940831997473.
INFO: Update results file.
INFO: Run-time K-Means: 0.048122406005859375 seconds
INFO: Adjusted Rand Score for K-Medoids: 0.7506518000776613.
INFO: V-measure for K-Medoids: 0.7112940831997473.
INFO: Update results file.
INFO: Run-time K-Medoids: 0.003988981246948242 seconds
INFO: Tuning hyperparameters for dbscan.
INFO: Best params for DBSCAN:
eps: 0.3
min_samples: 7
metrics: euclidean
INFO: Adjusted Rand Score for DBSCAN: 1.0.
INFO: V-measure for DBSCAN: 1.0.
INFO: Update results file.
INFO: Run-time DBSCAN: 1.949411392211914 seconds
INFO: Tuning hyperparameters for gmm.
INFO: Best params for GMM:
covariance type: full
INFO: Adjusted Rand Score for Gaussian Mixture Model: 1.0.
INFO: V-measure for for Gaussian Mixture Model: 1.0.
INFO: Update results file.
INFO: Run-time Gaussian Mixture Model: 0.16612744331359863 seconds
INFO: Run-time: 0.15 minute(s).
--------------- Metrics (K-Means) ---------------
--------------------------------------------------
--------------- Metrics (K-Medoids) ---------------
--------------------------------------------------
--------------- Metrics (DBSCAN) ---------------
------------------------------------------------
--------------- Metrics (Gaussian Mixture Model) ---------------
-----------------------------------------------------------------
INFO: Argument combination 4/36.
INFO: Epoch 1: Frühbarock.
INFO: Epoch 2: Romantik.
/home/paulus/.conda/envs/bertpoems/lib/python3.8/site-packages/sklearn/utils/deprecation.py:143: FutureWarning: The sklearn.metrics.classification module is  deprecated in version 0.22 and will be removed in version 0.24. The corresponding classes / functions should instead be imported from sklearn.metrics. Anything that cannot be imported from sklearn.metrics is now part of the private API.
  warnings.warn(message, FutureWarning)
INFO: Read 'poems' corpus.
INFO: Read preload corpus with epoch division by 'amann_noise'.
INFO: Used epochs are 'Frühbarock' and 'Romantik'.
INFO: Count of different poets: 34
INFO: Count of poets of epoch 'Frühbarock': 14
INFO: Count of poets of epoch 'Romantik': 20
INFO: Reduce dimensionality to 3.
INFO: Explained variance of the SVD step: 25%
/home/paulus/.conda/envs/bertpoems/lib/python3.8/site-packages/sklearn/cluster/_kmeans.py:973: FutureWarning: 'n_jobs' was deprecated in version 0.23 and will be removed in 0.25.
  warnings.warn("'n_jobs' was deprecated in version 0.23 and will be"
INFO: Adjusted Rand Score for K-Means: 1.0.
INFO: V-measure for K-Means: 1.0.
INFO: Update results file.
INFO: Run-time K-Means: 0.039070844650268555 seconds
INFO: Adjusted Rand Score for K-Medoids: 1.0.
INFO: V-measure for K-Medoids: 1.0.
INFO: Update results file.
INFO: Run-time K-Medoids: 0.009342193603515625 seconds
INFO: Tuning hyperparameters for dbscan.
INFO: Best params for DBSCAN:
eps: 0.2
min_samples: 2
metrics: cosine
INFO: Adjusted Rand Score for DBSCAN: 1.0.
INFO: V-measure for DBSCAN: 1.0.
INFO: Update results file.
INFO: Run-time DBSCAN: 1.9116430282592773 seconds
INFO: Tuning hyperparameters for gmm.
INFO: Best params for GMM:
covariance type: full
INFO: Adjusted Rand Score for Gaussian Mixture Model: 1.0.
INFO: V-measure for for Gaussian Mixture Model: 1.0.
INFO: Update results file.
INFO: Run-time Gaussian Mixture Model: 0.18266606330871582 seconds
INFO: Run-time: 0.15 minute(s).
--------------- Metrics (K-Means) ---------------
--------------------------------------------------
--------------- Metrics (K-Medoids) ---------------
--------------------------------------------------
--------------- Metrics (DBSCAN) ---------------
------------------------------------------------
--------------- Metrics (Gaussian Mixture Model) ---------------
-----------------------------------------------------------------
INFO: Argument combination 5/36.
INFO: Epoch 1: Frühbarock.
INFO: Epoch 2: Biedermeier.
/home/paulus/.conda/envs/bertpoems/lib/python3.8/site-packages/sklearn/utils/deprecation.py:143: FutureWarning: The sklearn.metrics.classification module is  deprecated in version 0.22 and will be removed in version 0.24. The corresponding classes / functions should instead be imported from sklearn.metrics. Anything that cannot be imported from sklearn.metrics is now part of the private API.
  warnings.warn(message, FutureWarning)
INFO: Read 'poems' corpus.
INFO: Read preload corpus with epoch division by 'amann_noise'.
INFO: Used epochs are 'Frühbarock' and 'Biedermeier'.
INFO: Count of different poets: 37
INFO: Count of poets of epoch 'Frühbarock': 14
INFO: Count of poets of epoch 'Biedermeier': 23
INFO: Reduce dimensionality to 3.
INFO: Explained variance of the SVD step: 22%
/home/paulus/.conda/envs/bertpoems/lib/python3.8/site-packages/sklearn/cluster/_kmeans.py:973: FutureWarning: 'n_jobs' was deprecated in version 0.23 and will be removed in 0.25.
  warnings.warn("'n_jobs' was deprecated in version 0.23 and will be"
INFO: Adjusted Rand Score for K-Means: 1.0.
INFO: V-measure for K-Means: 1.0.
INFO: Update results file.
INFO: Run-time K-Means: 0.03226184844970703 seconds
INFO: Adjusted Rand Score for K-Medoids: 1.0.
INFO: V-measure for K-Medoids: 1.0.
INFO: Update results file.
INFO: Run-time K-Medoids: 0.003436565399169922 seconds
INFO: Tuning hyperparameters for dbscan.
INFO: Best params for DBSCAN:
eps: 0.1
min_samples: 2
metrics: cosine
INFO: Adjusted Rand Score for DBSCAN: 1.0.
INFO: V-measure for DBSCAN: 1.0.
INFO: Update results file.
INFO: Run-time DBSCAN: 1.876896619796753 seconds
INFO: Tuning hyperparameters for gmm.
INFO: Best params for GMM:
covariance type: full
INFO: Adjusted Rand Score for Gaussian Mixture Model: 1.0.
INFO: V-measure for for Gaussian Mixture Model: 1.0.
INFO: Update results file.
INFO: Run-time Gaussian Mixture Model: 0.16561365127563477 seconds
INFO: Run-time: 0.15 minute(s).
--------------- Metrics (K-Means) ---------------
--------------------------------------------------
--------------- Metrics (K-Medoids) ---------------
--------------------------------------------------
--------------- Metrics (DBSCAN) ---------------
------------------------------------------------
--------------- Metrics (Gaussian Mixture Model) ---------------
-----------------------------------------------------------------
INFO: Argument combination 6/36.
INFO: Epoch 1: Frühbarock.
INFO: Epoch 2: Realismus.
/home/paulus/.conda/envs/bertpoems/lib/python3.8/site-packages/sklearn/utils/deprecation.py:143: FutureWarning: The sklearn.metrics.classification module is  deprecated in version 0.22 and will be removed in version 0.24. The corresponding classes / functions should instead be imported from sklearn.metrics. Anything that cannot be imported from sklearn.metrics is now part of the private API.
  warnings.warn(message, FutureWarning)
INFO: Read 'poems' corpus.
INFO: Read preload corpus with epoch division by 'amann_noise'.
INFO: Used epochs are 'Frühbarock' and 'Realismus'.
INFO: Count of different poets: 38
INFO: Count of poets of epoch 'Frühbarock': 14
INFO: Count of poets of epoch 'Realismus': 24
INFO: Reduce dimensionality to 3.
INFO: Explained variance of the SVD step: 21%
/home/paulus/.conda/envs/bertpoems/lib/python3.8/site-packages/sklearn/cluster/_kmeans.py:973: FutureWarning: 'n_jobs' was deprecated in version 0.23 and will be removed in 0.25.
  warnings.warn("'n_jobs' was deprecated in version 0.23 and will be"
INFO: Adjusted Rand Score for K-Means: 1.0.
INFO: V-measure for K-Means: 1.0.
INFO: Update results file.
INFO: Run-time K-Means: 0.03644895553588867 seconds
INFO: Adjusted Rand Score for K-Medoids: 1.0.
INFO: V-measure for K-Medoids: 1.0.
INFO: Update results file.
INFO: Run-time K-Medoids: 0.004617452621459961 seconds
INFO: Tuning hyperparameters for dbscan.
INFO: Best params for DBSCAN:
eps: 0.1
min_samples: 2
metrics: cosine
INFO: Adjusted Rand Score for DBSCAN: 1.0.
INFO: V-measure for DBSCAN: 1.0.
INFO: Update results file.
INFO: Run-time DBSCAN: 1.894709825515747 seconds
INFO: Tuning hyperparameters for gmm.
INFO: Best params for GMM:
covariance type: full
INFO: Adjusted Rand Score for Gaussian Mixture Model: 1.0.
INFO: V-measure for for Gaussian Mixture Model: 1.0.
INFO: Update results file.
INFO: Run-time Gaussian Mixture Model: 0.1961355209350586 seconds
INFO: Run-time: 0.13333333333333333 minute(s).
--------------- Metrics (K-Means) ---------------
--------------------------------------------------
--------------- Metrics (K-Medoids) ---------------
--------------------------------------------------
--------------- Metrics (DBSCAN) ---------------
------------------------------------------------
--------------- Metrics (Gaussian Mixture Model) ---------------
-----------------------------------------------------------------
INFO: Argument combination 7/36.
INFO: Epoch 1: Frühbarock.
INFO: Epoch 2: Naturalismus.
/home/paulus/.conda/envs/bertpoems/lib/python3.8/site-packages/sklearn/utils/deprecation.py:143: FutureWarning: The sklearn.metrics.classification module is  deprecated in version 0.22 and will be removed in version 0.24. The corresponding classes / functions should instead be imported from sklearn.metrics. Anything that cannot be imported from sklearn.metrics is now part of the private API.
  warnings.warn(message, FutureWarning)
INFO: Read 'poems' corpus.
INFO: Read preload corpus with epoch division by 'amann_noise'.
INFO: Used epochs are 'Frühbarock' and 'Naturalismus'.
INFO: Count of different poets: 30
INFO: Count of poets of epoch 'Frühbarock': 14
INFO: Count of poets of epoch 'Naturalismus': 16
INFO: Reduce dimensionality to 3.
INFO: Explained variance of the SVD step: 26%
/home/paulus/.conda/envs/bertpoems/lib/python3.8/site-packages/sklearn/cluster/_kmeans.py:973: FutureWarning: 'n_jobs' was deprecated in version 0.23 and will be removed in 0.25.
  warnings.warn("'n_jobs' was deprecated in version 0.23 and will be"
INFO: Adjusted Rand Score for K-Means: 0.8665291223615299.
INFO: V-measure for K-Means: 0.8214296888424341.
INFO: Update results file.
INFO: Run-time K-Means: 0.035047054290771484 seconds
INFO: Adjusted Rand Score for K-Medoids: 0.8665291223615299.
INFO: V-measure for K-Medoids: 0.8214296888424341.
INFO: Update results file.
INFO: Run-time K-Medoids: 0.004679203033447266 seconds
INFO: Tuning hyperparameters for dbscan.
INFO: Best params for DBSCAN:
eps: 0.1
min_samples: 2
metrics: cosine
INFO: Adjusted Rand Score for DBSCAN: 0.8665291223615299.
INFO: V-measure for DBSCAN: 0.8214296888424341.
INFO: Update results file.
INFO: Run-time DBSCAN: 1.8771862983703613 seconds
INFO: Tuning hyperparameters for gmm.
INFO: Best params for GMM:
covariance type: full
INFO: Adjusted Rand Score for Gaussian Mixture Model: 0.8665291223615299.
INFO: V-measure for for Gaussian Mixture Model: 0.8214296888424341.
INFO: Update results file.
INFO: Run-time Gaussian Mixture Model: 0.15576410293579102 seconds
INFO: Run-time: 0.13333333333333333 minute(s).
--------------- Metrics (K-Means) ---------------
--------------------------------------------------
--------------- Metrics (K-Medoids) ---------------
--------------------------------------------------
--------------- Metrics (DBSCAN) ---------------
------------------------------------------------
--------------- Metrics (Gaussian Mixture Model) ---------------
-----------------------------------------------------------------
INFO: Argument combination 8/36.
INFO: Epoch 1: Frühbarock.
INFO: Epoch 2: Expressionismus.
/home/paulus/.conda/envs/bertpoems/lib/python3.8/site-packages/sklearn/utils/deprecation.py:143: FutureWarning: The sklearn.metrics.classification module is  deprecated in version 0.22 and will be removed in version 0.24. The corresponding classes / functions should instead be imported from sklearn.metrics. Anything that cannot be imported from sklearn.metrics is now part of the private API.
  warnings.warn(message, FutureWarning)
INFO: Read 'poems' corpus.
INFO: Read preload corpus with epoch division by 'amann_noise'.
INFO: Used epochs are 'Frühbarock' and 'Expressionismus'.
INFO: Count of different poets: 25
INFO: Count of poets of epoch 'Frühbarock': 14
INFO: Count of poets of epoch 'Expressionismus': 11
INFO: Reduce dimensionality to 3.
INFO: Explained variance of the SVD step: 28%
/home/paulus/.conda/envs/bertpoems/lib/python3.8/site-packages/sklearn/cluster/_kmeans.py:973: FutureWarning: 'n_jobs' was deprecated in version 0.23 and will be removed in 0.25.
  warnings.warn("'n_jobs' was deprecated in version 0.23 and will be"
INFO: Adjusted Rand Score for K-Means: 1.0.
INFO: V-measure for K-Means: 1.0.
INFO: Update results file.
INFO: Run-time K-Means: 0.039306640625 seconds
INFO: Adjusted Rand Score for K-Medoids: 1.0.
INFO: V-measure for K-Medoids: 1.0.
INFO: Update results file.
INFO: Run-time K-Medoids: 0.004617214202880859 seconds
INFO: Tuning hyperparameters for dbscan.
INFO: Best params for DBSCAN:
eps: 0.2
min_samples: 2
metrics: cosine
INFO: Adjusted Rand Score for DBSCAN: 1.0.
INFO: V-measure for DBSCAN: 1.0.
INFO: Update results file.
INFO: Run-time DBSCAN: 1.8923859596252441 seconds
INFO: Tuning hyperparameters for gmm.
INFO: Best params for GMM:
covariance type: full
INFO: Adjusted Rand Score for Gaussian Mixture Model: 1.0.
INFO: V-measure for for Gaussian Mixture Model: 1.0.
INFO: Update results file.
INFO: Run-time Gaussian Mixture Model: 0.15648508071899414 seconds
INFO: Run-time: 0.13333333333333333 minute(s).
--------------- Metrics (K-Means) ---------------
--------------------------------------------------
--------------- Metrics (K-Medoids) ---------------
--------------------------------------------------
--------------- Metrics (DBSCAN) ---------------
------------------------------------------------
--------------- Metrics (Gaussian Mixture Model) ---------------
-----------------------------------------------------------------
INFO: Argument combination 9/36.
INFO: Epoch 1: Hochbarock.
INFO: Epoch 2: Aufklärung.
/home/paulus/.conda/envs/bertpoems/lib/python3.8/site-packages/sklearn/utils/deprecation.py:143: FutureWarning: The sklearn.metrics.classification module is  deprecated in version 0.22 and will be removed in version 0.24. The corresponding classes / functions should instead be imported from sklearn.metrics. Anything that cannot be imported from sklearn.metrics is now part of the private API.
  warnings.warn(message, FutureWarning)
INFO: Read 'poems' corpus.
INFO: Read preload corpus with epoch division by 'amann_noise'.
INFO: Used epochs are 'Hochbarock' and 'Aufklärung'.
INFO: Count of different poets: 74
INFO: Count of poets of epoch 'Hochbarock': 23
INFO: Count of poets of epoch 'Aufklärung': 53
INFO: Reduce dimensionality to 3.
INFO: Explained variance of the SVD step: 14%
/home/paulus/.conda/envs/bertpoems/lib/python3.8/site-packages/sklearn/cluster/_kmeans.py:973: FutureWarning: 'n_jobs' was deprecated in version 0.23 and will be removed in 0.25.
  warnings.warn("'n_jobs' was deprecated in version 0.23 and will be"
INFO: Adjusted Rand Score for K-Means: 0.26870379628113983.
INFO: V-measure for K-Means: 0.26998717272011613.
INFO: Update results file.
INFO: Run-time K-Means: 0.0404815673828125 seconds
INFO: Adjusted Rand Score for K-Medoids: 0.6074946645704694.
INFO: V-measure for K-Medoids: 0.4645181715077233.
INFO: Update results file.
INFO: Run-time K-Medoids: 0.0037088394165039062 seconds
INFO: Tuning hyperparameters for dbscan.
INFO: Best params for DBSCAN:
eps: 0.2
min_samples: 4
metrics: euclidean
INFO: Adjusted Rand Score for DBSCAN: 0.6439943978458789.
INFO: V-measure for DBSCAN: 0.4947221975817867.
INFO: Update results file.
INFO: Run-time DBSCAN: 2.1207966804504395 seconds
INFO: Tuning hyperparameters for gmm.
INFO: Best params for GMM:
covariance type: tied
INFO: Adjusted Rand Score for Gaussian Mixture Model: 0.26870379628113983.
INFO: V-measure for for Gaussian Mixture Model: 0.26998717272011613.
INFO: Update results file.
INFO: Run-time Gaussian Mixture Model: 0.26477718353271484 seconds
INFO: Run-time: 0.16666666666666666 minute(s).
--------------- Metrics (K-Means) ---------------
--------------------------------------------------
--------------- Metrics (K-Medoids) ---------------
--------------------------------------------------
--------------- Metrics (DBSCAN) ---------------
------------------------------------------------
--------------- Metrics (Gaussian Mixture Model) ---------------
-----------------------------------------------------------------
INFO: Argument combination 10/36.
INFO: Epoch 1: Hochbarock.
INFO: Epoch 2: Klassik.
/home/paulus/.conda/envs/bertpoems/lib/python3.8/site-packages/sklearn/utils/deprecation.py:143: FutureWarning: The sklearn.metrics.classification module is  deprecated in version 0.22 and will be removed in version 0.24. The corresponding classes / functions should instead be imported from sklearn.metrics. Anything that cannot be imported from sklearn.metrics is now part of the private API.
  warnings.warn(message, FutureWarning)
INFO: Read 'poems' corpus.
INFO: Read preload corpus with epoch division by 'amann_noise'.
INFO: Used epochs are 'Hochbarock' and 'Klassik'.
INFO: Count of different poets: 40
INFO: Count of poets of epoch 'Hochbarock': 23
INFO: Count of poets of epoch 'Klassik': 17
INFO: Reduce dimensionality to 3.
INFO: Explained variance of the SVD step: 19%
/home/paulus/.conda/envs/bertpoems/lib/python3.8/site-packages/sklearn/cluster/_kmeans.py:973: FutureWarning: 'n_jobs' was deprecated in version 0.23 and will be removed in 0.25.
  warnings.warn("'n_jobs' was deprecated in version 0.23 and will be"
INFO: Adjusted Rand Score for K-Means: 0.7153733875103554.
INFO: V-measure for K-Means: 0.6177855880564643.
INFO: Update results file.
INFO: Run-time K-Means: 0.03772425651550293 seconds
INFO: Adjusted Rand Score for K-Medoids: 0.5512643496784883.
INFO: V-measure for K-Medoids: 0.5650781431800356.
INFO: Update results file.
INFO: Run-time K-Medoids: 0.0048906803131103516 seconds
INFO: Tuning hyperparameters for dbscan.
INFO: Best params for DBSCAN:
eps: 0.1
min_samples: 2
metrics: cosine
INFO: Adjusted Rand Score for DBSCAN: 0.7153733875103554.
INFO: V-measure for DBSCAN: 0.6177855880564643.
INFO: Update results file.
INFO: Run-time DBSCAN: 1.9762365818023682 seconds
INFO: Tuning hyperparameters for gmm.
INFO: Best params for GMM:
covariance type: full
INFO: Adjusted Rand Score for Gaussian Mixture Model: 0.7153733875103554.
INFO: V-measure for for Gaussian Mixture Model: 0.6177855880564643.
INFO: Update results file.
INFO: Run-time Gaussian Mixture Model: 0.1970071792602539 seconds
INFO: Run-time: 0.15 minute(s).
--------------- Metrics (K-Means) ---------------
--------------------------------------------------
--------------- Metrics (K-Medoids) ---------------
--------------------------------------------------
--------------- Metrics (DBSCAN) ---------------
------------------------------------------------
--------------- Metrics (Gaussian Mixture Model) ---------------
-----------------------------------------------------------------
INFO: Argument combination 11/36.
INFO: Epoch 1: Hochbarock.
INFO: Epoch 2: Romantik.
/home/paulus/.conda/envs/bertpoems/lib/python3.8/site-packages/sklearn/utils/deprecation.py:143: FutureWarning: The sklearn.metrics.classification module is  deprecated in version 0.22 and will be removed in version 0.24. The corresponding classes / functions should instead be imported from sklearn.metrics. Anything that cannot be imported from sklearn.metrics is now part of the private API.
  warnings.warn(message, FutureWarning)
INFO: Read 'poems' corpus.
INFO: Read preload corpus with epoch division by 'amann_noise'.
INFO: Used epochs are 'Hochbarock' and 'Romantik'.
INFO: Count of different poets: 43
INFO: Count of poets of epoch 'Hochbarock': 23
INFO: Count of poets of epoch 'Romantik': 20
INFO: Reduce dimensionality to 3.
INFO: Explained variance of the SVD step: 19%
/home/paulus/.conda/envs/bertpoems/lib/python3.8/site-packages/sklearn/cluster/_kmeans.py:973: FutureWarning: 'n_jobs' was deprecated in version 0.23 and will be removed in 0.25.
  warnings.warn("'n_jobs' was deprecated in version 0.23 and will be"
INFO: Adjusted Rand Score for K-Means: 0.8183036174379058.
INFO: V-measure for K-Means: 0.7731362955589165.
INFO: Update results file.
INFO: Run-time K-Means: 0.037497758865356445 seconds
INFO: Adjusted Rand Score for K-Medoids: 0.8183036174379058.
INFO: V-measure for K-Medoids: 0.7731362955589165.
INFO: Update results file.
INFO: Run-time K-Medoids: 0.0049860477447509766 seconds
INFO: Tuning hyperparameters for dbscan.
INFO: Best params for DBSCAN:
eps: 0.1
min_samples: 2
metrics: cosine
INFO: Adjusted Rand Score for DBSCAN: 0.8183036174379058.
INFO: V-measure for DBSCAN: 0.7731362955589165.
INFO: Update results file.
INFO: Run-time DBSCAN: 1.9773423671722412 seconds
INFO: Tuning hyperparameters for gmm.
INFO: Best params for GMM:
covariance type: full
INFO: Adjusted Rand Score for Gaussian Mixture Model: 0.8183036174379058.
INFO: V-measure for for Gaussian Mixture Model: 0.7731362955589165.
INFO: Update results file.
INFO: Run-time Gaussian Mixture Model: 0.16150283813476562 seconds
INFO: Run-time: 0.15 minute(s).
--------------- Metrics (K-Means) ---------------
--------------------------------------------------
--------------- Metrics (K-Medoids) ---------------
--------------------------------------------------
--------------- Metrics (DBSCAN) ---------------
------------------------------------------------
--------------- Metrics (Gaussian Mixture Model) ---------------
-----------------------------------------------------------------
INFO: Argument combination 12/36.
INFO: Epoch 1: Hochbarock.
INFO: Epoch 2: Biedermeier.
/home/paulus/.conda/envs/bertpoems/lib/python3.8/site-packages/sklearn/utils/deprecation.py:143: FutureWarning: The sklearn.metrics.classification module is  deprecated in version 0.22 and will be removed in version 0.24. The corresponding classes / functions should instead be imported from sklearn.metrics. Anything that cannot be imported from sklearn.metrics is now part of the private API.
  warnings.warn(message, FutureWarning)
INFO: Read 'poems' corpus.
INFO: Read preload corpus with epoch division by 'amann_noise'.
INFO: Used epochs are 'Hochbarock' and 'Biedermeier'.
INFO: Count of different poets: 46
INFO: Count of poets of epoch 'Hochbarock': 23
INFO: Count of poets of epoch 'Biedermeier': 23
INFO: Reduce dimensionality to 3.
INFO: Explained variance of the SVD step: 17%
/home/paulus/.conda/envs/bertpoems/lib/python3.8/site-packages/sklearn/cluster/_kmeans.py:973: FutureWarning: 'n_jobs' was deprecated in version 0.23 and will be removed in 0.25.
  warnings.warn("'n_jobs' was deprecated in version 0.23 and will be"
INFO: Adjusted Rand Score for K-Means: 0.8298969072164949.
INFO: V-measure for K-Means: 0.7835639993750275.
INFO: Update results file.
INFO: Run-time K-Means: 0.039533376693725586 seconds
INFO: Adjusted Rand Score for K-Medoids: 0.8298969072164949.
INFO: V-measure for K-Medoids: 0.7835639993750275.
INFO: Update results file.
INFO: Run-time K-Medoids: 0.008966684341430664 seconds
INFO: Tuning hyperparameters for dbscan.
INFO: Best params for DBSCAN:
eps: 0.1
min_samples: 7
metrics: cosine
INFO: Adjusted Rand Score for DBSCAN: 0.7910576096302666.
INFO: V-measure for DBSCAN: 0.7369745099171362.
INFO: Update results file.
INFO: Run-time DBSCAN: 1.9373276233673096 seconds
INFO: Tuning hyperparameters for gmm.
INFO: Best params for GMM:
covariance type: full
INFO: Adjusted Rand Score for Gaussian Mixture Model: 0.8298969072164949.
INFO: V-measure for for Gaussian Mixture Model: 0.7835639993750275.
INFO: Update results file.
INFO: Run-time Gaussian Mixture Model: 0.1820204257965088 seconds
INFO: Run-time: 0.13333333333333333 minute(s).
--------------- Metrics (K-Means) ---------------
--------------------------------------------------
--------------- Metrics (K-Medoids) ---------------
--------------------------------------------------
--------------- Metrics (DBSCAN) ---------------
------------------------------------------------
--------------- Metrics (Gaussian Mixture Model) ---------------
-----------------------------------------------------------------
INFO: Argument combination 13/36.
INFO: Epoch 1: Hochbarock.
INFO: Epoch 2: Realismus.
/home/paulus/.conda/envs/bertpoems/lib/python3.8/site-packages/sklearn/utils/deprecation.py:143: FutureWarning: The sklearn.metrics.classification module is  deprecated in version 0.22 and will be removed in version 0.24. The corresponding classes / functions should instead be imported from sklearn.metrics. Anything that cannot be imported from sklearn.metrics is now part of the private API.
  warnings.warn(message, FutureWarning)
INFO: Read 'poems' corpus.
INFO: Read preload corpus with epoch division by 'amann_noise'.
INFO: Used epochs are 'Hochbarock' and 'Realismus'.
INFO: Count of different poets: 47
INFO: Count of poets of epoch 'Hochbarock': 23
INFO: Count of poets of epoch 'Realismus': 24
INFO: Reduce dimensionality to 3.
INFO: Explained variance of the SVD step: 16%
/home/paulus/.conda/envs/bertpoems/lib/python3.8/site-packages/sklearn/cluster/_kmeans.py:973: FutureWarning: 'n_jobs' was deprecated in version 0.23 and will be removed in 0.25.
  warnings.warn("'n_jobs' was deprecated in version 0.23 and will be"
INFO: Adjusted Rand Score for K-Means: 0.843277734243815.
INFO: V-measure for K-Means: 0.794593147192584.
INFO: Update results file.
INFO: Run-time K-Means: 0.03878498077392578 seconds
INFO: Adjusted Rand Score for K-Medoids: 0.843277734243815.
INFO: V-measure for K-Medoids: 0.794593147192584.
INFO: Update results file.
INFO: Run-time K-Medoids: 0.004984855651855469 seconds
INFO: Tuning hyperparameters for dbscan.
INFO: Best params for DBSCAN:
eps: 0.3
min_samples: 2
metrics: euclidean
INFO: Adjusted Rand Score for DBSCAN: 0.843277734243815.
INFO: V-measure for DBSCAN: 0.794593147192584.
INFO: Update results file.
INFO: Run-time DBSCAN: 1.9738717079162598 seconds
INFO: Tuning hyperparameters for gmm.
INFO: Best params for GMM:
covariance type: full
INFO: Adjusted Rand Score for Gaussian Mixture Model: 0.843277734243815.
INFO: V-measure for for Gaussian Mixture Model: 0.794593147192584.
INFO: Update results file.
INFO: Run-time Gaussian Mixture Model: 0.16147494316101074 seconds
INFO: Run-time: 0.13333333333333333 minute(s).
--------------- Metrics (K-Means) ---------------
--------------------------------------------------
--------------- Metrics (K-Medoids) ---------------
--------------------------------------------------
--------------- Metrics (DBSCAN) ---------------
------------------------------------------------
--------------- Metrics (Gaussian Mixture Model) ---------------
-----------------------------------------------------------------
INFO: Argument combination 14/36.
INFO: Epoch 1: Hochbarock.
INFO: Epoch 2: Naturalismus.
/home/paulus/.conda/envs/bertpoems/lib/python3.8/site-packages/sklearn/utils/deprecation.py:143: FutureWarning: The sklearn.metrics.classification module is  deprecated in version 0.22 and will be removed in version 0.24. The corresponding classes / functions should instead be imported from sklearn.metrics. Anything that cannot be imported from sklearn.metrics is now part of the private API.
  warnings.warn(message, FutureWarning)
INFO: Read 'poems' corpus.
INFO: Read preload corpus with epoch division by 'amann_noise'.
INFO: Used epochs are 'Hochbarock' and 'Naturalismus'.
INFO: Count of different poets: 39
INFO: Count of poets of epoch 'Hochbarock': 23
INFO: Count of poets of epoch 'Naturalismus': 16
INFO: Reduce dimensionality to 3.
INFO: Explained variance of the SVD step: 19%
/home/paulus/.conda/envs/bertpoems/lib/python3.8/site-packages/sklearn/cluster/_kmeans.py:973: FutureWarning: 'n_jobs' was deprecated in version 0.23 and will be removed in 0.25.
  warnings.warn("'n_jobs' was deprecated in version 0.23 and will be"
INFO: Adjusted Rand Score for K-Means: 0.800297183314031.
INFO: V-measure for K-Means: 0.7547921696532923.
INFO: Update results file.
INFO: Run-time K-Means: 0.03890562057495117 seconds
INFO: Adjusted Rand Score for K-Medoids: 0.800297183314031.
INFO: V-measure for K-Medoids: 0.7547921696532923.
INFO: Update results file.
INFO: Run-time K-Medoids: 0.00479578971862793 seconds
INFO: Tuning hyperparameters for dbscan.
INFO: Best params for DBSCAN:
eps: 0.6
min_samples: 7
metrics: euclidean
INFO: Adjusted Rand Score for DBSCAN: 0.8004134848473818.
INFO: V-measure for DBSCAN: 0.7139297804425565.
INFO: Update results file.
INFO: Run-time DBSCAN: 1.9980876445770264 seconds
INFO: Tuning hyperparameters for gmm.
INFO: Best params for GMM:
covariance type: tied
INFO: Adjusted Rand Score for Gaussian Mixture Model: 0.800297183314031.
INFO: V-measure for for Gaussian Mixture Model: 0.7547921696532923.
INFO: Update results file.
INFO: Run-time Gaussian Mixture Model: 0.16303086280822754 seconds
INFO: Run-time: 0.13333333333333333 minute(s).
--------------- Metrics (K-Means) ---------------
--------------------------------------------------
--------------- Metrics (K-Medoids) ---------------
--------------------------------------------------
--------------- Metrics (DBSCAN) ---------------
------------------------------------------------
--------------- Metrics (Gaussian Mixture Model) ---------------
-----------------------------------------------------------------
INFO: Argument combination 15/36.
INFO: Epoch 1: Hochbarock.
INFO: Epoch 2: Expressionismus.
/home/paulus/.conda/envs/bertpoems/lib/python3.8/site-packages/sklearn/utils/deprecation.py:143: FutureWarning: The sklearn.metrics.classification module is  deprecated in version 0.22 and will be removed in version 0.24. The corresponding classes / functions should instead be imported from sklearn.metrics. Anything that cannot be imported from sklearn.metrics is now part of the private API.
  warnings.warn(message, FutureWarning)
INFO: Read 'poems' corpus.
INFO: Read preload corpus with epoch division by 'amann_noise'.
INFO: Used epochs are 'Hochbarock' and 'Expressionismus'.
INFO: Count of different poets: 34
INFO: Count of poets of epoch 'Hochbarock': 23
INFO: Count of poets of epoch 'Expressionismus': 11
INFO: Reduce dimensionality to 3.
INFO: Explained variance of the SVD step: 19%
/home/paulus/.conda/envs/bertpoems/lib/python3.8/site-packages/sklearn/cluster/_kmeans.py:973: FutureWarning: 'n_jobs' was deprecated in version 0.23 and will be removed in 0.25.
  warnings.warn("'n_jobs' was deprecated in version 0.23 and will be"
INFO: Adjusted Rand Score for K-Means: 0.8887633307436966.
INFO: V-measure for K-Means: 0.8379113250868575.
INFO: Update results file.
INFO: Run-time K-Means: 0.043744802474975586 seconds
INFO: Adjusted Rand Score for K-Medoids: 0.7841269841269841.
INFO: V-measure for K-Medoids: 0.7357077166370196.
INFO: Update results file.
INFO: Run-time K-Medoids: 0.009194135665893555 seconds
INFO: Tuning hyperparameters for dbscan.
INFO: Best params for DBSCAN:
eps: 0.1
min_samples: 2
metrics: cosine
INFO: Adjusted Rand Score for DBSCAN: 0.7631650175934558.
INFO: V-measure for DBSCAN: 0.7345012184765755.
INFO: Update results file.
INFO: Run-time DBSCAN: 1.9532220363616943 seconds
INFO: Tuning hyperparameters for gmm.
INFO: Best params for GMM:
covariance type: full
INFO: Adjusted Rand Score for Gaussian Mixture Model: 0.8887633307436966.
INFO: V-measure for for Gaussian Mixture Model: 0.8379113250868575.
INFO: Update results file.
INFO: Run-time Gaussian Mixture Model: 0.16361713409423828 seconds
INFO: Run-time: 0.13333333333333333 minute(s).
--------------- Metrics (K-Means) ---------------
--------------------------------------------------
--------------- Metrics (K-Medoids) ---------------
--------------------------------------------------
--------------- Metrics (DBSCAN) ---------------
------------------------------------------------
--------------- Metrics (Gaussian Mixture Model) ---------------
-----------------------------------------------------------------
INFO: Argument combination 16/36.
INFO: Epoch 1: Aufklärung.
INFO: Epoch 2: Klassik.
/home/paulus/.conda/envs/bertpoems/lib/python3.8/site-packages/sklearn/utils/deprecation.py:143: FutureWarning: The sklearn.metrics.classification module is  deprecated in version 0.22 and will be removed in version 0.24. The corresponding classes / functions should instead be imported from sklearn.metrics. Anything that cannot be imported from sklearn.metrics is now part of the private API.
  warnings.warn(message, FutureWarning)
INFO: Read 'poems' corpus.
INFO: Read preload corpus with epoch division by 'amann_noise'.
INFO: Used epochs are 'Aufklärung' and 'Klassik'.
INFO: Count of different poets: 63
INFO: Count of poets of epoch 'Aufklärung': 53
INFO: Count of poets of epoch 'Klassik': 17
INFO: Reduce dimensionality to 3.
INFO: Explained variance of the SVD step: 10%
/home/paulus/.conda/envs/bertpoems/lib/python3.8/site-packages/sklearn/cluster/_kmeans.py:973: FutureWarning: 'n_jobs' was deprecated in version 0.23 and will be removed in 0.25.
  warnings.warn("'n_jobs' was deprecated in version 0.23 and will be"
INFO: Adjusted Rand Score for K-Means: -0.046299344566486.
INFO: V-measure for K-Means: 0.1758975949677238.
INFO: Update results file.
INFO: Run-time K-Means: 0.04414534568786621 seconds
INFO: Adjusted Rand Score for K-Medoids: -0.046299344566486.
INFO: V-measure for K-Medoids: 0.1758975949677238.
INFO: Update results file.
INFO: Run-time K-Medoids: 0.005057573318481445 seconds
INFO: Tuning hyperparameters for dbscan.
INFO: Best params for DBSCAN:
eps: 0.2
min_samples: 2
metrics: euclidean
INFO: Adjusted Rand Score for DBSCAN: 0.39492892815981556.
INFO: V-measure for DBSCAN: 0.2291861504365956.
INFO: Update results file.
INFO: Run-time DBSCAN: 2.1379570960998535 seconds
INFO: Tuning hyperparameters for gmm.
--------------- Metrics (K-Means) ---------------
--------------------------------------------------
--------------- Metrics (K-Medoids) ---------------
--------------------------------------------------
--------------- Metrics (DBSCAN) ---------------
------------------------------------------------
Traceback (most recent call last):
  File "pipe.py", line 563, in <module>
    main()
  File "pipe.py", line 428, in main
    logging.info(f"Best params for GMM:\ncovariance type: {t[0]}")
IndexError: tuple index out of range
INFO: Argument combination 17/36.
INFO: Epoch 1: Aufklärung.
INFO: Epoch 2: Romantik.
/home/paulus/.conda/envs/bertpoems/lib/python3.8/site-packages/sklearn/utils/deprecation.py:143: FutureWarning: The sklearn.metrics.classification module is  deprecated in version 0.22 and will be removed in version 0.24. The corresponding classes / functions should instead be imported from sklearn.metrics. Anything that cannot be imported from sklearn.metrics is now part of the private API.
  warnings.warn(message, FutureWarning)
INFO: Read 'poems' corpus.
INFO: Read preload corpus with epoch division by 'amann_noise'.
INFO: Used epochs are 'Aufklärung' and 'Romantik'.
INFO: Count of different poets: 73
INFO: Count of poets of epoch 'Aufklärung': 53
INFO: Count of poets of epoch 'Romantik': 20
INFO: Reduce dimensionality to 3.
INFO: Explained variance of the SVD step: 9%
/home/paulus/.conda/envs/bertpoems/lib/python3.8/site-packages/sklearn/cluster/_kmeans.py:973: FutureWarning: 'n_jobs' was deprecated in version 0.23 and will be removed in 0.25.
  warnings.warn("'n_jobs' was deprecated in version 0.23 and will be"
INFO: Adjusted Rand Score for K-Means: -0.01966828542615805.
INFO: V-measure for K-Means: 0.19895984251164758.
INFO: Update results file.
INFO: Run-time K-Means: 0.042122840881347656 seconds
INFO: Adjusted Rand Score for K-Medoids: 0.22055405621041085.
INFO: V-measure for K-Medoids: 0.3396548095029358.
INFO: Update results file.
INFO: Run-time K-Medoids: 0.00921630859375 seconds
INFO: Tuning hyperparameters for dbscan.
INFO: Best params for DBSCAN:
eps: 0.2
min_samples: 5
metrics: euclidean
INFO: Adjusted Rand Score for DBSCAN: 0.3072482988020958.
INFO: V-measure for DBSCAN: 0.35119225125381326.
INFO: Update results file.
INFO: Run-time DBSCAN: 2.096541404724121 seconds
INFO: Tuning hyperparameters for gmm.
INFO: Best params for GMM:
covariance type: full
INFO: Adjusted Rand Score for Gaussian Mixture Model: -0.03218760777100808.
INFO: V-measure for for Gaussian Mixture Model: 0.1896203458733884.
INFO: Update results file.
INFO: Run-time Gaussian Mixture Model: 0.25380516052246094 seconds
INFO: Run-time: 0.16666666666666666 minute(s).
--------------- Metrics (K-Means) ---------------
--------------------------------------------------
--------------- Metrics (K-Medoids) ---------------
--------------------------------------------------
--------------- Metrics (DBSCAN) ---------------
------------------------------------------------
--------------- Metrics (Gaussian Mixture Model) ---------------
-----------------------------------------------------------------
INFO: Argument combination 18/36.
INFO: Epoch 1: Aufklärung.
INFO: Epoch 2: Biedermeier.
/home/paulus/.conda/envs/bertpoems/lib/python3.8/site-packages/sklearn/utils/deprecation.py:143: FutureWarning: The sklearn.metrics.classification module is  deprecated in version 0.22 and will be removed in version 0.24. The corresponding classes / functions should instead be imported from sklearn.metrics. Anything that cannot be imported from sklearn.metrics is now part of the private API.
  warnings.warn(message, FutureWarning)
INFO: Read 'poems' corpus.
INFO: Read preload corpus with epoch division by 'amann_noise'.
INFO: Used epochs are 'Aufklärung' and 'Biedermeier'.
INFO: Count of different poets: 76
INFO: Count of poets of epoch 'Aufklärung': 53
INFO: Count of poets of epoch 'Biedermeier': 23
INFO: Reduce dimensionality to 3.
INFO: Explained variance of the SVD step: 9%
/home/paulus/.conda/envs/bertpoems/lib/python3.8/site-packages/sklearn/cluster/_kmeans.py:973: FutureWarning: 'n_jobs' was deprecated in version 0.23 and will be removed in 0.25.
  warnings.warn("'n_jobs' was deprecated in version 0.23 and will be"
INFO: Adjusted Rand Score for K-Means: 0.49839827140327375.
INFO: V-measure for K-Means: 0.509671920906351.
INFO: Update results file.
INFO: Run-time K-Means: 0.04394221305847168 seconds
INFO: Adjusted Rand Score for K-Medoids: 0.04226831189288524.
INFO: V-measure for K-Medoids: 0.24254872563920402.
INFO: Update results file.
INFO: Run-time K-Medoids: 0.009695291519165039 seconds
INFO: Tuning hyperparameters for dbscan.
INFO: Best params for DBSCAN:
eps: 0.2
min_samples: 5
metrics: euclidean
INFO: Adjusted Rand Score for DBSCAN: 0.3679774303501664.
INFO: V-measure for DBSCAN: 0.4799497743716356.
INFO: Update results file.
INFO: Run-time DBSCAN: 2.1576895713806152 seconds
INFO: Tuning hyperparameters for gmm.
INFO: Best params for GMM:
covariance type: full
INFO: Adjusted Rand Score for Gaussian Mixture Model: 0.703397621134939.
INFO: V-measure for for Gaussian Mixture Model: 0.6550427442669821.
INFO: Update results file.
INFO: Run-time Gaussian Mixture Model: 0.25036120414733887 seconds
INFO: Run-time: 0.16666666666666666 minute(s).
--------------- Metrics (K-Means) ---------------
--------------------------------------------------
--------------- Metrics (K-Medoids) ---------------
--------------------------------------------------
--------------- Metrics (DBSCAN) ---------------
------------------------------------------------
--------------- Metrics (Gaussian Mixture Model) ---------------
-----------------------------------------------------------------
INFO: Argument combination 19/36.
INFO: Epoch 1: Aufklärung.
INFO: Epoch 2: Realismus.
/home/paulus/.conda/envs/bertpoems/lib/python3.8/site-packages/sklearn/utils/deprecation.py:143: FutureWarning: The sklearn.metrics.classification module is  deprecated in version 0.22 and will be removed in version 0.24. The corresponding classes / functions should instead be imported from sklearn.metrics. Anything that cannot be imported from sklearn.metrics is now part of the private API.
  warnings.warn(message, FutureWarning)
INFO: Read 'poems' corpus.
INFO: Read preload corpus with epoch division by 'amann_noise'.
INFO: Used epochs are 'Aufklärung' and 'Realismus'.
INFO: Count of different poets: 77
INFO: Count of poets of epoch 'Aufklärung': 53
INFO: Count of poets of epoch 'Realismus': 24
INFO: Reduce dimensionality to 3.
INFO: Explained variance of the SVD step: 9%
/home/paulus/.conda/envs/bertpoems/lib/python3.8/site-packages/sklearn/cluster/_kmeans.py:973: FutureWarning: 'n_jobs' was deprecated in version 0.23 and will be removed in 0.25.
  warnings.warn("'n_jobs' was deprecated in version 0.23 and will be"
INFO: Adjusted Rand Score for K-Means: 0.7185000957032261.
INFO: V-measure for K-Means: 0.673866042219442.
INFO: Update results file.
INFO: Run-time K-Means: 0.045569419860839844 seconds
INFO: Adjusted Rand Score for K-Medoids: -0.004426628630450185.
INFO: V-measure for K-Medoids: 0.205141630947162.
INFO: Update results file.
INFO: Run-time K-Medoids: 0.003988027572631836 seconds
INFO: Tuning hyperparameters for dbscan.
INFO: Best params for DBSCAN:
eps: 0.1
min_samples: 6
metrics: euclidean
INFO: Adjusted Rand Score for DBSCAN: 0.50593754943838.
INFO: V-measure for DBSCAN: 0.4241946927735623.
INFO: Update results file.
INFO: Run-time DBSCAN: 2.1067092418670654 seconds
INFO: Tuning hyperparameters for gmm.
INFO: Best params for GMM:
covariance type: full
INFO: Adjusted Rand Score for Gaussian Mixture Model: 0.806891860326272.
INFO: V-measure for for Gaussian Mixture Model: 0.7503602706486766.
INFO: Update results file.
INFO: Run-time Gaussian Mixture Model: 0.277752161026001 seconds
INFO: Run-time: 0.16666666666666666 minute(s).
--------------- Metrics (K-Means) ---------------
--------------------------------------------------
--------------- Metrics (K-Medoids) ---------------
--------------------------------------------------
--------------- Metrics (DBSCAN) ---------------
------------------------------------------------
--------------- Metrics (Gaussian Mixture Model) ---------------
-----------------------------------------------------------------
INFO: Argument combination 20/36.
INFO: Epoch 1: Aufklärung.
INFO: Epoch 2: Naturalismus.
/home/paulus/.conda/envs/bertpoems/lib/python3.8/site-packages/sklearn/utils/deprecation.py:143: FutureWarning: The sklearn.metrics.classification module is  deprecated in version 0.22 and will be removed in version 0.24. The corresponding classes / functions should instead be imported from sklearn.metrics. Anything that cannot be imported from sklearn.metrics is now part of the private API.
  warnings.warn(message, FutureWarning)
INFO: Read 'poems' corpus.
INFO: Read preload corpus with epoch division by 'amann_noise'.
INFO: Used epochs are 'Aufklärung' and 'Naturalismus'.
INFO: Count of different poets: 69
INFO: Count of poets of epoch 'Aufklärung': 53
INFO: Count of poets of epoch 'Naturalismus': 16
INFO: Reduce dimensionality to 3.
INFO: Explained variance of the SVD step: 10%
/home/paulus/.conda/envs/bertpoems/lib/python3.8/site-packages/sklearn/cluster/_kmeans.py:973: FutureWarning: 'n_jobs' was deprecated in version 0.23 and will be removed in 0.25.
  warnings.warn("'n_jobs' was deprecated in version 0.23 and will be"
INFO: Adjusted Rand Score for K-Means: 0.7677588554405865.
INFO: V-measure for K-Means: 0.6934433619535886.
INFO: Update results file.
INFO: Run-time K-Means: 0.04391956329345703 seconds
INFO: Adjusted Rand Score for K-Medoids: -0.03835419619253452.
INFO: V-measure for K-Medoids: 0.17935822369269513.
INFO: Update results file.
INFO: Run-time K-Medoids: 0.0054705142974853516 seconds
INFO: Tuning hyperparameters for dbscan.
INFO: Best params for DBSCAN:
eps: 0.3
min_samples: 6
metrics: euclidean
INFO: Adjusted Rand Score for DBSCAN: 0.8672156256954717.
INFO: V-measure for DBSCAN: 0.7721904781156914.
INFO: Update results file.
INFO: Run-time DBSCAN: 2.14408016204834 seconds
INFO: Tuning hyperparameters for gmm.
INFO: Best params for GMM:
covariance type: diag
INFO: Adjusted Rand Score for Gaussian Mixture Model: 0.8737447327371132.
INFO: V-measure for for Gaussian Mixture Model: 0.7974234855986003.
INFO: Update results file.
INFO: Run-time Gaussian Mixture Model: 0.23288440704345703 seconds
INFO: Run-time: 0.16666666666666666 minute(s).
--------------- Metrics (K-Means) ---------------
--------------------------------------------------
--------------- Metrics (K-Medoids) ---------------
--------------------------------------------------
--------------- Metrics (DBSCAN) ---------------
------------------------------------------------
--------------- Metrics (Gaussian Mixture Model) ---------------
-----------------------------------------------------------------
INFO: Argument combination 21/36.
INFO: Epoch 1: Aufklärung.
INFO: Epoch 2: Expressionismus.
/home/paulus/.conda/envs/bertpoems/lib/python3.8/site-packages/sklearn/utils/deprecation.py:143: FutureWarning: The sklearn.metrics.classification module is  deprecated in version 0.22 and will be removed in version 0.24. The corresponding classes / functions should instead be imported from sklearn.metrics. Anything that cannot be imported from sklearn.metrics is now part of the private API.
  warnings.warn(message, FutureWarning)
INFO: Read 'poems' corpus.
INFO: Read preload corpus with epoch division by 'amann_noise'.
INFO: Used epochs are 'Aufklärung' and 'Expressionismus'.
INFO: Count of different poets: 64
INFO: Count of poets of epoch 'Aufklärung': 53
INFO: Count of poets of epoch 'Expressionismus': 11
INFO: Reduce dimensionality to 3.
INFO: Explained variance of the SVD step: 10%
/home/paulus/.conda/envs/bertpoems/lib/python3.8/site-packages/sklearn/cluster/_kmeans.py:973: FutureWarning: 'n_jobs' was deprecated in version 0.23 and will be removed in 0.25.
  warnings.warn("'n_jobs' was deprecated in version 0.23 and will be"
INFO: Adjusted Rand Score for K-Means: 0.8670192670948244.
INFO: V-measure for K-Means: 0.7885198526520368.
INFO: Update results file.
INFO: Run-time K-Means: 0.040201663970947266 seconds
INFO: Adjusted Rand Score for K-Medoids: 0.8670192670948244.
INFO: V-measure for K-Medoids: 0.7885198526520368.
INFO: Update results file.
INFO: Run-time K-Medoids: 0.005178689956665039 seconds
INFO: Tuning hyperparameters for dbscan.
INFO: Best params for DBSCAN:
eps: 0.4
min_samples: 2
metrics: euclidean
INFO: Adjusted Rand Score for DBSCAN: 1.0.
INFO: V-measure for DBSCAN: 1.0.
INFO: Update results file.
INFO: Run-time DBSCAN: 2.0762972831726074 seconds
INFO: Tuning hyperparameters for gmm.
INFO: Best params for GMM:
covariance type: diag
INFO: Adjusted Rand Score for Gaussian Mixture Model: 1.0.
INFO: V-measure for for Gaussian Mixture Model: 1.0.
INFO: Update results file.
INFO: Run-time Gaussian Mixture Model: 0.21044564247131348 seconds
INFO: Run-time: 0.15 minute(s).
--------------- Metrics (K-Means) ---------------
--------------------------------------------------
--------------- Metrics (K-Medoids) ---------------
--------------------------------------------------
--------------- Metrics (DBSCAN) ---------------
------------------------------------------------
--------------- Metrics (Gaussian Mixture Model) ---------------
-----------------------------------------------------------------
INFO: Argument combination 22/36.
INFO: Epoch 1: Klassik.
INFO: Epoch 2: Romantik.
/home/paulus/.conda/envs/bertpoems/lib/python3.8/site-packages/sklearn/utils/deprecation.py:143: FutureWarning: The sklearn.metrics.classification module is  deprecated in version 0.22 and will be removed in version 0.24. The corresponding classes / functions should instead be imported from sklearn.metrics. Anything that cannot be imported from sklearn.metrics is now part of the private API.
  warnings.warn(message, FutureWarning)
INFO: Read 'poems' corpus.
INFO: Read preload corpus with epoch division by 'amann_noise'.
INFO: Used epochs are 'Klassik' and 'Romantik'.
INFO: Count of different poets: 34
INFO: Count of poets of epoch 'Klassik': 17
INFO: Count of poets of epoch 'Romantik': 20
INFO: Reduce dimensionality to 3.
INFO: Explained variance of the SVD step: 12%
/home/paulus/.conda/envs/bertpoems/lib/python3.8/site-packages/sklearn/cluster/_kmeans.py:973: FutureWarning: 'n_jobs' was deprecated in version 0.23 and will be removed in 0.25.
  warnings.warn("'n_jobs' was deprecated in version 0.23 and will be"
INFO: Adjusted Rand Score for K-Means: -0.027481053771201792.
INFO: V-measure for K-Means: 0.0003071870373534405.
INFO: Update results file.
INFO: Run-time K-Means: 0.04269099235534668 seconds
INFO: Adjusted Rand Score for K-Medoids: -0.027610849439662098.
INFO: V-measure for K-Medoids: 0.0006221395972494172.
INFO: Update results file.
INFO: Run-time K-Medoids: 0.009513139724731445 seconds
INFO: Tuning hyperparameters for dbscan.
INFO: Best params for DBSCAN:
eps: 0.1
min_samples: 4
metrics: euclidean
INFO: Adjusted Rand Score for DBSCAN: 0.021425518273135342.
INFO: V-measure for DBSCAN: 0.040930346982750776.
INFO: Update results file.
INFO: Run-time DBSCAN: 1.8942310810089111 seconds
INFO: Tuning hyperparameters for gmm.
INFO: Best params for GMM:
covariance type: tied
INFO: Adjusted Rand Score for Gaussian Mixture Model: 0.005493040371180354.
INFO: V-measure for for Gaussian Mixture Model: 0.01580472579544165.
INFO: Update results file.
INFO: Run-time Gaussian Mixture Model: 0.26698732376098633 seconds
INFO: Run-time: 0.15 minute(s).
--------------- Metrics (K-Means) ---------------
--------------------------------------------------
--------------- Metrics (K-Medoids) ---------------
--------------------------------------------------
--------------- Metrics (DBSCAN) ---------------
------------------------------------------------
--------------- Metrics (Gaussian Mixture Model) ---------------
-----------------------------------------------------------------
INFO: Argument combination 23/36.
INFO: Epoch 1: Klassik.
INFO: Epoch 2: Biedermeier.
/home/paulus/.conda/envs/bertpoems/lib/python3.8/site-packages/sklearn/utils/deprecation.py:143: FutureWarning: The sklearn.metrics.classification module is  deprecated in version 0.22 and will be removed in version 0.24. The corresponding classes / functions should instead be imported from sklearn.metrics. Anything that cannot be imported from sklearn.metrics is now part of the private API.
  warnings.warn(message, FutureWarning)
INFO: Read 'poems' corpus.
INFO: Read preload corpus with epoch division by 'amann_noise'.
INFO: Used epochs are 'Klassik' and 'Biedermeier'.
INFO: Count of different poets: 32
INFO: Count of poets of epoch 'Klassik': 17
INFO: Count of poets of epoch 'Biedermeier': 23
INFO: Reduce dimensionality to 3.
INFO: Explained variance of the SVD step: 10%
/home/paulus/.conda/envs/bertpoems/lib/python3.8/site-packages/sklearn/cluster/_kmeans.py:973: FutureWarning: 'n_jobs' was deprecated in version 0.23 and will be removed in 0.25.
  warnings.warn("'n_jobs' was deprecated in version 0.23 and will be"
INFO: Adjusted Rand Score for K-Means: -0.02303656660486765.
INFO: V-measure for K-Means: 0.005058442319708441.
INFO: Update results file.
INFO: Run-time K-Means: 0.040897369384765625 seconds
INFO: Adjusted Rand Score for K-Medoids: -0.0004986418570472693.
INFO: V-measure for K-Medoids: 0.0013613283196657318.
INFO: Update results file.
INFO: Run-time K-Medoids: 0.009214401245117188 seconds
INFO: Tuning hyperparameters for dbscan.
INFO: Best params for DBSCAN:
eps: 0.1
min_samples: 3
metrics: euclidean
INFO: Adjusted Rand Score for DBSCAN: 0.037993501111651895.
INFO: V-measure for DBSCAN: 0.040399092506311775.
INFO: Update results file.
INFO: Run-time DBSCAN: 1.9330501556396484 seconds
INFO: Tuning hyperparameters for gmm.
INFO: Best params for GMM:
covariance type: diag
INFO: Adjusted Rand Score for Gaussian Mixture Model: -0.0004986418570472693.
INFO: V-measure for for Gaussian Mixture Model: 0.0013613283196657318.
INFO: Update results file.
INFO: Run-time Gaussian Mixture Model: 0.27974414825439453 seconds
INFO: Run-time: 0.15 minute(s).
--------------- Metrics (K-Means) ---------------
--------------------------------------------------
--------------- Metrics (K-Medoids) ---------------
--------------------------------------------------
--------------- Metrics (DBSCAN) ---------------
------------------------------------------------
--------------- Metrics (Gaussian Mixture Model) ---------------
-----------------------------------------------------------------
INFO: Argument combination 24/36.
INFO: Epoch 1: Klassik.
INFO: Epoch 2: Realismus.
/home/paulus/.conda/envs/bertpoems/lib/python3.8/site-packages/sklearn/utils/deprecation.py:143: FutureWarning: The sklearn.metrics.classification module is  deprecated in version 0.22 and will be removed in version 0.24. The corresponding classes / functions should instead be imported from sklearn.metrics. Anything that cannot be imported from sklearn.metrics is now part of the private API.
  warnings.warn(message, FutureWarning)
INFO: Read 'poems' corpus.
INFO: Read preload corpus with epoch division by 'amann_noise'.
INFO: Used epochs are 'Klassik' and 'Realismus'.
INFO: Count of different poets: 37
INFO: Count of poets of epoch 'Klassik': 17
INFO: Count of poets of epoch 'Realismus': 24
INFO: Reduce dimensionality to 3.
INFO: Explained variance of the SVD step: 10%
/home/paulus/.conda/envs/bertpoems/lib/python3.8/site-packages/sklearn/cluster/_kmeans.py:973: FutureWarning: 'n_jobs' was deprecated in version 0.23 and will be removed in 0.25.
  warnings.warn("'n_jobs' was deprecated in version 0.23 and will be"
INFO: Adjusted Rand Score for K-Means: -0.019263835078945458.
INFO: V-measure for K-Means: 4.244582902630248e-06.
INFO: Update results file.
INFO: Run-time K-Means: 0.04494500160217285 seconds
INFO: Adjusted Rand Score for K-Medoids: 0.08005043391949354.
INFO: V-measure for K-Medoids: 0.06231521907877193.
INFO: Update results file.
INFO: Run-time K-Medoids: 0.009427785873413086 seconds
INFO: Tuning hyperparameters for dbscan.
INFO: Best params for DBSCAN:
eps: 0.1
min_samples: 3
metrics: euclidean
INFO: Adjusted Rand Score for DBSCAN: 0.04922074963483103.
INFO: V-measure for DBSCAN: 0.10026359316793068.
INFO: Update results file.
INFO: Run-time DBSCAN: 1.9567978382110596 seconds
INFO: Tuning hyperparameters for gmm.
INFO: Best params for GMM:
covariance type: diag
INFO: Adjusted Rand Score for Gaussian Mixture Model: 0.07518776715524324.
INFO: V-measure for for Gaussian Mixture Model: 0.048138629386908244.
INFO: Update results file.
INFO: Run-time Gaussian Mixture Model: 0.2703840732574463 seconds
INFO: Run-time: 0.15 minute(s).
--------------- Metrics (K-Means) ---------------
--------------------------------------------------
--------------- Metrics (K-Medoids) ---------------
--------------------------------------------------
--------------- Metrics (DBSCAN) ---------------
------------------------------------------------
--------------- Metrics (Gaussian Mixture Model) ---------------
-----------------------------------------------------------------
INFO: Argument combination 25/36.
INFO: Epoch 1: Klassik.
INFO: Epoch 2: Naturalismus.
/home/paulus/.conda/envs/bertpoems/lib/python3.8/site-packages/sklearn/utils/deprecation.py:143: FutureWarning: The sklearn.metrics.classification module is  deprecated in version 0.22 and will be removed in version 0.24. The corresponding classes / functions should instead be imported from sklearn.metrics. Anything that cannot be imported from sklearn.metrics is now part of the private API.
  warnings.warn(message, FutureWarning)
INFO: Read 'poems' corpus.
INFO: Read preload corpus with epoch division by 'amann_noise'.
INFO: Used epochs are 'Klassik' and 'Naturalismus'.
INFO: Count of different poets: 33
INFO: Count of poets of epoch 'Klassik': 17
INFO: Count of poets of epoch 'Naturalismus': 16
INFO: Reduce dimensionality to 3.
INFO: Explained variance of the SVD step: 10%
/home/paulus/.conda/envs/bertpoems/lib/python3.8/site-packages/sklearn/cluster/_kmeans.py:973: FutureWarning: 'n_jobs' was deprecated in version 0.23 and will be removed in 0.25.
  warnings.warn("'n_jobs' was deprecated in version 0.23 and will be"
INFO: Adjusted Rand Score for K-Means: 0.08312284730195177.
INFO: V-measure for K-Means: 0.0872651975089693.
INFO: Update results file.
INFO: Run-time K-Means: 0.04069375991821289 seconds
INFO: Adjusted Rand Score for K-Medoids: 0.24190213645761544.
INFO: V-measure for K-Medoids: 0.20692628785653017.
INFO: Update results file.
INFO: Run-time K-Medoids: 0.005337715148925781 seconds
INFO: Tuning hyperparameters for dbscan.
INFO: Best params for DBSCAN:
eps: 0.4
min_samples: 7
metrics: euclidean
INFO: Adjusted Rand Score for DBSCAN: 0.31044776119402984.
INFO: V-measure for DBSCAN: 0.2719476171005619.
INFO: Update results file.
INFO: Run-time DBSCAN: 1.8792972564697266 seconds
INFO: Tuning hyperparameters for gmm.
INFO: Best params for GMM:
covariance type: tied
INFO: Adjusted Rand Score for Gaussian Mixture Model: 0.31044776119402984.
INFO: V-measure for for Gaussian Mixture Model: 0.2719476171005619.
INFO: Update results file.
INFO: Run-time Gaussian Mixture Model: 0.25638294219970703 seconds
INFO: Run-time: 0.13333333333333333 minute(s).
--------------- Metrics (K-Means) ---------------
--------------------------------------------------
--------------- Metrics (K-Medoids) ---------------
--------------------------------------------------
--------------- Metrics (DBSCAN) ---------------
------------------------------------------------
--------------- Metrics (Gaussian Mixture Model) ---------------
-----------------------------------------------------------------
INFO: Argument combination 26/36.
INFO: Epoch 1: Klassik.
INFO: Epoch 2: Expressionismus.
/home/paulus/.conda/envs/bertpoems/lib/python3.8/site-packages/sklearn/utils/deprecation.py:143: FutureWarning: The sklearn.metrics.classification module is  deprecated in version 0.22 and will be removed in version 0.24. The corresponding classes / functions should instead be imported from sklearn.metrics. Anything that cannot be imported from sklearn.metrics is now part of the private API.
  warnings.warn(message, FutureWarning)
INFO: Read 'poems' corpus.
INFO: Read preload corpus with epoch division by 'amann_noise'.
INFO: Used epochs are 'Klassik' and 'Expressionismus'.
INFO: Count of different poets: 28
INFO: Count of poets of epoch 'Klassik': 17
INFO: Count of poets of epoch 'Expressionismus': 11
INFO: Reduce dimensionality to 3.
INFO: Explained variance of the SVD step: 13%
/home/paulus/.conda/envs/bertpoems/lib/python3.8/site-packages/sklearn/cluster/_kmeans.py:973: FutureWarning: 'n_jobs' was deprecated in version 0.23 and will be removed in 0.25.
  warnings.warn("'n_jobs' was deprecated in version 0.23 and will be"
INFO: Adjusted Rand Score for K-Means: 0.4253511302748803.
INFO: V-measure for K-Means: 0.48587660777281577.
INFO: Update results file.
INFO: Run-time K-Means: 0.044490814208984375 seconds
INFO: Adjusted Rand Score for K-Medoids: 1.0.
INFO: V-measure for K-Medoids: 1.0.
INFO: Update results file.
INFO: Run-time K-Medoids: 0.009128332138061523 seconds
INFO: Tuning hyperparameters for dbscan.
INFO: Best params for DBSCAN:
eps: 0.4
min_samples: 2
metrics: euclidean
INFO: Adjusted Rand Score for DBSCAN: 1.0.
INFO: V-measure for DBSCAN: 1.0.
INFO: Update results file.
INFO: Run-time DBSCAN: 1.887664556503296 seconds
INFO: Tuning hyperparameters for gmm.
INFO: Best params for GMM:
covariance type: tied
INFO: Adjusted Rand Score for Gaussian Mixture Model: 1.0.
INFO: V-measure for for Gaussian Mixture Model: 1.0.
INFO: Update results file.
INFO: Run-time Gaussian Mixture Model: 0.20420336723327637 seconds
INFO: Run-time: 0.13333333333333333 minute(s).
--------------- Metrics (K-Means) ---------------
--------------------------------------------------
--------------- Metrics (K-Medoids) ---------------
--------------------------------------------------
--------------- Metrics (DBSCAN) ---------------
------------------------------------------------
--------------- Metrics (Gaussian Mixture Model) ---------------
-----------------------------------------------------------------
INFO: Argument combination 27/36.
INFO: Epoch 1: Romantik.
INFO: Epoch 2: Biedermeier.
/home/paulus/.conda/envs/bertpoems/lib/python3.8/site-packages/sklearn/utils/deprecation.py:143: FutureWarning: The sklearn.metrics.classification module is  deprecated in version 0.22 and will be removed in version 0.24. The corresponding classes / functions should instead be imported from sklearn.metrics. Anything that cannot be imported from sklearn.metrics is now part of the private API.
  warnings.warn(message, FutureWarning)
INFO: Read 'poems' corpus.
INFO: Read preload corpus with epoch division by 'amann_noise'.
INFO: Used epochs are 'Romantik' and 'Biedermeier'.
INFO: Count of different poets: 39
INFO: Count of poets of epoch 'Romantik': 20
INFO: Count of poets of epoch 'Biedermeier': 23
INFO: Reduce dimensionality to 3.
INFO: Explained variance of the SVD step: 8%
/home/paulus/.conda/envs/bertpoems/lib/python3.8/site-packages/sklearn/cluster/_kmeans.py:973: FutureWarning: 'n_jobs' was deprecated in version 0.23 and will be removed in 0.25.
  warnings.warn("'n_jobs' was deprecated in version 0.23 and will be"
INFO: Adjusted Rand Score for K-Means: 0.021428606454080543.
INFO: V-measure for K-Means: 0.029371288416979485.
INFO: Update results file.
INFO: Run-time K-Means: 0.04306435585021973 seconds
INFO: Adjusted Rand Score for K-Medoids: 0.04500119957500766.
INFO: V-measure for K-Medoids: 0.04673137761084236.
INFO: Update results file.
INFO: Run-time K-Medoids: 0.0051844120025634766 seconds
INFO: Tuning hyperparameters for dbscan.
INFO: Best params for DBSCAN:
eps: 0.2
min_samples: 6
metrics: euclidean
INFO: Adjusted Rand Score for DBSCAN: 0.01276949315607653.
INFO: V-measure for DBSCAN: 0.02438249009060304.
INFO: Update results file.
INFO: Run-time DBSCAN: 1.9944241046905518 seconds
INFO: Tuning hyperparameters for gmm.
INFO: Best params for GMM:
covariance type: full
INFO: Adjusted Rand Score for Gaussian Mixture Model: 0.0705231891303708.
INFO: V-measure for for Gaussian Mixture Model: 0.08449614119670719.
INFO: Update results file.
INFO: Run-time Gaussian Mixture Model: 0.2798140048980713 seconds
INFO: Run-time: 0.15 minute(s).
--------------- Metrics (K-Means) ---------------
--------------------------------------------------
--------------- Metrics (K-Medoids) ---------------
--------------------------------------------------
--------------- Metrics (DBSCAN) ---------------
------------------------------------------------
--------------- Metrics (Gaussian Mixture Model) ---------------
-----------------------------------------------------------------
INFO: Argument combination 28/36.
INFO: Epoch 1: Romantik.
INFO: Epoch 2: Realismus.
/home/paulus/.conda/envs/bertpoems/lib/python3.8/site-packages/sklearn/utils/deprecation.py:143: FutureWarning: The sklearn.metrics.classification module is  deprecated in version 0.22 and will be removed in version 0.24. The corresponding classes / functions should instead be imported from sklearn.metrics. Anything that cannot be imported from sklearn.metrics is now part of the private API.
  warnings.warn(message, FutureWarning)
INFO: Read 'poems' corpus.
INFO: Read preload corpus with epoch division by 'amann_noise'.
INFO: Used epochs are 'Romantik' and 'Realismus'.
INFO: Count of different poets: 43
INFO: Count of poets of epoch 'Romantik': 20
INFO: Count of poets of epoch 'Realismus': 24
INFO: Reduce dimensionality to 3.
INFO: Explained variance of the SVD step: 9%
/home/paulus/.conda/envs/bertpoems/lib/python3.8/site-packages/sklearn/cluster/_kmeans.py:973: FutureWarning: 'n_jobs' was deprecated in version 0.23 and will be removed in 0.25.
  warnings.warn("'n_jobs' was deprecated in version 0.23 and will be"
INFO: Adjusted Rand Score for K-Means: -0.021259990758013898.
INFO: V-measure for K-Means: 0.0007090617617205444.
INFO: Update results file.
INFO: Run-time K-Means: 0.0459437370300293 seconds
INFO: Adjusted Rand Score for K-Medoids: -0.021259990758013898.
INFO: V-measure for K-Medoids: 0.0007090617617205444.
INFO: Update results file.
INFO: Run-time K-Medoids: 0.009918928146362305 seconds
INFO: Tuning hyperparameters for dbscan.
INFO: Best params for DBSCAN:
eps: 0.1
min_samples: 2
metrics: euclidean
INFO: Adjusted Rand Score for DBSCAN: 0.003390114617346362.
INFO: V-measure for DBSCAN: 0.11981796590869864.
INFO: Update results file.
INFO: Run-time DBSCAN: 1.9129793643951416 seconds
INFO: Tuning hyperparameters for gmm.
INFO: Best params for GMM:
covariance type: spherical
INFO: Adjusted Rand Score for Gaussian Mixture Model: 0.01573544462814434.
INFO: V-measure for for Gaussian Mixture Model: 0.02335271544518418.
INFO: Update results file.
INFO: Run-time Gaussian Mixture Model: 0.27749037742614746 seconds
INFO: Run-time: 0.15 minute(s).
--------------- Metrics (K-Means) ---------------
--------------------------------------------------
--------------- Metrics (K-Medoids) ---------------
--------------------------------------------------
--------------- Metrics (DBSCAN) ---------------
------------------------------------------------
--------------- Metrics (Gaussian Mixture Model) ---------------
-----------------------------------------------------------------
INFO: Argument combination 29/36.
INFO: Epoch 1: Romantik.
INFO: Epoch 2: Naturalismus.
/home/paulus/.conda/envs/bertpoems/lib/python3.8/site-packages/sklearn/utils/deprecation.py:143: FutureWarning: The sklearn.metrics.classification module is  deprecated in version 0.22 and will be removed in version 0.24. The corresponding classes / functions should instead be imported from sklearn.metrics. Anything that cannot be imported from sklearn.metrics is now part of the private API.
  warnings.warn(message, FutureWarning)
INFO: Read 'poems' corpus.
INFO: Read preload corpus with epoch division by 'amann_noise'.
INFO: Used epochs are 'Romantik' and 'Naturalismus'.
INFO: Count of different poets: 36
INFO: Count of poets of epoch 'Romantik': 20
INFO: Count of poets of epoch 'Naturalismus': 16
INFO: Reduce dimensionality to 3.
INFO: Explained variance of the SVD step: 10%
/home/paulus/.conda/envs/bertpoems/lib/python3.8/site-packages/sklearn/cluster/_kmeans.py:973: FutureWarning: 'n_jobs' was deprecated in version 0.23 and will be removed in 0.25.
  warnings.warn("'n_jobs' was deprecated in version 0.23 and will be"
INFO: Adjusted Rand Score for K-Means: 0.42831215970961883.
INFO: V-measure for K-Means: 0.3589462466091057.
INFO: Update results file.
INFO: Run-time K-Means: 0.03217816352844238 seconds
INFO: Adjusted Rand Score for K-Medoids: 0.2887096774193549.
INFO: V-measure for K-Medoids: 0.23150275745152377.
INFO: Update results file.
INFO: Run-time K-Medoids: 0.0035016536712646484 seconds
INFO: Tuning hyperparameters for dbscan.
INFO: Best params for DBSCAN:
eps: 0.4
min_samples: 7
metrics: euclidean
INFO: Adjusted Rand Score for DBSCAN: 0.35685189841589143.
INFO: V-measure for DBSCAN: 0.32428474272881586.
INFO: Update results file.
INFO: Run-time DBSCAN: 1.8971850872039795 seconds
INFO: Tuning hyperparameters for gmm.
INFO: Best params for GMM:
covariance type: tied
INFO: Adjusted Rand Score for Gaussian Mixture Model: 0.5934664246823956.
INFO: V-measure for for Gaussian Mixture Model: 0.5135847341566907.
INFO: Update results file.
INFO: Run-time Gaussian Mixture Model: 0.2502760887145996 seconds
INFO: Run-time: 0.13333333333333333 minute(s).
--------------- Metrics (K-Means) ---------------
--------------------------------------------------
--------------- Metrics (K-Medoids) ---------------
--------------------------------------------------
--------------- Metrics (DBSCAN) ---------------
------------------------------------------------
--------------- Metrics (Gaussian Mixture Model) ---------------
-----------------------------------------------------------------
INFO: Argument combination 30/36.
INFO: Epoch 1: Romantik.
INFO: Epoch 2: Expressionismus.
/home/paulus/.conda/envs/bertpoems/lib/python3.8/site-packages/sklearn/utils/deprecation.py:143: FutureWarning: The sklearn.metrics.classification module is  deprecated in version 0.22 and will be removed in version 0.24. The corresponding classes / functions should instead be imported from sklearn.metrics. Anything that cannot be imported from sklearn.metrics is now part of the private API.
  warnings.warn(message, FutureWarning)
INFO: Read 'poems' corpus.
INFO: Read preload corpus with epoch division by 'amann_noise'.
INFO: Used epochs are 'Romantik' and 'Expressionismus'.
INFO: Count of different poets: 31
INFO: Count of poets of epoch 'Romantik': 20
INFO: Count of poets of epoch 'Expressionismus': 11
INFO: Reduce dimensionality to 3.
INFO: Explained variance of the SVD step: 12%
/home/paulus/.conda/envs/bertpoems/lib/python3.8/site-packages/sklearn/cluster/_kmeans.py:973: FutureWarning: 'n_jobs' was deprecated in version 0.23 and will be removed in 0.25.
  warnings.warn("'n_jobs' was deprecated in version 0.23 and will be"
INFO: Adjusted Rand Score for K-Means: 0.5608077099586967.
INFO: V-measure for K-Means: 0.5713374383941164.
INFO: Update results file.
INFO: Run-time K-Means: 0.03968954086303711 seconds
INFO: Adjusted Rand Score for K-Medoids: 0.5608077099586967.
INFO: V-measure for K-Medoids: 0.5713374383941167.
INFO: Update results file.
INFO: Run-time K-Medoids: 0.009353160858154297 seconds
INFO: Tuning hyperparameters for dbscan.
INFO: Best params for DBSCAN:
eps: 0.1
min_samples: 7
metrics: cosine
INFO: Adjusted Rand Score for DBSCAN: 0.439370617410638.
INFO: V-measure for DBSCAN: 0.5197741958753438.
INFO: Update results file.
INFO: Run-time DBSCAN: 1.9422221183776855 seconds
INFO: Tuning hyperparameters for gmm.
INFO: Best params for GMM:
covariance type: full
INFO: Adjusted Rand Score for Gaussian Mixture Model: 0.5608077099586967.
INFO: V-measure for for Gaussian Mixture Model: 0.5713374383941167.
INFO: Update results file.
INFO: Run-time Gaussian Mixture Model: 0.17428827285766602 seconds
INFO: Run-time: 0.13333333333333333 minute(s).
--------------- Metrics (K-Means) ---------------
--------------------------------------------------
--------------- Metrics (K-Medoids) ---------------
--------------------------------------------------
--------------- Metrics (DBSCAN) ---------------
------------------------------------------------
--------------- Metrics (Gaussian Mixture Model) ---------------
-----------------------------------------------------------------
INFO: Argument combination 31/36.
INFO: Epoch 1: Biedermeier.
INFO: Epoch 2: Realismus.
/home/paulus/.conda/envs/bertpoems/lib/python3.8/site-packages/sklearn/utils/deprecation.py:143: FutureWarning: The sklearn.metrics.classification module is  deprecated in version 0.22 and will be removed in version 0.24. The corresponding classes / functions should instead be imported from sklearn.metrics. Anything that cannot be imported from sklearn.metrics is now part of the private API.
  warnings.warn(message, FutureWarning)
INFO: Read 'poems' corpus.
INFO: Read preload corpus with epoch division by 'amann_noise'.
INFO: Used epochs are 'Biedermeier' and 'Realismus'.
INFO: Count of different poets: 39
INFO: Count of poets of epoch 'Biedermeier': 23
INFO: Count of poets of epoch 'Realismus': 24
INFO: Reduce dimensionality to 3.
INFO: Explained variance of the SVD step: 8%
/home/paulus/.conda/envs/bertpoems/lib/python3.8/site-packages/sklearn/cluster/_kmeans.py:973: FutureWarning: 'n_jobs' was deprecated in version 0.23 and will be removed in 0.25.
  warnings.warn("'n_jobs' was deprecated in version 0.23 and will be"
INFO: Adjusted Rand Score for K-Means: -0.013039778515526703.
INFO: V-measure for K-Means: 0.008575664848711867.
INFO: Update results file.
INFO: Run-time K-Means: 0.04550027847290039 seconds
INFO: Adjusted Rand Score for K-Medoids: -0.01906412478336215.
INFO: V-measure for K-Medoids: 0.001164601349790542.
INFO: Update results file.
INFO: Run-time K-Medoids: 0.009474754333496094 seconds
INFO: Tuning hyperparameters for dbscan.
INFO: Best params for DBSCAN:
eps: 0.1
min_samples: 5
metrics: euclidean
INFO: Adjusted Rand Score for DBSCAN: 0.02578295239458569.
INFO: V-measure for DBSCAN: 0.0327217422696802.
INFO: Update results file.
INFO: Run-time DBSCAN: 1.9731593132019043 seconds
INFO: Tuning hyperparameters for gmm.
INFO: Best params for GMM:
covariance type: diag
INFO: Adjusted Rand Score for Gaussian Mixture Model: -0.00800708928062779.
INFO: V-measure for for Gaussian Mixture Model: 0.08419176761572192.
INFO: Update results file.
INFO: Run-time Gaussian Mixture Model: 0.27077817916870117 seconds
INFO: Run-time: 0.13333333333333333 minute(s).
--------------- Metrics (K-Means) ---------------
--------------------------------------------------
--------------- Metrics (K-Medoids) ---------------
--------------------------------------------------
--------------- Metrics (DBSCAN) ---------------
------------------------------------------------
--------------- Metrics (Gaussian Mixture Model) ---------------
-----------------------------------------------------------------
INFO: Argument combination 32/36.
INFO: Epoch 1: Biedermeier.
INFO: Epoch 2: Naturalismus.
/home/paulus/.conda/envs/bertpoems/lib/python3.8/site-packages/sklearn/utils/deprecation.py:143: FutureWarning: The sklearn.metrics.classification module is  deprecated in version 0.22 and will be removed in version 0.24. The corresponding classes / functions should instead be imported from sklearn.metrics. Anything that cannot be imported from sklearn.metrics is now part of the private API.
  warnings.warn(message, FutureWarning)
INFO: Read 'poems' corpus.
INFO: Read preload corpus with epoch division by 'amann_noise'.
INFO: Used epochs are 'Biedermeier' and 'Naturalismus'.
INFO: Count of different poets: 39
INFO: Count of poets of epoch 'Biedermeier': 23
INFO: Count of poets of epoch 'Naturalismus': 16
INFO: Reduce dimensionality to 3.
INFO: Explained variance of the SVD step: 8%
/home/paulus/.conda/envs/bertpoems/lib/python3.8/site-packages/sklearn/cluster/_kmeans.py:973: FutureWarning: 'n_jobs' was deprecated in version 0.23 and will be removed in 0.25.
  warnings.warn("'n_jobs' was deprecated in version 0.23 and will be"
INFO: Adjusted Rand Score for K-Means: 0.21712424586867188.
INFO: V-measure for K-Means: 0.2615069894814531.
INFO: Update results file.
INFO: Run-time K-Means: 0.06028461456298828 seconds
INFO: Adjusted Rand Score for K-Medoids: 0.1688044927124533.
INFO: V-measure for K-Medoids: 0.16264261629361162.
INFO: Update results file.
INFO: Run-time K-Medoids: 0.009443521499633789 seconds
INFO: Tuning hyperparameters for dbscan.
INFO: Best params for DBSCAN:
eps: 0.3
min_samples: 5
metrics: euclidean
INFO: Adjusted Rand Score for DBSCAN: 0.11221400097299573.
INFO: V-measure for DBSCAN: 0.16667005171544977.
INFO: Update results file.
INFO: Run-time DBSCAN: 1.9574322700500488 seconds
INFO: Tuning hyperparameters for gmm.
INFO: Best params for GMM:
covariance type: tied
INFO: Adjusted Rand Score for Gaussian Mixture Model: 0.21712424586867188.
INFO: V-measure for for Gaussian Mixture Model: 0.2615069894814531.
INFO: Update results file.
INFO: Run-time Gaussian Mixture Model: 0.2463984489440918 seconds
INFO: Run-time: 0.13333333333333333 minute(s).
--------------- Metrics (K-Means) ---------------
--------------------------------------------------
--------------- Metrics (K-Medoids) ---------------
--------------------------------------------------
--------------- Metrics (DBSCAN) ---------------
------------------------------------------------
--------------- Metrics (Gaussian Mixture Model) ---------------
-----------------------------------------------------------------
INFO: Argument combination 33/36.
INFO: Epoch 1: Biedermeier.
INFO: Epoch 2: Expressionismus.
/home/paulus/.conda/envs/bertpoems/lib/python3.8/site-packages/sklearn/utils/deprecation.py:143: FutureWarning: The sklearn.metrics.classification module is  deprecated in version 0.22 and will be removed in version 0.24. The corresponding classes / functions should instead be imported from sklearn.metrics. Anything that cannot be imported from sklearn.metrics is now part of the private API.
  warnings.warn(message, FutureWarning)
INFO: Read 'poems' corpus.
INFO: Read preload corpus with epoch division by 'amann_noise'.
INFO: Used epochs are 'Biedermeier' and 'Expressionismus'.
INFO: Count of different poets: 34
INFO: Count of poets of epoch 'Biedermeier': 23
INFO: Count of poets of epoch 'Expressionismus': 11
INFO: Reduce dimensionality to 3.
INFO: Explained variance of the SVD step: 10%
/home/paulus/.conda/envs/bertpoems/lib/python3.8/site-packages/sklearn/cluster/_kmeans.py:973: FutureWarning: 'n_jobs' was deprecated in version 0.23 and will be removed in 0.25.
  warnings.warn("'n_jobs' was deprecated in version 0.23 and will be"
INFO: Adjusted Rand Score for K-Means: 0.7835685921854318.
INFO: V-measure for K-Means: 0.6755753186951002.
INFO: Update results file.
INFO: Run-time K-Means: 0.04285621643066406 seconds
INFO: Adjusted Rand Score for K-Medoids: 0.7835685921854318.
INFO: V-measure for K-Medoids: 0.6755753186951005.
INFO: Update results file.
INFO: Run-time K-Medoids: 0.005619525909423828 seconds
INFO: Tuning hyperparameters for dbscan.
INFO: Best params for DBSCAN:
eps: 0.3
min_samples: 4
metrics: euclidean
INFO: Adjusted Rand Score for DBSCAN: 0.6115906288532675.
INFO: V-measure for DBSCAN: 0.5171248373215346.
INFO: Update results file.
INFO: Run-time DBSCAN: 1.9399654865264893 seconds
INFO: Tuning hyperparameters for gmm.
INFO: Best params for GMM:
covariance type: tied
INFO: Adjusted Rand Score for Gaussian Mixture Model: 0.8887633307436966.
INFO: V-measure for for Gaussian Mixture Model: 0.8379113250868575.
INFO: Update results file.
INFO: Run-time Gaussian Mixture Model: 0.26463842391967773 seconds
INFO: Run-time: 0.13333333333333333 minute(s).
--------------- Metrics (K-Means) ---------------
--------------------------------------------------
--------------- Metrics (K-Medoids) ---------------
--------------------------------------------------
--------------- Metrics (DBSCAN) ---------------
------------------------------------------------
--------------- Metrics (Gaussian Mixture Model) ---------------
-----------------------------------------------------------------
INFO: Argument combination 34/36.
INFO: Epoch 1: Realismus.
INFO: Epoch 2: Naturalismus.
/home/paulus/.conda/envs/bertpoems/lib/python3.8/site-packages/sklearn/utils/deprecation.py:143: FutureWarning: The sklearn.metrics.classification module is  deprecated in version 0.22 and will be removed in version 0.24. The corresponding classes / functions should instead be imported from sklearn.metrics. Anything that cannot be imported from sklearn.metrics is now part of the private API.
  warnings.warn(message, FutureWarning)
INFO: Read 'poems' corpus.
INFO: Read preload corpus with epoch division by 'amann_noise'.
INFO: Used epochs are 'Realismus' and 'Naturalismus'.
INFO: Count of different poets: 38
INFO: Count of poets of epoch 'Realismus': 24
INFO: Count of poets of epoch 'Naturalismus': 16
INFO: Reduce dimensionality to 3.
INFO: Explained variance of the SVD step: 9%
/home/paulus/.conda/envs/bertpoems/lib/python3.8/site-packages/sklearn/cluster/_kmeans.py:973: FutureWarning: 'n_jobs' was deprecated in version 0.23 and will be removed in 0.25.
  warnings.warn("'n_jobs' was deprecated in version 0.23 and will be"
INFO: Adjusted Rand Score for K-Means: 0.26983636924976845.
INFO: V-measure for K-Means: 0.25294341745252147.
INFO: Update results file.
INFO: Run-time K-Means: 0.036313533782958984 seconds
INFO: Adjusted Rand Score for K-Medoids: 0.06570098292809104.
INFO: V-measure for K-Medoids: 0.16918082792354006.
INFO: Update results file.
INFO: Run-time K-Medoids: 0.004811763763427734 seconds
INFO: Tuning hyperparameters for dbscan.
INFO: Best params for DBSCAN:
eps: 0.1
min_samples: 4
metrics: euclidean
INFO: Adjusted Rand Score for DBSCAN: 0.07461759806148709.
INFO: V-measure for DBSCAN: 0.06280610864909882.
INFO: Update results file.
INFO: Run-time DBSCAN: 1.9922444820404053 seconds
INFO: Tuning hyperparameters for gmm.
INFO: Best params for GMM:
covariance type: full
INFO: Adjusted Rand Score for Gaussian Mixture Model: 0.013539164219829727.
INFO: V-measure for for Gaussian Mixture Model: 0.12886393662843637.
INFO: Update results file.
INFO: Run-time Gaussian Mixture Model: 0.3276810646057129 seconds
INFO: Run-time: 0.13333333333333333 minute(s).
--------------- Metrics (K-Means) ---------------
--------------------------------------------------
--------------- Metrics (K-Medoids) ---------------
--------------------------------------------------
--------------- Metrics (DBSCAN) ---------------
------------------------------------------------
--------------- Metrics (Gaussian Mixture Model) ---------------
-----------------------------------------------------------------
INFO: Argument combination 35/36.
INFO: Epoch 1: Realismus.
INFO: Epoch 2: Expressionismus.
/home/paulus/.conda/envs/bertpoems/lib/python3.8/site-packages/sklearn/utils/deprecation.py:143: FutureWarning: The sklearn.metrics.classification module is  deprecated in version 0.22 and will be removed in version 0.24. The corresponding classes / functions should instead be imported from sklearn.metrics. Anything that cannot be imported from sklearn.metrics is now part of the private API.
  warnings.warn(message, FutureWarning)
INFO: Read 'poems' corpus.
INFO: Read preload corpus with epoch division by 'amann_noise'.
INFO: Used epochs are 'Realismus' and 'Expressionismus'.
INFO: Count of different poets: 35
INFO: Count of poets of epoch 'Realismus': 24
INFO: Count of poets of epoch 'Expressionismus': 11
INFO: Reduce dimensionality to 3.
INFO: Explained variance of the SVD step: 11%
/home/paulus/.conda/envs/bertpoems/lib/python3.8/site-packages/sklearn/cluster/_kmeans.py:973: FutureWarning: 'n_jobs' was deprecated in version 0.23 and will be removed in 0.25.
  warnings.warn("'n_jobs' was deprecated in version 0.23 and will be"
INFO: Adjusted Rand Score for K-Means: 0.7134744450180691.
INFO: V-measure for K-Means: 0.5963485259796143.
INFO: Update results file.
INFO: Run-time K-Means: 0.04263472557067871 seconds
INFO: Adjusted Rand Score for K-Medoids: 0.7134744450180691.
INFO: V-measure for K-Medoids: 0.5963485259796143.
INFO: Update results file.
INFO: Run-time K-Medoids: 0.005021333694458008 seconds
INFO: Tuning hyperparameters for dbscan.
INFO: Best params for DBSCAN:
eps: 0.2
min_samples: 7
metrics: euclidean
INFO: Adjusted Rand Score for DBSCAN: 0.454691259021652.
INFO: V-measure for DBSCAN: 0.437566409933987.
INFO: Update results file.
INFO: Run-time DBSCAN: 2.003305435180664 seconds
INFO: Tuning hyperparameters for gmm.
INFO: Best params for GMM:
covariance type: spherical
INFO: Adjusted Rand Score for Gaussian Mixture Model: 0.6199524940617577.
INFO: V-measure for for Gaussian Mixture Model: 0.5715346626197646.
INFO: Update results file.
INFO: Run-time Gaussian Mixture Model: 0.3160851001739502 seconds
INFO: Run-time: 0.13333333333333333 minute(s).
--------------- Metrics (K-Means) ---------------
--------------------------------------------------
--------------- Metrics (K-Medoids) ---------------
--------------------------------------------------
--------------- Metrics (DBSCAN) ---------------
------------------------------------------------
--------------- Metrics (Gaussian Mixture Model) ---------------
-----------------------------------------------------------------
INFO: Argument combination 36/36.
INFO: Epoch 1: Naturalismus.
INFO: Epoch 2: Expressionismus.
/home/paulus/.conda/envs/bertpoems/lib/python3.8/site-packages/sklearn/utils/deprecation.py:143: FutureWarning: The sklearn.metrics.classification module is  deprecated in version 0.22 and will be removed in version 0.24. The corresponding classes / functions should instead be imported from sklearn.metrics. Anything that cannot be imported from sklearn.metrics is now part of the private API.
  warnings.warn(message, FutureWarning)
INFO: Read 'poems' corpus.
INFO: Read preload corpus with epoch division by 'amann_noise'.
INFO: Used epochs are 'Naturalismus' and 'Expressionismus'.
INFO: Count of different poets: 26
INFO: Count of poets of epoch 'Naturalismus': 16
INFO: Count of poets of epoch 'Expressionismus': 11
INFO: Reduce dimensionality to 3.
INFO: Explained variance of the SVD step: 11%
/home/paulus/.conda/envs/bertpoems/lib/python3.8/site-packages/sklearn/cluster/_kmeans.py:973: FutureWarning: 'n_jobs' was deprecated in version 0.23 and will be removed in 0.25.
  warnings.warn("'n_jobs' was deprecated in version 0.23 and will be"
INFO: Adjusted Rand Score for K-Means: -0.02525252525252523.
INFO: V-measure for K-Means: 0.009718489746378836.
INFO: Update results file.
INFO: Run-time K-Means: 0.041002511978149414 seconds
INFO: Adjusted Rand Score for K-Medoids: -0.03536212172730369.
INFO: V-measure for K-Medoids: 0.0010619458166385228.
INFO: Update results file.
INFO: Run-time K-Medoids: 0.009340763092041016 seconds
INFO: Tuning hyperparameters for dbscan.
INFO: Best params for DBSCAN:
eps: 0.2
min_samples: 3
metrics: euclidean
INFO: Adjusted Rand Score for DBSCAN: 0.12073632918245807.
INFO: V-measure for DBSCAN: 0.1977733123842382.
INFO: Update results file.
INFO: Run-time DBSCAN: 1.8965034484863281 seconds
INFO: Tuning hyperparameters for gmm.
--------------- Metrics (K-Means) ---------------
--------------------------------------------------
--------------- Metrics (K-Medoids) ---------------
--------------------------------------------------
--------------- Metrics (DBSCAN) ---------------
------------------------------------------------
Traceback (most recent call last):
  File "pipe.py", line 563, in <module>
    main()
  File "pipe.py", line 428, in main
    logging.info(f"Best params for GMM:\ncovariance type: {t[0]}")
IndexError: tuple index out of range
INFO: Overall run-time: 6.5 minute(s).
--------------------------------------------
--------------------------------------------


--------------------------------------------
--------------------------------------------


--------------------------------------------
--------------------------------------------


--------------------------------------------
--------------------------------------------


--------------------------------------------
--------------------------------------------


--------------------------------------------
--------------------------------------------


--------------------------------------------
--------------------------------------------


--------------------------------------------
--------------------------------------------


--------------------------------------------
--------------------------------------------


--------------------------------------------
--------------------------------------------


--------------------------------------------
--------------------------------------------


--------------------------------------------
--------------------------------------------


--------------------------------------------
--------------------------------------------


--------------------------------------------
--------------------------------------------


--------------------------------------------
--------------------------------------------


--------------------------------------------
--------------------------------------------


--------------------------------------------
--------------------------------------------


--------------------------------------------
--------------------------------------------


--------------------------------------------
--------------------------------------------


--------------------------------------------
--------------------------------------------


--------------------------------------------
--------------------------------------------


--------------------------------------------
--------------------------------------------


--------------------------------------------
--------------------------------------------


--------------------------------------------
--------------------------------------------


--------------------------------------------
--------------------------------------------


--------------------------------------------
--------------------------------------------


--------------------------------------------
--------------------------------------------


--------------------------------------------
--------------------------------------------


--------------------------------------------
--------------------------------------------


--------------------------------------------
--------------------------------------------


--------------------------------------------
--------------------------------------------


--------------------------------------------
--------------------------------------------


--------------------------------------------
--------------------------------------------


--------------------------------------------
--------------------------------------------


--------------------------------------------
--------------------------------------------


--------------------------------------------
--------------------------------------------


