INFO: Clustering for all epoch combinations.
INFO: Argument combination 1/28.
INFO: Epoch 1: Barock.
INFO: Epoch 2: Aufklärung.
/home/paulus/.conda/envs/bertpoems/lib/python3.8/site-packages/sklearn/utils/deprecation.py:143: FutureWarning: The sklearn.metrics.classification module is  deprecated in version 0.22 and will be removed in version 0.24. The corresponding classes / functions should instead be imported from sklearn.metrics. Anything that cannot be imported from sklearn.metrics is now part of the private API.
  warnings.warn(message, FutureWarning)
INFO: Read 'poems' corpus.
INFO: Read preload corpus with epoch division by 'amann'.
INFO: Used epochs are 'Barock' and 'Aufklärung'.
INFO: Count of different poets: 97
INFO: Count of poets of epoch 'Barock': 41
INFO: Count of poets of epoch 'Aufklärung': 59
/home/paulus/.conda/envs/bertpoems/lib/python3.8/site-packages/sklearn/cluster/_kmeans.py:973: FutureWarning: 'n_jobs' was deprecated in version 0.23 and will be removed in 0.25.
  warnings.warn("'n_jobs' was deprecated in version 0.23 and will be"
INFO: Adjusted Rand Score for K-Means: 0.5720187089525807.
INFO: V-measure for K-Means: 0.5092346471311296.
INFO: Update results file.
INFO: Run-time K-Means: 0.576913595199585 seconds
INFO: Run-time: 0.21666666666666667 minute(s).
--------------- Metrics (K-Means) ---------------
--------------------------------------------------
INFO: Argument combination 2/28.
INFO: Epoch 1: Barock.
INFO: Epoch 2: Klassik.
/home/paulus/.conda/envs/bertpoems/lib/python3.8/site-packages/sklearn/utils/deprecation.py:143: FutureWarning: The sklearn.metrics.classification module is  deprecated in version 0.22 and will be removed in version 0.24. The corresponding classes / functions should instead be imported from sklearn.metrics. Anything that cannot be imported from sklearn.metrics is now part of the private API.
  warnings.warn(message, FutureWarning)
INFO: Read 'poems' corpus.
INFO: Read preload corpus with epoch division by 'amann'.
INFO: Used epochs are 'Barock' and 'Klassik'.
INFO: Count of different poets: 95
INFO: Count of poets of epoch 'Barock': 41
INFO: Count of poets of epoch 'Klassik': 54
/home/paulus/.conda/envs/bertpoems/lib/python3.8/site-packages/sklearn/cluster/_kmeans.py:973: FutureWarning: 'n_jobs' was deprecated in version 0.23 and will be removed in 0.25.
  warnings.warn("'n_jobs' was deprecated in version 0.23 and will be"
INFO: Adjusted Rand Score for K-Means: 0.6530246376994935.
INFO: V-measure for K-Means: 0.6226525185341496.
INFO: Update results file.
INFO: Run-time K-Means: 0.40358853340148926 seconds
INFO: Run-time: 0.18333333333333332 minute(s).
--------------- Metrics (K-Means) ---------------
--------------------------------------------------
INFO: Argument combination 3/28.
INFO: Epoch 1: Barock.
INFO: Epoch 2: Romantik.
/home/paulus/.conda/envs/bertpoems/lib/python3.8/site-packages/sklearn/utils/deprecation.py:143: FutureWarning: The sklearn.metrics.classification module is  deprecated in version 0.22 and will be removed in version 0.24. The corresponding classes / functions should instead be imported from sklearn.metrics. Anything that cannot be imported from sklearn.metrics is now part of the private API.
  warnings.warn(message, FutureWarning)
INFO: Read 'poems' corpus.
INFO: Read preload corpus with epoch division by 'amann'.
INFO: Used epochs are 'Barock' and 'Romantik'.
INFO: Count of different poets: 50
INFO: Count of poets of epoch 'Barock': 41
INFO: Count of poets of epoch 'Romantik': 9
/home/paulus/.conda/envs/bertpoems/lib/python3.8/site-packages/sklearn/cluster/_kmeans.py:973: FutureWarning: 'n_jobs' was deprecated in version 0.23 and will be removed in 0.25.
  warnings.warn("'n_jobs' was deprecated in version 0.23 and will be"
INFO: Adjusted Rand Score for K-Means: -0.11548718741545241.
INFO: V-measure for K-Means: 0.09232888046251854.
INFO: Update results file.
INFO: Run-time K-Means: 0.5891382694244385 seconds
INFO: Run-time: 0.15 minute(s).
--------------- Metrics (K-Means) ---------------
--------------------------------------------------
INFO: Argument combination 4/28.
INFO: Epoch 1: Barock.
INFO: Epoch 2: Biedermeier.
/home/paulus/.conda/envs/bertpoems/lib/python3.8/site-packages/sklearn/utils/deprecation.py:143: FutureWarning: The sklearn.metrics.classification module is  deprecated in version 0.22 and will be removed in version 0.24. The corresponding classes / functions should instead be imported from sklearn.metrics. Anything that cannot be imported from sklearn.metrics is now part of the private API.
  warnings.warn(message, FutureWarning)
INFO: Read 'poems' corpus.
INFO: Read preload corpus with epoch division by 'amann'.
INFO: Used epochs are 'Barock' and 'Biedermeier'.
INFO: Count of different poets: 68
INFO: Count of poets of epoch 'Barock': 41
INFO: Count of poets of epoch 'Biedermeier': 27
/home/paulus/.conda/envs/bertpoems/lib/python3.8/site-packages/sklearn/cluster/_kmeans.py:973: FutureWarning: 'n_jobs' was deprecated in version 0.23 and will be removed in 0.25.
  warnings.warn("'n_jobs' was deprecated in version 0.23 and will be"
INFO: Adjusted Rand Score for K-Means: 0.723530268459634.
INFO: V-measure for K-Means: 0.6863890616995051.
INFO: Update results file.
INFO: Run-time K-Means: 0.3848378658294678 seconds
INFO: Run-time: 0.26666666666666666 minute(s).
--------------- Metrics (K-Means) ---------------
--------------------------------------------------
INFO: Argument combination 5/28.
INFO: Epoch 1: Barock.
INFO: Epoch 2: Realismus.
/home/paulus/.conda/envs/bertpoems/lib/python3.8/site-packages/sklearn/utils/deprecation.py:143: FutureWarning: The sklearn.metrics.classification module is  deprecated in version 0.22 and will be removed in version 0.24. The corresponding classes / functions should instead be imported from sklearn.metrics. Anything that cannot be imported from sklearn.metrics is now part of the private API.
  warnings.warn(message, FutureWarning)
INFO: Read 'poems' corpus.
INFO: Read preload corpus with epoch division by 'amann'.
INFO: Used epochs are 'Barock' and 'Realismus'.
INFO: Count of different poets: 84
INFO: Count of poets of epoch 'Barock': 41
INFO: Count of poets of epoch 'Realismus': 43
/home/paulus/.conda/envs/bertpoems/lib/python3.8/site-packages/sklearn/cluster/_kmeans.py:973: FutureWarning: 'n_jobs' was deprecated in version 0.23 and will be removed in 0.25.
  warnings.warn("'n_jobs' was deprecated in version 0.23 and will be"
INFO: Adjusted Rand Score for K-Means: 0.6908505651205745.
INFO: V-measure for K-Means: 0.660663201501797.
INFO: Update results file.
INFO: Run-time K-Means: 0.3050394058227539 seconds
INFO: Run-time: 0.15 minute(s).
--------------- Metrics (K-Means) ---------------
--------------------------------------------------
INFO: Argument combination 6/28.
INFO: Epoch 1: Barock.
INFO: Epoch 2: Naturalismus.
/home/paulus/.conda/envs/bertpoems/lib/python3.8/site-packages/sklearn/utils/deprecation.py:143: FutureWarning: The sklearn.metrics.classification module is  deprecated in version 0.22 and will be removed in version 0.24. The corresponding classes / functions should instead be imported from sklearn.metrics. Anything that cannot be imported from sklearn.metrics is now part of the private API.
  warnings.warn(message, FutureWarning)
INFO: Read 'poems' corpus.
INFO: Read preload corpus with epoch division by 'amann'.
INFO: Used epochs are 'Barock' and 'Naturalismus'.
INFO: Count of different poets: 60
INFO: Count of poets of epoch 'Barock': 41
INFO: Count of poets of epoch 'Naturalismus': 19
/home/paulus/.conda/envs/bertpoems/lib/python3.8/site-packages/sklearn/cluster/_kmeans.py:973: FutureWarning: 'n_jobs' was deprecated in version 0.23 and will be removed in 0.25.
  warnings.warn("'n_jobs' was deprecated in version 0.23 and will be"
INFO: Adjusted Rand Score for K-Means: 0.3503833905307573.
INFO: V-measure for K-Means: 0.42446160833037944.
INFO: Update results file.
INFO: Run-time K-Means: 0.3220078945159912 seconds
INFO: Run-time: 0.16666666666666666 minute(s).
--------------- Metrics (K-Means) ---------------
--------------------------------------------------
INFO: Argument combination 7/28.
INFO: Epoch 1: Barock.
INFO: Epoch 2: Expressionismus.
/home/paulus/.conda/envs/bertpoems/lib/python3.8/site-packages/sklearn/utils/deprecation.py:143: FutureWarning: The sklearn.metrics.classification module is  deprecated in version 0.22 and will be removed in version 0.24. The corresponding classes / functions should instead be imported from sklearn.metrics. Anything that cannot be imported from sklearn.metrics is now part of the private API.
  warnings.warn(message, FutureWarning)
INFO: Read 'poems' corpus.
INFO: Read preload corpus with epoch division by 'amann'.
INFO: Used epochs are 'Barock' and 'Expressionismus'.
INFO: Count of different poets: 51
INFO: Count of poets of epoch 'Barock': 41
INFO: Count of poets of epoch 'Expressionismus': 10
/home/paulus/.conda/envs/bertpoems/lib/python3.8/site-packages/sklearn/cluster/_kmeans.py:973: FutureWarning: 'n_jobs' was deprecated in version 0.23 and will be removed in 0.25.
  warnings.warn("'n_jobs' was deprecated in version 0.23 and will be"
INFO: Adjusted Rand Score for K-Means: -0.11447906386578328.
INFO: V-measure for K-Means: 0.0976118420036388.
INFO: Update results file.
INFO: Run-time K-Means: 0.24614763259887695 seconds
INFO: Run-time: 0.16666666666666666 minute(s).
--------------- Metrics (K-Means) ---------------
--------------------------------------------------
INFO: Argument combination 8/28.
INFO: Epoch 1: Aufklärung.
INFO: Epoch 2: Klassik.
/home/paulus/.conda/envs/bertpoems/lib/python3.8/site-packages/sklearn/utils/deprecation.py:143: FutureWarning: The sklearn.metrics.classification module is  deprecated in version 0.22 and will be removed in version 0.24. The corresponding classes / functions should instead be imported from sklearn.metrics. Anything that cannot be imported from sklearn.metrics is now part of the private API.
  warnings.warn(message, FutureWarning)
INFO: Read 'poems' corpus.
INFO: Read preload corpus with epoch division by 'amann'.
INFO: Used epochs are 'Aufklärung' and 'Klassik'.
INFO: Count of different poets: 100
INFO: Count of poets of epoch 'Aufklärung': 59
INFO: Count of poets of epoch 'Klassik': 54
/home/paulus/.conda/envs/bertpoems/lib/python3.8/site-packages/sklearn/cluster/_kmeans.py:973: FutureWarning: 'n_jobs' was deprecated in version 0.23 and will be removed in 0.25.
  warnings.warn("'n_jobs' was deprecated in version 0.23 and will be"
INFO: Adjusted Rand Score for K-Means: 0.26625106115233654.
INFO: V-measure for K-Means: 0.22972139305688366.
INFO: Update results file.
INFO: Run-time K-Means: 0.7399678230285645 seconds
INFO: Run-time: 0.23333333333333334 minute(s).
--------------- Metrics (K-Means) ---------------
--------------------------------------------------
INFO: Argument combination 9/28.
INFO: Epoch 1: Aufklärung.
INFO: Epoch 2: Romantik.
/home/paulus/.conda/envs/bertpoems/lib/python3.8/site-packages/sklearn/utils/deprecation.py:143: FutureWarning: The sklearn.metrics.classification module is  deprecated in version 0.22 and will be removed in version 0.24. The corresponding classes / functions should instead be imported from sklearn.metrics. Anything that cannot be imported from sklearn.metrics is now part of the private API.
  warnings.warn(message, FutureWarning)
INFO: Read 'poems' corpus.
INFO: Read preload corpus with epoch division by 'amann'.
INFO: Used epochs are 'Aufklärung' and 'Romantik'.
INFO: Count of different poets: 68
INFO: Count of poets of epoch 'Aufklärung': 59
INFO: Count of poets of epoch 'Romantik': 9
/home/paulus/.conda/envs/bertpoems/lib/python3.8/site-packages/sklearn/cluster/_kmeans.py:973: FutureWarning: 'n_jobs' was deprecated in version 0.23 and will be removed in 0.25.
  warnings.warn("'n_jobs' was deprecated in version 0.23 and will be"
INFO: Adjusted Rand Score for K-Means: -0.03688684487426552.
INFO: V-measure for K-Means: 0.13241596058585717.
INFO: Update results file.
INFO: Run-time K-Means: 0.3294053077697754 seconds
INFO: Run-time: 0.25 minute(s).
--------------- Metrics (K-Means) ---------------
--------------------------------------------------
INFO: Argument combination 10/28.
INFO: Epoch 1: Aufklärung.
INFO: Epoch 2: Biedermeier.
/home/paulus/.conda/envs/bertpoems/lib/python3.8/site-packages/sklearn/utils/deprecation.py:143: FutureWarning: The sklearn.metrics.classification module is  deprecated in version 0.22 and will be removed in version 0.24. The corresponding classes / functions should instead be imported from sklearn.metrics. Anything that cannot be imported from sklearn.metrics is now part of the private API.
  warnings.warn(message, FutureWarning)
INFO: Read 'poems' corpus.
INFO: Read preload corpus with epoch division by 'amann'.
INFO: Used epochs are 'Aufklärung' and 'Biedermeier'.
INFO: Count of different poets: 86
INFO: Count of poets of epoch 'Aufklärung': 59
INFO: Count of poets of epoch 'Biedermeier': 27
/home/paulus/.conda/envs/bertpoems/lib/python3.8/site-packages/sklearn/cluster/_kmeans.py:973: FutureWarning: 'n_jobs' was deprecated in version 0.23 and will be removed in 0.25.
  warnings.warn("'n_jobs' was deprecated in version 0.23 and will be"
INFO: Adjusted Rand Score for K-Means: 0.18333588604686782.
INFO: V-measure for K-Means: 0.32697549655037467.
INFO: Update results file.
INFO: Run-time K-Means: 0.4877939224243164 seconds
INFO: Run-time: 0.16666666666666666 minute(s).
--------------- Metrics (K-Means) ---------------
--------------------------------------------------
INFO: Argument combination 11/28.
INFO: Epoch 1: Aufklärung.
INFO: Epoch 2: Realismus.
/home/paulus/.conda/envs/bertpoems/lib/python3.8/site-packages/sklearn/utils/deprecation.py:143: FutureWarning: The sklearn.metrics.classification module is  deprecated in version 0.22 and will be removed in version 0.24. The corresponding classes / functions should instead be imported from sklearn.metrics. Anything that cannot be imported from sklearn.metrics is now part of the private API.
  warnings.warn(message, FutureWarning)
INFO: Read 'poems' corpus.
INFO: Read preload corpus with epoch division by 'amann'.
INFO: Used epochs are 'Aufklärung' and 'Realismus'.
INFO: Count of different poets: 102
INFO: Count of poets of epoch 'Aufklärung': 59
INFO: Count of poets of epoch 'Realismus': 43
/home/paulus/.conda/envs/bertpoems/lib/python3.8/site-packages/sklearn/cluster/_kmeans.py:973: FutureWarning: 'n_jobs' was deprecated in version 0.23 and will be removed in 0.25.
  warnings.warn("'n_jobs' was deprecated in version 0.23 and will be"
INFO: Adjusted Rand Score for K-Means: 0.3627921754061694.
INFO: V-measure for K-Means: 0.43804053715591257.
INFO: Update results file.
INFO: Run-time K-Means: 0.5691487789154053 seconds
INFO: Run-time: 0.23333333333333334 minute(s).
--------------- Metrics (K-Means) ---------------
--------------------------------------------------
INFO: Argument combination 12/28.
INFO: Epoch 1: Aufklärung.
INFO: Epoch 2: Naturalismus.
/home/paulus/.conda/envs/bertpoems/lib/python3.8/site-packages/sklearn/utils/deprecation.py:143: FutureWarning: The sklearn.metrics.classification module is  deprecated in version 0.22 and will be removed in version 0.24. The corresponding classes / functions should instead be imported from sklearn.metrics. Anything that cannot be imported from sklearn.metrics is now part of the private API.
  warnings.warn(message, FutureWarning)
INFO: Read 'poems' corpus.
INFO: Read preload corpus with epoch division by 'amann'.
INFO: Used epochs are 'Aufklärung' and 'Naturalismus'.
INFO: Count of different poets: 78
INFO: Count of poets of epoch 'Aufklärung': 59
INFO: Count of poets of epoch 'Naturalismus': 19
/home/paulus/.conda/envs/bertpoems/lib/python3.8/site-packages/sklearn/cluster/_kmeans.py:973: FutureWarning: 'n_jobs' was deprecated in version 0.23 and will be removed in 0.25.
  warnings.warn("'n_jobs' was deprecated in version 0.23 and will be"
INFO: Adjusted Rand Score for K-Means: 0.5792051605647685.
INFO: V-measure for K-Means: 0.545969107557806.
INFO: Update results file.
INFO: Run-time K-Means: 0.3025805950164795 seconds
INFO: Run-time: 0.16666666666666666 minute(s).
--------------- Metrics (K-Means) ---------------
--------------------------------------------------
INFO: Argument combination 13/28.
INFO: Epoch 1: Aufklärung.
INFO: Epoch 2: Expressionismus.
/home/paulus/.conda/envs/bertpoems/lib/python3.8/site-packages/sklearn/utils/deprecation.py:143: FutureWarning: The sklearn.metrics.classification module is  deprecated in version 0.22 and will be removed in version 0.24. The corresponding classes / functions should instead be imported from sklearn.metrics. Anything that cannot be imported from sklearn.metrics is now part of the private API.
  warnings.warn(message, FutureWarning)
INFO: Read 'poems' corpus.
INFO: Read preload corpus with epoch division by 'amann'.
INFO: Used epochs are 'Aufklärung' and 'Expressionismus'.
INFO: Count of different poets: 69
INFO: Count of poets of epoch 'Aufklärung': 59
INFO: Count of poets of epoch 'Expressionismus': 10
/home/paulus/.conda/envs/bertpoems/lib/python3.8/site-packages/sklearn/cluster/_kmeans.py:973: FutureWarning: 'n_jobs' was deprecated in version 0.23 and will be removed in 0.25.
  warnings.warn("'n_jobs' was deprecated in version 0.23 and will be"
INFO: Adjusted Rand Score for K-Means: -0.09210864260947753.
INFO: V-measure for K-Means: 0.10215831377025891.
INFO: Update results file.
INFO: Run-time K-Means: 0.4038538932800293 seconds
INFO: Run-time: 0.2 minute(s).
--------------- Metrics (K-Means) ---------------
--------------------------------------------------
INFO: Argument combination 14/28.
INFO: Epoch 1: Klassik.
INFO: Epoch 2: Romantik.
/home/paulus/.conda/envs/bertpoems/lib/python3.8/site-packages/sklearn/utils/deprecation.py:143: FutureWarning: The sklearn.metrics.classification module is  deprecated in version 0.22 and will be removed in version 0.24. The corresponding classes / functions should instead be imported from sklearn.metrics. Anything that cannot be imported from sklearn.metrics is now part of the private API.
  warnings.warn(message, FutureWarning)
INFO: Read 'poems' corpus.
INFO: Read preload corpus with epoch division by 'amann'.
INFO: Used epochs are 'Klassik' and 'Romantik'.
INFO: Count of different poets: 57
INFO: Count of poets of epoch 'Klassik': 54
INFO: Count of poets of epoch 'Romantik': 9
/home/paulus/.conda/envs/bertpoems/lib/python3.8/site-packages/sklearn/cluster/_kmeans.py:973: FutureWarning: 'n_jobs' was deprecated in version 0.23 and will be removed in 0.25.
  warnings.warn("'n_jobs' was deprecated in version 0.23 and will be"
INFO: Adjusted Rand Score for K-Means: 0.001296164105646846.
INFO: V-measure for K-Means: 0.005513774615131052.
INFO: Update results file.
INFO: Run-time K-Means: 0.31790661811828613 seconds
INFO: Run-time: 0.26666666666666666 minute(s).
--------------- Metrics (K-Means) ---------------
--------------------------------------------------
INFO: Argument combination 15/28.
INFO: Epoch 1: Klassik.
INFO: Epoch 2: Biedermeier.
/home/paulus/.conda/envs/bertpoems/lib/python3.8/site-packages/sklearn/utils/deprecation.py:143: FutureWarning: The sklearn.metrics.classification module is  deprecated in version 0.22 and will be removed in version 0.24. The corresponding classes / functions should instead be imported from sklearn.metrics. Anything that cannot be imported from sklearn.metrics is now part of the private API.
  warnings.warn(message, FutureWarning)
INFO: Read 'poems' corpus.
INFO: Read preload corpus with epoch division by 'amann'.
INFO: Used epochs are 'Klassik' and 'Biedermeier'.
INFO: Count of different poets: 72
INFO: Count of poets of epoch 'Klassik': 54
INFO: Count of poets of epoch 'Biedermeier': 27
/home/paulus/.conda/envs/bertpoems/lib/python3.8/site-packages/sklearn/cluster/_kmeans.py:973: FutureWarning: 'n_jobs' was deprecated in version 0.23 and will be removed in 0.25.
  warnings.warn("'n_jobs' was deprecated in version 0.23 and will be"
INFO: Adjusted Rand Score for K-Means: 0.02669149596523898.
INFO: V-measure for K-Means: 0.08904133584371675.
INFO: Update results file.
INFO: Run-time K-Means: 0.4537632465362549 seconds
INFO: Run-time: 0.26666666666666666 minute(s).
--------------- Metrics (K-Means) ---------------
--------------------------------------------------
INFO: Argument combination 16/28.
INFO: Epoch 1: Klassik.
INFO: Epoch 2: Realismus.
/home/paulus/.conda/envs/bertpoems/lib/python3.8/site-packages/sklearn/utils/deprecation.py:143: FutureWarning: The sklearn.metrics.classification module is  deprecated in version 0.22 and will be removed in version 0.24. The corresponding classes / functions should instead be imported from sklearn.metrics. Anything that cannot be imported from sklearn.metrics is now part of the private API.
  warnings.warn(message, FutureWarning)
INFO: Read 'poems' corpus.
INFO: Read preload corpus with epoch division by 'amann'.
INFO: Used epochs are 'Klassik' and 'Realismus'.
INFO: Count of different poets: 92
INFO: Count of poets of epoch 'Klassik': 54
INFO: Count of poets of epoch 'Realismus': 43
/home/paulus/.conda/envs/bertpoems/lib/python3.8/site-packages/sklearn/cluster/_kmeans.py:973: FutureWarning: 'n_jobs' was deprecated in version 0.23 and will be removed in 0.25.
  warnings.warn("'n_jobs' was deprecated in version 0.23 and will be"
INFO: Adjusted Rand Score for K-Means: 0.07970740068964134.
INFO: V-measure for K-Means: 0.09733547535369226.
INFO: Update results file.
INFO: Run-time K-Means: 0.3745296001434326 seconds
INFO: Run-time: 0.25 minute(s).
--------------- Metrics (K-Means) ---------------
--------------------------------------------------
INFO: Argument combination 17/28.
INFO: Epoch 1: Klassik.
INFO: Epoch 2: Naturalismus.
/home/paulus/.conda/envs/bertpoems/lib/python3.8/site-packages/sklearn/utils/deprecation.py:143: FutureWarning: The sklearn.metrics.classification module is  deprecated in version 0.22 and will be removed in version 0.24. The corresponding classes / functions should instead be imported from sklearn.metrics. Anything that cannot be imported from sklearn.metrics is now part of the private API.
  warnings.warn(message, FutureWarning)
INFO: Read 'poems' corpus.
INFO: Read preload corpus with epoch division by 'amann'.
INFO: Used epochs are 'Klassik' and 'Naturalismus'.
INFO: Count of different poets: 73
INFO: Count of poets of epoch 'Klassik': 54
INFO: Count of poets of epoch 'Naturalismus': 19
/home/paulus/.conda/envs/bertpoems/lib/python3.8/site-packages/sklearn/cluster/_kmeans.py:973: FutureWarning: 'n_jobs' was deprecated in version 0.23 and will be removed in 0.25.
  warnings.warn("'n_jobs' was deprecated in version 0.23 and will be"
INFO: Adjusted Rand Score for K-Means: 0.22125642038719867.
INFO: V-measure for K-Means: 0.33583953589258.
INFO: Update results file.
INFO: Run-time K-Means: 0.4288475513458252 seconds
INFO: Run-time: 0.21666666666666667 minute(s).
--------------- Metrics (K-Means) ---------------
--------------------------------------------------
INFO: Argument combination 18/28.
INFO: Epoch 1: Klassik.
INFO: Epoch 2: Expressionismus.
/home/paulus/.conda/envs/bertpoems/lib/python3.8/site-packages/sklearn/utils/deprecation.py:143: FutureWarning: The sklearn.metrics.classification module is  deprecated in version 0.22 and will be removed in version 0.24. The corresponding classes / functions should instead be imported from sklearn.metrics. Anything that cannot be imported from sklearn.metrics is now part of the private API.
  warnings.warn(message, FutureWarning)
INFO: Read 'poems' corpus.
INFO: Read preload corpus with epoch division by 'amann'.
INFO: Used epochs are 'Klassik' and 'Expressionismus'.
INFO: Count of different poets: 64
INFO: Count of poets of epoch 'Klassik': 54
INFO: Count of poets of epoch 'Expressionismus': 10
/home/paulus/.conda/envs/bertpoems/lib/python3.8/site-packages/sklearn/cluster/_kmeans.py:973: FutureWarning: 'n_jobs' was deprecated in version 0.23 and will be removed in 0.25.
  warnings.warn("'n_jobs' was deprecated in version 0.23 and will be"
INFO: Adjusted Rand Score for K-Means: 0.8505509641873278.
INFO: V-measure for K-Means: 0.7618507026490415.
INFO: Update results file.
INFO: Run-time K-Means: 0.42180633544921875 seconds
INFO: Run-time: 0.16666666666666666 minute(s).
--------------- Metrics (K-Means) ---------------
--------------------------------------------------
INFO: Argument combination 19/28.
INFO: Epoch 1: Romantik.
INFO: Epoch 2: Biedermeier.
/home/paulus/.conda/envs/bertpoems/lib/python3.8/site-packages/sklearn/utils/deprecation.py:143: FutureWarning: The sklearn.metrics.classification module is  deprecated in version 0.22 and will be removed in version 0.24. The corresponding classes / functions should instead be imported from sklearn.metrics. Anything that cannot be imported from sklearn.metrics is now part of the private API.
  warnings.warn(message, FutureWarning)
INFO: Read 'poems' corpus.
INFO: Read preload corpus with epoch division by 'amann'.
INFO: Used epochs are 'Romantik' and 'Biedermeier'.
INFO: Count of different poets: 31
INFO: Count of poets of epoch 'Romantik': 9
INFO: Count of poets of epoch 'Biedermeier': 27
/home/paulus/.conda/envs/bertpoems/lib/python3.8/site-packages/sklearn/cluster/_kmeans.py:973: FutureWarning: 'n_jobs' was deprecated in version 0.23 and will be removed in 0.25.
  warnings.warn("'n_jobs' was deprecated in version 0.23 and will be"
INFO: Adjusted Rand Score for K-Means: -0.08422071636011638.
INFO: V-measure for K-Means: 0.059380048030877416.
INFO: Update results file.
INFO: Run-time K-Means: 0.24265336990356445 seconds
INFO: Run-time: 0.13333333333333333 minute(s).
--------------- Metrics (K-Means) ---------------
--------------------------------------------------
INFO: Argument combination 20/28.
INFO: Epoch 1: Romantik.
INFO: Epoch 2: Realismus.
/home/paulus/.conda/envs/bertpoems/lib/python3.8/site-packages/sklearn/utils/deprecation.py:143: FutureWarning: The sklearn.metrics.classification module is  deprecated in version 0.22 and will be removed in version 0.24. The corresponding classes / functions should instead be imported from sklearn.metrics. Anything that cannot be imported from sklearn.metrics is now part of the private API.
  warnings.warn(message, FutureWarning)
INFO: Read 'poems' corpus.
INFO: Read preload corpus with epoch division by 'amann'.
INFO: Used epochs are 'Romantik' and 'Realismus'.
INFO: Count of different poets: 50
INFO: Count of poets of epoch 'Romantik': 9
INFO: Count of poets of epoch 'Realismus': 43
/home/paulus/.conda/envs/bertpoems/lib/python3.8/site-packages/sklearn/cluster/_kmeans.py:973: FutureWarning: 'n_jobs' was deprecated in version 0.23 and will be removed in 0.25.
  warnings.warn("'n_jobs' was deprecated in version 0.23 and will be"
INFO: Adjusted Rand Score for K-Means: -0.02126957275184129.
INFO: V-measure for K-Means: 0.07575335921321213.
INFO: Update results file.
INFO: Run-time K-Means: 0.37121129035949707 seconds
INFO: Run-time: 0.15 minute(s).
--------------- Metrics (K-Means) ---------------
--------------------------------------------------
INFO: Argument combination 21/28.
INFO: Epoch 1: Romantik.
INFO: Epoch 2: Naturalismus.
/home/paulus/.conda/envs/bertpoems/lib/python3.8/site-packages/sklearn/utils/deprecation.py:143: FutureWarning: The sklearn.metrics.classification module is  deprecated in version 0.22 and will be removed in version 0.24. The corresponding classes / functions should instead be imported from sklearn.metrics. Anything that cannot be imported from sklearn.metrics is now part of the private API.
  warnings.warn(message, FutureWarning)
INFO: Read 'poems' corpus.
INFO: Read preload corpus with epoch division by 'amann'.
INFO: Used epochs are 'Romantik' and 'Naturalismus'.
INFO: Count of different poets: 28
INFO: Count of poets of epoch 'Romantik': 9
INFO: Count of poets of epoch 'Naturalismus': 19
/home/paulus/.conda/envs/bertpoems/lib/python3.8/site-packages/sklearn/cluster/_kmeans.py:973: FutureWarning: 'n_jobs' was deprecated in version 0.23 and will be removed in 0.25.
  warnings.warn("'n_jobs' was deprecated in version 0.23 and will be"
INFO: Adjusted Rand Score for K-Means: -0.06278755074424892.
INFO: V-measure for K-Means: 0.06547731989634095.
INFO: Update results file.
INFO: Run-time K-Means: 0.31491875648498535 seconds
INFO: Run-time: 0.13333333333333333 minute(s).
--------------- Metrics (K-Means) ---------------
--------------------------------------------------
INFO: Argument combination 22/28.
INFO: Epoch 1: Romantik.
INFO: Epoch 2: Expressionismus.
/home/paulus/.conda/envs/bertpoems/lib/python3.8/site-packages/sklearn/utils/deprecation.py:143: FutureWarning: The sklearn.metrics.classification module is  deprecated in version 0.22 and will be removed in version 0.24. The corresponding classes / functions should instead be imported from sklearn.metrics. Anything that cannot be imported from sklearn.metrics is now part of the private API.
  warnings.warn(message, FutureWarning)
INFO: Read 'poems' corpus.
INFO: Read preload corpus with epoch division by 'amann'.
INFO: Used epochs are 'Romantik' and 'Expressionismus'.
INFO: Count of different poets: 19
INFO: Count of poets of epoch 'Romantik': 9
INFO: Count of poets of epoch 'Expressionismus': 10
/home/paulus/.conda/envs/bertpoems/lib/python3.8/site-packages/sklearn/cluster/_kmeans.py:973: FutureWarning: 'n_jobs' was deprecated in version 0.23 and will be removed in 0.25.
  warnings.warn("'n_jobs' was deprecated in version 0.23 and will be"
INFO: Adjusted Rand Score for K-Means: 0.43911439114391143.
INFO: V-measure for K-Means: 0.4987177868977854.
INFO: Update results file.
INFO: Run-time K-Means: 0.13853096961975098 seconds
INFO: Run-time: 0.15 minute(s).
--------------- Metrics (K-Means) ---------------
--------------------------------------------------
INFO: Argument combination 23/28.
INFO: Epoch 1: Biedermeier.
INFO: Epoch 2: Realismus.
/home/paulus/.conda/envs/bertpoems/lib/python3.8/site-packages/sklearn/utils/deprecation.py:143: FutureWarning: The sklearn.metrics.classification module is  deprecated in version 0.22 and will be removed in version 0.24. The corresponding classes / functions should instead be imported from sklearn.metrics. Anything that cannot be imported from sklearn.metrics is now part of the private API.
  warnings.warn(message, FutureWarning)
INFO: Read 'poems' corpus.
INFO: Read preload corpus with epoch division by 'amann'.
INFO: Used epochs are 'Biedermeier' and 'Realismus'.
INFO: Count of different poets: 60
INFO: Count of poets of epoch 'Biedermeier': 27
INFO: Count of poets of epoch 'Realismus': 43
/home/paulus/.conda/envs/bertpoems/lib/python3.8/site-packages/sklearn/cluster/_kmeans.py:973: FutureWarning: 'n_jobs' was deprecated in version 0.23 and will be removed in 0.25.
  warnings.warn("'n_jobs' was deprecated in version 0.23 and will be"
INFO: Adjusted Rand Score for K-Means: 0.008680627372614498.
INFO: V-measure for K-Means: 0.0036774519242668106.
INFO: Update results file.
INFO: Run-time K-Means: 0.2937295436859131 seconds
INFO: Run-time: 0.15 minute(s).
--------------- Metrics (K-Means) ---------------
--------------------------------------------------
INFO: Argument combination 24/28.
INFO: Epoch 1: Biedermeier.
INFO: Epoch 2: Naturalismus.
/home/paulus/.conda/envs/bertpoems/lib/python3.8/site-packages/sklearn/utils/deprecation.py:143: FutureWarning: The sklearn.metrics.classification module is  deprecated in version 0.22 and will be removed in version 0.24. The corresponding classes / functions should instead be imported from sklearn.metrics. Anything that cannot be imported from sklearn.metrics is now part of the private API.
  warnings.warn(message, FutureWarning)
INFO: Read 'poems' corpus.
INFO: Read preload corpus with epoch division by 'amann'.
INFO: Used epochs are 'Biedermeier' and 'Naturalismus'.
INFO: Count of different poets: 45
INFO: Count of poets of epoch 'Biedermeier': 27
INFO: Count of poets of epoch 'Naturalismus': 19
/home/paulus/.conda/envs/bertpoems/lib/python3.8/site-packages/sklearn/cluster/_kmeans.py:973: FutureWarning: 'n_jobs' was deprecated in version 0.23 and will be removed in 0.25.
  warnings.warn("'n_jobs' was deprecated in version 0.23 and will be"
INFO: Adjusted Rand Score for K-Means: -0.011433597185576091.
INFO: V-measure for K-Means: 0.002034649072589976.
INFO: Update results file.
INFO: Run-time K-Means: 0.3286442756652832 seconds
INFO: Run-time: 0.2 minute(s).
--------------- Metrics (K-Means) ---------------
--------------------------------------------------
INFO: Argument combination 25/28.
INFO: Epoch 1: Biedermeier.
INFO: Epoch 2: Expressionismus.
/home/paulus/.conda/envs/bertpoems/lib/python3.8/site-packages/sklearn/utils/deprecation.py:143: FutureWarning: The sklearn.metrics.classification module is  deprecated in version 0.22 and will be removed in version 0.24. The corresponding classes / functions should instead be imported from sklearn.metrics. Anything that cannot be imported from sklearn.metrics is now part of the private API.
  warnings.warn(message, FutureWarning)
INFO: Read 'poems' corpus.
INFO: Read preload corpus with epoch division by 'amann'.
INFO: Used epochs are 'Biedermeier' and 'Expressionismus'.
INFO: Count of different poets: 37
INFO: Count of poets of epoch 'Biedermeier': 27
INFO: Count of poets of epoch 'Expressionismus': 10
/home/paulus/.conda/envs/bertpoems/lib/python3.8/site-packages/sklearn/cluster/_kmeans.py:973: FutureWarning: 'n_jobs' was deprecated in version 0.23 and will be removed in 0.25.
  warnings.warn("'n_jobs' was deprecated in version 0.23 and will be"
INFO: Adjusted Rand Score for K-Means: -0.017042330951071837.
INFO: V-measure for K-Means: 0.0002766400244707692.
INFO: Update results file.
INFO: Run-time K-Means: 0.22181367874145508 seconds
INFO: Run-time: 0.18333333333333332 minute(s).
--------------- Metrics (K-Means) ---------------
--------------------------------------------------
INFO: Argument combination 26/28.
INFO: Epoch 1: Realismus.
INFO: Epoch 2: Naturalismus.
/home/paulus/.conda/envs/bertpoems/lib/python3.8/site-packages/sklearn/utils/deprecation.py:143: FutureWarning: The sklearn.metrics.classification module is  deprecated in version 0.22 and will be removed in version 0.24. The corresponding classes / functions should instead be imported from sklearn.metrics. Anything that cannot be imported from sklearn.metrics is now part of the private API.
  warnings.warn(message, FutureWarning)
INFO: Read 'poems' corpus.
INFO: Read preload corpus with epoch division by 'amann'.
INFO: Used epochs are 'Realismus' and 'Naturalismus'.
INFO: Count of different poets: 59
INFO: Count of poets of epoch 'Realismus': 43
INFO: Count of poets of epoch 'Naturalismus': 19
/home/paulus/.conda/envs/bertpoems/lib/python3.8/site-packages/sklearn/cluster/_kmeans.py:973: FutureWarning: 'n_jobs' was deprecated in version 0.23 and will be removed in 0.25.
  warnings.warn("'n_jobs' was deprecated in version 0.23 and will be"
INFO: Adjusted Rand Score for K-Means: 0.006617345145207284.
INFO: V-measure for K-Means: 0.1438994900639239.
INFO: Update results file.
INFO: Run-time K-Means: 0.3567519187927246 seconds
INFO: Run-time: 0.13333333333333333 minute(s).
--------------- Metrics (K-Means) ---------------
--------------------------------------------------
INFO: Argument combination 27/28.
INFO: Epoch 1: Realismus.
INFO: Epoch 2: Expressionismus.
/home/paulus/.conda/envs/bertpoems/lib/python3.8/site-packages/sklearn/utils/deprecation.py:143: FutureWarning: The sklearn.metrics.classification module is  deprecated in version 0.22 and will be removed in version 0.24. The corresponding classes / functions should instead be imported from sklearn.metrics. Anything that cannot be imported from sklearn.metrics is now part of the private API.
  warnings.warn(message, FutureWarning)
INFO: Read 'poems' corpus.
INFO: Read preload corpus with epoch division by 'amann'.
INFO: Used epochs are 'Realismus' and 'Expressionismus'.
INFO: Count of different poets: 53
INFO: Count of poets of epoch 'Realismus': 43
INFO: Count of poets of epoch 'Expressionismus': 10
/home/paulus/.conda/envs/bertpoems/lib/python3.8/site-packages/sklearn/cluster/_kmeans.py:973: FutureWarning: 'n_jobs' was deprecated in version 0.23 and will be removed in 0.25.
  warnings.warn("'n_jobs' was deprecated in version 0.23 and will be"
INFO: Adjusted Rand Score for K-Means: 0.22715192931593844.
INFO: V-measure for K-Means: 0.17027036498391085.
INFO: Update results file.
INFO: Run-time K-Means: 0.36016130447387695 seconds
INFO: Run-time: 0.13333333333333333 minute(s).
--------------- Metrics (K-Means) ---------------
--------------------------------------------------
INFO: Argument combination 28/28.
INFO: Epoch 1: Naturalismus.
INFO: Epoch 2: Expressionismus.
/home/paulus/.conda/envs/bertpoems/lib/python3.8/site-packages/sklearn/utils/deprecation.py:143: FutureWarning: The sklearn.metrics.classification module is  deprecated in version 0.22 and will be removed in version 0.24. The corresponding classes / functions should instead be imported from sklearn.metrics. Anything that cannot be imported from sklearn.metrics is now part of the private API.
  warnings.warn(message, FutureWarning)
INFO: Read 'poems' corpus.
INFO: Read preload corpus with epoch division by 'amann'.
INFO: Used epochs are 'Naturalismus' and 'Expressionismus'.
INFO: Count of different poets: 28
INFO: Count of poets of epoch 'Naturalismus': 19
INFO: Count of poets of epoch 'Expressionismus': 10
/home/paulus/.conda/envs/bertpoems/lib/python3.8/site-packages/sklearn/cluster/_kmeans.py:973: FutureWarning: 'n_jobs' was deprecated in version 0.23 and will be removed in 0.25.
  warnings.warn("'n_jobs' was deprecated in version 0.23 and will be"
INFO: Adjusted Rand Score for K-Means: -0.038742690058479586.
INFO: V-measure for K-Means: 0.0036750349248060887.
INFO: Update results file.
INFO: Run-time K-Means: 0.24278712272644043 seconds
INFO: Run-time: 0.15 minute(s).
--------------- Metrics (K-Means) ---------------
--------------------------------------------------
INFO: Overall run-time: 7.033333333333333 minute(s).
--------------------------------------------
--------------------------------------------


--------------------------------------------
--------------------------------------------


--------------------------------------------
--------------------------------------------


--------------------------------------------
--------------------------------------------


--------------------------------------------
--------------------------------------------


--------------------------------------------
--------------------------------------------


--------------------------------------------
--------------------------------------------


--------------------------------------------
--------------------------------------------


--------------------------------------------
--------------------------------------------


--------------------------------------------
--------------------------------------------


--------------------------------------------
--------------------------------------------


--------------------------------------------
--------------------------------------------


--------------------------------------------
--------------------------------------------


--------------------------------------------
--------------------------------------------


--------------------------------------------
--------------------------------------------


--------------------------------------------
--------------------------------------------


--------------------------------------------
--------------------------------------------


--------------------------------------------
--------------------------------------------


--------------------------------------------
--------------------------------------------


--------------------------------------------
--------------------------------------------


--------------------------------------------
--------------------------------------------


--------------------------------------------
--------------------------------------------


--------------------------------------------
--------------------------------------------


--------------------------------------------
--------------------------------------------


--------------------------------------------
--------------------------------------------


--------------------------------------------
--------------------------------------------


--------------------------------------------
--------------------------------------------


--------------------------------------------
--------------------------------------------


